Set parameter WLSAccessID
Set parameter WLSSecret
Set parameter LicenseID to value 2677366
Academic license 2677366 - for non-commercial use only - registered to la___@mit.edu
Set parameter MIPGap to value 0.1
Set parameter TimeLimit to value 14400
Set parameter MIPGap to value 0.1
Set parameter TimeLimit to value 14400
Gurobi Optimizer version 12.0.2 build v12.0.2rc0 (linux64 - "Rocky Linux 8.10 (Green Obsidian)")

CPU model: AMD EPYC 9474F 48-Core Processor, instruction set [SSE2|AVX|AVX2|AVX512]
Thread count: 96 physical cores, 192 logical processors, using up to 32 threads

Non-default parameters:
TimeLimit  14400
MIPGap  0.1

Academic license 2677366 - for non-commercial use only - registered to la___@mit.edu
Optimize a model with 3663803 rows, 2733380 columns and 10061550 nonzeros
Model fingerprint: 0x3f3cacd6
Variable types: 2733328 continuous, 52 integer (52 binary)
Coefficient statistics:
  Matrix range     [9e-01, 1e+03]
  Objective range  [2e-01, 7e+06]
  Bounds range     [9e+00, 1e+02]
  RHS range        [6e+00, 7e+01]
Presolve removed 3400343 rows and 1955879 columns
Presolve time: 4.66s
Presolved: 263460 rows, 777501 columns, 1316141 nonzeros
Variable types: 777465 continuous, 36 integer (25 binary)
Performing another presolve...
Presolve removed 122970 rows and 362823 columns
Presolve time: 1.71s
Deterministic concurrent LP optimizer: primal simplex, dual simplex, and barrier
Showing barrier log only...

Root barrier log...

Ordering time: 0.02s

Barrier statistics:
 Dense cols : 8
 AA' NZ     : 2.963e+05
 Factor NZ  : 2.043e+06 (roughly 240 MB of memory)
 Factor Ops : 3.668e+07 (less than 1 second per iteration)
 Threads    : 29

                  Objective                Residual
Iter       Primal          Dual         Primal    Dual     Compl     Time
   0   3.04896486e+11 -1.58827709e+14  3.70e+05 1.97e+02  1.11e+10     9s
   1   1.71917212e+11 -1.54488912e+14  2.02e+05 7.44e+06  6.13e+09     9s
   2   2.75481701e+09 -1.40060567e+14  1.03e+03 1.67e-06  1.98e+08     9s
   3   2.29218271e+09 -3.68627486e+13  3.20e+02 1.19e-07  4.93e+07     9s
   4   1.83807482e+09 -1.86207077e+13  2.47e-03 2.03e-06  2.25e+07     9s
   5   1.70193846e+09 -7.15512832e+12  1.12e-03 7.75e-07  8.63e+06    10s
   6   1.59708974e+09 -5.20858246e+12  9.32e-04 5.07e-07  6.28e+06    10s
   7   1.31035194e+09 -4.41295604e+12  4.54e-04 4.17e-07  5.32e+06    10s
   8   1.19471180e+09 -1.91073663e+12  3.51e-04 1.19e-07  2.30e+06    10s
   9   8.97254135e+08 -5.20934443e+11  1.99e-04 1.19e-07  6.29e+05    10s
  10   9.11418431e+08 -4.48368017e+11  1.06e-04 5.96e-08  5.42e+05    10s
  11   7.72004082e+08 -2.49941113e+11  3.53e-05 5.96e-08  3.02e+05    10s
  12   7.79514272e+08 -1.39359638e+11  2.04e-05 5.96e-08  1.69e+05    10s
  13   7.47508031e+08 -1.31008621e+11  1.07e-05 5.96e-08  1.59e+05    10s
  14   7.27335569e+08 -8.42268269e+10  6.46e-06 5.96e-08  1.02e+05    10s
  15   7.17021612e+08 -4.60533289e+10  3.89e-06 5.96e-08  5.64e+04    10s
  16   7.09628772e+08 -3.39547728e+10  1.59e-06 5.96e-08  4.18e+04    11s
  17   7.00504982e+08 -1.92703551e+10  4.85e-07 2.49e-09  2.41e+04    11s
  18   6.96714970e+08 -7.88749495e+09  1.87e-07 5.96e-08  1.03e+04    11s
  19   6.96612753e+08 -5.45565270e+08  2.60e-10 5.96e-08  1.50e+03    11s
  20   6.96304924e+08  2.61327228e+08  6.97e-09 5.96e-08  5.24e+02    11s
  21   6.96168884e+08  4.64134189e+08  1.11e-08 2.98e-08  2.80e+02    11s
  22   6.95905427e+08  5.95340027e+08  3.27e-08 5.96e-08  1.21e+02    11s
  23   6.95714062e+08  6.31091365e+08  2.38e-08 5.96e-08  7.79e+01    12s
  24   6.95511655e+08  6.54772510e+08  8.46e-08 2.98e-08  4.91e+01    12s
  25   6.95349976e+08  6.71136433e+08  6.31e-08 5.96e-08  2.92e+01    12s
  26   6.95090755e+08  6.78340909e+08  4.37e-08 5.96e-08  2.02e+01    12s
  27   6.94658726e+08  6.84706673e+08  2.19e-08 5.96e-08  1.20e+01    12s
  28   6.94248911e+08  6.89586082e+08  1.18e-08 4.49e-08  5.62e+00    12s
  29   6.93893068e+08  6.91134748e+08  6.04e-09 5.96e-08  3.32e+00    12s
  30   6.93826851e+08  6.91718037e+08  5.07e-09 5.96e-08  2.54e+00    12s
  31   6.93779269e+08  6.92062311e+08  6.13e-09 2.98e-08  2.07e+00    12s
  32   6.93742472e+08  6.92184803e+08  6.81e-09 2.56e-08  1.88e+00    13s
  33   6.93627607e+08  6.92569352e+08  7.96e-09 2.98e-08  1.28e+00    13s
  34   6.93557586e+08  6.92914626e+08  4.97e-09 5.96e-08  7.75e-01    13s
  35   6.93496378e+08  6.93110008e+08  4.04e-09 5.96e-08  4.66e-01    13s
  36   6.93476538e+08  6.93182940e+08  3.79e-09 2.98e-08  3.54e-01    13s
  37   6.93463555e+08  6.93269706e+08  3.58e-09 3.49e-08  2.34e-01    13s
  38   6.93456144e+08  6.93301839e+08  3.19e-09 2.98e-08  1.86e-01    13s
  39   6.93449749e+08  6.93336595e+08  2.81e-09 2.98e-08  1.36e-01    13s

Barrier performed 39 iterations in 13.32 seconds (17.90 work units)
Barrier solve interrupted - model solved by another algorithm

Concurrent spin time: 0.89s (can be avoided by choosing Method=3)

Solved with dual simplex

Root simplex log...

Iteration    Objective       Primal Inf.    Dual Inf.      Time
   18062    6.9341994e+08   0.000000e+00   0.000000e+00     13s

Root relaxation: objective 6.934199e+08, 18062 iterations, 5.01 seconds (5.23 work units)

    Nodes    |    Current Node    |     Objective Bounds      |     Work
 Expl Unexpl |  Obj  Depth IntInf | Incumbent    BestBd   Gap | It/Node Time

*    0     0               0    6.934199e+08 6.9342e+08  0.00%     -   13s

Explored 1 nodes (18062 simplex iterations) in 13.66 seconds (17.98 work units)
Thread count was 32 (of 192 available processors)

Solution count 1: 6.9342e+08 

Optimal solution found (tolerance 1.00e-01)
Best objective 6.934199405651e+08, best bound 6.934199405651e+08, gap 0.0000%

User-callback calls 3341, time in user-callback 0.01 sec
 24.276839 seconds (251.48 M allocations: 16.885 GiB, 27.14% gc time, 19.31% compilation time)
 29.301567 seconds (66.06 M allocations: 4.123 GiB, 10.85% gc time, 3.13% compilation time)
Set parameter WLSAccessID
Set parameter WLSSecret
Set parameter LicenseID to value 2677366
Academic license 2677366 - for non-commercial use only - registered to la___@mit.edu
Set parameter MIPGap to value 0.1
Set parameter TimeLimit to value 14400
Set parameter MIPGap to value 0.1
Set parameter TimeLimit to value 14400
Gurobi Optimizer version 12.0.2 build v12.0.2rc0 (linux64 - "Rocky Linux 8.10 (Green Obsidian)")

CPU model: AMD EPYC 9474F 48-Core Processor, instruction set [SSE2|AVX|AVX2|AVX512]
Thread count: 96 physical cores, 192 logical processors, using up to 32 threads

Non-default parameters:
TimeLimit  14400
MIPGap  0.1

Academic license 2677366 - for non-commercial use only - registered to la___@mit.edu
Optimize a model with 3663803 rows, 2733380 columns and 10061550 nonzeros
Model fingerprint: 0x3f3cacd6
Variable types: 2733328 continuous, 52 integer (52 binary)
Coefficient statistics:
  Matrix range     [9e-01, 1e+03]
  Objective range  [2e-01, 7e+06]
  Bounds range     [9e+00, 1e+02]
  RHS range        [6e+00, 7e+01]
Presolve removed 3400343 rows and 1955879 columns
Presolve time: 4.68s
Presolved: 263460 rows, 777501 columns, 1316141 nonzeros
Variable types: 777465 continuous, 36 integer (25 binary)
Performing another presolve...
Presolve removed 122970 rows and 362823 columns
Presolve time: 1.68s
Deterministic concurrent LP optimizer: primal simplex, dual simplex, and barrier
Showing barrier log only...

Root barrier log...

Ordering time: 0.02s

Barrier statistics:
 Dense cols : 8
 AA' NZ     : 2.963e+05
 Factor NZ  : 2.043e+06 (roughly 240 MB of memory)
 Factor Ops : 3.668e+07 (less than 1 second per iteration)
 Threads    : 29

                  Objective                Residual
Iter       Primal          Dual         Primal    Dual     Compl     Time
   0   3.04896486e+11 -1.58827709e+14  3.70e+05 1.97e+02  1.11e+10     9s
   1   1.71917212e+11 -1.54488912e+14  2.02e+05 7.44e+06  6.13e+09     9s
   2   2.75481701e+09 -1.40060567e+14  1.03e+03 1.67e-06  1.98e+08     9s
   3   2.29218271e+09 -3.68627486e+13  3.20e+02 1.19e-07  4.93e+07     9s
   4   1.83807482e+09 -1.86207077e+13  2.47e-03 2.03e-06  2.25e+07     9s
   5   1.70193846e+09 -7.15512832e+12  1.12e-03 7.75e-07  8.63e+06     9s
   6   1.59708974e+09 -5.20858246e+12  9.32e-04 5.07e-07  6.28e+06    10s
   7   1.31035194e+09 -4.41295604e+12  4.54e-04 4.17e-07  5.32e+06    10s
   8   1.19471180e+09 -1.91073663e+12  3.51e-04 1.19e-07  2.30e+06    10s
   9   8.97254135e+08 -5.20934443e+11  1.99e-04 1.19e-07  6.29e+05    10s
  10   9.11418431e+08 -4.48368017e+11  1.06e-04 5.96e-08  5.42e+05    10s
  11   7.72004082e+08 -2.49941113e+11  3.53e-05 5.96e-08  3.02e+05    10s
  12   7.79514272e+08 -1.39359638e+11  2.04e-05 5.96e-08  1.69e+05    10s
  13   7.47508031e+08 -1.31008621e+11  1.07e-05 5.96e-08  1.59e+05    10s
  14   7.27335569e+08 -8.42268269e+10  6.46e-06 5.96e-08  1.02e+05    10s
  15   7.17021612e+08 -4.60533289e+10  3.89e-06 5.96e-08  5.64e+04    10s
  16   7.09628772e+08 -3.39547728e+10  1.59e-06 5.96e-08  4.18e+04    10s
  17   7.00504982e+08 -1.92703551e+10  4.85e-07 2.49e-09  2.41e+04    10s
  18   6.96714970e+08 -7.88749495e+09  1.87e-07 5.96e-08  1.03e+04    11s
  19   6.96612753e+08 -5.45565270e+08  2.60e-10 5.96e-08  1.50e+03    11s
  20   6.96304924e+08  2.61327228e+08  6.97e-09 5.96e-08  5.24e+02    11s
  21   6.96168884e+08  4.64134189e+08  1.11e-08 2.98e-08  2.80e+02    11s
  22   6.95905427e+08  5.95340027e+08  3.27e-08 5.96e-08  1.21e+02    11s
  23   6.95714062e+08  6.31091365e+08  2.38e-08 5.96e-08  7.79e+01    11s
  24   6.95511655e+08  6.54772510e+08  8.46e-08 2.98e-08  4.91e+01    11s
  25   6.95349976e+08  6.71136433e+08  6.31e-08 5.96e-08  2.92e+01    12s
  26   6.95090755e+08  6.78340909e+08  4.37e-08 5.96e-08  2.02e+01    12s
  27   6.94658726e+08  6.84706673e+08  2.19e-08 5.96e-08  1.20e+01    12s
  28   6.94248911e+08  6.89586082e+08  1.18e-08 4.49e-08  5.62e+00    12s
  29   6.93893068e+08  6.91134748e+08  6.04e-09 5.96e-08  3.32e+00    12s
  30   6.93826851e+08  6.91718037e+08  5.07e-09 5.96e-08  2.54e+00    12s
  31   6.93779269e+08  6.92062311e+08  6.13e-09 2.98e-08  2.07e+00    12s
  32   6.93742472e+08  6.92184803e+08  6.81e-09 2.56e-08  1.88e+00    13s
  33   6.93627607e+08  6.92569352e+08  7.96e-09 2.98e-08  1.28e+00    13s
  34   6.93557586e+08  6.92914626e+08  4.97e-09 5.96e-08  7.75e-01    13s
  35   6.93496378e+08  6.93110008e+08  4.04e-09 5.96e-08  4.66e-01    13s
  36   6.93476538e+08  6.93182940e+08  3.79e-09 2.98e-08  3.54e-01    13s
  37   6.93463555e+08  6.93269706e+08  3.58e-09 3.49e-08  2.34e-01    13s
  38   6.93456144e+08  6.93301839e+08  3.19e-09 2.98e-08  1.86e-01    13s
  39   6.93449749e+08  6.93336595e+08  2.81e-09 2.98e-08  1.36e-01    13s

Barrier performed 39 iterations in 13.35 seconds (17.90 work units)
Barrier solve interrupted - model solved by another algorithm

Concurrent spin time: 1.62s (can be avoided by choosing Method=3)

Solved with dual simplex

Root simplex log...

Iteration    Objective       Primal Inf.    Dual Inf.      Time
   18062    6.9341994e+08   0.000000e+00   0.000000e+00     13s

Root relaxation: objective 6.934199e+08, 18062 iterations, 5.10 seconds (5.23 work units)

    Nodes    |    Current Node    |     Objective Bounds      |     Work
 Expl Unexpl |  Obj  Depth IntInf | Incumbent    BestBd   Gap | It/Node Time

*    0     0               0    6.934199e+08 6.9342e+08  0.00%     -   13s

Explored 1 nodes (18062 simplex iterations) in 13.67 seconds (17.98 work units)
Thread count was 32 (of 192 available processors)

Solution count 1: 6.9342e+08 

Optimal solution found (tolerance 1.00e-01)
Best objective 6.934199405651e+08, best bound 6.934199405651e+08, gap 0.0000%

User-callback calls 3345, time in user-callback 0.01 sec
 24.738772 seconds (251.48 M allocations: 16.885 GiB, 27.11% gc time, 19.24% compilation time)
 28.555782 seconds (66.06 M allocations: 4.123 GiB, 8.56% gc time, 3.06% compilation time)
Set parameter WLSAccessID
Set parameter WLSSecret
Set parameter LicenseID to value 2677366
Academic license 2677366 - for non-commercial use only - registered to la___@mit.edu
Set parameter MIPGap to value 1e-05
Set parameter TimeLimit to value 14400
Set parameter MIPGap to value 1e-05
Set parameter TimeLimit to value 14400
Gurobi Optimizer version 12.0.2 build v12.0.2rc0 (linux64 - "Rocky Linux 8.10 (Green Obsidian)")

CPU model: AMD EPYC 9474F 48-Core Processor, instruction set [SSE2|AVX|AVX2|AVX512]
Thread count: 96 physical cores, 192 logical processors, using up to 32 threads

Non-default parameters:
TimeLimit  14400
MIPGap  1e-05

Academic license 2677366 - for non-commercial use only - registered to la___@mit.edu
Optimize a model with 3663803 rows, 2733380 columns and 10061550 nonzeros
Model fingerprint: 0x3f3cacd6
Variable types: 2733328 continuous, 52 integer (52 binary)
Coefficient statistics:
  Matrix range     [9e-01, 1e+03]
  Objective range  [2e-01, 7e+06]
  Bounds range     [9e+00, 1e+02]
  RHS range        [6e+00, 7e+01]
Presolve removed 3400343 rows and 1955879 columns
Presolve time: 4.65s
Presolved: 263460 rows, 777501 columns, 1316141 nonzeros
Variable types: 777465 continuous, 36 integer (25 binary)
Performing another presolve...
Presolve removed 122970 rows and 362823 columns
Presolve time: 1.67s
Deterministic concurrent LP optimizer: primal simplex, dual simplex, and barrier
Showing barrier log only...

Root barrier log...

Ordering time: 0.02s

Barrier statistics:
 Dense cols : 8
 AA' NZ     : 2.963e+05
 Factor NZ  : 2.043e+06 (roughly 240 MB of memory)
 Factor Ops : 3.668e+07 (less than 1 second per iteration)
 Threads    : 29

                  Objective                Residual
Iter       Primal          Dual         Primal    Dual     Compl     Time
   0   3.04896486e+11 -1.58827709e+14  3.70e+05 1.97e+02  1.11e+10     9s
   1   1.71917212e+11 -1.54488912e+14  2.02e+05 7.44e+06  6.13e+09     9s
   2   2.75481701e+09 -1.40060567e+14  1.03e+03 1.67e-06  1.98e+08     9s
   3   2.29218271e+09 -3.68627486e+13  3.20e+02 1.19e-07  4.93e+07     9s
   4   1.83807482e+09 -1.86207077e+13  2.47e-03 2.03e-06  2.25e+07     9s
   5   1.70193846e+09 -7.15512832e+12  1.12e-03 7.75e-07  8.63e+06     9s
   6   1.59708974e+09 -5.20858246e+12  9.32e-04 5.07e-07  6.28e+06     9s
   7   1.31035194e+09 -4.41295604e+12  4.54e-04 4.17e-07  5.32e+06    10s
   8   1.19471180e+09 -1.91073663e+12  3.51e-04 1.19e-07  2.30e+06    10s
   9   8.97254135e+08 -5.20934443e+11  1.99e-04 1.19e-07  6.29e+05    10s
  10   9.11418431e+08 -4.48368017e+11  1.06e-04 5.96e-08  5.42e+05    10s
  11   7.72004082e+08 -2.49941113e+11  3.53e-05 5.96e-08  3.02e+05    10s
  12   7.79514272e+08 -1.39359638e+11  2.04e-05 5.96e-08  1.69e+05    10s
  13   7.47508031e+08 -1.31008621e+11  1.07e-05 5.96e-08  1.59e+05    10s
  14   7.27335569e+08 -8.42268269e+10  6.46e-06 5.96e-08  1.02e+05    10s
  15   7.17021612e+08 -4.60533289e+10  3.89e-06 5.96e-08  5.64e+04    10s
  16   7.09628772e+08 -3.39547728e+10  1.59e-06 5.96e-08  4.18e+04    10s
  17   7.00504982e+08 -1.92703551e+10  4.85e-07 2.49e-09  2.41e+04    11s
  18   6.96714970e+08 -7.88749495e+09  1.87e-07 5.96e-08  1.03e+04    11s
  19   6.96612753e+08 -5.45565270e+08  2.60e-10 5.96e-08  1.50e+03    11s
  20   6.96304924e+08  2.61327228e+08  6.97e-09 5.96e-08  5.24e+02    11s
  21   6.96168884e+08  4.64134189e+08  1.11e-08 2.98e-08  2.80e+02    11s
  22   6.95905427e+08  5.95340027e+08  3.27e-08 5.96e-08  1.21e+02    11s
  23   6.95714062e+08  6.31091365e+08  2.38e-08 5.96e-08  7.79e+01    11s
  24   6.95511655e+08  6.54772510e+08  8.46e-08 2.98e-08  4.91e+01    11s
  25   6.95349976e+08  6.71136433e+08  6.31e-08 5.96e-08  2.92e+01    12s
  26   6.95090755e+08  6.78340909e+08  4.37e-08 5.96e-08  2.02e+01    12s
  27   6.94658726e+08  6.84706673e+08  2.19e-08 5.96e-08  1.20e+01    12s
  28   6.94248911e+08  6.89586082e+08  1.18e-08 4.49e-08  5.62e+00    12s
  29   6.93893068e+08  6.91134748e+08  6.04e-09 5.96e-08  3.32e+00    12s
  30   6.93826851e+08  6.91718037e+08  5.07e-09 5.96e-08  2.54e+00    12s
  31   6.93779269e+08  6.92062311e+08  6.13e-09 2.98e-08  2.07e+00    12s
  32   6.93742472e+08  6.92184803e+08  6.81e-09 2.56e-08  1.88e+00    12s
  33   6.93627607e+08  6.92569352e+08  7.96e-09 2.98e-08  1.28e+00    12s
  34   6.93557586e+08  6.92914626e+08  4.97e-09 5.96e-08  7.75e-01    13s
  35   6.93496378e+08  6.93110008e+08  4.04e-09 5.96e-08  4.66e-01    13s
  36   6.93476538e+08  6.93182940e+08  3.79e-09 2.98e-08  3.54e-01    13s
  37   6.93463555e+08  6.93269706e+08  3.58e-09 3.49e-08  2.34e-01    13s
  38   6.93456144e+08  6.93301839e+08  3.19e-09 2.98e-08  1.86e-01    13s
  39   6.93449749e+08  6.93336595e+08  2.81e-09 2.98e-08  1.36e-01    13s

Barrier performed 39 iterations in 13.28 seconds (17.90 work units)
Barrier solve interrupted - model solved by another algorithm

Concurrent spin time: 1.60s (can be avoided by choosing Method=3)

Solved with dual simplex

Root simplex log...

Iteration    Objective       Primal Inf.    Dual Inf.      Time
   18062    6.9341994e+08   0.000000e+00   0.000000e+00     13s

Root relaxation: objective 6.934199e+08, 18062 iterations, 5.08 seconds (5.23 work units)

    Nodes    |    Current Node    |     Objective Bounds      |     Work
 Expl Unexpl |  Obj  Depth IntInf | Incumbent    BestBd   Gap | It/Node Time

*    0     0               0    6.934199e+08 6.9342e+08  0.00%     -   13s

Explored 1 nodes (18062 simplex iterations) in 13.55 seconds (17.98 work units)
Thread count was 32 (of 192 available processors)

Solution count 1: 6.9342e+08 

Optimal solution found (tolerance 1.00e-05)
Best objective 6.934199405651e+08, best bound 6.934199405651e+08, gap 0.0000%

User-callback calls 3317, time in user-callback 0.01 sec
 24.073831 seconds (251.48 M allocations: 16.885 GiB, 27.19% gc time, 19.31% compilation time)
 28.766718 seconds (66.06 M allocations: 4.123 GiB, 9.71% gc time, 3.03% compilation time)
