Set parameter WLSAccessID
Set parameter WLSSecret
Set parameter LicenseID to value 2677366
Academic license 2677366 - for non-commercial use only - registered to la___@mit.edu
Set parameter MIPGap to value 1e-05
Set parameter TimeLimit to value 14400
Set parameter MIPGap to value 1e-05
Set parameter TimeLimit to value 14400
Gurobi Optimizer version 12.0.2 build v12.0.2rc0 (linux64 - "Rocky Linux 8.10 (Green Obsidian)")

CPU model: AMD EPYC 9474F 48-Core Processor, instruction set [SSE2|AVX|AVX2|AVX512]
Thread count: 96 physical cores, 192 logical processors, using up to 32 threads

Non-default parameters:
TimeLimit  14400
MIPGap  1e-05

Academic license 2677366 - for non-commercial use only - registered to la___@mit.edu
Optimize a model with 5485883 rows, 3188900 columns and 15527842 nonzeros
Model fingerprint: 0x6c5361d0
Variable types: 2733328 continuous, 455572 integer (455572 binary)
Coefficient statistics:
  Matrix range     [3e-03, 1e+03]
  Objective range  [2e-01, 7e+06]
  Bounds range     [9e+00, 1e+02]
  RHS range        [6e+00, 3e+02]
Presolve removed 1990436 rows and 1890000 columns (presolve time = 5s)...
Presolve removed 2178092 rows and 2077656 columns (presolve time = 10s)...
Presolve removed 2862895 rows and 2077658 columns (presolve time = 15s)...
Presolve removed 2885467 rows and 2077658 columns (presolve time = 20s)...
Presolve removed 2885467 rows and 2077658 columns (presolve time = 25s)...
Presolve removed 2885467 rows and 2077658 columns (presolve time = 30s)...
Presolve removed 2885467 rows and 2077658 columns (presolve time = 136s)...
Presolve removed 4010211 rows and 2616713 columns
Presolve time: 138.94s
Presolved: 1475672 rows, 572187 columns, 3877027 nonzeros
Variable types: 564853 continuous, 7334 integer (7310 binary)
Performing another presolve...
Presolve removed 99 rows and 14 columns (presolve time = 5s)...
Presolve removed 99 rows and 14 columns (presolve time = 10s)...
Presolve removed 94958 rows and 756 columns (presolve time = 15s)...
Presolve removed 95861 rows and 1442 columns (presolve time = 20s)...
Presolve removed 95861 rows and 1442 columns (presolve time = 25s)...
Presolve removed 95861 rows and 1442 columns (presolve time = 30s)...
Presolve removed 96873 rows and 1760 columns (presolve time = 35s)...
Presolve removed 96873 rows and 1760 columns (presolve time = 40s)...
Presolve removed 96903 rows and 1783 columns (presolve time = 45s)...
Presolve removed 96903 rows and 1783 columns
Presolve time: 45.04s

Deterministic concurrent LP optimizer: primal simplex, dual simplex, and barrier
Showing barrier log only...

Root barrier log...

Ordering time: 0.86s

Barrier statistics:
 Dense cols : 134
 AA' NZ     : 6.999e+06
 Factor NZ  : 2.121e+07 (roughly 1.0 GB of memory)
 Factor Ops : 2.143e+09 (less than 1 second per iteration)
 Threads    : 29

                  Objective                Residual
Iter       Primal          Dual         Primal    Dual     Compl     Time
   0   1.71890883e+12 -1.73499418e+14  3.14e+04 6.93e+03  7.58e+09   206s
   1   1.51418745e+12 -1.77961679e+14  2.74e+04 6.94e+05  6.46e+09   206s
   2   1.38269223e+12 -1.90058139e+14  2.49e+04 1.12e+06  5.21e+09   206s
   3   1.15176754e+12 -2.60785443e+14  2.04e+04 6.11e+05  3.50e+09   207s
   4   9.54615602e+11 -2.29553048e+14  1.71e+04 2.29e+05  2.73e+09   207s
   5   1.39278163e+11 -1.81110697e+14  2.48e+03 1.28e-03  4.66e+08   207s
   6   8.26634279e+09 -6.48167123e+13  1.06e+02 1.21e-03  4.02e+07   208s
   7   6.53488742e+09 -7.21469922e+12  7.40e+01 8.78e-05  8.02e+06   208s
   8   5.10864736e+09 -2.53568812e+12  4.80e+01 1.46e-04  3.90e+06   208s
   9   4.59341847e+09 -1.30000465e+12  3.84e+01 1.30e-04  2.70e+06   208s
  10   3.88075817e+09 -7.61970521e+11  2.47e+01 9.70e-05  1.67e+06   209s
  11   3.47272816e+09 -4.83576827e+11  1.71e+01 6.85e-05  1.12e+06   209s
  12   3.29846476e+09 -2.50869286e+11  1.36e+01 2.67e-05  8.24e+05   209s
  13   3.05347045e+09 -1.24556091e+11  9.28e+00 1.05e-05  5.38e+05   209s
  14   2.86584324e+09 -8.43123531e+10  5.52e+00 1.73e-05  3.23e+05   210s
  15   2.78137173e+09 -5.50538139e+10  3.60e+00 1.43e-05  2.10e+05   210s
  16   2.69176663e+09 -3.89590801e+10  1.51e+00 3.35e-05  9.55e+04   210s
  17   2.58282447e+09 -1.08028675e+10  5.94e-04 8.22e-07  5.61e+03   210s
  18   2.41435029e+09 -7.42163277e+09  6.81e-05 5.66e-07  4.10e+03   211s
  19   2.36927787e+09 -7.14500021e+09  6.13e-05 5.36e-07  3.97e+03   211s
  20   2.25196522e+09 -3.01588556e+09  1.04e-04 1.67e-06  2.21e+03   212s
  21   2.01639218e+09 -2.17923380e+09  8.40e-05 1.32e-06  1.76e+03   213s
  22   1.83079186e+09 -1.41698702e+09  9.13e-05 1.15e-06  1.36e+03   213s
  23   1.59989842e+09 -8.28215004e+08  8.83e-05 2.27e-07  1.02e+03   214s

Barrier performed 23 iterations in 214.09 seconds (379.75 work units)
Barrier solve interrupted - model solved by another algorithm

Concurrent spin time: 3.50s (can be avoided by choosing Method=3)

Solved with dual simplex

Root relaxation: objective 6.356989e+08, 73062 iterations, 12.50 seconds (15.57 work units)
Total elapsed time = 214.39s (DegenMoves)
Total elapsed time = 215.81s (DegenMoves)

    Nodes    |    Current Node    |     Objective Bounds      |     Work
 Expl Unexpl |  Obj  Depth IntInf | Incumbent    BestBd   Gap | It/Node Time

     0     0 6.3570e+08    0 2689          - 6.3570e+08      -     -  257s
     0     0 6.3570e+08    0 2678          - 6.3570e+08      -     -  261s
     0     0 6.3570e+08    0 2678          - 6.3570e+08      -     -  263s
     0     0 6.3570e+08    0 2677          - 6.3570e+08      -     -  264s
H    0     0                    7.089876e+08 6.3570e+08  10.3%     -  286s
     0     0 6.3573e+08    0 3282 7.0899e+08 6.3573e+08  10.3%     -  357s
     0     0 6.3573e+08    0 3278 7.0899e+08 6.3573e+08  10.3%     -  381s
H    0     0                    6.749868e+08 6.3917e+08  5.31%     -  390s
     0     0 6.4388e+08    0 5421 6.7499e+08 6.4388e+08  4.61%     -  555s
     0     0 6.4389e+08    0 5258 6.7499e+08 6.4389e+08  4.61%     -  556s
     0     0 6.4389e+08    0 5256 6.7499e+08 6.4389e+08  4.61%     -  557s
     0     0 6.4392e+08    0 5426 6.7499e+08 6.4392e+08  4.60%     -  575s
     0     0 6.4392e+08    0 5422 6.7499e+08 6.4392e+08  4.60%     -  576s
     0     0 6.4433e+08    0 5536 6.7499e+08 6.4433e+08  4.54%     -  584s
     0     0 6.4433e+08    0 5533 6.7499e+08 6.4433e+08  4.54%     -  584s
     0     0 6.4433e+08    0 5586 6.7499e+08 6.4433e+08  4.54%     -  587s
     0     0 6.4443e+08    0 5620 6.7499e+08 6.4443e+08  4.53%     -  590s
     0     0 6.4443e+08    0 5619 6.7499e+08 6.4443e+08  4.53%     -  590s
     0     0 6.4443e+08    0 5627 6.7499e+08 6.4443e+08  4.53%     -  591s
     0     0 6.4443e+08    0 5632 6.7499e+08 6.4443e+08  4.53%     -  593s
     0     0 6.4688e+08    0 4583 6.7499e+08 6.4688e+08  4.16%     -  635s
     0     0 6.4688e+08    0 4542 6.7499e+08 6.4688e+08  4.16%     -  636s
     0     0 6.4710e+08    0 4208 6.7499e+08 6.4710e+08  4.13%     -  657s
     0     0 6.4710e+08    0 4200 6.7499e+08 6.4710e+08  4.13%     -  658s
     0     0 6.4710e+08    0 4177 6.7499e+08 6.4710e+08  4.13%     -  660s
     0     0 6.4710e+08    0 4176 6.7499e+08 6.4710e+08  4.13%     -  661s
     0     0 6.4710e+08    0 4214 6.7499e+08 6.4710e+08  4.13%     -  662s
     0     0 6.4710e+08    0 4199 6.7499e+08 6.4710e+08  4.13%     -  663s
     0     0 6.4838e+08    0 2972 6.7499e+08 6.4838e+08  3.94%     -  698s
     0     0 6.4838e+08    0 2963 6.7499e+08 6.4838e+08  3.94%     -  699s
H    0     0                    6.542186e+08 6.4841e+08  0.89%     -  713s
     0     0 6.4852e+08    0 2845 6.5422e+08 6.4852e+08  0.87%     -  718s
     0     0 6.4852e+08    0 2835 6.5422e+08 6.4852e+08  0.87%     -  719s
     0     0 6.4853e+08    0 2847 6.5422e+08 6.4853e+08  0.87%     -  721s
     0     0 6.4853e+08    0 2919 6.5422e+08 6.4853e+08  0.87%     -  722s
     0     0 6.4865e+08    0 4171 6.5422e+08 6.4865e+08  0.85%     -  743s
     0     0 6.4865e+08    0 4164 6.5422e+08 6.4865e+08  0.85%     -  744s
H    0     0                    6.525266e+08 6.4868e+08  0.59%     -  757s
H    0     0                    6.525222e+08 6.4868e+08  0.59%     -  761s
     0     0 6.4868e+08    0 3733 6.5252e+08 6.4868e+08  0.59%     -  764s
     0     0 6.4868e+08    0 3684 6.5252e+08 6.4868e+08  0.59%     -  764s
     0     0 6.4869e+08    0 3200 6.5252e+08 6.4869e+08  0.59%     -  781s
     0     0 6.4869e+08    0 3199 6.5252e+08 6.4869e+08  0.59%     -  782s
H    0     0                    6.514464e+08 6.4870e+08  0.42%     -  792s
     0     0 6.4870e+08    0 2329 6.5145e+08 6.4870e+08  0.42%     -  797s
     0     0 6.4870e+08    0 2298 6.5145e+08 6.4870e+08  0.42%     -  798s
     0     0 6.4870e+08    0 2265 6.5145e+08 6.4870e+08  0.42%     -  799s
     0     0 6.4870e+08    0 1833 6.5145e+08 6.4870e+08  0.42%     -  804s
H    0     0                    6.514447e+08 6.4872e+08  0.42%     -  815s
     0     0 6.4872e+08    0 1736 6.5144e+08 6.4872e+08  0.42%     -  816s
     0     0 6.4872e+08    0 1677 6.5144e+08 6.4872e+08  0.42%     -  820s
     0     0 6.4872e+08    0 1626 6.5144e+08 6.4872e+08  0.42%     -  828s
     0     0 6.4872e+08    0 1531 6.5144e+08 6.4872e+08  0.42%     -  832s
H    0     0                    6.514406e+08 6.4872e+08  0.42%     -  842s
     0     0 6.4872e+08    0 1516 6.5144e+08 6.4872e+08  0.42%     -  843s
     0     0 6.4872e+08    0 1409 6.5144e+08 6.4872e+08  0.42%     -  847s
     0     0 6.4872e+08    0 1393 6.5144e+08 6.4872e+08  0.42%     -  852s
     0     0 6.4872e+08    0 1334 6.5144e+08 6.4872e+08  0.42%     -  859s
H    0     0                    6.514398e+08 6.4872e+08  0.42%     -  867s
     0     0 6.4872e+08    0 1314 6.5144e+08 6.4872e+08  0.42%     -  868s
     0     0 6.4872e+08    0 1320 6.5144e+08 6.4872e+08  0.42%     -  875s
     0     0 6.4872e+08    0 1281 6.5144e+08 6.4872e+08  0.42%     -  956s
     0     2 6.4872e+08    0 1279 6.5144e+08 6.4872e+08  0.42%     - 1001s
     7    16 6.4897e+08    3  883 6.5144e+08 6.4888e+08  0.39%   260 1007s
    15    32 6.4898e+08    4  924 6.5144e+08 6.4898e+08  0.38%   636 1011s
H   31    60                    6.514392e+08 6.4908e+08  0.36%  1250 1021s
H   33    60                    6.514381e+08 6.4910e+08  0.36%  1207 1021s
H   49    60                    6.514375e+08 6.4911e+08  0.36%   899 1021s
H   61    60                    6.514358e+08 6.4911e+08  0.36%   801 1021s
    95   152 6.4926e+08    7  820 6.5144e+08 6.4920e+08  0.34%   824 1029s
H  158   253                    6.508704e+08 6.4920e+08  0.26%   582 1030s
H  163   253                    6.508571e+08 6.4920e+08  0.25%   568 1030s
   261   268 6.4937e+08   10  689 6.5086e+08 6.4920e+08  0.25%   374 1035s
   358   371 6.4937e+08   11  507 6.5086e+08 6.4920e+08  0.25%   341 1042s
   423   409 6.4937e+08   13  422 6.5086e+08 6.4920e+08  0.25%   308 1047s
H  428   409                    6.500807e+08 6.4920e+08  0.14%   304 1047s
   468   377 6.4937e+08   14  402 6.5008e+08 6.4920e+08  0.14%   289 1052s
   581   400 6.4937e+08   16  333 6.5008e+08 6.4933e+08  0.12%   265 1059s
   615   429 6.4937e+08   17  324 6.5008e+08 6.4933e+08  0.11%   257 1061s
   733   521 6.4937e+08   22  237 6.5008e+08 6.4933e+08  0.11%   226 1068s
H  778   521                    6.500800e+08 6.4933e+08  0.11%   217 1068s
   779   574 6.4937e+08   23  209 6.5008e+08 6.4933e+08  0.11%   216 1071s
  1011   710 6.4937e+08   28  181 6.5008e+08 6.4933e+08  0.11%   177 1079s
H 1078   710                    6.500796e+08 6.4933e+08  0.11%   171 1079s
  1079   741 6.4995e+08   29  313 6.5008e+08 6.4933e+08  0.11%   171 1081s
  1277   885 6.4946e+08   32  235 6.5008e+08 6.4937e+08  0.11%   158 1086s
  1590  1099 6.4946e+08   42  135 6.5008e+08 6.4937e+08  0.11%   137 1091s
H 1721  1099                    6.500265e+08 6.4937e+08  0.10%   129 1091s
  1740  1123 6.4946e+08   44   85 6.5003e+08 6.4937e+08  0.10%   128 1095s
H 1982  1216                    6.496583e+08 6.4937e+08  0.04%   121 1103s
  2082  1171 6.4952e+08   50   70 6.4966e+08 6.4937e+08  0.04%   118 1108s
  2242  1195     cutoff   51      6.4966e+08 6.4937e+08  0.04%   115 1111s
H 2257  1195                    6.496576e+08 6.4937e+08  0.04%   114 1111s
  2549  1426 6.4965e+08   66   31 6.4966e+08 6.4937e+08  0.04%   108 1117s
  2744  1623 6.4965e+08   70   23 6.4966e+08 6.4937e+08  0.04%   102 1120s
H 3003  1751                    6.496558e+08 6.4937e+08  0.04%  94.8 1125s
H 3037  1751                    6.496549e+08 6.4937e+08  0.04%  93.8 1125s
H 3250  1681                    6.496547e+08 6.4937e+08  0.04%  88.8 1129s
  3403  1681     cutoff   55      6.4965e+08 6.4937e+08  0.04%  86.0 1130s
  3450  1688     cutoff   79      6.4965e+08 6.4937e+08  0.04%  85.4 1135s
H 3464  1688                    6.496543e+08 6.4937e+08  0.04%  85.2 1135s
  3630  1677 6.4965e+08   50   83 6.4965e+08 6.4938e+08  0.04%  83.3 1140s
  3856  1733     cutoff   57      6.4965e+08 6.4944e+08  0.03%  80.2 1145s
  4078  1755     cutoff   12      6.4965e+08 6.4946e+08  0.03%  77.4 1150s
  4338  1723 6.4965e+08   42  138 6.4965e+08 6.4946e+08  0.03%  74.2 1155s
  4605  1706 6.4965e+08   49  124 6.4965e+08 6.4946e+08  0.03%  71.3 1207s
  4771  1780 6.4965e+08   50  121 6.4965e+08 6.4946e+08  0.03%  69.3 1252s
  4941  1853 6.4965e+08   51  101 6.4965e+08 6.4946e+08  0.03%  67.5 1274s
* 5089  1853              95    6.496538e+08 6.4946e+08  0.03%  65.7 1275s
  5201  1820 6.4965e+08   52   99 6.4965e+08 6.4961e+08  0.01%  64.5 1286s
* 5605  1820              67    6.496538e+08 6.4961e+08  0.01%  60.4 1286s
  5745  1935 infeasible   49      6.4965e+08 6.4961e+08  0.01%  59.1 1299s

Cutting planes:
  Learned: 18631
  Gomory: 21
  Cover: 4213
  Implied bound: 8813
  Clique: 3542
  MIR: 1858
  StrongCG: 5
  Flow cover: 2276
  Flow path: 1
  Inf proof: 4
  RLT: 14868
  Relax-and-lift: 1126
  BQP: 3240
  PSD: 278

Explored 6288 nodes (519803 simplex iterations) in 1299.99 seconds (1836.99 work units)
Thread count was 32 (of 192 available processors)

Solution count 10: 6.49654e+08 6.49654e+08 6.49654e+08 ... 6.5008e+08

Optimal solution found (tolerance 1.00e-05)
Best objective 6.496537564431e+08, best bound 6.496520068839e+08, gap 0.0003%

User-callback calls 248704, time in user-callback 0.11 sec
 36.561561 seconds (369.82 M allocations: 24.521 GiB, 30.93% gc time, 15.04% compilation time)
1324.255819 seconds (91.38 M allocations: 5.699 GiB, 0.50% gc time, 0.07% compilation time)
