Set parameter WLSAccessID
Set parameter WLSSecret
Set parameter LicenseID to value 2677366
Academic license 2677366 - for non-commercial use only - registered to la___@mit.edu
Set parameter MIPGap to value 1e-05
Set parameter TimeLimit to value 14400
Set parameter MIPGap to value 1e-05
Set parameter TimeLimit to value 14400
Gurobi Optimizer version 12.0.2 build v12.0.2rc0 (linux64 - "Rocky Linux 8.10 (Green Obsidian)")

CPU model: AMD EPYC 9474F 48-Core Processor, instruction set [SSE2|AVX|AVX2|AVX512]
Thread count: 96 physical cores, 192 logical processors, using up to 32 threads

Non-default parameters:
TimeLimit  14400
MIPGap  1e-05

Academic license 2677366 - for non-commercial use only - registered to la___@mit.edu
Optimize a model with 3663803 rows, 2733380 columns and 10061602 nonzeros
Model fingerprint: 0x22258be6
Variable types: 2733328 continuous, 52 integer (52 binary)
Coefficient statistics:
  Matrix range     [9e-01, 1e+03]
  Objective range  [2e-01, 7e+06]
  Bounds range     [9e+00, 1e+02]
  RHS range        [6e+00, 7e+01]
Presolve removed 276170 rows and 481798 columns (presolve time = 5s)...
Presolve removed 276172 rows and 481800 columns (presolve time = 10s)...
Presolve removed 276172 rows and 481800 columns (presolve time = 15s)...
Presolve removed 276172 rows and 481800 columns (presolve time = 20s)...
Presolve removed 276172 rows and 481800 columns (presolve time = 25s)...
Presolve removed 276172 rows and 481800 columns (presolve time = 30s)...
Presolve removed 276173 rows and 481801 columns (presolve time = 35s)...
Presolve removed 276173 rows and 481801 columns
Presolve time: 36.10s
Presolved: 3387630 rows, 2251579 columns, 9069440 nonzeros
Variable types: 2251501 continuous, 78 integer (52 binary)

Deterministic concurrent LP optimizer: primal simplex, dual simplex, and barrier
Showing barrier log only...

Root barrier log...

Ordering time: 0.76s

Barrier statistics:
 Dense cols : 104
 AA' NZ     : 8.843e+06
 Factor NZ  : 4.045e+07 (roughly 2.6 GB of memory)
 Factor Ops : 6.274e+08 (less than 1 second per iteration)
 Threads    : 29

                  Objective                Residual
Iter       Primal          Dual         Primal    Dual     Compl     Time
   0   8.52676262e+12 -1.12881537e+14  5.67e+06 1.78e+03  4.25e+09    84s
   1   8.30406646e+12 -1.09242646e+14  5.42e+06 2.48e+05  3.54e+09    84s
   2   6.22836233e+12 -1.53771427e+14  3.89e+06 9.55e+04  2.53e+09    85s
   3   4.90084519e+12 -1.42383381e+14  2.98e+06 3.01e+02  1.93e+09    87s
   4   8.13722747e+10 -1.33567610e+14  4.90e+04 1.60e-01  4.87e+07    87s
   5   7.21412895e+10 -6.31754436e+13  4.37e+04 5.90e-03  2.75e+07    88s
   6   5.53934193e+10 -3.38981675e+13  3.28e+04 1.59e-04  1.53e+07    89s
   7   4.07492776e+10 -1.61674924e+13  2.34e+04 1.14e-03  7.49e+06    90s
   8   1.04910833e+10 -6.88732667e+12  3.78e+03 1.17e-04  1.51e+06    91s
   9   6.86726575e+09 -2.76344595e+12  1.45e+03 1.21e-01  5.04e+05    92s
  10   5.56014468e+09 -1.15952747e+12  6.14e+02 3.60e-02  1.89e+05    93s
  11   5.14994521e+09 -6.30755937e+11  3.53e+02 1.77e-02  9.88e+04    94s
  12   4.71020891e+09 -3.15386194e+11  7.65e+01 6.32e-03  4.69e+04    94s
  13   4.65070224e+09 -1.79532848e+11  4.35e+01 3.59e-03  2.67e+04    95s
  14   4.62222437e+09 -1.13342629e+11  2.94e+01 2.16e-03  1.71e+04    97s
  15   4.61453465e+09 -9.93716490e+10  2.67e+01 1.90e-03  1.50e+04    98s
  16   4.57115119e+09 -7.16046973e+10  1.28e+01 1.38e-03  1.10e+04    99s
  17   4.55761874e+09 -5.31331492e+10  1.01e+01 1.02e-03  8.30e+03   100s
  18   4.50051630e+09 -3.76831202e+10  3.06e+00 7.38e-04  6.06e+03   101s
  19   4.43728104e+09 -3.05273494e+10  1.24e+00 6.20e-04  5.02e+03   102s
  20   4.30307770e+09 -1.81834555e+10  3.15e-01 4.11e-04  3.23e+03   104s
  21   4.10250784e+09 -9.80751313e+09  2.55e-01 2.46e-04  1.99e+03   106s
  22   3.76792960e+09 -6.44801916e+09  1.75e-01 1.81e-04  1.46e+03   107s
  23   3.61984787e+09 -4.62809379e+09  1.53e-01 1.44e-04  1.18e+03   108s
  24   3.34013365e+09 -3.40312028e+09  1.26e-01 1.17e-04  9.66e+02   110s
  25   3.12274933e+09 -2.62919103e+09  1.16e-01 9.94e-05  8.24e+02   112s
  26   2.82549713e+09 -2.23617142e+09  9.95e-02 8.92e-05  7.25e+02   113s
  27   2.50904057e+09 -1.40668131e+09  8.55e-02 6.45e-05  5.61e+02   115s
  28   2.31534921e+09 -1.02934947e+09  7.68e-02 5.21e-05  4.79e+02   116s
  29   2.19066020e+09 -9.69690365e+08  7.16e-02 4.99e-05  4.53e+02   117s
  30   2.11838176e+09 -7.73446394e+08  6.85e-02 4.35e-05  4.14e+02   119s
  31   1.95086962e+09 -6.57448996e+08  6.21e-02 3.96e-05  3.74e+02   120s
  32   1.77244458e+09 -5.29391957e+08  5.46e-02 3.51e-05  3.30e+02   121s
  33   1.69104276e+09 -4.99448715e+08  5.12e-02 3.42e-05  3.14e+02   123s
  34   1.50288092e+09 -3.61050179e+08  4.38e-02 2.87e-05  2.67e+02   124s
  35   1.43681030e+09 -2.41489763e+08  4.11e-02 2.41e-05  2.40e+02   126s
  36   1.24070298e+09 -2.22374293e+08  3.33e-02 2.35e-05  2.10e+02   128s
  37   1.20503783e+09 -1.41759220e+08  3.20e-02 2.04e-05  1.93e+02   129s
  38   1.11967413e+09 -3.98337821e+07  2.89e-02 1.65e-05  1.66e+02   131s
  39   1.01359334e+09 -2.36938287e+06  2.47e-02 1.51e-05  1.45e+02   132s
  40   9.90042097e+08  6.78663724e+06  2.38e-02 1.48e-05  1.41e+02   134s
  41   9.45790633e+08  4.51546497e+07  2.17e-02 1.36e-05  1.29e+02   135s
  42   8.56131707e+08  1.52834171e+08  1.81e-02 1.00e-05  1.01e+02   136s
  43   8.09436968e+08  1.98193406e+08  1.59e-02 8.83e-06  8.75e+01   138s
  44   7.97333401e+08  2.04383663e+08  1.51e-02 8.72e-06  8.49e+01   139s
  45   7.63391631e+08  3.16821018e+08  1.36e-02 6.69e-06  6.39e+01   141s
  46   7.29014209e+08  3.88712316e+08  1.19e-02 3.50e-06  4.87e+01   143s
  47   7.22180692e+08  4.39903759e+08  1.13e-02 2.42e-06  4.04e+01   144s
  48   7.11354542e+08  4.55015934e+08  1.05e-02 2.07e-06  3.67e+01   146s
  49   6.89528610e+08  4.73138082e+08  8.82e-03 1.75e-06  3.10e+01   147s
  50   6.85406569e+08  4.78879900e+08  8.59e-03 1.88e-06  2.96e+01   149s
  51   6.76197075e+08  4.81130748e+08  7.89e-03 1.68e-06  2.79e+01   150s
  52   6.69444730e+08  4.93425583e+08  7.40e-03 1.68e-06  2.52e+01   152s
  53   6.68910186e+08  4.95223173e+08  7.35e-03 1.51e-06  2.49e+01   153s
  54   6.63403742e+08  5.09804647e+08  6.82e-03 1.95e-06  2.20e+01   154s
  55   6.59544912e+08  5.14839773e+08  6.41e-03 2.18e-06  2.07e+01   156s
  56   6.56986085e+08  5.23448959e+08  6.16e-03 1.71e-06  1.91e+01   158s
  57   6.56440521e+08  5.27472197e+08  6.08e-03 1.78e-06  1.85e+01   159s
  58   6.53302595e+08  5.35882236e+08  5.73e-03 1.66e-06  1.68e+01   161s
  59   6.51967938e+08  5.42742474e+08  5.54e-03 3.01e-06  1.56e+01   163s
  60   6.50527752e+08  5.46731351e+08  5.33e-03 3.34e-06  1.49e+01   164s
  61   6.48766152e+08  5.58838260e+08  4.97e-03 2.83e-06  1.29e+01   165s
  62   6.46868219e+08  5.63432822e+08  4.64e-03 3.07e-06  1.19e+01   167s
  63   6.45760587e+08  5.75217212e+08  4.36e-03 2.61e-06  1.01e+01   168s
  64   6.43027254e+08  5.85687098e+08  3.71e-03 7.39e-06  8.20e+00   170s
  65   6.41758215e+08  5.94222422e+08  3.42e-03 5.66e-06  6.80e+00   172s
  66   6.39756774e+08  5.99067560e+08  2.92e-03 3.20e-06  5.82e+00   173s
  67   6.39494184e+08  6.03143751e+08  2.84e-03 3.04e-06  5.20e+00   175s
  68   6.37712633e+08  6.07875976e+08  2.46e-03 2.27e-05  4.26e+00   176s
  69   6.36976099e+08  6.10552308e+08  2.27e-03 3.29e-05  3.78e+00   178s
  70   6.36323499e+08  6.12189361e+08  2.12e-03 3.75e-05  3.45e+00   179s
  71   6.36150359e+08  6.13519662e+08  2.08e-03 2.15e-05  3.23e+00   181s
  72   6.35045935e+08  6.15846912e+08  1.79e-03 3.17e-05  2.74e+00   182s
  73   6.34266936e+08  6.19410787e+08  1.63e-03 9.37e-05  2.12e+00   183s
  74   6.33281581e+08  6.21041095e+08  1.41e-03 5.74e-05  1.75e+00   185s
  75   6.32416831e+08  6.22295610e+08  1.21e-03 9.15e-05  1.45e+00   186s
  76   6.32083428e+08  6.23627644e+08  1.14e-03 2.19e-04  1.21e+00   188s
  77   6.31364247e+08  6.24850042e+08  9.52e-04 1.69e-04  9.30e-01   190s
  78   6.30336509e+08  6.25591503e+08  6.95e-04 1.90e-04  6.77e-01   191s
  79   6.29883505e+08  6.26227177e+08  5.76e-04 1.33e-05  5.22e-01   193s
  80   6.29508086e+08  6.26769764e+08  4.74e-04 3.09e-04  3.91e-01   194s
  81   6.29128094e+08  6.27073099e+08  4.03e-04 1.40e-04  2.94e-01   196s
  82   6.28816403e+08  6.27249191e+08  4.47e-04 1.42e-04  2.24e-01   198s
  83   6.28620207e+08  6.27400938e+08  4.85e-04 1.56e-04  1.75e-01   200s
  84   6.28463657e+08  6.27517698e+08  6.08e-04 1.28e-04  1.36e-01   202s
  85   6.28322542e+08  6.27610956e+08  7.07e-04 9.64e-05  1.02e-01   203s
  86   6.28235955e+08  6.27685814e+08  5.78e-04 7.00e-05  7.90e-02   206s
  87   6.28161533e+08  6.27741626e+08  4.60e-04 1.32e-04  6.03e-02   208s
  88   6.28096014e+08  6.27778007e+08  4.02e-04 4.77e-04  4.57e-02   210s
  89   6.28053390e+08  6.27805562e+08  3.97e-04 2.86e-04  3.56e-02   213s
  90   6.28018692e+08  6.27831436e+08  3.95e-04 5.66e-05  2.69e-02   215s
  91   6.27986652e+08  6.27848781e+08  3.89e-04 1.89e-05  1.99e-02   218s
  92   6.27967410e+08  6.27863846e+08  3.28e-04 7.19e-05  1.50e-02   221s
  93   6.27946201e+08  6.27871345e+08  2.54e-04 5.87e-05  1.08e-02   224s
  94   6.27932687e+08  6.27876459e+08  2.24e-04 3.06e-05  8.18e-03   227s
  95   6.27924257e+08  6.27881706e+08  1.95e-04 5.15e-05  6.21e-03   229s
  96   6.27917252e+08  6.27885467e+08  1.75e-04 5.91e-05  4.64e-03   231s
  97   6.27911206e+08  6.27888078e+08  1.60e-04 4.92e-05  3.38e-03   233s
  98   6.27906987e+08  6.27889765e+08  1.36e-04 5.93e-05  2.52e-03   234s
  99   6.27903159e+08  6.27891348e+08  1.30e-04 4.35e-05  1.73e-03   237s
 100   6.27899995e+08  6.27892542e+08  8.20e-05 3.87e-05  1.09e-03   239s
 101   6.27898203e+08  6.27893674e+08  5.32e-05 2.25e-05  6.64e-04   240s
 102   6.27896899e+08  6.27894314e+08  3.44e-05 1.84e-05  3.80e-04   243s
 103   6.27896336e+08  6.27894639e+08  2.36e-05 8.87e-06  2.50e-04   245s
 104   6.27895757e+08  6.27894748e+08  1.34e-05 5.26e-06  1.48e-04   246s
 105   6.27895400e+08  6.27894864e+08  7.41e-06 1.84e-06  7.84e-05   247s
 106   6.27895206e+08  6.27894904e+08  5.15e-06 9.15e-07  4.40e-05   248s
 107   6.27895173e+08  6.27894914e+08  4.48e-06 6.92e-07  3.77e-05   249s
 108   6.27895088e+08  6.27894920e+08  2.77e-06 5.30e-07  2.43e-05   250s
 109   6.27895045e+08  6.27894929e+08  1.91e-06 3.57e-07  1.68e-05   252s
 110   6.27894970e+08  6.27894938e+08  4.30e-07 2.36e-07  4.57e-06   253s
 111   6.27894953e+08  6.27894945e+08  1.29e-07 1.15e-07  1.16e-06   254s
 112   6.27894951e+08  6.27894947e+08  8.18e-08 7.93e-07  5.96e-07   255s

Barrier solved model in 112 iterations and 254.72 seconds (273.96 work units)
Optimal objective 6.27894951e+08


Root crossover log...

   34870 DPushes remaining with DInf 0.0000000e+00               256s
       0 DPushes remaining with DInf 0.0000000e+00               261s

  507022 PPushes remaining with PInf 2.1390558e-02               261s
       0 PPushes remaining with PInf 0.0000000e+00               265s

  Push phase complete: Pinf 0.0000000e+00, Dinf 1.3363102e+00    265s


Root simplex log...

Iteration    Objective       Primal Inf.    Dual Inf.      Time
  541716    6.2789495e+08   0.000000e+00   1.336310e+00    265s
  541718    6.2789495e+08   0.000000e+00   0.000000e+00    266s
  541718    6.2789495e+08   0.000000e+00   0.000000e+00    267s
Concurrent spin time: 0.31s

Solved with barrier

Root relaxation: objective 6.278949e+08, 541718 iterations, 193.40 seconds (221.56 work units)
Total elapsed time = 274.11s (DegenMoves)

    Nodes    |    Current Node    |     Objective Bounds      |     Work
 Expl Unexpl |  Obj  Depth IntInf | Incumbent    BestBd   Gap | It/Node Time

     0     0 6.2789e+08    0   47          - 6.2789e+08      -     -  282s
H    0     0                    6.910638e+08 6.2789e+08  9.14%     -  323s
H    0     0                    6.848791e+08 6.2789e+08  8.32%     -  413s
     0     0 6.3182e+08    0   48 6.8488e+08 6.3182e+08  7.75%     -  500s
H    0     0                    6.403246e+08 6.3189e+08  1.32%     -  589s
     0     0 6.3192e+08    0   46 6.4032e+08 6.3192e+08  1.31%     -  607s
     0     0 6.3201e+08    0   46 6.4032e+08 6.3201e+08  1.30%     -  624s
     0     0 6.3201e+08    0   46 6.4032e+08 6.3201e+08  1.30%     -  626s
     0     0 6.3340e+08    0   44 6.4032e+08 6.3340e+08  1.08%     -  679s
     0     0 6.3356e+08    0   45 6.4032e+08 6.3356e+08  1.06%     -  689s
     0     0 6.3356e+08    0   45 6.4032e+08 6.3356e+08  1.06%     -  692s
     0     0 6.3389e+08    0   42 6.4032e+08 6.3389e+08  1.00%     -  757s
     0     0 6.3391e+08    0   45 6.4032e+08 6.3391e+08  1.00%     -  772s
     0     0 6.3391e+08    0   44 6.4032e+08 6.3391e+08  1.00%     -  781s
     0     0 6.3391e+08    0   44 6.4032e+08 6.3391e+08  1.00%     -  835s
     0     0 6.3391e+08    0   44 6.4032e+08 6.3391e+08  1.00%     -  877s
     0     0 6.3391e+08    0   44 6.4032e+08 6.3391e+08  1.00%     -  898s
     0     0 6.3391e+08    0   44 6.4032e+08 6.3391e+08  1.00%     -  901s
     0     0 6.3391e+08    0   44 6.4032e+08 6.3391e+08  1.00%     -  922s
     0     0 6.3391e+08    0   44 6.4032e+08 6.3391e+08  1.00%     -  924s
     0     0 6.3391e+08    0   46 6.4032e+08 6.3391e+08  1.00%     -  954s
     0     0 6.3391e+08    0   46 6.4032e+08 6.3391e+08  1.00%     -  957s
     0     0 6.3391e+08    0   46 6.4032e+08 6.3391e+08  1.00%     -  979s
     0     0 6.3391e+08    0   46 6.4032e+08 6.3391e+08  1.00%     -  981s
     0     0 6.3391e+08    0   46 6.4032e+08 6.3391e+08  1.00%     - 1002s
     0     0 6.3404e+08    0   44 6.4032e+08 6.3404e+08  0.98%     - 1129s
     0     2 6.3405e+08    0   44 6.4032e+08 6.3405e+08  0.98%     - 1192s
     1     2 6.3411e+08    1   45 6.4032e+08 6.3411e+08  0.97%   909 1204s
     3     1     cutoff    2      6.4032e+08 6.3413e+08  0.97%   632 1220s
     4     2 6.3414e+08    2   43 6.4032e+08 6.3414e+08  0.97%   612 1252s
     5     1 infeasible    3      6.4032e+08 6.3415e+08  0.96%   490 1289s
     6     2 6.3427e+08    3   29 6.4032e+08 6.3427e+08  0.95%   699 1317s
     7     3 6.3435e+08    4   27 6.4032e+08 6.3432e+08  0.94%   692 1327s
     9     5 6.3438e+08    5   26 6.4032e+08 6.3438e+08  0.93%   609 1347s
    12     6     cutoff    6      6.4032e+08 6.3444e+08  0.92%  1636 1351s
    17     8 6.3453e+08    7   24 6.4032e+08 6.3453e+08  0.91%  1271 1372s
    23    11 6.3479e+08    8   13 6.4032e+08 6.3457e+08  0.90%  1049 1405s
    30    12 6.3497e+08    9    7 6.4032e+08 6.3486e+08  0.85%   976 1469s
    39    21 6.3520e+08   10    6 6.4032e+08 6.3486e+08  0.85%  1067 1515s
    50    37 6.3524e+08   11    5 6.4032e+08 6.3500e+08  0.83%   948 1541s
    70   134 6.3529e+08   12    4 6.4032e+08 6.3502e+08  0.83%   886 1578s
*   83   134              16    6.375897e+08 6.3502e+08  0.40%   813 1580s
*  123   134              14    6.368704e+08 6.3502e+08  0.29%   699 1581s
   193   103     cutoff   16      6.3687e+08 6.3509e+08  0.28%   664 1596s
   306    95     cutoff   13      6.3687e+08 6.3515e+08  0.27%   477 1612s
*  330    95              19    6.364438e+08 6.3515e+08  0.20%   447 1614s
   357    23     cutoff   18      6.3644e+08 6.3515e+08  0.20%   425 1626s
   439     7     cutoff   15      6.3644e+08 6.3517e+08  0.20%   359 1636s
*  449     7              19    6.363596e+08 6.3517e+08  0.19%   351 1636s

Cutting planes:
  Gomory: 16
  Implied bound: 858
  MIR: 2430
  Flow cover: 141
  Relax-and-lift: 39

Explored 468 nodes (741683 simplex iterations) in 1639.80 seconds (1801.07 work units)
Thread count was 32 (of 192 available processors)

Solution count 7: 6.3636e+08 6.36444e+08 6.3687e+08 ... 6.91064e+08

Optimal solution found (tolerance 1.00e-05)
Best objective 6.363595684424e+08, best bound 6.363595684424e+08, gap 0.0000%

User-callback calls 404353, time in user-callback 0.16 sec
 24.432779 seconds (251.48 M allocations: 16.885 GiB, 27.12% gc time, 20.27% compilation time)
1655.915042 seconds (66.46 M allocations: 4.135 GiB, 0.19% gc time, 0.05% compilation time)
