Set parameter WLSAccessID
Set parameter WLSSecret
Set parameter LicenseID to value 2677366
Academic license 2677366 - for non-commercial use only - registered to la___@mit.edu
Set parameter MIPGap to value 1e-05
Set parameter TimeLimit to value 14400
Set parameter MIPGap to value 1e-05
Set parameter TimeLimit to value 14400
Gurobi Optimizer version 12.0.2 build v12.0.2rc0 (linux64 - "Rocky Linux 8.10 (Green Obsidian)")

CPU model: AMD EPYC 9474F 48-Core Processor, instruction set [SSE2|AVX|AVX2|AVX512]
Thread count: 96 physical cores, 192 logical processors, using up to 32 threads

Non-default parameters:
TimeLimit  14400
MIPGap  1e-05

Academic license 2677366 - for non-commercial use only - registered to la___@mit.edu
Optimize a model with 5485883 rows, 3188900 columns and 15527842 nonzeros
Model fingerprint: 0xdb9a6db6
Variable types: 2733328 continuous, 455572 integer (455572 binary)
Coefficient statistics:
  Matrix range     [3e-03, 1e+03]
  Objective range  [2e-01, 4e+06]
  Bounds range     [9e+00, 1e+02]
  RHS range        [6e+00, 3e+02]
Presolve removed 2020436 rows and 1920000 columns (presolve time = 5s)...
Presolve removed 2178092 rows and 2077656 columns (presolve time = 10s)...
Presolve removed 2862895 rows and 2077658 columns (presolve time = 15s)...
Presolve removed 2885467 rows and 2077658 columns (presolve time = 20s)...
Presolve removed 2885467 rows and 2077658 columns (presolve time = 25s)...
Presolve removed 2885467 rows and 2077658 columns (presolve time = 30s)...
Presolve removed 2885467 rows and 2077658 columns (presolve time = 145s)...
Presolve removed 2885467 rows and 2470316 columns (presolve time = 145s)...
Presolve removed 4010211 rows and 2616713 columns
Presolve time: 147.20s
Presolved: 1475672 rows, 572187 columns, 3877027 nonzeros
Variable types: 564853 continuous, 7334 integer (7310 binary)
Performing another presolve...
Presolve removed 99 rows and 14 columns (presolve time = 5s)...
Presolve removed 99 rows and 14 columns (presolve time = 10s)...
Presolve removed 94958 rows and 756 columns (presolve time = 15s)...
Presolve removed 95861 rows and 1442 columns (presolve time = 20s)...
Presolve removed 95861 rows and 1442 columns (presolve time = 25s)...
Presolve removed 96873 rows and 1760 columns (presolve time = 30s)...
Presolve removed 96873 rows and 1760 columns (presolve time = 35s)...
Presolve removed 96903 rows and 1783 columns
Presolve time: 39.38s

Deterministic concurrent LP optimizer: primal simplex, dual simplex, and barrier
Showing barrier log only...

Root barrier log...

Ordering time: 0.85s

Barrier statistics:
 Dense cols : 134
 AA' NZ     : 6.999e+06
 Factor NZ  : 2.121e+07 (roughly 1.0 GB of memory)
 Factor Ops : 2.143e+09 (less than 1 second per iteration)
 Threads    : 29

                  Objective                Residual
Iter       Primal          Dual         Primal    Dual     Compl     Time
   0   7.28321722e+11 -1.63263136e+14  3.14e+04 6.88e+03  7.14e+09   208s
   1   6.46001698e+11 -1.67461949e+14  2.74e+04 6.53e+05  6.08e+09   208s
   2   5.93718661e+11 -1.78845804e+14  2.49e+04 1.06e+06  4.90e+09   209s
   3   5.00319578e+11 -2.45409951e+14  2.04e+04 5.76e+05  3.29e+09   209s
   4   4.07060502e+11 -2.16002730e+14  1.71e+04 2.16e+05  2.57e+09   209s
   5   6.00830684e+10 -1.70413780e+14  2.50e+03 3.55e-04  4.42e+08   210s
   6   3.19022909e+09 -6.13114878e+13  1.06e+02 4.23e-04  3.79e+07   210s
   7   2.43781798e+09 -6.76727901e+12  7.38e+01 1.31e-04  7.51e+06   210s
   8   1.82924971e+09 -2.67181341e+12  4.82e+01 6.11e-05  3.83e+06   211s
   9   1.57018371e+09 -1.22885118e+12  3.74e+01 3.40e-05  2.49e+06   211s
  10   1.27528386e+09 -7.78753964e+11  2.48e+01 4.67e-05  1.60e+06   211s
  11   1.07576829e+09 -4.63752619e+11  1.63e+01 7.21e-06  1.01e+06   211s
  12   1.00457079e+09 -2.37144743e+11  1.32e+01 2.83e-05  7.52e+05   212s
  13   9.03302690e+08 -1.01835220e+11  9.01e+00 3.04e-05  4.82e+05   212s
  14   8.15186552e+08 -7.09728182e+10  5.52e+00 2.05e-05  2.97e+05   212s
  15   7.55064356e+08 -3.34720057e+10  2.41e+00 1.56e-05  1.30e+05   212s
  16   7.05907143e+08 -1.87168997e+10  4.35e-02 1.46e-05  1.02e+04   213s
  17   6.58859553e+08 -8.24170521e+09  1.29e-04 6.21e-06  3.72e+03   213s
  18   6.57512667e+08 -2.62994972e+09  1.26e-04 2.27e-06  1.38e+03   214s
  19   6.53135888e+08 -1.96631459e+09  1.23e-04 1.77e-06  1.10e+03   214s
  20   6.39772252e+08 -1.76826493e+09  1.17e-04 1.62e-06  1.01e+03   215s
  21   6.41070118e+08 -1.64164795e+09  1.15e-04 1.53e-06  9.57e+02   215s
  22   6.46416839e+08 -1.15457058e+09  1.05e-04 1.21e-06  7.57e+02   216s
  23   6.25224220e+08 -8.26544203e+08  6.85e-05 9.83e-07  6.10e+02   217s
  24   6.19538166e+08 -4.81182109e+08  4.84e-05 1.02e-06  4.63e+02   217s
  25   6.17213461e+08  1.84600620e+08  4.06e-05 2.69e-07  1.84e+02   218s
  26   6.15236822e+08  3.40878566e+08  3.05e-05 1.64e-07  1.17e+02   219s
  27   6.14938243e+08  5.29066570e+08  2.95e-05 4.79e-07  3.79e+01   219s
  28   6.13850207e+08  5.63594920e+08  6.62e-06 5.01e-07  2.13e+01   220s
  29   6.13721048e+08  5.86618017e+08  6.10e-06 2.63e-07  1.16e+01   220s
  30   6.13506212e+08  5.94869381e+08  4.37e-06 2.85e-07  7.98e+00   220s
  31   6.13478752e+08  5.99347676e+08  4.23e-06 2.14e-07  6.10e+00   221s
  32   6.13304278e+08  6.00915232e+08  3.77e-06 1.78e-07  5.35e+00   221s
  33   6.13254309e+08  6.01292075e+08  3.62e-06 1.61e-07  5.16e+00   221s
  34   6.12912109e+08  6.04311333e+08  3.19e-06 1.38e-07  3.74e+00   222s
  35   6.12796395e+08  6.05023835e+08  2.98e-06 9.84e-08  3.39e+00   222s
  36   6.12804594e+08  6.05465335e+08  2.93e-06 1.36e-07  3.20e+00   223s
  37   6.12674848e+08  6.06187812e+08  2.77e-06 1.37e-07  2.84e+00   223s
  38   6.12154898e+08  6.06368278e+08  2.26e-06 3.35e-07  2.52e+00   224s
  39   6.12054480e+08  6.06941968e+08  2.18e-06 3.47e-07  2.24e+00   225s
  40   6.11946125e+08  6.07238510e+08  2.05e-06 2.26e-07  2.06e+00   225s
  41   6.11725597e+08  6.07260703e+08  1.91e-06 2.68e-07  1.95e+00   226s
  42   6.11696623e+08  6.07477665e+08  1.89e-06 2.27e-07  1.85e+00   227s
  43   6.11522774e+08  6.07613064e+08  1.78e-06 8.19e-07  1.72e+00   227s
  44   6.11216862e+08  6.07751721e+08  1.56e-06 7.58e-07  1.52e+00   228s
  45   6.10948986e+08  6.07990530e+08  1.31e-06 6.45e-07  1.30e+00   229s
  46   6.10895447e+08  6.08156415e+08  1.27e-06 5.21e-07  1.20e+00   230s
  47   6.10663237e+08  6.08293254e+08  1.14e-06 1.52e-06  1.04e+00   230s
  48   6.10576487e+08  6.08373739e+08  1.05e-06 1.33e-06  9.69e-01   231s
  49   6.10410503e+08  6.08431218e+08  9.34e-07 1.21e-06  8.70e-01   232s
  50   6.10368153e+08  6.08455437e+08  9.03e-07 1.14e-06  8.41e-01   233s
  51   6.10298641e+08  6.08469164e+08  8.64e-07 1.10e-06  8.05e-01   233s
  52   6.10188332e+08  6.08501281e+08  7.96e-07 1.03e-06  7.42e-01   234s
  53   6.10074600e+08  6.08513183e+08  7.44e-07 9.37e-07  6.87e-01   234s
  54   6.09923639e+08  6.08558639e+08  6.53e-07 1.12e-06  6.01e-01   235s
  55   6.09918655e+08  6.08588469e+08  6.50e-07 1.02e-06  5.86e-01   236s
  56   6.09980413e+08  6.08611292e+08  6.07e-07 1.00e-06  6.00e-01   237s
  57   6.09891708e+08  6.08617270e+08  5.64e-07 9.67e-07  5.59e-01   237s
  58   6.09840090e+08  6.08630557e+08  5.36e-07 1.11e-07  5.30e-01   238s
  59   6.09809024e+08  6.08654309e+08  5.20e-07 7.83e-08  5.07e-01   239s
  60   6.09751266e+08  6.08675754e+08  4.88e-07 4.44e-07  4.72e-01   240s
  61   6.09722131e+08  6.08695926e+08  4.70e-07 3.13e-07  4.51e-01   240s
  62   6.09670265e+08  6.08713561e+08  4.42e-07 1.31e-07  4.20e-01   241s
  63   6.09648920e+08  6.08718409e+08  4.30e-07 1.14e-07  4.09e-01   242s
  64   6.09634573e+08  6.08720552e+08  4.22e-07 1.78e-07  4.01e-01   243s
  65   6.09585616e+08  6.08733385e+08  3.96e-07 1.30e-07  3.74e-01   244s
  66   6.09556551e+08  6.08737523e+08  3.80e-07 2.67e-07  3.60e-01   244s
  67   6.09497197e+08  6.08750372e+08  3.43e-07 1.15e-07  3.28e-01   245s
  68   6.09496625e+08  6.08758041e+08  3.38e-07 2.16e-07  3.24e-01   246s
  69   6.09463285e+08  6.08775547e+08  3.19e-07 1.51e-07  3.02e-01   247s
  70   6.09438558e+08  6.08781055e+08  3.06e-07 1.05e-07  2.89e-01   247s
  71   6.09414827e+08  6.08790890e+08  2.92e-07 8.92e-08  2.74e-01   248s
  72   6.09388611e+08  6.08795334e+08  2.77e-07 1.65e-07  2.61e-01   249s
  73   6.09346137e+08  6.08805262e+08  2.52e-07 2.72e-07  2.38e-01   249s
  74   6.09305091e+08  6.08811039e+08  2.29e-07 3.52e-07  2.17e-01   250s
  75   6.09264781e+08  6.08822177e+08  2.05e-07 2.85e-07  1.94e-01   251s
  76   6.09248509e+08  6.08826159e+08  1.96e-07 1.81e-07  1.86e-01   251s
  77   6.09246295e+08  6.08829903e+08  1.95e-07 1.74e-07  1.83e-01   252s
  78   6.09226145e+08  6.08837603e+08  1.83e-07 1.60e-07  1.71e-01   253s
  79   6.09215151e+08  6.08842268e+08  1.75e-07 1.53e-07  1.64e-01   253s
  80   6.09201740e+08  6.08847315e+08  1.67e-07 6.80e-07  1.56e-01   254s
  81   6.09176136e+08  6.08853117e+08  1.50e-07 1.38e-07  1.42e-01   255s
  82   6.09172304e+08  6.08854993e+08  1.48e-07 1.35e-07  1.39e-01   255s
  83   6.09167831e+08  6.08856578e+08  1.45e-07 4.30e-07  1.37e-01   256s
  84   6.09162416e+08  6.08859753e+08  1.41e-07 2.37e-07  1.33e-01   257s
  85   6.09159335e+08  6.08863572e+08  1.39e-07 6.15e-07  1.30e-01   258s
  86   6.09153326e+08  6.08865731e+08  1.35e-07 1.28e-07  1.26e-01   258s
  87   6.09150421e+08  6.08867962e+08  1.33e-07 2.23e-07  1.24e-01   259s
  88   6.09148777e+08  6.08870756e+08  1.32e-07 3.03e-07  1.22e-01   260s
  89   6.09144419e+08  6.08872712e+08  1.29e-07 2.17e-07  1.20e-01   261s
  90   6.09139898e+08  6.08875467e+08  1.26e-07 1.06e-07  1.16e-01   262s
  91   6.09136477e+08  6.08877905e+08  1.23e-07 3.87e-07  1.14e-01   262s
  92   6.09133495e+08  6.08880246e+08  1.21e-07 5.14e-07  1.11e-01   263s
  93   6.09132807e+08  6.08882568e+08  1.20e-07 6.10e-07  1.10e-01   264s
  94   6.09131108e+08  6.08883238e+08  1.17e-07 2.22e-07  1.09e-01   265s
  95   6.09129369e+08  6.08886497e+08  1.15e-07 2.60e-07  1.07e-01   265s
  96   6.09127513e+08  6.08887635e+08  1.14e-07 2.25e-07  1.06e-01   266s
  97   6.09125807e+08  6.08888778e+08  1.13e-07 1.77e-07  1.04e-01   266s
  98   6.09123772e+08  6.08891206e+08  1.10e-07 9.03e-08  1.02e-01   267s
  99   6.09120729e+08  6.08894785e+08  1.08e-07 4.87e-07  9.94e-02   268s
 100   6.09117840e+08  6.08896075e+08  1.04e-07 3.84e-07  9.75e-02   269s

Barrier performed 100 iterations in 268.74 seconds (444.87 work units)
Barrier solve interrupted - model solved by another algorithm

Concurrent spin time: 21.40s (can be avoided by choosing Method=3)

Solved with dual simplex

Root relaxation: objective 6.090750e+08, 86690 iterations, 64.78 seconds (80.68 work units)
Total elapsed time = 269.03s (DegenMoves)
Total elapsed time = 270.73s (DegenMoves)

    Nodes    |    Current Node    |     Objective Bounds      |     Work
 Expl Unexpl |  Obj  Depth IntInf | Incumbent    BestBd   Gap | It/Node Time

     0     0 6.0907e+08    0 4910          - 6.0907e+08      -     -  314s
     0     0 6.0908e+08    0 4896          - 6.0908e+08      -     -  324s
     0     0 6.0908e+08    0 4896          - 6.0908e+08      -     -  326s
     0     0 6.0908e+08    0 4896          - 6.0908e+08      -     -  332s
     0     0 6.0908e+08    0 4896          - 6.0908e+08      -     -  337s
     0     0 6.0908e+08    0 4897          - 6.0908e+08      -     -  339s
     0     0 6.0908e+08    0 4896          - 6.0908e+08      -     -  341s
     0     0 6.0908e+08    0 4896          - 6.0908e+08      -     -  343s
     0     0 6.0908e+08    0 4896          - 6.0908e+08      -     -  344s
H    0     0                    7.231804e+08 6.0908e+08  15.8%     -  407s
     0     0 6.0909e+08    0 6229 7.2318e+08 6.0909e+08  15.8%     -  488s
     0     0 6.0910e+08    0 6214 7.2318e+08 6.0910e+08  15.8%     -  543s
     0     0 6.0910e+08    0 6205 7.2318e+08 6.0910e+08  15.8%     -  595s
     0     0 6.0910e+08    0 6196 7.2318e+08 6.0910e+08  15.8%     -  596s
     0     0 6.0915e+08    0 5556 7.2318e+08 6.0915e+08  15.8%     -  714s
     0     0 6.0915e+08    0 5555 7.2318e+08 6.0915e+08  15.8%     -  714s
     0     0 6.0915e+08    0 5528 7.2318e+08 6.0915e+08  15.8%     -  724s
     0     0 6.0915e+08    0 5537 7.2318e+08 6.0915e+08  15.8%     -  727s
     0     0 6.0915e+08    0 5538 7.2318e+08 6.0915e+08  15.8%     -  729s
     0     0 6.0915e+08    0 5540 7.2318e+08 6.0915e+08  15.8%     -  730s
     0     0 6.0917e+08    0 5568 7.2318e+08 6.0917e+08  15.8%     -  775s
     0     0 6.0917e+08    0 5557 7.2318e+08 6.0917e+08  15.8%     -  776s
     0     0 6.0918e+08    0 5500 7.2318e+08 6.0918e+08  15.8%     -  817s
     0     0 6.0918e+08    0 5519 7.2318e+08 6.0918e+08  15.8%     -  832s
     0     0 6.0919e+08    0 5522 7.2318e+08 6.0919e+08  15.8%     -  841s
     0     0 6.0919e+08    0 5521 7.2318e+08 6.0919e+08  15.8%     -  846s
     0     0 6.0919e+08    0 5530 7.2318e+08 6.0919e+08  15.8%     -  851s
     0     0 6.0919e+08    0 5515 7.2318e+08 6.0919e+08  15.8%     -  853s
     0     0 6.0922e+08    0 5362 7.2318e+08 6.0922e+08  15.8%     -  936s
     0     0 6.0922e+08    0 5290 7.2318e+08 6.0922e+08  15.8%     - 1045s
     0     0 6.0922e+08    0 5358 7.2318e+08 6.0922e+08  15.8%     - 1056s
     0     0 6.0922e+08    0 5219 7.2318e+08 6.0922e+08  15.8%     - 1067s
     0     0 6.0922e+08    0 5335 7.2318e+08 6.0922e+08  15.8%     - 1073s
     0     0 6.0922e+08    0 5189 7.2318e+08 6.0922e+08  15.8%     - 1079s
     0     0 6.0922e+08    0 5311 7.2318e+08 6.0922e+08  15.8%     - 1082s
     0     0 6.0922e+08    0 5283 7.2318e+08 6.0922e+08  15.8%     - 1107s
     0     0 6.0922e+08    0 5260 7.2318e+08 6.0922e+08  15.8%     - 1136s
     0     0 6.0923e+08    0 5240 7.2318e+08 6.0923e+08  15.8%     - 1142s
     0     0 6.0923e+08    0 5246 7.2318e+08 6.0923e+08  15.8%     - 1145s
     0     0 6.0923e+08    0 5166 7.2318e+08 6.0923e+08  15.8%     - 1158s
     0     0 6.0923e+08    0 5160 7.2318e+08 6.0923e+08  15.8%     - 1235s
     0     0 6.0923e+08    0 5161 7.2318e+08 6.0923e+08  15.8%     - 1237s
     0     0 6.0923e+08    0 5114 7.2318e+08 6.0923e+08  15.8%     - 1245s
     0     0 6.0923e+08    0 5122 7.2318e+08 6.0923e+08  15.8%     - 1340s
     0     0 6.0923e+08    0 5109 7.2318e+08 6.0923e+08  15.8%     - 1347s
     0     0 6.0923e+08    0 5114 7.2318e+08 6.0923e+08  15.8%     - 1425s
     0     0 6.0923e+08    0 5102 7.2318e+08 6.0923e+08  15.8%     - 1431s
     0     0 6.0923e+08    0 5111 7.2318e+08 6.0923e+08  15.8%     - 1530s
     0     0 6.0923e+08    0 5106 7.2318e+08 6.0923e+08  15.8%     - 1539s
     0     0 6.0923e+08    0 5064 7.2318e+08 6.0923e+08  15.8%     - 1576s
     0     2 6.0923e+08    0 5064 7.2318e+08 6.0923e+08  15.8%     - 1645s
     1     3 6.0923e+08    1 5025 7.2318e+08 6.0923e+08  15.8%  2015 1651s
     2     6 6.0923e+08    2 4891 7.2318e+08 6.0923e+08  15.8%  1802 1657s
     5    12 6.0923e+08    3 4662 7.2318e+08 6.0923e+08  15.8%  1650 1667s
    11    24 6.0925e+08    4 4439 7.2318e+08 6.0923e+08  15.8%  1559 1671s
    23    48 6.0926e+08    5 4276 7.2318e+08 6.0923e+08  15.8%  1397 1679s
    47    80 6.0926e+08    6 4047 7.2318e+08 6.0923e+08  15.8%  1396 1777s
    79   284 6.0926e+08    7 3628 7.2318e+08 6.0923e+08  15.8%  1326 1803s
   283   637 6.0927e+08   14 3088 7.2318e+08 6.0923e+08  15.8%   734 1825s
H  660  1063                    6.978868e+08 6.0923e+08  12.7%   489 1933s
H 1016  1063                    6.978839e+08 6.0923e+08  12.7%   390 1933s
  1114  1570 6.0927e+08   28 2365 6.9788e+08 6.0923e+08  12.7%   371 1951s
H 1658  2048                    6.978839e+08 6.0923e+08  12.7%   287 1976s
  2201  2534 infeasible   57      6.9788e+08 6.0923e+08  12.7%   237 2019s
H 2210  2534                    6.978839e+08 6.0923e+08  12.7%   237 2019s
H 2227  2534                    6.978817e+08 6.0923e+08  12.7%   235 2019s
H 2295  2503                    6.726629e+08 6.0923e+08  9.43%   230 2019s
  2735  2976 6.0927e+08   73 1214 6.7266e+08 6.0923e+08  9.43%   203 2034s
  3263  3321 6.0927e+08   87 1028 6.7266e+08 6.0923e+08  9.43%   178 2109s
H 3264  3321                    6.726579e+08 6.0923e+08  9.43%   177 2109s
H 3265  3128                    6.092886e+08 6.0923e+08  0.01%   177 2110s
  3641  3524 6.0927e+08   88 1026 6.0929e+08 6.0923e+08  0.01%   163 2121s
  4185  4034 6.0927e+08  102  929 6.0929e+08 6.0923e+08  0.01%   149 2134s
  4725  4477 6.0927e+08  116  802 6.0929e+08 6.0923e+08  0.01%   137 2161s
  5218  4965 6.0927e+08  133  757 6.0929e+08 6.0923e+08  0.01%   127 2172s
  5750  5445 6.0927e+08  150  695 6.0929e+08 6.0923e+08  0.01%   117 2179s
  6294  5911 6.0927e+08  164  653 6.0929e+08 6.0923e+08  0.01%   108 2219s
H 6321  5797                    6.092877e+08 6.0923e+08  0.01%   108 2219s
H 6528  4210                    6.092752e+08 6.0923e+08  0.01%   106 2220s
H 6578  2760                    6.092670e+08 6.0923e+08  0.01%   105 2220s
  6818  2687     cutoff  176      6.0927e+08 6.0923e+08  0.01%   102 2233s
  7296  3110 6.0924e+08   51 2563 6.0927e+08 6.0923e+08  0.01%   103 2245s
  7754  3111 6.0926e+08  134 2160 6.0927e+08 6.0923e+08  0.01%   103 2405s
  7756  3112 6.0926e+08  171 3474 6.0927e+08 6.0923e+08  0.01%   103 2719s
  7757  3113 6.0926e+08  118 4035 6.0927e+08 6.0923e+08  0.01%   103 2732s
  7759  3117 6.0926e+08   99 2058 6.0927e+08 6.0923e+08  0.01%   107 2737s
  7761  3118 6.0925e+08   17 3250 6.0927e+08 6.0923e+08  0.01%   107 2800s
H 7761  2962                    6.092568e+08 6.0923e+08  0.00%   107 2815s
  7765  2965 6.0926e+08  175 3369 6.0926e+08 6.0923e+08  0.00%   107 2864s
H 7765  2816                    6.092493e+08 6.0923e+08  0.00%   107 2872s
  7767  2817 6.0924e+08   11 2780 6.0925e+08 6.0923e+08  0.00%   107 2875s
  7770  2819 6.0924e+08   66 2784 6.0925e+08 6.0923e+08  0.00%   107 2916s
  7771  2820 6.0925e+08   44 2511 6.0925e+08 6.0924e+08  0.00%   107 2925s
  7774  2822 6.0925e+08   25 2549 6.0925e+08 6.0924e+08  0.00%   107 2955s
  7775  2823 6.0925e+08   48 2483 6.0925e+08 6.0924e+08  0.00%   107 2961s
  7777  2824 6.0924e+08   12 2440 6.0925e+08 6.0924e+08  0.00%   107 2979s
H 7777  2683                    6.092474e+08 6.0924e+08  0.00%   107 2987s
  7779  2684 6.0925e+08   15 2165 6.0925e+08 6.0924e+08  0.00%   107 3001s
  7780  2685 6.0925e+08   29 2151 6.0925e+08 6.0924e+08  0.00%   107 3006s
  7781  2686 6.0925e+08   42 2137 6.0925e+08 6.0924e+08  0.00%   107 3018s
  7783  2687 6.0925e+08   20 1936 6.0925e+08 6.0924e+08  0.00%   107 3054s
  7784  2688 6.0925e+08   42 1936 6.0925e+08 6.0924e+08  0.00%   107 3066s
  7785  2689     cutoff   30      6.0925e+08 6.0924e+08  0.00%   118 3083s
  7787  2689 6.0924e+08   31 1935 6.0925e+08 6.0924e+08  0.00%   118 3092s
  7789  2689 6.0925e+08   32 2085 6.0925e+08 6.0924e+08  0.00%   119 3098s
  7791  2689     cutoff   33      6.0925e+08 6.0924e+08  0.00%   119 3107s
  7794  2690 6.0924e+08   34 1992 6.0925e+08 6.0924e+08  0.00%   119 3115s
  7798  2693 6.0925e+08   35 1616 6.0925e+08 6.0924e+08  0.00%   120 3123s
  7804  2695     cutoff   36      6.0925e+08 6.0924e+08  0.00%   120 3128s
  7814  2692 6.0924e+08   37 1931 6.0925e+08 6.0924e+08  0.00%   121 3132s

Cutting planes:
  Learned: 12
  Gomory: 150
  Cover: 871
  Implied bound: 101
  Projected implied bound: 135
  Clique: 602
  MIR: 385
  Mixing: 11
  Flow cover: 1020
  Zero half: 1
  RLT: 7191
  Relax-and-lift: 181
  BQP: 132
  PSD: 1

Explored 7828 nodes (1149560 simplex iterations) in 3133.36 seconds (4271.41 work units)
Thread count was 32 (of 192 available processors)

Solution count 10: 6.09247e+08 6.09249e+08 6.09257e+08 ... 6.97882e+08

Optimal solution found (tolerance 1.00e-05)
Best objective 6.092474102968e+08, best bound 6.092418049102e+08, gap 0.0009%

User-callback calls 594961, time in user-callback 0.29 sec
 36.414907 seconds (369.83 M allocations: 24.522 GiB, 31.01% gc time, 17.06% compilation time)
3153.092830 seconds (92.97 M allocations: 5.746 GiB, 0.12% gc time, 0.03% compilation time)
