Set parameter WLSAccessID
Set parameter WLSSecret
Set parameter LicenseID to value 2677366
Academic license 2677366 - for non-commercial use only - registered to la___@mit.edu
Set parameter MIPGap to value 1e-05
Set parameter TimeLimit to value 14400
Set parameter MIPGap to value 1e-05
Set parameter TimeLimit to value 14400
Gurobi Optimizer version 12.0.2 build v12.0.2rc0 (linux64 - "Rocky Linux 8.10 (Green Obsidian)")

CPU model: AMD EPYC 9474F 48-Core Processor, instruction set [SSE2|AVX|AVX2|AVX512]
Thread count: 96 physical cores, 192 logical processors, using up to 32 threads

Non-default parameters:
TimeLimit  14400
MIPGap  1e-05

Academic license 2677366 - for non-commercial use only - registered to la___@mit.edu
Optimize a model with 3663803 rows, 2733380 columns and 10061602 nonzeros
Model fingerprint: 0x6e3b5e92
Variable types: 2733328 continuous, 52 integer (52 binary)
Coefficient statistics:
  Matrix range     [9e-01, 1e+03]
  Objective range  [2e-01, 4e+06]
  Bounds range     [9e+00, 1e+02]
  RHS range        [6e+00, 7e+01]
Presolve removed 276170 rows and 481798 columns (presolve time = 5s)...
Presolve removed 276172 rows and 481800 columns (presolve time = 10s)...
Presolve removed 276172 rows and 481800 columns (presolve time = 15s)...
Presolve removed 276172 rows and 481800 columns (presolve time = 20s)...
Presolve removed 276172 rows and 481800 columns (presolve time = 25s)...
Presolve removed 276172 rows and 481800 columns (presolve time = 30s)...
Presolve removed 276173 rows and 481801 columns (presolve time = 35s)...
Presolve removed 276173 rows and 481801 columns
Presolve time: 36.08s
Presolved: 3387630 rows, 2251579 columns, 9069440 nonzeros
Variable types: 2251501 continuous, 78 integer (52 binary)

Deterministic concurrent LP optimizer: primal simplex, dual simplex, and barrier
Showing barrier log only...

Root barrier log...

Ordering time: 0.74s

Barrier statistics:
 Dense cols : 104
 AA' NZ     : 8.843e+06
 Factor NZ  : 4.045e+07 (roughly 2.6 GB of memory)
 Factor Ops : 6.274e+08 (less than 1 second per iteration)
 Threads    : 29

                  Objective                Residual
Iter       Primal          Dual         Primal    Dual     Compl     Time
   0   2.49616818e+12 -7.10746938e+13  5.67e+06 1.79e+03  2.68e+09    84s
   1   2.44103280e+12 -6.87820046e+13  5.42e+06 1.56e+05  2.23e+09    85s
   2   1.94320774e+12 -9.68733548e+13  3.89e+06 6.00e+04  1.59e+09    87s
   3   1.54980193e+12 -8.95192314e+13  3.00e+06 1.44e+02  1.22e+09    88s
   4   3.44537197e+10 -8.37518886e+13  6.48e+04 1.43e-01  3.64e+07    89s
   5   2.97762104e+10 -3.64419393e+13  5.59e+04 1.36e-04  1.97e+07    90s
   6   1.89776801e+10 -1.64239598e+13  3.36e+04 1.59e-04  8.54e+06    91s
   7   9.30106614e+09 -7.41072521e+12  1.38e+04 2.74e-01  2.74e+06    92s
   8   3.56440664e+09 -2.48216994e+12  2.11e+03 1.29e-04  4.89e+05    93s
   9   2.91768929e+09 -8.98964914e+11  7.84e+02 3.54e-05  1.52e+05    95s
  10   2.77371087e+09 -8.12900111e+11  4.79e+02 3.03e-05  1.29e+05    96s
  11   2.72040555e+09 -4.30106943e+11  3.70e+02 1.54e-05  6.77e+04    97s
  12   2.69011876e+09 -4.07586094e+11  3.11e+02 1.42e-05  6.33e+04    98s
  13   2.60680759e+09 -2.34327621e+11  1.59e+02 1.22e-05  3.53e+04    99s
  14   2.59559537e+09 -1.44739563e+11  1.37e+02 7.61e-06  2.19e+04   100s
  15   2.58149217e+09 -1.21253634e+11  1.20e+02 6.33e-06  1.83e+04   101s
  16   2.57404378e+09 -1.04480966e+11  1.12e+02 5.50e-06  1.58e+04   102s
  17   2.55527278e+09 -6.94905321e+10  9.33e+01 3.57e-06  1.06e+04   103s
  18   2.52633698e+09 -5.08912140e+10  7.29e+01 2.55e-06  7.80e+03   104s
  19   2.47835846e+09 -3.46004737e+10  5.52e+01 1.74e-06  5.39e+03   105s
  20   2.36115960e+09 -2.39703302e+10  4.38e+01 1.23e-06  3.81e+03   107s
  21   2.18357382e+09 -1.43561107e+10  3.62e+01 2.82e-06  2.39e+03   108s
  22   1.92871349e+09 -1.02875846e+10  2.64e+01 6.89e-07  1.76e+03   110s
  23   1.72792377e+09 -7.01993435e+09  2.19e+01 8.61e-07  1.26e+03   112s
  24   1.53871806e+09 -5.18023840e+09  1.83e+01 1.50e-06  9.66e+02   113s
  25   1.38385179e+09 -4.38569454e+09  1.54e+01 2.03e-06  8.29e+02   115s
  26   1.27682290e+09 -2.91314836e+09  1.36e+01 1.86e-06  6.02e+02   116s
  27   1.14994445e+09 -2.34341375e+09  1.17e+01 2.64e-06  5.01e+02   118s
  28   1.07776503e+09 -1.88599986e+09  1.06e+01 3.52e-06  4.25e+02   120s
  29   9.84305787e+08 -1.68436875e+09  9.23e+00 3.32e-06  3.83e+02   121s
  30   8.79668327e+08 -1.45183136e+09  7.57e+00 2.97e-06  3.34e+02   123s
  31   7.92970734e+08 -1.03846171e+09  6.21e+00 2.69e-06  2.62e+02   124s
  32   7.23126185e+08 -9.97246093e+08  5.16e+00 2.81e-06  2.47e+02   126s
  33   6.73249701e+08 -9.49539935e+08  4.37e+00 2.62e-06  2.33e+02   127s
  34   6.46401143e+08 -5.01265343e+08  3.91e+00 5.92e-06  1.64e+02   128s
  35   5.97912469e+08 -4.24715310e+08  3.11e+00 5.14e-06  1.46e+02   130s
  36   5.85284232e+08 -2.63658850e+08  2.86e+00 4.83e-06  1.22e+02   131s
  37   5.57436209e+08 -9.42399328e+07  2.40e+00 3.59e-06  9.33e+01   133s
  38   5.43416411e+08  3.87811113e+06  2.16e+00 3.47e-06  7.72e+01   134s
  39   5.23181798e+08  6.59455987e+07  1.83e+00 2.62e-06  6.54e+01   136s
  40   5.02641800e+08  1.03780587e+08  1.47e+00 2.87e-06  5.71e+01   137s
  41   4.91580721e+08  1.26157369e+08  1.28e+00 3.49e-06  5.23e+01   140s
  42   4.75457529e+08  1.49272524e+08  9.81e-01 3.63e-06  4.67e+01   141s
  43   4.69795545e+08  1.70177916e+08  8.73e-01 3.33e-06  4.29e+01   143s
  44   4.60548968e+08  2.07457274e+08  6.89e-01 3.05e-06  3.62e+01   145s
  45   4.45966468e+08  2.27637442e+08  3.79e-01 2.11e-06  3.12e+01   146s
  46   4.44430605e+08  2.46328870e+08  3.44e-01 1.59e-06  2.83e+01   148s
  47   4.33673557e+08  2.63849897e+08  1.01e-01 1.92e-06  2.43e+01   149s
  48   4.26357755e+08  3.01306015e+08  2.63e-02 1.47e-06  1.79e+01   151s
  49   4.23198672e+08  3.26673991e+08  2.40e-02 9.09e-07  1.38e+01   152s
  50   4.17659166e+08  3.32585922e+08  2.05e-02 8.04e-07  1.22e+01   154s
  51   4.17128035e+08  3.49249259e+08  2.01e-02 4.70e-07  9.71e+00   155s
  52   4.11593527e+08  3.57489423e+08  1.56e-02 3.36e-07  7.74e+00   156s
  53   4.04112726e+08  3.69586301e+08  9.96e-03 2.95e-07  4.94e+00   158s
  54   4.03475270e+08  3.76752779e+08  9.58e-03 1.54e-07  3.82e+00   160s
  55   3.98813912e+08  3.81482942e+08  6.25e-03 8.37e-08  2.48e+00   161s
  56   3.96259567e+08  3.83805233e+08  4.52e-03 1.47e-07  1.78e+00   163s
  57   3.94755810e+08  3.85982603e+08  3.50e-03 3.04e-07  1.25e+00   164s
  58   3.93642795e+08  3.87097213e+08  2.72e-03 2.64e-07  9.35e-01   166s
  59   3.92490715e+08  3.88283559e+08  1.85e-03 6.93e-07  6.01e-01   168s
  60   3.91855265e+08  3.88739564e+08  1.37e-03 7.86e-07  4.45e-01   169s
  61   3.91351886e+08  3.89283188e+08  9.48e-04 7.74e-07  2.95e-01   170s
  62   3.91050466e+08  3.89606658e+08  6.93e-04 6.18e-07  2.06e-01   172s
  63   3.90835122e+08  3.89768625e+08  5.03e-04 5.11e-07  1.52e-01   174s
  64   3.90724428e+08  3.89925609e+08  3.98e-04 3.78e-07  1.14e-01   175s
  65   3.90635743e+08  3.90028545e+08  3.17e-04 2.84e-07  8.67e-02   177s
  66   3.90576640e+08  3.90096636e+08  2.64e-04 2.20e-07  6.85e-02   178s
  67   3.90480389e+08  3.90151011e+08  1.69e-04 1.68e-07  4.70e-02   180s
  68   3.90441745e+08  3.90195049e+08  1.25e-04 1.33e-07  3.52e-02   181s
  69   3.90419494e+08  3.90225563e+08  1.01e-04 5.07e-07  2.77e-02   183s
  70   3.90389689e+08  3.90250537e+08  6.71e-05 6.64e-07  1.99e-02   185s
  71   3.90371102e+08  3.90272518e+08  4.44e-05 3.88e-07  1.41e-02   186s
  72   3.90361162e+08  3.90288902e+08  3.19e-05 2.55e-07  1.03e-02   188s
  73   3.90349659e+08  3.90302120e+08  1.71e-05 1.58e-07  6.80e-03   189s
  74   3.90343959e+08  3.90310409e+08  1.54e-05 1.14e-07  4.80e-03   191s
  75   3.90342171e+08  3.90318602e+08  1.47e-05 6.89e-08  3.37e-03   193s
  76   3.90340536e+08  3.90321865e+08  1.33e-05 6.58e-08  2.67e-03   194s
  77   3.90338789e+08  3.90325043e+08  1.16e-05 4.34e-08  1.97e-03   195s
  78   3.90337869e+08  3.90327497e+08  9.98e-06 1.23e-07  1.49e-03   196s
  79   3.90337749e+08  3.90328519e+08  9.94e-06 5.03e-08  1.33e-03   197s
  80   3.90336782e+08  3.90333551e+08  7.35e-06 1.76e-08  4.66e-04   198s
  81   3.90336511e+08  3.90335209e+08  1.62e-06 8.99e-09  1.87e-04   199s
  82   3.90336464e+08  3.90335925e+08  1.20e-06 1.52e-07  7.75e-05   200s
  83   3.90336438e+08  3.90336279e+08  3.08e-07 2.98e-08  2.28e-05   202s
  84   3.90336435e+08  3.90336282e+08  2.44e-07 1.02e-08  2.19e-05   203s
  85   3.90336433e+08  3.90336336e+08  2.13e-07 1.16e-08  1.40e-05   204s
  86   3.90336427e+08  3.90336415e+08  3.03e-08 2.51e-08  1.84e-06   206s
  87   3.90336426e+08  3.90336423e+08  7.84e-09 3.03e-08  4.11e-07   207s
  88   3.90336426e+08  3.90336426e+08  1.27e-10 9.93e-07  4.23e-10   208s

Barrier solved model in 88 iterations and 208.00 seconds (223.66 work units)
Optimal objective 3.90336426e+08


Root crossover log...

    4775 DPushes remaining with DInf 0.0000000e+00               209s
     188 DPushes remaining with DInf 0.0000000e+00               210s
       0 DPushes remaining with DInf 0.0000000e+00               213s

  145895 PPushes remaining with PInf 1.2526750e-06               213s
      16 PPushes remaining with PInf 0.0000000e+00               215s
       0 PPushes remaining with PInf 0.0000000e+00               216s

  Push phase complete: Pinf 0.0000000e+00, Dinf 1.2933571e-07    217s


Root simplex log...

Iteration    Objective       Primal Inf.    Dual Inf.      Time
  148350    3.9033643e+08   0.000000e+00   0.000000e+00    217s
  148350    3.9033643e+08   0.000000e+00   0.000000e+00    219s
Concurrent spin time: 11.71s

Solved with barrier

Root relaxation: objective 3.903364e+08, 148350 iterations, 156.39 seconds (167.28 work units)
Total elapsed time = 244.30s (DegenMoves)

    Nodes    |    Current Node    |     Objective Bounds      |     Work
 Expl Unexpl |  Obj  Depth IntInf | Incumbent    BestBd   Gap | It/Node Time

     0     0 3.9034e+08    0   52          - 3.9034e+08      -     -  256s
H    0     0                    4.601892e+08 3.9034e+08  15.2%     -  445s
     0     0 4.3197e+08    0   24 4.6019e+08 4.3197e+08  6.13%     -  562s
     0     0 4.3219e+08    0   26 4.6019e+08 4.3219e+08  6.08%     -  568s
     0     0 4.3249e+08    0   18 4.6019e+08 4.3249e+08  6.02%     -  600s
     0     0 4.3250e+08    0   18 4.6019e+08 4.3250e+08  6.02%     -  603s
     0     0 4.3250e+08    0   18 4.6019e+08 4.3250e+08  6.02%     -  634s
     0     0 4.3250e+08    0   18 4.6019e+08 4.3250e+08  6.02%     -  636s
     0     0 4.3250e+08    0   18 4.6019e+08 4.3250e+08  6.02%     -  665s
*    0     0               0    4.325447e+08 4.3254e+08  0.00%     -  669s

Cutting planes:
  Gomory: 9
  MIR: 28603

Explored 1 nodes (262637 simplex iterations) in 670.20 seconds (627.36 work units)
Thread count was 32 (of 192 available processors)

Solution count 2: 4.32545e+08 4.60189e+08 

Optimal solution found (tolerance 1.00e-05)
Best objective 4.325447253258e+08, best bound 4.325447253257e+08, gap 0.0000%

User-callback calls 112814, time in user-callback 0.07 sec
 24.093447 seconds (251.49 M allocations: 16.886 GiB, 27.17% gc time, 20.64% compilation time)
684.773547 seconds (66.17 M allocations: 4.126 GiB, 0.34% gc time, 0.12% compilation time)
