Set parameter WLSAccessID
Set parameter WLSSecret
Set parameter LicenseID to value 2677366
Academic license 2677366 - for non-commercial use only - registered to la___@mit.edu
Set parameter MIPGap to value 1e-05
Set parameter TimeLimit to value 14400
Set parameter MIPGap to value 1e-05
Set parameter TimeLimit to value 14400
Gurobi Optimizer version 12.0.2 build v12.0.2rc0 (linux64 - "Rocky Linux 8.10 (Green Obsidian)")

CPU model: AMD EPYC 9474F 48-Core Processor, instruction set [SSE2|AVX|AVX2|AVX512]
Thread count: 96 physical cores, 192 logical processors, using up to 32 threads

Non-default parameters:
TimeLimit  14400
MIPGap  1e-05

Academic license 2677366 - for non-commercial use only - registered to la___@mit.edu
Optimize a model with 5941481 rows, 3644524 columns and 17805850 nonzeros
Model fingerprint: 0x768b14a2
Variable types: 3188926 continuous, 455598 integer (455598 binary)
Coefficient statistics:
  Matrix range     [3e-03, 1e+03]
  Objective range  [2e-01, 7e+06]
  Bounds range     [9e+00, 1e+02]
  RHS range        [6e+00, 3e+02]
Presolve removed 1988957 rows and 1787730 columns (presolve time = 5s)...
Presolve removed 2582597 rows and 2381370 columns (presolve time = 10s)...
Presolve removed 3173502 rows and 2381372 columns (presolve time = 15s)...
Presolve removed 3196637 rows and 2381372 columns (presolve time = 20s)...
Presolve removed 3196637 rows and 2381372 columns (presolve time = 25s)...
Presolve removed 3196637 rows and 2381372 columns (presolve time = 30s)...
Presolve removed 3196637 rows and 2381372 columns (presolve time = 35s)...
Presolve removed 3196637 rows and 2381372 columns (presolve time = 248s)...
Presolve removed 4092550 rows and 2768206 columns (presolve time = 250s)...
Presolve removed 4349849 rows and 2999735 columns
Presolve time: 251.68s
Presolved: 1591632 rows, 644789 columns, 4233698 nonzeros
Variable types: 620006 continuous, 24783 integer (24758 binary)
Performing another presolve...
Presolve removed 32 rows and 0 columns (presolve time = 5s)...
Presolve removed 32 rows and 0 columns (presolve time = 10s)...
Presolve removed 97623 rows and 3617 columns (presolve time = 15s)...
Presolve removed 99186 rows and 3617 columns (presolve time = 20s)...
Presolve removed 99194 rows and 3625 columns (presolve time = 25s)...
Presolve removed 100113 rows and 4869 columns (presolve time = 31s)...
Presolve removed 102455 rows and 5796 columns (presolve time = 35s)...
Presolve removed 102455 rows and 5796 columns (presolve time = 40s)...
Presolve removed 102455 rows and 5796 columns (presolve time = 45s)...
Presolve removed 102455 rows and 5796 columns (presolve time = 55s)...
Presolve removed 102455 rows and 6264 columns (presolve time = 55s)...
Presolve removed 103331 rows and 6407 columns
Presolve time: 57.81s

Deterministic concurrent LP optimizer: primal simplex, dual simplex, and barrier
Showing barrier log only...

Root barrier log...

Ordering time: 0.72s

Barrier statistics:
 Dense cols : 251
 AA' NZ     : 8.308e+06
 Factor NZ  : 2.917e+07 (roughly 1.0 GB of memory)
 Factor Ops : 4.610e+09 (less than 1 second per iteration)
 Threads    : 29

                  Objective                Residual
Iter       Primal          Dual         Primal    Dual     Compl     Time
   0   2.47574270e+12 -4.61558147e+13  1.69e+05 8.57e+03  3.08e+09   332s
   1   2.38959553e+12 -4.63916525e+13  1.59e+05 9.79e+05  2.96e+09   332s
   2   2.33605464e+12 -4.86779759e+13  1.52e+05 1.02e+06  2.89e+09   332s
   3   1.89490052e+12 -8.85728796e+13  1.07e+05 2.15e+05  2.04e+09   333s
   4   1.47191171e+12 -9.38025167e+13  7.90e+04 1.01e+05  1.59e+09   333s
   5   3.72911297e+11 -9.19816572e+13  1.79e+04 1.61e-03  4.37e+08   334s
   6   5.87107443e+10 -5.91851683e+13  1.57e+03 2.69e-03  7.79e+07   334s
   7   2.81317629e+10 -2.23072103e+13  5.32e+02 4.02e-03  2.81e+07   334s
   8   1.38839986e+10 -8.34538234e+12  2.34e+02 3.54e-04  9.82e+06   335s
   9   7.66178461e+09 -3.48984359e+12  1.04e+02 3.05e-02  3.67e+06   335s
  10   7.17793287e+09 -1.38798674e+12  9.34e+01 1.21e-03  2.26e+06   335s
  11   5.94731640e+09 -1.16916274e+12  6.73e+01 8.48e-04  1.65e+06   336s
  12   4.29849508e+09 -1.10688363e+12  3.22e+01 7.81e-04  9.87e+05   336s
  13   3.96014119e+09 -9.01445643e+11  2.50e+01 5.88e-04  7.65e+05   336s
  14   3.51001858e+09 -4.93630254e+11  1.54e+01 2.59e-04  4.20e+05   337s
  15   3.21784292e+09 -2.31290376e+11  9.29e+00 1.02e-04  2.16e+05   337s
  16   2.97878633e+09 -8.48885454e+10  4.17e+00 5.07e-04  8.58e+04   337s
  17   2.83621456e+09 -5.28186804e+10  1.36e+00 2.82e-04  3.76e+04   338s
  18   2.80749604e+09 -2.57053284e+10  8.82e-01 1.23e-04  2.13e+04   338s
  19   2.71023277e+09 -2.00567490e+10  1.99e-01 9.69e-05  1.09e+04   338s
  20   2.61984931e+09 -1.56443078e+10  1.68e-01 7.65e-05  8.88e+03   339s
  21   2.43565443e+09 -1.43481199e+10  1.25e-01 6.97e-05  7.80e+03   339s
  22   2.32800868e+09 -9.34211219e+09  1.12e-01 5.03e-05  5.70e+03   339s
  23   2.07593831e+09 -5.28997019e+09  9.03e-02 3.40e-05  3.83e+03   340s
  24   1.95517384e+09 -3.93593170e+09  8.24e-02 2.50e-05  3.17e+03   341s
  25   1.79054872e+09 -2.84962890e+09  7.16e-02 1.94e-05  2.56e+03   341s
  26   1.70384612e+09 -2.27644783e+09  6.59e-02 1.64e-05  2.23e+03   342s
  27   1.57425014e+09 -1.77583178e+09  5.73e-02 1.35e-05  1.89e+03   343s
  28   1.45949363e+09 -1.74673521e+09  5.00e-02 1.33e-05  1.75e+03   343s
  29   1.37076819e+09 -9.41033463e+08  4.41e-02 8.67e-06  1.33e+03   344s
  30   1.28984777e+09 -7.02930820e+08  3.97e-02 7.16e-06  1.15e+03   344s
  31   1.16002907e+09 -3.31955883e+08  3.20e-02 5.13e-06  8.75e+02   345s
  32   1.10042837e+09 -2.85213195e+08  2.89e-02 4.82e-06  8.03e+02   345s
  33   9.82262242e+08  1.44630358e+08  2.22e-02 2.01e-06  5.31e+02   346s
  34   8.44312526e+08  1.62241371e+08  1.44e-02 1.96e-06  3.97e+02   347s
  35   7.85362269e+08  2.75929410e+08  1.15e-02 1.36e-06  3.04e+02   347s
  36   7.31327830e+08  3.80068795e+08  8.81e-03 7.26e-07  2.16e+02   348s
  37   6.87731131e+08  4.27423869e+08  6.65e-03 3.83e-07  1.60e+02   348s
  38   6.84314506e+08  4.61439347e+08  6.40e-03 5.94e-07  1.38e+02   349s
  39   6.63438790e+08  4.88704857e+08  5.31e-03 6.40e-07  1.08e+02   350s
  40   6.51477871e+08  5.06416670e+08  4.62e-03 1.27e-06  9.00e+01   350s
  41   6.46976258e+08  5.27118905e+08  4.25e-03 7.73e-07  7.55e+01   351s
  42   6.44794182e+08  5.37920906e+08  3.96e-03 6.44e-07  6.83e+01   352s
  43   6.40680241e+08  5.53496534e+08  3.31e-03 9.92e-07  5.55e+01   352s
  44   6.39249248e+08  5.59134702e+08  3.01e-03 8.47e-07  5.08e+01   353s
  45   6.35654521e+08  5.64594046e+08  2.51e-03 1.17e-06  4.39e+01   353s
  46   6.34770230e+08  5.74768084e+08  2.30e-03 6.62e-07  3.77e+01   354s
  47   6.33160660e+08  5.79409517e+08  2.11e-03 6.43e-07  3.39e+01   355s
  48   6.29569095e+08  5.88608670e+08  1.66e-03 1.65e-06  2.59e+01   355s
  49   6.25151610e+08  5.94216621e+08  1.09e-03 3.61e-06  1.86e+01   356s
  50   6.22434812e+08  5.99082103e+08  7.76e-04 7.36e-06  1.37e+01   357s
  51   6.22510697e+08  5.99270808e+08  7.57e-04 7.27e-06  1.35e+01   357s
  52   6.21052854e+08  6.05310493e+08  5.98e-04 1.10e-05  9.54e+00   358s
  53   6.20463842e+08  6.07733119e+08  4.38e-04 1.57e-05  7.44e+00   359s
  54   6.20166726e+08  6.10287658e+08  3.82e-04 1.81e-05  6.03e+00   359s
  55   6.19913921e+08  6.11196324e+08  3.52e-04 5.23e-05  5.37e+00   360s
  56   6.19606002e+08  6.12119367e+08  3.15e-04 7.48e-05  4.65e+00   360s
  57   6.19535741e+08  6.12619527e+08  3.06e-04 7.46e-05  4.35e+00   361s
  58   6.19037848e+08  6.14644892e+08  2.35e-04 3.00e-05  2.94e+00   362s
  59   6.18343040e+08  6.15582411e+08  1.31e-04 2.69e-05  1.76e+00   362s
  60   6.18052730e+08  6.16133119e+08  8.91e-05 2.01e-05  1.21e+00   363s
  61   6.17913504e+08  6.16609909e+08  6.88e-05 2.06e-05  8.51e-01   363s
  62   6.17814016e+08  6.16781078e+08  5.45e-05 1.88e-05  6.74e-01   364s
  63   6.17749567e+08  6.16869636e+08  5.19e-05 1.74e-05  5.70e-01   364s
  64   6.17738927e+08  6.16878799e+08  5.29e-05 1.75e-05  5.55e-01   365s
  65   6.17698632e+08  6.16905773e+08  5.66e-05 1.72e-05  5.00e-01   365s
  66   6.17658481e+08  6.17029613e+08  5.68e-05 1.56e-05  4.10e-01   365s
  67   6.17641172e+08  6.17062367e+08  5.39e-05 1.53e-05  3.79e-01   366s
  68   6.17629990e+08  6.17084467e+08  5.34e-05 1.52e-05  3.58e-01   366s
  69   6.17608713e+08  6.17103070e+08  4.97e-05 1.52e-05  3.28e-01   366s
  70   6.17592580e+08  6.17122167e+08  4.69e-05 1.56e-05  3.03e-01   367s
  71   6.17556657e+08  6.17141880e+08  4.10e-05 1.62e-05  2.57e-01   367s
  72   6.17547238e+08  6.17213550e+08  3.94e-05 1.77e-05  2.19e-01   367s
  73   6.17523977e+08  6.17251918e+08  3.61e-05 1.52e-05  1.79e-01   368s
  74   6.17507999e+08  6.17283249e+08  3.27e-05 1.31e-05  1.48e-01   369s
  75   6.17492578e+08  6.17315753e+08  3.11e-05 2.20e-05  1.19e-01   370s
  76   6.17481444e+08  6.17334228e+08  3.15e-05 2.43e-05  9.99e-02   371s
  77   6.17473402e+08  6.17341569e+08  3.42e-05 2.27e-05  8.86e-02   371s
  78   6.17461287e+08  6.17354763e+08  4.22e-05 1.93e-05  7.04e-02   372s
  79   6.17452275e+08  6.17358410e+08  4.56e-05 1.83e-05  5.96e-02   373s
  80   6.17448169e+08  6.17361855e+08  3.98e-05 1.72e-05  5.42e-02   374s
  81   6.17441379e+08  6.17366552e+08  3.05e-05 1.55e-05  4.51e-02   375s
  82   6.17438887e+08  6.17369667e+08  2.68e-05 1.44e-05  4.14e-02   376s
  83   6.17434617e+08  6.17372311e+08  2.00e-05 1.35e-05  3.62e-02   376s
  84   6.17429641e+08  6.17389094e+08  1.30e-05 8.01e-06  2.49e-02   376s
  85   6.17427844e+08  6.17394509e+08  1.17e-05 6.04e-06  2.10e-02   377s
  86   6.17424997e+08  6.17396817e+08  1.01e-05 5.12e-06  1.71e-02   378s

Barrier performed 86 iterations in 377.59 seconds (586.55 work units)
Barrier solve interrupted - model solved by another algorithm

Concurrent spin time: 16.45s (can be avoided by choosing Method=3)

Solved with dual simplex

Root relaxation: objective 6.174139e+08, 135331 iterations, 50.72 seconds (59.04 work units)
Total elapsed time = 378.18s (DegenMoves)
Total elapsed time = 381.29s (DegenMoves)

    Nodes    |    Current Node    |     Objective Bounds      |     Work
 Expl Unexpl |  Obj  Depth IntInf | Incumbent    BestBd   Gap | It/Node Time

     0     0 6.1741e+08    0 11559          - 6.1741e+08      -     -  516s
     0     0 6.1741e+08    0 11438          - 6.1741e+08      -     -  519s
     0     0 6.1741e+08    0 11438          - 6.1741e+08      -     -  521s
     0     0 6.1741e+08    0 11437          - 6.1741e+08      -     -  534s
H    0     0                    7.674063e+08 6.1741e+08  19.5%     -  603s
     0     0 6.1769e+08    0 12416 7.6741e+08 6.1769e+08  19.5%     -  777s
     0     0 6.1769e+08    0 12390 7.6741e+08 6.1769e+08  19.5%     -  856s
     0     0 6.1769e+08    0 12370 7.6741e+08 6.1769e+08  19.5%     -  915s
     0     0 6.1769e+08    0 12363 7.6741e+08 6.1769e+08  19.5%     -  982s
     0     0 6.1769e+08    0 12352 7.6741e+08 6.1769e+08  19.5%     - 1042s
     0     0 6.1769e+08    0 12343 7.6741e+08 6.1769e+08  19.5%     - 1068s
     0     0 6.1769e+08    0 12336 7.6741e+08 6.1769e+08  19.5%     - 1069s
H    0     0                    7.233241e+08 6.1871e+08  14.5%     - 1089s
     0     0 6.2311e+08    0 15898 7.2332e+08 6.2311e+08  13.9%     - 1236s
     0     0 6.2311e+08    0 15893 7.2332e+08 6.2311e+08  13.9%     - 1237s
     0     0 6.2312e+08    0 15603 7.2332e+08 6.2312e+08  13.9%     - 1241s
     0     0 6.2312e+08    0 15602 7.2332e+08 6.2312e+08  13.9%     - 1242s
     0     0 6.2328e+08    0 15643 7.2332e+08 6.2328e+08  13.8%     - 1247s
     0     0 6.2329e+08    0 15657 7.2332e+08 6.2329e+08  13.8%     - 1248s
     0     0 6.2329e+08    0 15659 7.2332e+08 6.2329e+08  13.8%     - 1249s
     0     0 6.2373e+08    0 15703 7.2332e+08 6.2373e+08  13.8%     - 1254s
     0     0 6.2373e+08    0 15769 7.2332e+08 6.2373e+08  13.8%     - 1257s
     0     0 6.2386e+08    0 15795 7.2332e+08 6.2386e+08  13.8%     - 1264s
     0     0 6.2386e+08    0 15829 7.2332e+08 6.2386e+08  13.8%     - 1268s
     0     0 6.2386e+08    0 15830 7.2332e+08 6.2386e+08  13.8%     - 1269s
     0     0 6.3008e+08    0 17938 7.2332e+08 6.3008e+08  12.9%     - 1407s
     0     0 6.3008e+08    0 17925 7.2332e+08 6.3008e+08  12.9%     - 1408s
     0     0 6.3219e+08    0 18810 7.2332e+08 6.3219e+08  12.6%     - 1553s
     0     0 6.3219e+08    0 18792 7.2332e+08 6.3219e+08  12.6%     - 1554s
     0     0 6.3233e+08    0 18980 7.2332e+08 6.3233e+08  12.6%     - 1572s
     0     0 6.3233e+08    0 18977 7.2332e+08 6.3233e+08  12.6%     - 1573s
     0     0 6.3234e+08    0 18900 7.2332e+08 6.3234e+08  12.6%     - 1578s
     0     0 6.3234e+08    0 18985 7.2332e+08 6.3234e+08  12.6%     - 1582s
     0     0 6.3488e+08    0 18272 7.2332e+08 6.3488e+08  12.2%     - 1695s
     0     0 6.3488e+08    0 18271 7.2332e+08 6.3488e+08  12.2%     - 1696s
     0     0 6.3646e+08    0 18799 7.2332e+08 6.3646e+08  12.0%     - 1797s
     0     0 6.3646e+08    0 18795 7.2332e+08 6.3646e+08  12.0%     - 1798s
     0     0 6.3646e+08    0 18795 7.2332e+08 6.3646e+08  12.0%     - 1799s
     0     0 6.3650e+08    0 18517 7.2332e+08 6.3650e+08  12.0%     - 1820s
     0     0 6.3650e+08    0 18516 7.2332e+08 6.3650e+08  12.0%     - 1821s
     0     0 6.3651e+08    0 18569 7.2332e+08 6.3651e+08  12.0%     - 1835s
     0     0 6.3651e+08    0 18558 7.2332e+08 6.3651e+08  12.0%     - 1842s
     0     0 6.3651e+08    0 18555 7.2332e+08 6.3651e+08  12.0%     - 1846s
     0     0 6.3936e+08    0 18378 7.2332e+08 6.3936e+08  11.6%     - 1946s
     0     0 6.3936e+08    0 18375 7.2332e+08 6.3936e+08  11.6%     - 1947s
     0     0 6.4033e+08    0 18102 7.2332e+08 6.4033e+08  11.5%     - 2034s
     0     0 6.4037e+08    0 18537 7.2332e+08 6.4037e+08  11.5%     - 2048s
     0     0 6.4037e+08    0 18535 7.2332e+08 6.4037e+08  11.5%     - 2049s
     0     0 6.4134e+08    0 18911 7.2332e+08 6.4134e+08  11.3%     - 2090s
     0     0 6.4140e+08    0 18437 7.2332e+08 6.4140e+08  11.3%     - 2109s
     0     0 6.4141e+08    0 18479 7.2332e+08 6.4141e+08  11.3%     - 2119s
     0     0 6.4142e+08    0 18643 7.2332e+08 6.4142e+08  11.3%     - 2126s
     0     0 6.4166e+08    0 18496 7.2332e+08 6.4166e+08  11.3%     - 2189s
     0     0 6.4166e+08    0 18496 7.2332e+08 6.4166e+08  11.3%     - 2190s
     0     0 6.4167e+08    0 18525 7.2332e+08 6.4167e+08  11.3%     - 2273s
     0     0 6.4167e+08    0 18663 7.2332e+08 6.4167e+08  11.3%     - 2278s
     0     0 6.4168e+08    0 18397 7.2332e+08 6.4168e+08  11.3%     - 2303s
H    0     0                    7.043701e+08 6.4186e+08  8.87%     - 2335s
H    0     0                    7.042901e+08 6.4186e+08  8.86%     - 2339s
     0     0 6.4186e+08    0 18315 7.0429e+08 6.4186e+08  8.86%     - 2344s
     0     0 6.4186e+08    0 17319 7.0429e+08 6.4186e+08  8.86%     - 2360s
     0     0 6.4186e+08    0 17318 7.0429e+08 6.4186e+08  8.86%     - 2361s
     0     0 6.4186e+08    0 16651 7.0429e+08 6.4186e+08  8.86%     - 2414s
     0     0 6.4186e+08    0 17653 7.0429e+08 6.4186e+08  8.86%     - 2446s
     0     0 6.4186e+08    0 17652 7.0429e+08 6.4186e+08  8.86%     - 2447s
     0     0 6.4209e+08    0 18199 7.0429e+08 6.4209e+08  8.83%     - 2563s
H    0     0                    7.042890e+08 6.4214e+08  8.82%     - 2655s
H    0     0                    6.493438e+08 6.4214e+08  1.11%     - 2809s
H    0     0                    6.493406e+08 6.4214e+08  1.11%     - 2832s
H    0     2                    6.492931e+08 6.4214e+08  1.10%     - 2882s
     0     2 6.4214e+08    0 17750 6.4929e+08 6.4214e+08  1.10%     - 2882s
     1     2 infeasible    1      6.4929e+08 6.4214e+08  1.10%  4626 2909s
     3     2 6.4493e+08    2 15819 6.4929e+08 6.4493e+08  0.67% 14218 2917s
     5     1 6.4507e+08    3 12052 6.4929e+08 6.4507e+08  0.65% 12836 2941s
     9     4 6.4545e+08    6 10936 6.4929e+08 6.4543e+08  0.60%  7306 2950s
    11     6 6.4560e+08    7 10563 6.4929e+08 6.4543e+08  0.59%  8139 2980s
    13    10 6.4595e+08    8 6846 6.4929e+08 6.4543e+08  0.59%  9020 3001s
    18    17 6.4596e+08    9 6593 6.4929e+08 6.4560e+08  0.57%  9414 3018s
    28    22     cutoff   10      6.4929e+08 6.4564e+08  0.56%  7349 3038s
H   30    22                    6.492617e+08 6.4564e+08  0.56%  6861 3039s
H   38    21                    6.485848e+08 6.4568e+08  0.45%  5856 3039s
    38    21 6.4576e+08   10 6320 6.4858e+08 6.4568e+08  0.45%  5900 3040s
    45    29 6.4577e+08   11 6424 6.4858e+08 6.4568e+08  0.45%  5368 3055s
    66   132 6.4579e+08   12 6027 6.4858e+08 6.4569e+08  0.45%  4290 3077s
H   69   132                    6.485843e+08 6.4569e+08  0.45%  4115 3077s
   169   176 6.4582e+08   16 5122 6.4858e+08 6.4577e+08  0.43%  2016 3090s
   217   286 6.4584e+08   18 4338 6.4858e+08 6.4577e+08  0.43%  1872 3097s
   331   326 6.4585e+08   21 3961 6.4858e+08 6.4577e+08  0.43%  1481 3105s
   446   431 6.4589e+08   26 3105 6.4858e+08 6.4577e+08  0.43%  1226 3116s
   484   572 6.4589e+08   27 2811 6.4858e+08 6.4577e+08  0.43%  1159 3124s
   629   740 6.4589e+08   33 2373 6.4858e+08 6.4577e+08  0.43%   959 3135s
   799   977 6.4590e+08   39 2157 6.4858e+08 6.4577e+08  0.43%   818 3144s
  1040  1177 6.4591e+08   47 1658 6.4858e+08 6.4577e+08  0.43%   684 3158s
H 1252  1252                    6.485843e+08 6.4577e+08  0.43%   606 3265s
H 1259  1252                    6.485721e+08 6.4577e+08  0.43%   603 3265s
H 1264  1252                    6.485380e+08 6.4577e+08  0.43%   601 3266s
H 1314  1252                    6.485305e+08 6.4577e+08  0.43%   591 3266s
  1329  1612 6.4593e+08   62 1189 6.4853e+08 6.4577e+08  0.43%   585 3275s
  1697  1944 6.4594e+08   76  522 6.4853e+08 6.4577e+08  0.43%   495 3281s
  2037  2281 6.4595e+08   91  382 6.4853e+08 6.4577e+08  0.43%   435 3292s
  2374  2591 6.4595e+08  105  295 6.4853e+08 6.4577e+08  0.43%   388 3304s
  2688  2902 6.4691e+08  114  271 6.4853e+08 6.4577e+08  0.43%   358 3313s
  3027  3264 6.4691e+08  129  255 6.4853e+08 6.4577e+08  0.43%   329 3322s
  3407  3635 6.4691e+08  144  193 6.4853e+08 6.4577e+08  0.43%   299 3328s
H 3790  3774                    6.479833e+08 6.4577e+08  0.34%   273 3337s
H 3833  3770                    6.479472e+08 6.4577e+08  0.34%   271 3337s
H 3838  3736                    6.478291e+08 6.4577e+08  0.32%   270 3338s
H 3893  3617                    6.474577e+08 6.4577e+08  0.26%   267 3338s
  4152  3563 6.4691e+08  174  156 6.4746e+08 6.4577e+08  0.26%   252 3349s
  4261  3563     cutoff  144      6.4746e+08 6.4577e+08  0.26%   250 3350s
  4452  3702 6.4721e+08  189  141 6.4746e+08 6.4577e+08  0.26%   247 3359s
H 4690  3702                    6.474576e+08 6.4577e+08  0.26%   242 3535s
H 4690  3698                    6.474533e+08 6.4577e+08  0.26%   242 3544s
H 4690  3694                    6.474324e+08 6.4577e+08  0.26%   242 3584s
H 4690  3375                    6.470373e+08 6.4577e+08  0.20%   242 3596s
H 4690  3375                    6.470362e+08 6.4577e+08  0.20%   242 3608s
H 4690  3374                    6.470359e+08 6.4577e+08  0.20%   242 3617s
H 4690  3374                    6.470352e+08 6.4577e+08  0.20%   242 3627s
H 4690  3374                    6.470352e+08 6.4577e+08  0.20%   242 3638s
H 4690  3374                    6.470352e+08 6.4577e+08  0.20%   242 3649s
H 4690  3374                    6.470352e+08 6.4577e+08  0.20%   242 3668s
H 4690  3374                    6.470352e+08 6.4577e+08  0.20%   242 3685s
H 4690  3374                    6.470352e+08 6.4577e+08  0.20%   242 3708s
  4691  3307 6.4589e+08   48 5017 6.4704e+08 6.4577e+08  0.20%   241 3846s
  4693  3308 6.4606e+08   20 3958 6.4704e+08 6.4577e+08  0.20%   241 4183s
  4694  3309 6.4620e+08   16 4950 6.4704e+08 6.4620e+08  0.13%   241 4186s
H 4695  3146                    6.470255e+08 6.4620e+08  0.13%   255 4209s

Explored 4697 nodes (1672021 simplex iterations) in 4209.98 seconds (6258.43 work units)
Thread count was 32 (of 192 available processors)

Solution count 10: 6.47026e+08 6.47035e+08 6.47035e+08 ... 6.47458e+08

Optimal solution found (tolerance 1.00e-05)
Best objective 6.470255105991e+08, best bound 6.470196898978e+08, gap 0.0009%

User-callback calls 698845, time in user-callback 0.41 sec
 39.503541 seconds (411.36 M allocations: 27.545 GiB, 28.47% gc time, 13.79% compilation time)
4237.651453 seconds (100.55 M allocations: 6.455 GiB, 0.13% gc time, 0.02% compilation time)
Set parameter WLSAccessID
Set parameter WLSSecret
Set parameter LicenseID to value 2677366
Academic license 2677366 - for non-commercial use only - registered to la___@mit.edu
Set parameter MIPGap to value 1e-05
Set parameter TimeLimit to value 14400
Set parameter MIPGap to value 1e-05
Set parameter TimeLimit to value 14400
Gurobi Optimizer version 12.0.2 build v12.0.2rc0 (linux64 - "Rocky Linux 8.10 (Green Obsidian)")

CPU model: AMD EPYC 9654 96-Core Processor, instruction set [SSE2|AVX|AVX2|AVX512]
Thread count: 192 physical cores, 384 logical processors, using up to 32 threads

Non-default parameters:
TimeLimit  14400
MIPGap  1e-05

Academic license 2677366 - for non-commercial use only - registered to la___@mit.edu
Optimize a model with 5941481 rows, 3644524 columns and 17805850 nonzeros
Model fingerprint: 0x768b14a2
Variable types: 3188926 continuous, 455598 integer (455598 binary)
Coefficient statistics:
  Matrix range     [3e-03, 1e+03]
  Objective range  [2e-01, 7e+06]
  Bounds range     [9e+00, 1e+02]
  RHS range        [6e+00, 3e+02]
Presolve removed 1988957 rows and 1754786 columns (presolve time = 5s)...
Presolve removed 2582597 rows and 2381370 columns (presolve time = 10s)...
Presolve removed 3173500 rows and 2381370 columns (presolve time = 15s)...
Presolve removed 3174065 rows and 2381372 columns (presolve time = 20s)...
Presolve removed 3196637 rows and 2381372 columns (presolve time = 25s)...
Presolve removed 3196637 rows and 2381372 columns (presolve time = 30s)...
Presolve removed 3196637 rows and 2381372 columns (presolve time = 35s)...
Presolve removed 3196637 rows and 2381372 columns (presolve time = 311s)...
Presolve removed 4093960 rows and 2817464 columns (presolve time = 315s)...
Presolve removed 4349849 rows and 2999735 columns
Presolve time: 316.56s
Presolved: 1591632 rows, 644789 columns, 4233698 nonzeros
Variable types: 620006 continuous, 24783 integer (24758 binary)
Performing another presolve...
Presolve removed 32 rows and 0 columns (presolve time = 5s)...
Presolve removed 32 rows and 0 columns (presolve time = 10s)...
Presolve removed 97623 rows and 3617 columns (presolve time = 15s)...
Presolve removed 97623 rows and 3617 columns (presolve time = 20s)...
Presolve removed 99194 rows and 3625 columns (presolve time = 25s)...
Presolve removed 100113 rows and 4869 columns (presolve time = 33s)...
Presolve removed 102455 rows and 5796 columns (presolve time = 35s)...
Presolve removed 102455 rows and 5796 columns (presolve time = 40s)...
Presolve removed 102455 rows and 5796 columns (presolve time = 45s)...
Presolve removed 102455 rows and 5796 columns (presolve time = 57s)...
Presolve removed 103280 rows and 6407 columns (presolve time = 60s)...
Presolve removed 103331 rows and 6407 columns
Presolve time: 60.77s

Deterministic concurrent LP optimizer: primal simplex, dual simplex, and barrier
Showing barrier log only...

Root barrier log...

Ordering time: 0.74s

Barrier statistics:
 Dense cols : 251
 AA' NZ     : 8.308e+06
 Factor NZ  : 2.917e+07 (roughly 1.0 GB of memory)
 Factor Ops : 4.610e+09 (less than 1 second per iteration)
 Threads    : 29

                  Objective                Residual
Iter       Primal          Dual         Primal    Dual     Compl     Time
   0   2.47574270e+12 -4.61558147e+13  1.69e+05 8.57e+03  3.08e+09   402s
   1   2.38959553e+12 -4.63916525e+13  1.59e+05 9.79e+05  2.96e+09   402s
   2   2.33605464e+12 -4.86779759e+13  1.52e+05 1.02e+06  2.89e+09   402s
   3   1.89490052e+12 -8.85728796e+13  1.07e+05 2.15e+05  2.04e+09   403s
   4   1.47191171e+12 -9.38025167e+13  7.90e+04 1.01e+05  1.59e+09   403s
   5   3.72911297e+11 -9.19816572e+13  1.79e+04 1.61e-03  4.37e+08   404s
   6   5.87107443e+10 -5.91851683e+13  1.57e+03 2.69e-03  7.79e+07   404s
   7   2.81317629e+10 -2.23072103e+13  5.32e+02 4.02e-03  2.81e+07   405s
   8   1.38839986e+10 -8.34538234e+12  2.34e+02 3.54e-04  9.82e+06   405s
   9   7.66178461e+09 -3.48984359e+12  1.04e+02 3.05e-02  3.67e+06   405s
  10   7.17793287e+09 -1.38798674e+12  9.34e+01 1.21e-03  2.26e+06   406s
  11   5.94731640e+09 -1.16916274e+12  6.73e+01 8.48e-04  1.65e+06   406s
  12   4.29849508e+09 -1.10688363e+12  3.22e+01 7.81e-04  9.87e+05   406s
  13   3.96014119e+09 -9.01445643e+11  2.50e+01 5.88e-04  7.65e+05   407s
  14   3.51001858e+09 -4.93630254e+11  1.54e+01 2.59e-04  4.20e+05   407s
  15   3.21784292e+09 -2.31290376e+11  9.29e+00 1.02e-04  2.16e+05   407s
  16   2.97878633e+09 -8.48885454e+10  4.17e+00 5.07e-04  8.58e+04   408s
  17   2.83621456e+09 -5.28186804e+10  1.36e+00 2.82e-04  3.76e+04   408s
  18   2.80749604e+09 -2.57053284e+10  8.82e-01 1.23e-04  2.13e+04   408s
  19   2.71023277e+09 -2.00567490e+10  1.99e-01 9.69e-05  1.09e+04   409s
  20   2.61984931e+09 -1.56443078e+10  1.68e-01 7.65e-05  8.88e+03   409s
  21   2.43565443e+09 -1.43481199e+10  1.25e-01 6.97e-05  7.80e+03   409s
  22   2.32800868e+09 -9.34211219e+09  1.12e-01 5.03e-05  5.70e+03   410s
  23   2.07593831e+09 -5.28997019e+09  9.03e-02 3.40e-05  3.83e+03   410s
  24   1.95517384e+09 -3.93593170e+09  8.24e-02 2.50e-05  3.17e+03   411s
  25   1.79054872e+09 -2.84962890e+09  7.16e-02 1.94e-05  2.56e+03   411s
  26   1.70384612e+09 -2.27644783e+09  6.59e-02 1.64e-05  2.23e+03   411s
  27   1.57425014e+09 -1.77583178e+09  5.73e-02 1.35e-05  1.89e+03   412s
  28   1.45949363e+09 -1.74673521e+09  5.00e-02 1.33e-05  1.75e+03   412s
  29   1.37076819e+09 -9.41033463e+08  4.41e-02 8.67e-06  1.33e+03   413s
  30   1.28984777e+09 -7.02930820e+08  3.97e-02 7.16e-06  1.15e+03   413s
  31   1.16002907e+09 -3.31955883e+08  3.20e-02 5.13e-06  8.75e+02   414s
  32   1.10042837e+09 -2.85213195e+08  2.89e-02 4.82e-06  8.03e+02   414s
  33   9.82262242e+08  1.44630358e+08  2.22e-02 2.01e-06  5.31e+02   415s
  34   8.44312526e+08  1.62241371e+08  1.44e-02 1.96e-06  3.97e+02   415s
  35   7.85362269e+08  2.75929410e+08  1.15e-02 1.36e-06  3.04e+02   415s
  36   7.31327830e+08  3.80068795e+08  8.81e-03 7.26e-07  2.16e+02   416s
  37   6.87731131e+08  4.27423869e+08  6.65e-03 3.83e-07  1.60e+02   416s
  38   6.84314506e+08  4.61439347e+08  6.40e-03 5.94e-07  1.38e+02   417s
  39   6.63438790e+08  4.88704857e+08  5.31e-03 6.40e-07  1.08e+02   417s
  40   6.51477871e+08  5.06416670e+08  4.62e-03 1.27e-06  9.00e+01   418s
  41   6.46976258e+08  5.27118905e+08  4.25e-03 7.73e-07  7.55e+01   418s
  42   6.44794182e+08  5.37920906e+08  3.96e-03 6.44e-07  6.83e+01   419s
  43   6.40680241e+08  5.53496534e+08  3.31e-03 9.92e-07  5.55e+01   419s
  44   6.39249248e+08  5.59134702e+08  3.01e-03 8.47e-07  5.08e+01   420s
  45   6.35654521e+08  5.64594046e+08  2.51e-03 1.17e-06  4.39e+01   420s
  46   6.34770230e+08  5.74768084e+08  2.30e-03 6.62e-07  3.77e+01   420s
  47   6.33160660e+08  5.79409517e+08  2.11e-03 6.43e-07  3.39e+01   421s
  48   6.29569095e+08  5.88608670e+08  1.66e-03 1.65e-06  2.59e+01   421s
  49   6.25151610e+08  5.94216621e+08  1.09e-03 3.61e-06  1.86e+01   422s
  50   6.22434812e+08  5.99082103e+08  7.76e-04 7.36e-06  1.37e+01   422s
  51   6.22510697e+08  5.99270808e+08  7.57e-04 7.27e-06  1.35e+01   423s
  52   6.21052854e+08  6.05310493e+08  5.98e-04 1.10e-05  9.54e+00   423s
  53   6.20463842e+08  6.07733119e+08  4.38e-04 1.57e-05  7.44e+00   424s
  54   6.20166726e+08  6.10287658e+08  3.82e-04 1.81e-05  6.03e+00   424s
  55   6.19913921e+08  6.11196324e+08  3.52e-04 5.23e-05  5.37e+00   424s
  56   6.19606002e+08  6.12119367e+08  3.15e-04 7.48e-05  4.65e+00   425s
  57   6.19535741e+08  6.12619527e+08  3.06e-04 7.46e-05  4.35e+00   425s
  58   6.19037848e+08  6.14644892e+08  2.35e-04 3.00e-05  2.94e+00   426s
  59   6.18343040e+08  6.15582411e+08  1.31e-04 2.69e-05  1.76e+00   426s
  60   6.18052730e+08  6.16133119e+08  8.91e-05 2.01e-05  1.21e+00   427s
  61   6.17913504e+08  6.16609909e+08  6.88e-05 2.06e-05  8.51e-01   427s
  62   6.17814016e+08  6.16781078e+08  5.45e-05 1.88e-05  6.74e-01   428s
  63   6.17749567e+08  6.16869636e+08  5.19e-05 1.74e-05  5.70e-01   428s
  64   6.17738927e+08  6.16878799e+08  5.29e-05 1.75e-05  5.55e-01   428s
  65   6.17698632e+08  6.16905773e+08  5.66e-05 1.72e-05  5.00e-01   428s
  66   6.17658481e+08  6.17029613e+08  5.68e-05 1.56e-05  4.10e-01   429s
  67   6.17641172e+08  6.17062367e+08  5.39e-05 1.53e-05  3.79e-01   429s
  68   6.17629990e+08  6.17084467e+08  5.34e-05 1.52e-05  3.58e-01   429s
  69   6.17608713e+08  6.17103070e+08  4.97e-05 1.52e-05  3.28e-01   430s
  70   6.17592580e+08  6.17122167e+08  4.69e-05 1.56e-05  3.03e-01   430s
  71   6.17556657e+08  6.17141880e+08  4.10e-05 1.62e-05  2.57e-01   430s
  72   6.17547238e+08  6.17213550e+08  3.94e-05 1.77e-05  2.19e-01   430s
  73   6.17523977e+08  6.17251918e+08  3.61e-05 1.52e-05  1.79e-01   431s
  74   6.17507999e+08  6.17283249e+08  3.27e-05 1.31e-05  1.48e-01   432s
  75   6.17492578e+08  6.17315753e+08  3.11e-05 2.20e-05  1.19e-01   432s
  76   6.17481444e+08  6.17334228e+08  3.15e-05 2.43e-05  9.99e-02   433s
  77   6.17473402e+08  6.17341569e+08  3.42e-05 2.27e-05  8.86e-02   434s
  78   6.17461287e+08  6.17354763e+08  4.22e-05 1.93e-05  7.04e-02   435s
  79   6.17452275e+08  6.17358410e+08  4.56e-05 1.83e-05  5.96e-02   435s
  80   6.17448169e+08  6.17361855e+08  3.98e-05 1.72e-05  5.42e-02   436s
  81   6.17441379e+08  6.17366552e+08  3.05e-05 1.55e-05  4.51e-02   437s
  82   6.17438887e+08  6.17369667e+08  2.68e-05 1.44e-05  4.14e-02   438s
  83   6.17434617e+08  6.17372311e+08  2.00e-05 1.35e-05  3.62e-02   438s
  84   6.17429641e+08  6.17389094e+08  1.30e-05 8.01e-06  2.49e-02   438s
  85   6.17427844e+08  6.17394509e+08  1.17e-05 6.04e-06  2.10e-02   439s
  86   6.17424997e+08  6.17396817e+08  1.01e-05 5.12e-06  1.71e-02   439s

Barrier performed 86 iterations in 439.43 seconds (586.55 work units)
Barrier solve interrupted - model solved by another algorithm

Concurrent spin time: 9.87s (can be avoided by choosing Method=3)

Solved with dual simplex

Root relaxation: objective 6.174139e+08, 135331 iterations, 43.00 seconds (59.04 work units)
Total elapsed time = 439.89s (DegenMoves)
Total elapsed time = 442.82s (DegenMoves)

    Nodes    |    Current Node    |     Objective Bounds      |     Work
 Expl Unexpl |  Obj  Depth IntInf | Incumbent    BestBd   Gap | It/Node Time

     0     0 6.1741e+08    0 11559          - 6.1741e+08      -     -  573s
     0     0 6.1741e+08    0 11438          - 6.1741e+08      -     -  576s
     0     0 6.1741e+08    0 11438          - 6.1741e+08      -     -  578s
     0     0 6.1741e+08    0 11437          - 6.1741e+08      -     -  589s
H    0     0                    7.674063e+08 6.1741e+08  19.5%     -  659s
     0     0 6.1769e+08    0 12416 7.6741e+08 6.1769e+08  19.5%     -  849s
     0     0 6.1769e+08    0 12390 7.6741e+08 6.1769e+08  19.5%     -  936s
     0     0 6.1769e+08    0 12370 7.6741e+08 6.1769e+08  19.5%     - 1001s
     0     0 6.1769e+08    0 12363 7.6741e+08 6.1769e+08  19.5%     - 1074s
     0     0 6.1769e+08    0 12352 7.6741e+08 6.1769e+08  19.5%     - 1141s
     0     0 6.1769e+08    0 12343 7.6741e+08 6.1769e+08  19.5%     - 1169s
     0     0 6.1769e+08    0 12336 7.6741e+08 6.1769e+08  19.5%     - 1170s
H    0     0                    7.233241e+08 6.1871e+08  14.5%     - 1191s
     0     0 6.2311e+08    0 15898 7.2332e+08 6.2311e+08  13.9%     - 1353s
     0     0 6.2311e+08    0 15893 7.2332e+08 6.2311e+08  13.9%     - 1354s
     0     0 6.2312e+08    0 15603 7.2332e+08 6.2312e+08  13.9%     - 1359s
     0     0 6.2312e+08    0 15602 7.2332e+08 6.2312e+08  13.9%     - 1360s
     0     0 6.2328e+08    0 15643 7.2332e+08 6.2328e+08  13.8%     - 1365s
     0     0 6.2329e+08    0 15657 7.2332e+08 6.2329e+08  13.8%     - 1367s
     0     0 6.2329e+08    0 15659 7.2332e+08 6.2329e+08  13.8%     - 1368s
     0     0 6.2373e+08    0 15703 7.2332e+08 6.2373e+08  13.8%     - 1374s
     0     0 6.2373e+08    0 15769 7.2332e+08 6.2373e+08  13.8%     - 1376s
     0     0 6.2386e+08    0 15795 7.2332e+08 6.2386e+08  13.8%     - 1384s
     0     0 6.2386e+08    0 15829 7.2332e+08 6.2386e+08  13.8%     - 1389s
     0     0 6.2386e+08    0 15830 7.2332e+08 6.2386e+08  13.8%     - 1390s
     0     0 6.3008e+08    0 17938 7.2332e+08 6.3008e+08  12.9%     - 1542s
     0     0 6.3008e+08    0 17925 7.2332e+08 6.3008e+08  12.9%     - 1543s
     0     0 6.3219e+08    0 18810 7.2332e+08 6.3219e+08  12.6%     - 1702s
     0     0 6.3219e+08    0 18792 7.2332e+08 6.3219e+08  12.6%     - 1704s
     0     0 6.3233e+08    0 18980 7.2332e+08 6.3233e+08  12.6%     - 1724s
     0     0 6.3233e+08    0 18977 7.2332e+08 6.3233e+08  12.6%     - 1725s
     0     0 6.3234e+08    0 18900 7.2332e+08 6.3234e+08  12.6%     - 1731s
     0     0 6.3234e+08    0 18985 7.2332e+08 6.3234e+08  12.6%     - 1734s
     0     0 6.3488e+08    0 18272 7.2332e+08 6.3488e+08  12.2%     - 1859s
     0     0 6.3488e+08    0 18271 7.2332e+08 6.3488e+08  12.2%     - 1860s
     0     0 6.3646e+08    0 18799 7.2332e+08 6.3646e+08  12.0%     - 1972s
     0     0 6.3646e+08    0 18795 7.2332e+08 6.3646e+08  12.0%     - 1973s
     0     0 6.3646e+08    0 18795 7.2332e+08 6.3646e+08  12.0%     - 1974s
     0     0 6.3650e+08    0 18517 7.2332e+08 6.3650e+08  12.0%     - 1997s
     0     0 6.3650e+08    0 18516 7.2332e+08 6.3650e+08  12.0%     - 1998s
     0     0 6.3651e+08    0 18569 7.2332e+08 6.3651e+08  12.0%     - 2014s
     0     0 6.3651e+08    0 18558 7.2332e+08 6.3651e+08  12.0%     - 2021s
     0     0 6.3651e+08    0 18555 7.2332e+08 6.3651e+08  12.0%     - 2026s
     0     0 6.3936e+08    0 18378 7.2332e+08 6.3936e+08  11.6%     - 2138s
     0     0 6.3936e+08    0 18375 7.2332e+08 6.3936e+08  11.6%     - 2140s
     0     0 6.4033e+08    0 18102 7.2332e+08 6.4033e+08  11.5%     - 2238s
     0     0 6.4037e+08    0 18537 7.2332e+08 6.4037e+08  11.5%     - 2254s
     0     0 6.4037e+08    0 18535 7.2332e+08 6.4037e+08  11.5%     - 2255s
     0     0 6.4134e+08    0 18911 7.2332e+08 6.4134e+08  11.3%     - 2300s
     0     0 6.4140e+08    0 18437 7.2332e+08 6.4140e+08  11.3%     - 2321s
     0     0 6.4141e+08    0 18479 7.2332e+08 6.4141e+08  11.3%     - 2332s
     0     0 6.4142e+08    0 18643 7.2332e+08 6.4142e+08  11.3%     - 2340s
     0     0 6.4166e+08    0 18496 7.2332e+08 6.4166e+08  11.3%     - 2411s
     0     0 6.4166e+08    0 18496 7.2332e+08 6.4166e+08  11.3%     - 2412s
     0     0 6.4167e+08    0 18525 7.2332e+08 6.4167e+08  11.3%     - 2505s
     0     0 6.4167e+08    0 18663 7.2332e+08 6.4167e+08  11.3%     - 2511s
     0     0 6.4168e+08    0 18397 7.2332e+08 6.4168e+08  11.3%     - 2539s
H    0     0                    7.043701e+08 6.4186e+08  8.87%     - 2576s
H    0     0                    7.042901e+08 6.4186e+08  8.86%     - 2580s
     0     0 6.4186e+08    0 18315 7.0429e+08 6.4186e+08  8.86%     - 2585s
     0     0 6.4186e+08    0 17319 7.0429e+08 6.4186e+08  8.86%     - 2605s
     0     0 6.4186e+08    0 17318 7.0429e+08 6.4186e+08  8.86%     - 2606s
     0     0 6.4186e+08    0 16651 7.0429e+08 6.4186e+08  8.86%     - 2666s
     0     0 6.4186e+08    0 17653 7.0429e+08 6.4186e+08  8.86%     - 2702s
     0     0 6.4186e+08    0 17652 7.0429e+08 6.4186e+08  8.86%     - 2704s
     0     0 6.4209e+08    0 18199 7.0429e+08 6.4209e+08  8.83%     - 2839s
H    0     0                    7.042890e+08 6.4214e+08  8.82%     - 2944s
H    0     0                    6.493438e+08 6.4214e+08  1.11%     - 3113s
H    0     0                    6.493406e+08 6.4214e+08  1.11%     - 3139s
H    0     2                    6.492931e+08 6.4214e+08  1.10%     - 3194s
     0     2 6.4214e+08    0 17750 6.4929e+08 6.4214e+08  1.10%     - 3195s
     1     2 infeasible    1      6.4929e+08 6.4214e+08  1.10%  4626 3233s
     3     2 6.4493e+08    2 15819 6.4929e+08 6.4493e+08  0.67% 14218 3242s
     5     1 6.4507e+08    3 12052 6.4929e+08 6.4507e+08  0.65% 12836 3264s
     7     1 6.4507e+08    4 11918 6.4929e+08 6.4507e+08  0.65%  9175 3265s
     9     4 6.4545e+08    6 10936 6.4929e+08 6.4543e+08  0.60%  7306 3274s
    11     6 6.4560e+08    7 10563 6.4929e+08 6.4543e+08  0.59%  8139 3311s
    13    10 6.4595e+08    8 6846 6.4929e+08 6.4543e+08  0.59%  9020 3334s
    18    17 6.4596e+08    9 6593 6.4929e+08 6.4560e+08  0.57%  9414 3352s
    28    22     cutoff   10      6.4929e+08 6.4564e+08  0.56%  7349 3377s
H   30    22                    6.492617e+08 6.4564e+08  0.56%  6861 3377s
H   38    21                    6.485848e+08 6.4568e+08  0.45%  5856 3378s
    45    29 6.4577e+08   11 6424 6.4858e+08 6.4568e+08  0.45%  5368 3392s
    66   132 6.4579e+08   12 6027 6.4858e+08 6.4569e+08  0.45%  4290 3417s
H   69   132                    6.485843e+08 6.4569e+08  0.45%  4115 3417s
   169   176 6.4582e+08   16 5122 6.4858e+08 6.4577e+08  0.43%  2016 3432s
   217   286 6.4584e+08   18 4338 6.4858e+08 6.4577e+08  0.43%  1872 3441s
   331   326 6.4585e+08   21 3961 6.4858e+08 6.4577e+08  0.43%  1481 3451s
   371   395 6.4586e+08   22 3640 6.4858e+08 6.4577e+08  0.43%  1391 3455s
   446   431 6.4589e+08   26 3105 6.4858e+08 6.4577e+08  0.43%  1226 3464s
   484   572 6.4589e+08   27 2811 6.4858e+08 6.4577e+08  0.43%  1159 3474s
   629   740 6.4589e+08   33 2373 6.4858e+08 6.4577e+08  0.43%   959 3487s
   799   977 6.4590e+08   39 2157 6.4858e+08 6.4577e+08  0.43%   818 3498s
  1040  1177 6.4591e+08   47 1658 6.4858e+08 6.4577e+08  0.43%   684 3516s
H 1252  1252                    6.485843e+08 6.4577e+08  0.43%   606 3629s
H 1259  1252                    6.485721e+08 6.4577e+08  0.43%   603 3630s
H 1264  1252                    6.485380e+08 6.4577e+08  0.43%   601 3630s
H 1314  1252                    6.485305e+08 6.4577e+08  0.43%   591 3630s
  1329  1612 6.4593e+08   62 1189 6.4853e+08 6.4577e+08  0.43%   585 3641s
  1697  1944 6.4594e+08   76  522 6.4853e+08 6.4577e+08  0.43%   495 3650s
  2037  2281 6.4595e+08   91  382 6.4853e+08 6.4577e+08  0.43%   435 3664s
  2374  2591 6.4595e+08  105  295 6.4853e+08 6.4577e+08  0.43%   388 3679s
  2688  2902 6.4691e+08  114  271 6.4853e+08 6.4577e+08  0.43%   358 3690s
  3027  3264 6.4691e+08  129  255 6.4853e+08 6.4577e+08  0.43%   329 3701s
  3407  3635 6.4691e+08  144  193 6.4853e+08 6.4577e+08  0.43%   299 3710s
H 3790  3774                    6.479833e+08 6.4577e+08  0.34%   273 3720s
H 3833  3770                    6.479472e+08 6.4577e+08  0.34%   271 3720s
H 3838  3736                    6.478291e+08 6.4577e+08  0.32%   270 3721s
H 3893  3617                    6.474577e+08 6.4577e+08  0.26%   267 3721s
  4152  3563 6.4691e+08  174  156 6.4746e+08 6.4577e+08  0.26%   252 3735s
  4452  3702 6.4721e+08  189  141 6.4746e+08 6.4577e+08  0.26%   247 3747s
H 4690  3702                    6.474576e+08 6.4577e+08  0.26%   242 3903s
H 4690  3698                    6.474533e+08 6.4577e+08  0.26%   242 3912s
H 4690  3694                    6.474324e+08 6.4577e+08  0.26%   242 3954s
H 4690  3375                    6.470373e+08 6.4577e+08  0.20%   242 3967s
H 4690  3375                    6.470362e+08 6.4577e+08  0.20%   242 3978s
H 4690  3374                    6.470359e+08 6.4577e+08  0.20%   242 3988s
H 4690  3374                    6.470352e+08 6.4577e+08  0.20%   242 3999s
H 4690  3374                    6.470352e+08 6.4577e+08  0.20%   242 4009s
H 4690  3374                    6.470352e+08 6.4577e+08  0.20%   242 4019s
H 4690  3374                    6.470352e+08 6.4577e+08  0.20%   242 4035s
H 4690  3374                    6.470352e+08 6.4577e+08  0.20%   242 4050s
H 4690  3374                    6.470352e+08 6.4577e+08  0.20%   242 4071s
  4691  3307 6.4589e+08   48 5017 6.4704e+08 6.4577e+08  0.20%   241 4211s
  4693  3308 6.4606e+08   20 3958 6.4704e+08 6.4577e+08  0.20%   241 4581s
H 4695  3146                    6.470255e+08 6.4620e+08  0.13%   255 4607s

Explored 4697 nodes (1672021 simplex iterations) in 4608.55 seconds (6258.43 work units)
Thread count was 32 (of 384 available processors)

Solution count 10: 6.47026e+08 6.47035e+08 6.47035e+08 ... 6.47458e+08

Optimal solution found (tolerance 1.00e-05)
Best objective 6.470255105991e+08, best bound 6.470196898978e+08, gap 0.0009%

User-callback calls 809482, time in user-callback 0.49 sec
 22.243476 seconds (206.35 M allocations: 11.395 GiB, 37.84% gc time, 23.87% compilation time)
4638.304388 seconds (100.72 M allocations: 6.461 GiB, 0.13% gc time, 0.02% compilation time)
