Set parameter WLSAccessID
Set parameter WLSSecret
Set parameter LicenseID to value 2677366
Academic license 2677366 - for non-commercial use only - registered to la___@mit.edu
Set parameter MIPGap to value 1e-05
Set parameter TimeLimit to value 14400
Set parameter MIPGap to value 1e-05
Set parameter TimeLimit to value 14400
Gurobi Optimizer version 12.0.2 build v12.0.2rc0 (linux64 - "Rocky Linux 8.10 (Green Obsidian)")

CPU model: AMD EPYC 9474F 48-Core Processor, instruction set [SSE2|AVX|AVX2|AVX512]
Thread count: 96 physical cores, 192 logical processors, using up to 32 threads

Non-default parameters:
TimeLimit  14400
MIPGap  1e-05

Academic license 2677366 - for non-commercial use only - registered to la___@mit.edu
Optimize a model with 4119401 rows, 3189004 columns and 11428570 nonzeros
Model fingerprint: 0x16a8f22d
Variable types: 3188926 continuous, 78 integer (78 binary)
Coefficient statistics:
  Matrix range     [9e-01, 1e+03]
  Objective range  [2e-01, 7e+06]
  Bounds range     [9e+00, 1e+02]
  RHS range        [6e+00, 7e+01]
Presolve removed 722784 rows and 669320 columns (presolve time = 5s)...
Presolve removed 723829 rows and 669322 columns (presolve time = 10s)...
Presolve removed 723829 rows and 669322 columns (presolve time = 15s)...
Presolve removed 723829 rows and 669322 columns (presolve time = 20s)...
Presolve removed 723829 rows and 669322 columns (presolve time = 25s)...
Presolve removed 723829 rows and 669322 columns (presolve time = 30s)...
Presolve removed 723830 rows and 669323 columns (presolve time = 35s)...
Presolve removed 723830 rows and 669323 columns
Presolve time: 38.17s
Presolved: 3395571 rows, 2519681 columns, 9338778 nonzeros
Variable types: 2519603 continuous, 78 integer (52 binary)
Deterministic concurrent LP optimizer: primal simplex, dual simplex, and barrier
Showing barrier log only...

Root barrier log...

Ordering time: 0.95s

Barrier statistics:
 Dense cols : 104
 AA' NZ     : 8.837e+06
 Factor NZ  : 4.047e+07 (roughly 2.7 GB of memory)
 Factor Ops : 6.268e+08 (less than 1 second per iteration)
 Threads    : 29

                  Objective                Residual
Iter       Primal          Dual         Primal    Dual     Compl     Time
   0   1.17010266e+13 -1.56096899e+14  5.67e+06 1.96e+03  5.87e+09    89s
   1   1.13887618e+13 -1.51168636e+14  5.43e+06 3.42e+05  4.96e+09    90s
   2   7.57667469e+12 -1.98725030e+14  3.42e+06 1.02e+05  3.13e+09    91s
   3   6.70163418e+12 -1.94521638e+14  3.06e+06 1.07e+04  2.76e+09    92s
   4   6.63535765e+11 -1.85450624e+14  2.78e+05 1.13e-04  3.00e+08    93s
   5   9.43272894e+10 -1.26162923e+14  4.21e+04 1.75e-02  4.94e+07    94s
   6   8.74275043e+10 -6.17440886e+13  3.92e+04 6.63e-03  3.07e+07    95s
   7   6.66346982e+10 -4.84026571e+13  2.93e+04 4.33e-03  2.15e+07    95s
   8   3.37511626e+10 -3.98496506e+13  1.37e+04 2.95e-03  1.17e+07    96s
   9   1.99414868e+10 -1.43161394e+13  7.17e+03 2.16e-03  4.03e+06    97s
  10   7.93288012e+09 -4.41802893e+12  1.34e+03 4.63e-03  8.52e+05    99s
  11   5.63862483e+09 -1.01922454e+12  3.16e+02 2.46e-03  1.66e+05   100s
  12   5.05961936e+09 -3.76119445e+11  7.72e+01 3.81e-04  5.57e+04   102s
  13   4.99245020e+09 -2.53452359e+11  5.25e+01 2.27e-04  3.71e+04   103s
  14   4.94832493e+09 -1.88068653e+11  3.65e+01 1.70e-04  2.74e+04   103s
  15   4.87924210e+09 -1.32101106e+11  1.31e+01 1.16e-04  1.91e+04   104s
  16   4.81830798e+09 -9.84734701e+10  1.56e+00 8.75e-05  1.42e+04   106s
  17   4.76172707e+09 -6.40953491e+10  1.11e+00 5.36e-05  9.38e+03   108s
  18   4.67909022e+09 -3.97766461e+10  7.68e-01 3.55e-05  6.01e+03   110s
  19   4.55136895e+09 -2.78221460e+10  6.01e-01 2.65e-05  4.36e+03   112s
  20   4.33455640e+09 -1.70188414e+10  4.41e-01 1.71e-05  2.86e+03   114s
  21   4.05445508e+09 -8.60375818e+09  3.03e-01 9.70e-06  1.69e+03   116s
  22   3.79996374e+09 -5.48781580e+09  2.33e-01 6.98e-06  1.24e+03   118s
  23   3.45325174e+09 -4.09853255e+09  1.93e-01 5.78e-06  1.01e+03   121s
  24   3.13139110e+09 -3.17812535e+09  1.68e-01 4.84e-06  8.41e+02   123s
  25   2.73490376e+09 -2.26087866e+09  1.39e-01 3.69e-06  6.65e+02   125s
  26   2.53199542e+09 -1.67222135e+09  1.26e-01 2.91e-06  5.60e+02   127s
  27   2.30122716e+09 -1.44187466e+09  1.12e-01 3.26e-06  4.98e+02   129s
  28   2.20916746e+09 -1.36875426e+09  1.06e-01 2.61e-06  4.76e+02   131s
  29   2.09518410e+09 -1.14020571e+09  9.90e-02 2.35e-06  4.31e+02   133s
  30   1.82926829e+09 -1.07663216e+09  8.25e-02 2.61e-06  3.87e+02   134s
  31   1.80887360e+09 -8.79272973e+08  8.03e-02 2.02e-06  3.58e+02   136s
  32   1.62082648e+09 -7.87130811e+08  6.89e-02 2.23e-06  3.20e+02   138s
  33   1.49521390e+09 -3.86835431e+08  6.23e-02 6.59e-06  2.50e+02   140s
  34   1.15710860e+09 -3.35042129e+08  4.47e-02 7.33e-06  1.98e+02   142s
  35   1.12439011e+09 -1.41012567e+08  4.27e-02 6.13e-06  1.68e+02   144s
  36   1.08434279e+09 -7.86195023e+07  4.02e-02 4.86e-06  1.55e+02   146s
  37   9.55798518e+08 -7.26604770e+07  3.39e-02 4.74e-06  1.37e+02   148s
  38   9.05331785e+08  4.03659483e+07  3.04e-02 2.62e-06  1.15e+02   150s
  39   8.56328202e+08  7.64482250e+07  2.68e-02 2.39e-06  1.04e+02   152s
  40   8.58783462e+08  8.39093273e+07  2.62e-02 2.37e-06  1.03e+02   153s
  41   8.09642208e+08  1.14031889e+08  2.34e-02 2.33e-06  9.25e+01   155s
  42   7.63210030e+08  1.81277446e+08  2.01e-02 1.15e-06  7.74e+01   157s
  43   7.30732869e+08  3.01837393e+08  1.78e-02 7.52e-07  5.70e+01   159s
  44   6.92673010e+08  3.37686456e+08  1.49e-02 5.87e-07  4.72e+01   162s
  45   6.71038340e+08  3.76290379e+08  1.32e-02 5.51e-07  3.92e+01   164s
  46   6.56393431e+08  3.97989463e+08  1.21e-02 4.67e-07  3.43e+01   166s
  47   6.51683099e+08  4.09781902e+08  1.17e-02 4.74e-07  3.21e+01   167s
  48   6.42130761e+08  4.24326242e+08  1.08e-02 4.35e-07  2.89e+01   169s
  49   6.39812560e+08  4.29628086e+08  1.06e-02 4.63e-07  2.79e+01   171s
  50   6.29970570e+08  4.51774459e+08  9.69e-03 7.05e-07  2.37e+01   173s
  51   6.26561395e+08  4.64451147e+08  9.33e-03 1.08e-06  2.15e+01   175s
  52   6.20629986e+08  4.81896625e+08  8.51e-03 1.65e-06  1.84e+01   177s
  53   6.18594414e+08  4.91601014e+08  8.14e-03 1.52e-06  1.69e+01   179s
  54   6.12961356e+08  5.07620005e+08  7.13e-03 1.33e-06  1.40e+01   181s
  55   6.09396843e+08  5.12210290e+08  6.48e-03 1.10e-06  1.29e+01   183s
  56   6.06838047e+08  5.23756122e+08  5.89e-03 1.63e-06  1.10e+01   185s
  57   6.03604408e+08  5.32019256e+08  5.17e-03 2.95e-06  9.50e+00   187s
  58   5.99091128e+08  5.42370142e+08  4.13e-03 3.40e-06  7.53e+00   189s
  59   5.97597625e+08  5.45747093e+08  3.79e-03 3.24e-06  6.88e+00   191s
  60   5.95800526e+08  5.52171486e+08  3.32e-03 3.59e-06  5.79e+00   193s
  61   5.92976507e+08  5.56498047e+08  2.67e-03 2.09e-06  4.84e+00   195s
  62   5.92007317e+08  5.62201340e+08  2.47e-03 3.81e-06  3.95e+00   197s
  63   5.90758021e+08  5.66382671e+08  2.20e-03 6.47e-06  3.23e+00   199s
  64   5.90020200e+08  5.67570948e+08  1.99e-03 5.57e-06  2.98e+00   201s
  65   5.89006889e+08  5.68990026e+08  1.79e-03 5.57e-06  2.66e+00   203s
  66   5.88300223e+08  5.71695653e+08  1.63e-03 4.31e-06  2.20e+00   205s
  67   5.87271648e+08  5.72683832e+08  1.42e-03 3.32e-06  1.93e+00   207s
  68   5.86628162e+08  5.74540332e+08  1.30e-03 2.90e-06  1.60e+00   209s
  69   5.86255093e+08  5.75264363e+08  1.22e-03 2.59e-06  1.46e+00   211s
  70   5.85774816e+08  5.75455101e+08  1.12e-03 2.50e-06  1.37e+00   213s
  71   5.85424599e+08  5.76071445e+08  1.04e-03 1.12e-05  1.24e+00   214s
  72   5.84967214e+08  5.76693872e+08  9.39e-04 1.44e-05  1.10e+00   216s
  73   5.84586075e+08  5.77452264e+08  8.60e-04 2.25e-05  9.46e-01   218s
  74   5.83962210e+08  5.77910602e+08  7.38e-04 2.14e-05  8.02e-01   220s
  75   5.83683230e+08  5.78192892e+08  6.77e-04 1.92e-05  7.28e-01   222s
  76   5.83595534e+08  5.78464960e+08  6.42e-04 1.79e-05  6.80e-01   224s
  77   5.83266662e+08  5.78934102e+08  5.70e-04 9.07e-06  5.74e-01   226s
  78   5.82939702e+08  5.79409145e+08  4.89e-04 9.55e-06  4.68e-01   228s
  79   5.82636474e+08  5.79708891e+08  5.26e-04 9.36e-06  3.88e-01   231s
  80   5.82460126e+08  5.79951260e+08  7.55e-04 1.06e-05  3.33e-01   233s
  81   5.82283394e+08  5.80236302e+08  6.84e-04 7.71e-06  2.71e-01   235s
  82   5.82086588e+08  5.80451569e+08  6.06e-04 5.69e-06  2.17e-01   238s
  83   5.81897109e+08  5.80657032e+08  4.94e-04 4.31e-06  1.64e-01   240s
  84   5.81770997e+08  5.80777491e+08  4.12e-04 3.27e-06  1.32e-01   242s
  85   5.81631023e+08  5.80865423e+08  3.28e-04 2.56e-06  1.01e-01   245s
  86   5.81536380e+08  5.80952376e+08  2.79e-04 3.36e-06  7.74e-02   247s
  87   5.81467319e+08  5.81002867e+08  2.31e-04 2.35e-07  6.16e-02   249s
  88   5.81415437e+08  5.81025287e+08  1.96e-04 2.38e-07  5.17e-02   252s
  89   5.81386168e+08  5.81061411e+08  1.55e-04 1.71e-07  4.31e-02   254s
  90   5.81360344e+08  5.81109807e+08  1.26e-04 1.69e-05  3.32e-02   257s
  91   5.81341183e+08  5.81134546e+08  1.07e-04 1.36e-05  2.74e-02   260s
  92   5.81310582e+08  5.81145942e+08  9.17e-05 1.44e-05  2.18e-02   262s
  93   5.81300783e+08  5.81158447e+08  8.81e-05 1.14e-05  1.89e-02   266s
  94   5.81289293e+08  5.81168362e+08  8.95e-05 5.76e-06  1.60e-02   269s
  95   5.81277417e+08  5.81183100e+08  9.24e-05 2.41e-06  1.25e-02   272s
  96   5.81264061e+08  5.81191772e+08  9.59e-05 2.05e-06  9.58e-03   274s
  97   5.81252013e+08  5.81197299e+08  8.28e-05 1.09e-06  7.25e-03   276s
  98   5.81247418e+08  5.81202996e+08  8.19e-05 7.50e-07  5.88e-03   278s
  99   5.81243820e+08  5.81205331e+08  7.96e-05 6.39e-07  5.10e-03   281s
 100   5.81239729e+08  5.81208453e+08  7.66e-05 4.75e-07  4.14e-03   283s
 101   5.81236602e+08  5.81209862e+08  7.55e-05 3.99e-07  3.54e-03   285s
 102   5.81233895e+08  5.81211264e+08  7.52e-05 3.48e-07  3.00e-03   288s
 103   5.81231208e+08  5.81212843e+08  7.51e-05 2.54e-07  2.43e-03   290s
 104   5.81229556e+08  5.81213650e+08  7.09e-05 2.20e-07  2.10e-03   293s
 105   5.81226250e+08  5.81214782e+08  5.98e-05 1.63e-07  1.52e-03   296s
 106   5.81225389e+08  5.81215901e+08  5.38e-05 1.09e-07  1.25e-03   298s
 107   5.81222567e+08  5.81216469e+08  3.35e-05 8.54e-08  8.04e-04   300s
 108   5.81221598e+08  5.81217268e+08  2.34e-05 5.21e-08  5.69e-04   302s
 109   5.81220680e+08  5.81217464e+08  1.46e-05 4.50e-08  4.22e-04   305s
 110   5.81219951e+08  5.81217716e+08  1.35e-05 3.24e-07  2.93e-04   308s
 111   5.81219490e+08  5.81217975e+08  1.65e-05 2.50e-08  1.98e-04   312s
 112   5.81219066e+08  5.81218124e+08  2.00e-05 2.68e-07  1.23e-04   315s
 113   5.81218836e+08  5.81218306e+08  2.18e-05 1.94e-07  6.86e-05   319s
 114   5.81218708e+08  5.81218341e+08  2.30e-05 1.84e-08  4.72e-05   321s
 115   5.81218680e+08  5.81218345e+08  2.32e-05 4.25e-07  4.29e-05   323s
 116   5.81218623e+08  5.81218345e+08  2.38e-05 1.81e-08  3.54e-05   325s
 117   5.81218531e+08  5.81218347e+08  2.47e-05 2.69e-06  2.31e-05   327s
 118   5.81218529e+08  5.81218350e+08  2.47e-05 2.38e-07  2.23e-05   328s
 119   5.81218485e+08  5.81218351e+08  2.51e-05 2.98e-07  1.65e-05   330s
 120   5.81218434e+08  5.81218354e+08  2.57e-05 3.37e-06  9.48e-06   331s
 121   5.81218382e+08  5.81218356e+08  2.62e-05 1.02e-06  2.36e-06   332s
 122   5.81218367e+08  5.81218357e+08  2.63e-05 3.97e-06  2.79e-07   334s
 123   5.81218368e+08  5.81218357e+08  2.62e-05 1.93e-05  1.04e-07   335s
 124   5.81218354e+08  5.81218357e+08  2.57e-05 6.19e-06  4.19e-08   337s
 125   5.81218361e+08  5.81218357e+08  2.63e-05 6.31e-06  3.43e-08   338s

Barrier solved model in 125 iterations and 338.08 seconds (327.99 work units)
Optimal objective 5.81218361e+08


Root crossover log...

   11913 DPushes remaining with DInf 0.0000000e+00               339s
    1129 DPushes remaining with DInf 0.0000000e+00               340s
       0 DPushes remaining with DInf 0.0000000e+00               342s

  452071 PPushes remaining with PInf 1.8230477e-01               343s
      95 PPushes remaining with PInf 1.2195384e-01               345s
       0 PPushes remaining with PInf 1.2195384e-01               346s

  Push phase complete: Pinf 1.2195384e-01, Dinf 4.8095220e-08    346s


Root simplex log...

Iteration    Objective       Primal Inf.    Dual Inf.      Time
  463963    5.8121836e+08   1.219538e-01   0.000000e+00    347s
  464011    5.8121836e+08   0.000000e+00   0.000000e+00    349s
Concurrent spin time: 0.00s

Solved with barrier
  464011    5.8121836e+08   0.000000e+00   0.000000e+00    351s

Root relaxation: objective 5.812184e+08, 464011 iterations, 272.71 seconds (272.75 work units)
Total elapsed time = 357.60s (DegenMoves)

    Nodes    |    Current Node    |     Objective Bounds      |     Work
 Expl Unexpl |  Obj  Depth IntInf | Incumbent    BestBd   Gap | It/Node Time

     0     0 5.8122e+08    0   50          - 5.8122e+08      -     -  369s
H    0     0                    1.296970e+09 5.8122e+08  55.2%     -  518s
     0     0 5.8848e+08    0   51 1.2970e+09 5.8848e+08  54.6%     -  639s
     0     0 5.8867e+08    0   51 1.2970e+09 5.8867e+08  54.6%     -  743s
     0     0 5.8867e+08    0   51 1.2970e+09 5.8867e+08  54.6%     -  751s
     0     0 5.9664e+08    0   52 1.2970e+09 5.9664e+08  54.0%     -  891s
     0     0 5.9668e+08    0   50 1.2970e+09 5.9668e+08  54.0%     -  997s
     0     0 5.9669e+08    0   51 1.2970e+09 5.9669e+08  54.0%     - 1008s
     0     0 5.9669e+08    0   51 1.2970e+09 5.9669e+08  54.0%     - 1011s
     0     0 6.0162e+08    0   52 1.2970e+09 6.0162e+08  53.6%     - 1292s
     0     0 6.0171e+08    0   51 1.2970e+09 6.0171e+08  53.6%     - 1304s
     0     0 6.0171e+08    0   51 1.2970e+09 6.0171e+08  53.6%     - 1316s
     0     0 6.0748e+08    0   50 1.2970e+09 6.0748e+08  53.2%     - 1716s
     0     0 6.0811e+08    0   54 1.2970e+09 6.0811e+08  53.1%     - 1859s
     0     0 6.0811e+08    0   54 1.2970e+09 6.0811e+08  53.1%     - 1875s
     0     0 6.0811e+08    0   54 1.2970e+09 6.0811e+08  53.1%     - 1882s
     0     0 6.0846e+08    0   50 1.2970e+09 6.0846e+08  53.1%     - 1955s
     0     0 6.0849e+08    0   50 1.2970e+09 6.0849e+08  53.1%     - 2076s
     0     0 6.0849e+08    0   50 1.2970e+09 6.0849e+08  53.1%     - 2103s
     0     0 6.0849e+08    0   50 1.2970e+09 6.0849e+08  53.1%     - 2106s
     0     0 6.0849e+08    0   50 1.2970e+09 6.0849e+08  53.1%     - 2136s
     0     0 6.0849e+08    0   50 1.2970e+09 6.0849e+08  53.1%     - 2139s
     0     0 6.0849e+08    0   50 1.2970e+09 6.0849e+08  53.1%     - 2171s
     0     0 6.0849e+08    0   50 1.2970e+09 6.0849e+08  53.1%     - 2173s
     0     0 6.0849e+08    0   50 1.2970e+09 6.0849e+08  53.1%     - 2203s
     0     0 6.0895e+08    0   50 1.2970e+09 6.0895e+08  53.0%     - 2207s
     0     0 6.0895e+08    0   50 1.2970e+09 6.0895e+08  53.0%     - 2238s
     0     0 6.0983e+08    0   50 1.2970e+09 6.0983e+08  53.0%     - 2361s
     0     2 6.0983e+08    0   50 1.2970e+09 6.0983e+08  53.0%     - 2397s
     1     3 6.2595e+08    1   48 1.2970e+09 6.0983e+08  53.0% 85794 2595s
     2     4 6.1027e+08    1   50 1.2970e+09 6.1027e+08  52.9% 52082 2690s
     3     7 6.2636e+08    2   49 1.2970e+09 6.1027e+08  52.9% 35480 2780s
     6    13 6.2678e+08    3   49 1.2970e+09 6.1027e+08  52.9% 26138 3040s
    12    13 6.1986e+08    4   50 1.2970e+09 6.1153e+08  52.8% 28634 3281s
*   23    13               4    8.632287e+08 6.1153e+08  29.2% 31243 3282s
    25    13 6.8370e+08    5    2 8.6323e+08 6.1988e+08  28.2% 29753 3409s
    27    14 6.8370e+08    6    1 8.6323e+08 6.1988e+08  28.2% 27596 3557s
*   29    14               5    7.558229e+08 6.1988e+08  18.0% 25871 3557s
H   30    13                    6.837440e+08 6.1988e+08  9.34% 25008 3731s
    35    13 6.8372e+08    8    1 6.8374e+08 6.1988e+08  9.34% 21777 3828s
    46    21     cutoff    9      6.8374e+08 6.3091e+08  7.73% 24717 3844s
H   59    24                    6.584729e+08 6.3161e+08  4.08% 20155 3912s
H   60    23                    6.380894e+08 6.3161e+08  1.01% 19867 3913s
    78     2     cutoff    8      6.3809e+08 6.3198e+08  0.96% 15470 3940s
    97     9 6.3248e+08   13   14 6.3809e+08 6.3221e+08  0.92% 12547 3977s
   107    20     cutoff   15      6.3809e+08 6.3243e+08  0.89% 11418 4029s
*  121    20              20    6.345175e+08 6.3248e+08  0.32% 10120 4029s
*  126    20              20    6.344646e+08 6.3248e+08  0.31%  9723 4029s
   134    41 6.3278e+08   19    5 6.3446e+08 6.3266e+08  0.28%  9178 4049s
*  148    41              21    6.340318e+08 6.3266e+08  0.22%  8318 4049s
*  152    41              20    6.338203e+08 6.3266e+08  0.18%  8100 4049s
*  166    41              22    6.337622e+08 6.3283e+08  0.15%  7430 4049s
   204    17     cutoff   21      6.3376e+08 6.3283e+08  0.15%  6072 4071s
*  228    17              25    6.335283e+08 6.3283e+08  0.11%  5442 4071s
   261     0 6.3333e+08   22    3 6.3353e+08 6.3302e+08  0.08%  4764 4079s
*  266     0              24    6.334410e+08 6.3302e+08  0.07%  4676 4080s

Cutting planes:
  Learned: 1
  Gomory: 14
  Implied bound: 356
  MIR: 3447
  Flow cover: 1042
  Relax-and-lift: 660

Explored 285 nodes (1860068 simplex iterations) in 4082.39 seconds (4693.52 work units)
Thread count was 32 (of 192 available processors)

Solution count 10: 6.33441e+08 6.33528e+08 6.33762e+08 ... 6.83744e+08

Optimal solution found (tolerance 1.00e-05)
Best objective 6.334410357254e+08, best bound 6.334410357254e+08, gap 0.0000%

User-callback calls 1311841, time in user-callback 0.46 sec
 27.228336 seconds (283.69 M allocations: 19.203 GiB, 27.54% gc time, 18.13% compilation time)
4101.482195 seconds (76.03 M allocations: 5.005 GiB, 0.11% gc time, 0.02% compilation time)
Set parameter WLSAccessID
Set parameter WLSSecret
Set parameter LicenseID to value 2677366
Academic license 2677366 - for non-commercial use only - registered to la___@mit.edu
Set parameter MIPGap to value 1e-05
Set parameter TimeLimit to value 14400
Set parameter MIPGap to value 1e-05
Set parameter TimeLimit to value 14400
Gurobi Optimizer version 12.0.2 build v12.0.2rc0 (linux64 - "Rocky Linux 8.10 (Green Obsidian)")

CPU model: AMD EPYC 9654 96-Core Processor, instruction set [SSE2|AVX|AVX2|AVX512]
Thread count: 192 physical cores, 384 logical processors, using up to 32 threads

Non-default parameters:
TimeLimit  14400
MIPGap  1e-05

Academic license 2677366 - for non-commercial use only - registered to la___@mit.edu
Optimize a model with 4119401 rows, 3189004 columns and 11428570 nonzeros
Model fingerprint: 0x16a8f22d
Variable types: 3188926 continuous, 78 integer (78 binary)
Coefficient statistics:
  Matrix range     [9e-01, 1e+03]
  Objective range  [2e-01, 7e+06]
  Bounds range     [9e+00, 1e+02]
  RHS range        [6e+00, 7e+01]
Presolve removed 722784 rows and 669320 columns (presolve time = 5s)...
Presolve removed 723829 rows and 669322 columns (presolve time = 10s)...
Presolve removed 723829 rows and 669322 columns (presolve time = 15s)...
Presolve removed 723829 rows and 669322 columns (presolve time = 20s)...
Presolve removed 723829 rows and 669322 columns (presolve time = 25s)...
Presolve removed 723829 rows and 669322 columns (presolve time = 30s)...
Presolve removed 723829 rows and 669322 columns (presolve time = 35s)...
Presolve removed 723830 rows and 669323 columns (presolve time = 40s)...
Presolve removed 723830 rows and 669323 columns
Presolve time: 41.52s
Presolved: 3395571 rows, 2519681 columns, 9338778 nonzeros
Variable types: 2519603 continuous, 78 integer (52 binary)
Deterministic concurrent LP optimizer: primal simplex, dual simplex, and barrier
Showing barrier log only...

Root barrier log...

Ordering time: 0.81s

Barrier statistics:
 Dense cols : 104
 AA' NZ     : 8.837e+06
 Factor NZ  : 4.047e+07 (roughly 2.7 GB of memory)
 Factor Ops : 6.268e+08 (less than 1 second per iteration)
 Threads    : 29

                  Objective                Residual
Iter       Primal          Dual         Primal    Dual     Compl     Time
   0   1.17010266e+13 -1.56096899e+14  5.67e+06 1.96e+03  5.87e+09    97s
   1   1.13887618e+13 -1.51168636e+14  5.43e+06 3.42e+05  4.96e+09    98s
   2   7.57667469e+12 -1.98725030e+14  3.42e+06 1.02e+05  3.13e+09    99s
   3   6.70163418e+12 -1.94521638e+14  3.06e+06 1.07e+04  2.76e+09   100s
   4   6.63535765e+11 -1.85450624e+14  2.78e+05 1.13e-04  3.00e+08   101s
   5   9.43272894e+10 -1.26162923e+14  4.21e+04 1.75e-02  4.94e+07   102s
   6   8.74275043e+10 -6.17440886e+13  3.92e+04 6.63e-03  3.07e+07   102s
   7   6.66346982e+10 -4.84026571e+13  2.93e+04 4.33e-03  2.15e+07   103s
   8   3.37511626e+10 -3.98496506e+13  1.37e+04 2.95e-03  1.17e+07   104s
   9   1.99414868e+10 -1.43161394e+13  7.17e+03 2.16e-03  4.03e+06   105s
  10   7.93288012e+09 -4.41802893e+12  1.34e+03 4.63e-03  8.52e+05   106s
  11   5.63862483e+09 -1.01922454e+12  3.16e+02 2.46e-03  1.66e+05   108s
  12   5.05961936e+09 -3.76119445e+11  7.72e+01 3.81e-04  5.57e+04   109s
  13   4.99245020e+09 -2.53452359e+11  5.25e+01 2.27e-04  3.71e+04   109s
  14   4.94832493e+09 -1.88068653e+11  3.65e+01 1.70e-04  2.74e+04   110s
  15   4.87924210e+09 -1.32101106e+11  1.31e+01 1.16e-04  1.91e+04   111s
  16   4.81830798e+09 -9.84734701e+10  1.56e+00 8.75e-05  1.42e+04   112s
  17   4.76172707e+09 -6.40953491e+10  1.11e+00 5.36e-05  9.38e+03   113s
  18   4.67909022e+09 -3.97766461e+10  7.68e-01 3.55e-05  6.01e+03   115s
  19   4.55136895e+09 -2.78221460e+10  6.01e-01 2.65e-05  4.36e+03   117s
  20   4.33455640e+09 -1.70188414e+10  4.41e-01 1.71e-05  2.86e+03   119s
  21   4.05445508e+09 -8.60375818e+09  3.03e-01 9.70e-06  1.69e+03   120s
  22   3.79996374e+09 -5.48781580e+09  2.33e-01 6.98e-06  1.24e+03   122s
  23   3.45325174e+09 -4.09853255e+09  1.93e-01 5.78e-06  1.01e+03   124s
  24   3.13139110e+09 -3.17812535e+09  1.68e-01 4.84e-06  8.41e+02   125s
  25   2.73490376e+09 -2.26087866e+09  1.39e-01 3.69e-06  6.65e+02   127s
  26   2.53199542e+09 -1.67222135e+09  1.26e-01 2.91e-06  5.60e+02   129s
  27   2.30122716e+09 -1.44187466e+09  1.12e-01 3.26e-06  4.98e+02   130s
  28   2.20916746e+09 -1.36875426e+09  1.06e-01 2.61e-06  4.76e+02   132s
  29   2.09518410e+09 -1.14020571e+09  9.90e-02 2.35e-06  4.31e+02   134s
  30   1.82926829e+09 -1.07663216e+09  8.25e-02 2.61e-06  3.87e+02   135s
  31   1.80887360e+09 -8.79272973e+08  8.03e-02 2.02e-06  3.58e+02   136s
  32   1.62082648e+09 -7.87130811e+08  6.89e-02 2.23e-06  3.20e+02   138s
  33   1.49521390e+09 -3.86835431e+08  6.23e-02 6.59e-06  2.50e+02   139s
  34   1.15710860e+09 -3.35042129e+08  4.47e-02 7.33e-06  1.98e+02   141s
  35   1.12439011e+09 -1.41012567e+08  4.27e-02 6.13e-06  1.68e+02   143s
  36   1.08434279e+09 -7.86195023e+07  4.02e-02 4.86e-06  1.55e+02   144s
  37   9.55798518e+08 -7.26604770e+07  3.39e-02 4.74e-06  1.37e+02   146s
  38   9.05331785e+08  4.03659483e+07  3.04e-02 2.62e-06  1.15e+02   147s
  39   8.56328202e+08  7.64482250e+07  2.68e-02 2.39e-06  1.04e+02   149s
  40   8.58783462e+08  8.39093273e+07  2.62e-02 2.37e-06  1.03e+02   150s
  41   8.09642208e+08  1.14031889e+08  2.34e-02 2.33e-06  9.25e+01   152s
  42   7.63210030e+08  1.81277446e+08  2.01e-02 1.15e-06  7.74e+01   154s
  43   7.30732869e+08  3.01837393e+08  1.78e-02 7.52e-07  5.70e+01   155s
  44   6.92673010e+08  3.37686456e+08  1.49e-02 5.87e-07  4.72e+01   157s
  45   6.71038340e+08  3.76290379e+08  1.32e-02 5.51e-07  3.92e+01   159s
  46   6.56393431e+08  3.97989463e+08  1.21e-02 4.67e-07  3.43e+01   160s
  47   6.51683099e+08  4.09781902e+08  1.17e-02 4.74e-07  3.21e+01   162s
  48   6.42130761e+08  4.24326242e+08  1.08e-02 4.35e-07  2.89e+01   163s
  49   6.39812560e+08  4.29628086e+08  1.06e-02 4.63e-07  2.79e+01   165s
  50   6.29970570e+08  4.51774459e+08  9.69e-03 7.05e-07  2.37e+01   167s
  51   6.26561395e+08  4.64451147e+08  9.33e-03 1.08e-06  2.15e+01   168s
  52   6.20629986e+08  4.81896625e+08  8.51e-03 1.65e-06  1.84e+01   170s
  53   6.18594414e+08  4.91601014e+08  8.14e-03 1.52e-06  1.69e+01   172s
  54   6.12961356e+08  5.07620005e+08  7.13e-03 1.33e-06  1.40e+01   173s
  55   6.09396843e+08  5.12210290e+08  6.48e-03 1.10e-06  1.29e+01   175s
  56   6.06838047e+08  5.23756122e+08  5.89e-03 1.63e-06  1.10e+01   177s
  57   6.03604408e+08  5.32019256e+08  5.17e-03 2.95e-06  9.50e+00   179s
  58   5.99091128e+08  5.42370142e+08  4.13e-03 3.40e-06  7.53e+00   181s
  59   5.97597625e+08  5.45747093e+08  3.79e-03 3.24e-06  6.88e+00   182s
  60   5.95800526e+08  5.52171486e+08  3.32e-03 3.59e-06  5.79e+00   184s
  61   5.92976507e+08  5.56498047e+08  2.67e-03 2.09e-06  4.84e+00   185s
  62   5.92007317e+08  5.62201340e+08  2.47e-03 3.81e-06  3.95e+00   187s
  63   5.90758021e+08  5.66382671e+08  2.20e-03 6.47e-06  3.23e+00   189s
  64   5.90020200e+08  5.67570948e+08  1.99e-03 5.57e-06  2.98e+00   191s
  65   5.89006889e+08  5.68990026e+08  1.79e-03 5.57e-06  2.66e+00   192s
  66   5.88300223e+08  5.71695653e+08  1.63e-03 4.31e-06  2.20e+00   194s
  67   5.87271648e+08  5.72683832e+08  1.42e-03 3.32e-06  1.93e+00   196s
  68   5.86628162e+08  5.74540332e+08  1.30e-03 2.90e-06  1.60e+00   197s
  69   5.86255093e+08  5.75264363e+08  1.22e-03 2.59e-06  1.46e+00   199s
  70   5.85774816e+08  5.75455101e+08  1.12e-03 2.50e-06  1.37e+00   200s
  71   5.85424599e+08  5.76071445e+08  1.04e-03 1.12e-05  1.24e+00   202s
  72   5.84967214e+08  5.76693872e+08  9.39e-04 1.44e-05  1.10e+00   204s
  73   5.84586075e+08  5.77452264e+08  8.60e-04 2.25e-05  9.46e-01   205s
  74   5.83962210e+08  5.77910602e+08  7.38e-04 2.14e-05  8.02e-01   207s
  75   5.83683230e+08  5.78192892e+08  6.77e-04 1.92e-05  7.28e-01   208s
  76   5.83595534e+08  5.78464960e+08  6.42e-04 1.79e-05  6.80e-01   210s
  77   5.83266662e+08  5.78934102e+08  5.70e-04 9.07e-06  5.74e-01   212s
  78   5.82939702e+08  5.79409145e+08  4.89e-04 9.55e-06  4.68e-01   214s
  79   5.82636474e+08  5.79708891e+08  5.26e-04 9.36e-06  3.88e-01   216s
  80   5.82460126e+08  5.79951260e+08  7.55e-04 1.06e-05  3.33e-01   219s
  81   5.82283394e+08  5.80236302e+08  6.84e-04 7.71e-06  2.71e-01   221s
  82   5.82086588e+08  5.80451569e+08  6.06e-04 5.69e-06  2.17e-01   223s
  83   5.81897109e+08  5.80657032e+08  4.94e-04 4.31e-06  1.64e-01   226s
  84   5.81770997e+08  5.80777491e+08  4.12e-04 3.27e-06  1.32e-01   228s
  85   5.81631023e+08  5.80865423e+08  3.28e-04 2.56e-06  1.01e-01   230s
  86   5.81536380e+08  5.80952376e+08  2.79e-04 3.36e-06  7.74e-02   232s
  87   5.81467319e+08  5.81002867e+08  2.31e-04 2.35e-07  6.16e-02   234s
  88   5.81415437e+08  5.81025287e+08  1.96e-04 2.38e-07  5.17e-02   237s
  89   5.81386168e+08  5.81061411e+08  1.55e-04 1.71e-07  4.31e-02   239s
  90   5.81360344e+08  5.81109807e+08  1.26e-04 1.69e-05  3.32e-02   241s
  91   5.81341183e+08  5.81134546e+08  1.07e-04 1.36e-05  2.74e-02   244s
  92   5.81310582e+08  5.81145942e+08  9.17e-05 1.44e-05  2.18e-02   246s
  93   5.81300783e+08  5.81158447e+08  8.81e-05 1.14e-05  1.89e-02   250s
  94   5.81289293e+08  5.81168362e+08  8.95e-05 5.76e-06  1.60e-02   252s
  95   5.81277417e+08  5.81183100e+08  9.24e-05 2.41e-06  1.25e-02   255s
  96   5.81264061e+08  5.81191772e+08  9.59e-05 2.05e-06  9.58e-03   257s
  97   5.81252013e+08  5.81197299e+08  8.28e-05 1.09e-06  7.25e-03   259s
  98   5.81247418e+08  5.81202996e+08  8.19e-05 7.50e-07  5.88e-03   261s
  99   5.81243820e+08  5.81205331e+08  7.96e-05 6.39e-07  5.10e-03   263s
 100   5.81239729e+08  5.81208453e+08  7.66e-05 4.75e-07  4.14e-03   265s
 101   5.81236602e+08  5.81209862e+08  7.55e-05 3.99e-07  3.54e-03   267s
 102   5.81233895e+08  5.81211264e+08  7.52e-05 3.48e-07  3.00e-03   269s
 103   5.81231208e+08  5.81212843e+08  7.51e-05 2.54e-07  2.43e-03   271s
 104   5.81229556e+08  5.81213650e+08  7.09e-05 2.20e-07  2.10e-03   273s
 105   5.81226250e+08  5.81214782e+08  5.98e-05 1.63e-07  1.52e-03   276s
 106   5.81225389e+08  5.81215901e+08  5.38e-05 1.09e-07  1.25e-03   278s
 107   5.81222567e+08  5.81216469e+08  3.35e-05 8.54e-08  8.04e-04   279s
 108   5.81221598e+08  5.81217268e+08  2.34e-05 5.21e-08  5.69e-04   281s
 109   5.81220680e+08  5.81217464e+08  1.46e-05 4.50e-08  4.22e-04   284s
 110   5.81219951e+08  5.81217716e+08  1.35e-05 3.24e-07  2.93e-04   286s
 111   5.81219490e+08  5.81217975e+08  1.65e-05 2.50e-08  1.98e-04   289s
 112   5.81219066e+08  5.81218124e+08  2.00e-05 2.68e-07  1.23e-04   292s
 113   5.81218836e+08  5.81218306e+08  2.18e-05 1.94e-07  6.86e-05   295s
 114   5.81218708e+08  5.81218341e+08  2.30e-05 1.84e-08  4.72e-05   296s
 115   5.81218680e+08  5.81218345e+08  2.32e-05 4.25e-07  4.29e-05   298s
 116   5.81218623e+08  5.81218345e+08  2.38e-05 1.81e-08  3.54e-05   299s
 117   5.81218531e+08  5.81218347e+08  2.47e-05 2.69e-06  2.31e-05   301s
 118   5.81218529e+08  5.81218350e+08  2.47e-05 2.38e-07  2.23e-05   302s
 119   5.81218485e+08  5.81218351e+08  2.51e-05 2.98e-07  1.65e-05   303s
 120   5.81218434e+08  5.81218354e+08  2.57e-05 3.37e-06  9.48e-06   304s
 121   5.81218382e+08  5.81218356e+08  2.62e-05 1.02e-06  2.36e-06   305s
 122   5.81218367e+08  5.81218357e+08  2.63e-05 3.97e-06  2.79e-07   306s
 123   5.81218368e+08  5.81218357e+08  2.62e-05 1.93e-05  1.04e-07   307s
 124   5.81218354e+08  5.81218357e+08  2.57e-05 6.19e-06  4.19e-08   309s
 125   5.81218361e+08  5.81218357e+08  2.63e-05 6.31e-06  3.43e-08   310s

Barrier solved model in 125 iterations and 309.74 seconds (327.99 work units)
Optimal objective 5.81218361e+08


Root crossover log...

   11913 DPushes remaining with DInf 0.0000000e+00               311s
       0 DPushes remaining with DInf 0.0000000e+00               314s

  452071 PPushes remaining with PInf 1.8230477e-01               314s
    2653 PPushes remaining with PInf 1.8195775e-01               315s
       0 PPushes remaining with PInf 1.2195384e-01               317s

  Push phase complete: Pinf 1.2195384e-01, Dinf 4.8095220e-08    317s


Root simplex log...

Iteration    Objective       Primal Inf.    Dual Inf.      Time
  463963    5.8121836e+08   1.219538e-01   0.000000e+00    318s
  464011    5.8121836e+08   0.000000e+00   0.000000e+00    320s
Concurrent spin time: 0.00s

Solved with barrier
  464011    5.8121836e+08   0.000000e+00   0.000000e+00    321s

Root relaxation: objective 5.812184e+08, 464011 iterations, 235.43 seconds (272.75 work units)
Total elapsed time = 327.66s (DegenMoves)

    Nodes    |    Current Node    |     Objective Bounds      |     Work
 Expl Unexpl |  Obj  Depth IntInf | Incumbent    BestBd   Gap | It/Node Time

     0     0 5.8122e+08    0   50          - 5.8122e+08      -     -  336s
H    0     0                    1.296970e+09 5.8122e+08  55.2%     -  482s
     0     0 5.8848e+08    0   51 1.2970e+09 5.8848e+08  54.6%     -  595s
     0     0 5.8867e+08    0   51 1.2970e+09 5.8867e+08  54.6%     -  693s
     0     0 5.8867e+08    0   51 1.2970e+09 5.8867e+08  54.6%     -  700s
     0     0 5.9664e+08    0   52 1.2970e+09 5.9664e+08  54.0%     -  827s
     0     0 5.9668e+08    0   50 1.2970e+09 5.9668e+08  54.0%     -  931s
     0     0 5.9669e+08    0   51 1.2970e+09 5.9669e+08  54.0%     -  942s
     0     0 5.9669e+08    0   51 1.2970e+09 5.9669e+08  54.0%     -  944s
     0     0 6.0162e+08    0   52 1.2970e+09 6.0162e+08  53.6%     - 1204s
     0     0 6.0171e+08    0   51 1.2970e+09 6.0171e+08  53.6%     - 1214s
     0     0 6.0171e+08    0   51 1.2970e+09 6.0171e+08  53.6%     - 1224s
     0     0 6.0748e+08    0   50 1.2970e+09 6.0748e+08  53.2%     - 1603s
     0     0 6.0811e+08    0   54 1.2970e+09 6.0811e+08  53.1%     - 1740s
     0     0 6.0811e+08    0   54 1.2970e+09 6.0811e+08  53.1%     - 1758s
     0     0 6.0811e+08    0   54 1.2970e+09 6.0811e+08  53.1%     - 1765s
     0     0 6.0846e+08    0   50 1.2970e+09 6.0846e+08  53.1%     - 1843s
     0     0 6.0849e+08    0   50 1.2970e+09 6.0849e+08  53.1%     - 1969s
     0     0 6.0849e+08    0   50 1.2970e+09 6.0849e+08  53.1%     - 1997s
     0     0 6.0849e+08    0   50 1.2970e+09 6.0849e+08  53.1%     - 1999s
     0     0 6.0849e+08    0   50 1.2970e+09 6.0849e+08  53.1%     - 2026s
     0     0 6.0849e+08    0   50 1.2970e+09 6.0849e+08  53.1%     - 2029s
     0     0 6.0849e+08    0   50 1.2970e+09 6.0849e+08  53.1%     - 2057s
     0     0 6.0849e+08    0   50 1.2970e+09 6.0849e+08  53.1%     - 2059s
     0     0 6.0849e+08    0   50 1.2970e+09 6.0849e+08  53.1%     - 2086s
     0     0 6.0895e+08    0   50 1.2970e+09 6.0895e+08  53.0%     - 2089s
     0     0 6.0895e+08    0   50 1.2970e+09 6.0895e+08  53.0%     - 2119s
     0     0 6.0983e+08    0   50 1.2970e+09 6.0983e+08  53.0%     - 2228s
     0     2 6.0983e+08    0   50 1.2970e+09 6.0983e+08  53.0%     - 2263s
     1     3 6.2595e+08    1   48 1.2970e+09 6.0983e+08  53.0% 85794 2524s
     2     4 6.1027e+08    1   50 1.2970e+09 6.1027e+08  52.9% 52082 2641s
     3     7 6.2636e+08    2   49 1.2970e+09 6.1027e+08  52.9% 35480 2750s
     6    13 6.2678e+08    3   49 1.2970e+09 6.1027e+08  52.9% 26138 2983s
    12    13 6.1986e+08    4   50 1.2970e+09 6.1153e+08  52.8% 28634 3232s
*   23    13               4    8.632287e+08 6.1153e+08  29.2% 31243 3232s
    25    13 6.8370e+08    5    2 8.6323e+08 6.1988e+08  28.2% 29753 3386s
    27    14 6.8370e+08    6    1 8.6323e+08 6.1988e+08  28.2% 27596 3554s
*   29    14               5    7.558229e+08 6.1988e+08  18.0% 25871 3554s
H   30    13                    6.837440e+08 6.1988e+08  9.34% 25008 3729s
    35    13 6.8372e+08    8    1 6.8374e+08 6.1988e+08  9.34% 21777 3836s
    46    21     cutoff    9      6.8374e+08 6.3091e+08  7.73% 24717 3850s
H   59    24                    6.584729e+08 6.3161e+08  4.08% 20155 3946s
H   60    23                    6.380894e+08 6.3161e+08  1.01% 19867 3946s
    78     2     cutoff    8      6.3809e+08 6.3198e+08  0.96% 15470 3977s
    97     9 6.3248e+08   13   14 6.3809e+08 6.3221e+08  0.92% 12547 4013s
   107    20     cutoff   15      6.3809e+08 6.3243e+08  0.89% 11418 4061s
*  121    20              20    6.345175e+08 6.3248e+08  0.32% 10120 4061s
*  126    20              20    6.344646e+08 6.3248e+08  0.31%  9723 4061s
   134    41 6.3278e+08   19    5 6.3446e+08 6.3266e+08  0.28%  9178 4079s
*  148    41              21    6.340318e+08 6.3266e+08  0.22%  8318 4079s
*  152    41              20    6.338203e+08 6.3266e+08  0.18%  8100 4079s
*  166    41              22    6.337622e+08 6.3283e+08  0.15%  7430 4080s
   204    17     cutoff   21      6.3376e+08 6.3283e+08  0.15%  6072 4099s
   222    17 6.3355e+08   22    2 6.3376e+08 6.3283e+08  0.15%  5586 4100s
*  228    17              25    6.335283e+08 6.3283e+08  0.11%  5442 4100s
   261     0 6.3333e+08   22    3 6.3353e+08 6.3302e+08  0.08%  4764 4107s
*  266     0              24    6.334410e+08 6.3302e+08  0.07%  4676 4107s

Cutting planes:
  Learned: 1
  Gomory: 14
  Implied bound: 356
  MIR: 3447
  Flow cover: 1042
  Relax-and-lift: 660

Explored 285 nodes (1860068 simplex iterations) in 4109.72 seconds (4693.52 work units)
Thread count was 32 (of 384 available processors)

Solution count 10: 6.33441e+08 6.33528e+08 6.33762e+08 ... 6.83744e+08

Optimal solution found (tolerance 1.00e-05)
Best objective 6.334410357254e+08, best bound 6.334410357254e+08, gap 0.0000%

User-callback calls 1457713, time in user-callback 0.52 sec
 16.352296 seconds (141.70 M allocations: 7.796 GiB, 36.76% gc time, 26.84% compilation time)
4129.869987 seconds (76.23 M allocations: 5.012 GiB, 0.10% gc time, 0.02% compilation time)
