Set parameter WLSAccessID
Set parameter WLSSecret
Set parameter LicenseID to value 2677366
Academic license 2677366 - for non-commercial use only - registered to la___@mit.edu
Set parameter MIPGap to value 1e-05
Set parameter TimeLimit to value 14400
Set parameter MIPGap to value 1e-05
Set parameter TimeLimit to value 14400
Gurobi Optimizer version 12.0.2 build v12.0.2rc0 (linux64 - "Rocky Linux 8.10 (Green Obsidian)")

CPU model: AMD EPYC 9654 96-Core Processor, instruction set [SSE2|AVX|AVX2|AVX512]
Thread count: 192 physical cores, 384 logical processors, using up to 32 threads

Non-default parameters:
TimeLimit  14400
MIPGap  1e-05

Academic license 2677366 - for non-commercial use only - registered to la___@mit.edu
Optimize a model with 4119401 rows, 3189004 columns and 11428570 nonzeros
Model fingerprint: 0xb11c0754
Variable types: 3188926 continuous, 78 integer (78 binary)
Coefficient statistics:
  Matrix range     [9e-01, 1e+03]
  Objective range  [2e-01, 7e+06]
  Bounds range     [9e+00, 1e+02]
  RHS range        [6e+00, 7e+01]
Presolve removed 722784 rows and 669320 columns (presolve time = 5s)...
Presolve removed 723829 rows and 669322 columns (presolve time = 10s)...
Presolve removed 723829 rows and 669322 columns (presolve time = 15s)...
Presolve removed 723829 rows and 669322 columns (presolve time = 20s)...
Presolve removed 723829 rows and 669322 columns (presolve time = 25s)...
Presolve removed 723829 rows and 669322 columns (presolve time = 30s)...
Presolve removed 723829 rows and 669322 columns (presolve time = 35s)...
Presolve removed 723830 rows and 669323 columns (presolve time = 40s)...
Presolve removed 723830 rows and 669323 columns
Presolve time: 40.49s
Presolved: 3395571 rows, 2519681 columns, 9338778 nonzeros
Variable types: 2519603 continuous, 78 integer (52 binary)
Deterministic concurrent LP optimizer: primal simplex, dual simplex, and barrier
Showing barrier log only...

Root barrier log...

Ordering time: 0.80s

Barrier statistics:
 Dense cols : 104
 AA' NZ     : 8.837e+06
 Factor NZ  : 4.047e+07 (roughly 2.7 GB of memory)
 Factor Ops : 6.268e+08 (less than 1 second per iteration)
 Threads    : 29

                  Objective                Residual
Iter       Primal          Dual         Primal    Dual     Compl     Time
   0   1.17003682e+13 -1.56096304e+14  5.67e+06 1.95e+03  5.87e+09    93s
   1   1.13876343e+13 -1.51168850e+14  5.43e+06 3.42e+05  4.96e+09    94s
   2   7.57606259e+12 -1.98734122e+14  3.42e+06 1.02e+05  3.13e+09    95s
   3   6.70059559e+12 -1.94517540e+14  3.06e+06 1.06e+04  2.76e+09    96s
   4   6.72738444e+11 -1.85386524e+14  2.83e+05 1.22e-04  3.03e+08    97s
   5   9.55295138e+10 -1.26671665e+14  4.28e+04 7.11e-04  5.01e+07    98s
   6   8.84142882e+10 -6.23518756e+13  3.98e+04 3.67e-02  3.12e+07    99s
   7   6.89440366e+10 -5.25564174e+13  3.04e+04 2.16e-02  2.33e+07   100s
   8   4.27022903e+10 -3.42741565e+13  1.81e+04 7.26e-03  1.25e+07   101s
   9   2.97576986e+10 -1.38126159e+13  1.20e+04 3.91e-04  5.40e+06   102s
  10   1.75235152e+10 -5.70234264e+12  6.17e+03 1.15e-04  1.99e+06   103s
  11   6.00434694e+09 -1.84514745e+12  7.30e+02 2.02e-03  3.32e+05   104s
  12   4.90383095e+09 -5.11269021e+11  2.10e+02 2.04e-05  7.99e+04   106s
  13   4.78588197e+09 -3.47479432e+11  1.57e+02 1.08e-04  5.28e+04   106s
  14   4.67009430e+09 -2.46024740e+11  1.06e+02 7.88e-05  3.62e+04   108s
  15   4.61233917e+09 -1.54592856e+11  8.34e+01 4.02e-05  2.25e+04   108s
  16   4.51161192e+09 -1.01070793e+11  4.85e+01 3.45e-05  1.46e+04   110s
  17   4.47733790e+09 -7.81982144e+10  4.06e+01 2.69e-05  1.13e+04   110s
  18   4.37506736e+09 -4.83225772e+10  2.39e+01 1.38e-05  7.13e+03   112s
  19   4.26370757e+09 -2.81574201e+10  1.94e+01 6.90e-06  4.37e+03   113s
  20   4.04327187e+09 -2.66595696e+10  1.29e+01 7.04e-06  4.12e+03   114s
  21   3.84954415e+09 -1.42974527e+10  1.01e+01 2.40e-06  2.43e+03   116s
  22   3.65357346e+09 -8.45774779e+09  7.81e+00 4.19e-06  1.62e+03   117s
  23   3.47355038e+09 -6.31724264e+09  6.58e+00 2.92e-06  1.31e+03   119s
  24   3.30252808e+09 -5.33552158e+09  5.74e+00 2.56e-06  1.15e+03   120s
  25   2.98655763e+09 -3.33177607e+09  4.62e+00 8.50e-06  8.42e+02   122s
  26   2.80944035e+09 -3.03655664e+09  4.17e+00 7.74e-06  7.79e+02   124s
  27   2.55517970e+09 -2.20492292e+09  3.63e+00 6.96e-06  6.34e+02   125s
  28   2.25358929e+09 -1.53587051e+09  3.10e+00 4.43e-05  5.04e+02   127s
  29   2.22010918e+09 -1.22349822e+09  3.04e+00 4.50e-05  4.58e+02   128s
  30   2.01307726e+09 -9.76325499e+08  2.66e+00 3.21e-05  3.98e+02   130s
  31   1.87606390e+09 -8.81405950e+08  2.39e+00 3.14e-05  3.67e+02   132s
  32   1.85326906e+09 -8.47282348e+08  2.36e+00 3.08e-05  3.59e+02   133s
  33   1.62696403e+09 -6.65070664e+08  1.96e+00 2.74e-05  3.05e+02   135s
  34   1.57663310e+09 -5.39444527e+08  1.88e+00 2.47e-05  2.81e+02   136s
  35   1.38181509e+09 -4.23411601e+08  1.55e+00 2.25e-05  2.40e+02   138s
  36   1.31528679e+09 -3.85075944e+08  1.43e+00 2.18e-05  2.26e+02   140s
  37   1.16440054e+09 -2.32113074e+08  1.19e+00 1.79e-05  1.86e+02   142s
  38   1.08818445e+09 -7.53165029e+07  1.08e+00 1.23e-05  1.55e+02   144s
  39   1.05225652e+09 -4.71083158e+07  1.02e+00 1.14e-05  1.46e+02   145s
  40   9.45114537e+08 -1.04138271e+06  8.44e-01 1.08e-05  1.26e+02   147s
  41   8.87969695e+08  3.10556459e+07  7.40e-01 1.00e-05  1.14e+02   149s
  42   8.40468658e+08  1.49097948e+08  6.59e-01 1.28e-04  9.19e+01   151s
  43   7.51150973e+08  2.20877333e+08  5.05e-01 1.79e-06  7.05e+01   152s
  44   7.11414808e+08  2.96163662e+08  4.46e-01 5.01e-07  5.52e+01   154s
  45   6.76689008e+08  3.37214541e+08  3.80e-01 1.15e-05  4.51e+01   156s
  46   6.48427096e+08  3.94553115e+08  3.26e-01 2.35e-06  3.37e+01   158s
  47   6.31784062e+08  4.17736741e+08  2.87e-01 2.77e-06  2.84e+01   159s
  48   6.20486680e+08  4.38988637e+08  2.64e-01 2.25e-06  2.41e+01   161s
  49   6.13023902e+08  4.47116299e+08  2.49e-01 2.83e-06  2.20e+01   163s
  50   6.08117456e+08  4.52181559e+08  2.37e-01 2.56e-06  2.07e+01   165s
  51   6.04753785e+08  4.57188647e+08  2.27e-01 2.48e-06  1.96e+01   166s
  52   6.00250122e+08  4.67673583e+08  2.11e-01 2.56e-06  1.76e+01   168s
  53   5.93919211e+08  4.83048028e+08  1.94e-01 6.48e-07  1.47e+01   170s
  54   5.91365013e+08  4.92930013e+08  1.84e-01 5.76e-07  1.31e+01   172s
  55   5.87886092e+08  5.02828371e+08  1.67e-01 4.33e-05  1.13e+01   174s
  56   5.85026331e+08  5.16470096e+08  1.53e-01 6.09e-07  9.10e+00   176s
  57   5.81297322e+08  5.25775909e+08  1.31e-01 4.13e-07  7.37e+00   178s
  58   5.79614198e+08  5.29599812e+08  1.20e-01 3.48e-07  6.64e+00   180s
  59   5.78811733e+08  5.37613991e+08  1.14e-01 8.25e-06  5.46e+00   182s
  60   5.75419304e+08  5.40443178e+08  9.32e-02 1.32e-05  4.64e+00   184s
  61   5.73637285e+08  5.44568190e+08  8.06e-02 9.32e-06  3.86e+00   185s
  62   5.71326765e+08  5.48556673e+08  6.70e-02 6.45e-07  3.02e+00   187s
  63   5.68403879e+08  5.52140837e+08  4.76e-02 8.94e-07  2.16e+00   189s
  64   5.67093596e+08  5.54714743e+08  3.93e-02 1.06e-06  1.64e+00   191s
  65   5.66139659e+08  5.56481741e+08  3.27e-02 4.65e-07  1.28e+00   193s
  66   5.64979085e+08  5.57696694e+08  2.49e-02 2.57e-07  9.65e-01   194s
  67   5.64139950e+08  5.58480867e+08  1.91e-02 3.80e-07  7.50e-01   196s
  68   5.63506860e+08  5.58776314e+08  1.48e-02 3.92e-07  6.28e-01   198s
  69   5.62979476e+08  5.58948532e+08  1.12e-02 4.27e-07  5.35e-01   201s
  70   5.62723360e+08  5.59734785e+08  9.32e-03 5.27e-07  3.97e-01   203s
  71   5.62386499e+08  5.60140502e+08  6.79e-03 4.05e-07  2.98e-01   205s
  72   5.62194015e+08  5.60557662e+08  5.34e-03 4.34e-07  2.17e-01   207s
  73   5.62051645e+08  5.60767629e+08  4.23e-03 4.58e-07  1.71e-01   209s
  74   5.61893274e+08  5.60967735e+08  3.07e-03 2.34e-07  1.23e-01   212s
  75   5.61808561e+08  5.61070947e+08  2.43e-03 1.82e-07  9.80e-02   215s
  76   5.61738728e+08  5.61198400e+08  1.88e-03 1.36e-07  7.18e-02   217s
  77   5.61671438e+08  5.61247729e+08  1.35e-03 1.16e-07  5.63e-02   220s
  78   5.61623828e+08  5.61303846e+08  9.83e-04 9.15e-08  4.26e-02   223s
  79   5.61583872e+08  5.61346358e+08  6.33e-04 6.85e-08  3.16e-02   226s
  80   5.61562129e+08  5.61384004e+08  4.86e-04 4.71e-08  2.37e-02   229s
  81   5.61550965e+08  5.61412164e+08  4.17e-04 1.12e-07  1.85e-02   232s
  82   5.61539502e+08  5.61431406e+08  3.46e-04 3.54e-07  1.44e-02   235s
  83   5.61533114e+08  5.61460592e+08  2.93e-04 1.99e-07  9.67e-03   240s
  84   5.61523923e+08  5.61483778e+08  1.80e-04 9.04e-08  5.36e-03   243s
  85   5.61519259e+08  5.61489352e+08  1.20e-04 8.62e-08  3.99e-03   246s
  86   5.61515537e+08  5.61497477e+08  7.01e-05 1.44e-08  2.41e-03   249s
  87   5.61513234e+08  5.61501047e+08  4.03e-05 6.44e-07  1.62e-03   252s
  88   5.61512360e+08  5.61504766e+08  3.11e-05 1.64e-07  1.01e-03   254s
  89   5.61511529e+08  5.61507307e+08  2.28e-05 1.69e-08  5.60e-04   256s
  90   5.61511051e+08  5.61508259e+08  1.60e-05 2.01e-08  3.69e-04   258s
  91   5.61510783e+08  5.61508631e+08  1.19e-05 8.20e-08  2.84e-04   260s
  92   5.61510641e+08  5.61509026e+08  9.61e-06 1.92e-08  2.13e-04   263s
  93   5.61510366e+08  5.61509492e+08  6.83e-06 1.42e-08  1.14e-04   265s
  94   5.61510240e+08  5.61509710e+08  4.90e-06 2.61e-08  6.91e-05   267s
  95   5.61510209e+08  5.61509969e+08  4.30e-06 2.27e-07  3.08e-05   269s
  96   5.61510119e+08  5.61510018e+08  1.17e-06 1.23e-07  1.31e-05   271s
  97   5.61510089e+08  5.61510070e+08  3.42e-07 4.44e-07  2.45e-06   272s
  98   5.61510082e+08  5.61510081e+08  5.09e-08 6.40e-06  1.58e-07   273s
  99   5.61510082e+08  5.61510082e+08  8.20e-08 2.74e-06  1.26e-10   274s

Barrier solved model in 99 iterations and 274.15 seconds (271.95 work units)
Optimal objective 5.61510082e+08


Root crossover log...

   13952 DPushes remaining with DInf 0.0000000e+00               275s
       0 DPushes remaining with DInf 0.0000000e+00               277s

  445571 PPushes remaining with PInf 0.0000000e+00               277s
       0 PPushes remaining with PInf 0.0000000e+00               279s

  Push phase complete: Pinf 0.0000000e+00, Dinf 7.4912750e-08    280s


Root simplex log...

Iteration    Objective       Primal Inf.    Dual Inf.      Time
  459525    5.6151008e+08   0.000000e+00   0.000000e+00    280s
Concurrent spin time: 47.07s (can be avoided by choosing Method=3)

Solved with barrier
  459525    5.6151008e+08   0.000000e+00   0.000000e+00    328s

Root relaxation: objective 5.615101e+08, 459525 iterations, 246.75 seconds (212.65 work units)
Total elapsed time = 334.28s (DegenMoves)

    Nodes    |    Current Node    |     Objective Bounds      |     Work
 Expl Unexpl |  Obj  Depth IntInf | Incumbent    BestBd   Gap | It/Node Time

     0     0 5.6151e+08    0   57          - 5.6151e+08      -     -  343s
     0     0 5.6950e+08    0   56          - 5.6950e+08      -     -  646s
     0     0 5.7004e+08    0   55          - 5.7004e+08      -     -  795s
     0     0 5.7004e+08    0   55          - 5.7004e+08      -     -  797s
H    0     0                    1.280940e+09 5.7004e+08  55.5%     -  824s
     0     0 5.7813e+08    0   55 1.2809e+09 5.7813e+08  54.9%     -  849s
     0     0 5.7862e+08    0   52 1.2809e+09 5.7862e+08  54.8%     -  901s
     0     0 5.7862e+08    0   52 1.2809e+09 5.7862e+08  54.8%     -  906s
     0     0 5.7904e+08    0   55 1.2809e+09 5.7904e+08  54.8%     -  990s
     0     0 5.7930e+08    0   54 1.2809e+09 5.7930e+08  54.8%     - 1150s
     0     0 5.7933e+08    0   54 1.2809e+09 5.7933e+08  54.8%     - 1159s
     0     0 5.7933e+08    0   54 1.2809e+09 5.7933e+08  54.8%     - 1161s
     0     0 5.7990e+08    0   54 1.2809e+09 5.7990e+08  54.7%     - 1263s
     0     0 5.8012e+08    0   55 1.2809e+09 5.8012e+08  54.7%     - 1272s
     0     0 5.8012e+08    0   55 1.2809e+09 5.8012e+08  54.7%     - 1274s
     0     0 5.8012e+08    0   55 1.2809e+09 5.8012e+08  54.7%     - 1335s
     0     0 5.8012e+08    0   55 1.2809e+09 5.8012e+08  54.7%     - 1344s
     0     0 5.8012e+08    0   55 1.2809e+09 5.8012e+08  54.7%     - 1346s
     0     0 5.8016e+08    0   55 1.2809e+09 5.8016e+08  54.7%     - 1400s
     0     0 5.8019e+08    0   55 1.2809e+09 5.8019e+08  54.7%     - 1403s
     0     0 5.8042e+08    0   54 1.2809e+09 5.8042e+08  54.7%     - 1438s
     0     0 5.8044e+08    0   54 1.2809e+09 5.8044e+08  54.7%     - 1449s
     0     0 5.8044e+08    0   56 1.2809e+09 5.8044e+08  54.7%     - 1461s
     0     0 5.8044e+08    0   56 1.2809e+09 5.8044e+08  54.7%     - 1463s
     0     0 5.8044e+08    0   56 1.2809e+09 5.8044e+08  54.7%     - 1490s
     0     0 5.8044e+08    0   56 1.2809e+09 5.8044e+08  54.7%     - 1492s
     0     0 5.8044e+08    0   56 1.2809e+09 5.8044e+08  54.7%     - 1519s
     0     0 5.8044e+08    0   56 1.2809e+09 5.8044e+08  54.7%     - 1521s
     0     0 5.8044e+08    0   56 1.2809e+09 5.8044e+08  54.7%     - 1548s
     0     0 5.8044e+08    0   56 1.2809e+09 5.8044e+08  54.7%     - 1550s
     0     0 5.8044e+08    0   56 1.2809e+09 5.8044e+08  54.7%     - 1576s
     0     0 5.8050e+08    0   56 1.2809e+09 5.8050e+08  54.7%     - 1677s
     0     2 5.8050e+08    0   56 1.2809e+09 5.8050e+08  54.7%     - 1823s
     1     3 6.0941e+08    1   33 1.2809e+09 5.8050e+08  54.7% 100791 1988s
     2     4 6.1520e+08    2   17 1.2809e+09 5.8050e+08  54.7% 54554 2044s
     5     7 6.1880e+08    3   24 1.2809e+09 6.1325e+08  52.1% 24404 2133s
     8    14 6.2017e+08    4   22 1.2809e+09 6.1325e+08  52.1% 16976 2197s
    15    28 6.2363e+08    5   24 1.2809e+09 6.1596e+08  51.9% 11223 2270s
    29    50 6.2995e+08    6   24 1.2809e+09 6.1611e+08  51.9%  7913 2314s
*   51    45               6    6.455557e+08 6.1622e+08  4.54%  6109 2314s
    53    65 6.1642e+08    7    3 6.4556e+08 6.1628e+08  4.54%  5893 2327s
    85   184 6.1647e+08    8    4 6.4556e+08 6.1633e+08  4.53%  3859 2356s
*   88   184              11    6.181241e+08 6.1633e+08  0.29%  3743 2357s
*   89   184              11    6.167458e+08 6.1633e+08  0.07%  3701 2357s
   240    56 6.1661e+08   10    2 6.1675e+08 6.1645e+08  0.05%  1658 2365s
*  332    56              13    6.166879e+08 6.1645e+08  0.04%  1206 2366s
   384     3     cutoff   11      6.1669e+08 6.1645e+08  0.04%  1061 2372s

Cutting planes:
  Gomory: 10
  Implied bound: 103
  MIR: 3655
  Flow cover: 57
  RLT: 8
  Relax-and-lift: 171

Explored 438 nodes (1016364 simplex iterations) in 2374.23 seconds (2234.77 work units)
Thread count was 32 (of 384 available processors)

Solution count 5: 6.16688e+08 6.16746e+08 6.18124e+08 ... 1.28094e+09

Optimal solution found (tolerance 1.00e-05)
Best objective 6.166879087856e+08, best bound 6.166879087856e+08, gap 0.0000%

User-callback calls 673729, time in user-callback 0.23 sec
 29.572369 seconds (283.72 M allocations: 19.205 GiB, 27.98% gc time, 16.70% compilation time)
2393.024370 seconds (75.39 M allocations: 4.986 GiB, 0.15% gc time, 0.04% compilation time)
