Set parameter WLSAccessID
Set parameter WLSSecret
Set parameter LicenseID to value 2677366
Academic license 2677366 - for non-commercial use only - registered to la___@mit.edu
Set parameter MIPGap to value 1e-05
Set parameter TimeLimit to value 14400
Set parameter MIPGap to value 1e-05
Set parameter TimeLimit to value 14400
Gurobi Optimizer version 12.0.2 build v12.0.2rc0 (linux64 - "Rocky Linux 8.10 (Green Obsidian)")

CPU model: AMD EPYC 9474F 48-Core Processor, instruction set [SSE2|AVX|AVX2|AVX512]
Thread count: 96 physical cores, 192 logical processors, using up to 32 threads

Non-default parameters:
TimeLimit  14400
MIPGap  1e-05

Academic license 2677366 - for non-commercial use only - registered to la___@mit.edu
Optimize a model with 4138329 rows, 3189004 columns and 11447498 nonzeros
Model fingerprint: 0x886e28af
Variable types: 3188926 continuous, 78 integer (78 binary)
Coefficient statistics:
  Matrix range     [9e-01, 4e+01]
  Objective range  [2e-01, 7e+06]
  Bounds range     [9e+00, 1e+02]
  RHS range        [6e+00, 7e+01]
Presolve removed 722784 rows and 669320 columns (presolve time = 5s)...
Presolve removed 723827 rows and 669320 columns (presolve time = 10s)...
Presolve removed 723829 rows and 669322 columns (presolve time = 15s)...
Presolve removed 723829 rows and 669322 columns (presolve time = 20s)...
Presolve removed 723829 rows and 669324 columns (presolve time = 25s)...
Presolve removed 723829 rows and 669324 columns (presolve time = 30s)...
Presolve removed 761104 rows and 669399 columns (presolve time = 35s)...
Presolve removed 957090 rows and 679148 columns (presolve time = 40s)...
Presolve removed 957090 rows and 679148 columns (presolve time = 45s)...
Presolve removed 957090 rows and 679148 columns (presolve time = 50s)...
Presolve removed 957090 rows and 679148 columns (presolve time = 55s)...
Presolve removed 957090 rows and 679148 columns
Presolve time: 57.88s
Presolved: 3181239 rows, 2509856 columns, 8873095 nonzeros
Variable types: 2509779 continuous, 77 integer (51 binary)
Deterministic concurrent LP optimizer: primal simplex, dual simplex, and barrier
Showing barrier log only...

Root barrier log...

Ordering time: 0.79s

Barrier statistics:
 Dense cols : 80
 AA' NZ     : 8.177e+06
 Factor NZ  : 3.778e+07 (roughly 2.6 GB of memory)
 Factor Ops : 6.395e+08 (less than 1 second per iteration)
 Threads    : 29

                  Objective                Residual
Iter       Primal          Dual         Primal    Dual     Compl     Time
   0   1.54873056e+12 -2.69912205e+14  1.06e+04 2.00e+03  6.13e+08   101s
   1   1.12327005e+12 -2.21578480e+14  7.61e+03 3.44e+05  3.59e+08   102s
   2   1.05427065e+12 -1.91596971e+14  7.12e+03 1.09e+05  2.84e+08   103s
   3   6.13803276e+11 -1.55613103e+14  4.19e+03 4.05e-03  1.66e+08   104s
   4   1.07091758e+11 -9.65801424e+13  7.02e+02 4.42e-02  3.34e+07   105s
   5   3.53586364e+10 -2.60885459e+13  2.11e+02 5.40e-02  6.96e+06   106s
   6   2.79712971e+10 -4.76337205e+12  1.61e+02 2.02e-01  1.88e+06   106s
   7   6.67782022e+09 -2.10515583e+12  1.48e+01 8.20e-03  3.68e+05   107s
   8   6.50705396e+09 -1.13665776e+12  1.36e+01 2.98e-03  2.04e+05   108s
   9   6.08050029e+09 -5.80405033e+11  1.07e+01 1.67e-03  9.99e+04   109s
  10   5.88188407e+09 -4.59059240e+11  9.31e+00 1.28e-03  7.78e+04   110s
  11   5.53876527e+09 -2.96858086e+11  7.02e+00 7.43e-04  4.84e+04   112s
  12   5.42868828e+09 -1.84212283e+11  6.30e+00 4.64e-04  2.99e+04   113s
  13   5.23048926e+09 -1.51883868e+11  5.06e+00 4.40e-04  2.42e+04   115s
  14   5.12688208e+09 -1.24217256e+11  4.39e+00 3.78e-04  1.96e+04   117s
  15   4.85652895e+09 -7.03074389e+10  2.90e+00 1.76e-04  1.10e+04   119s
  16   4.62445916e+09 -4.16311923e+10  1.97e+00 1.95e-03  6.62e+03   121s
  17   4.28635457e+09 -3.13962857e+10  1.30e+00 1.03e-03  5.03e+03   123s
  18   3.95245148e+09 -2.26406863e+10  8.44e-01 7.08e-04  3.70e+03   124s
  19   3.88080356e+09 -1.82456470e+10  7.70e-01 5.84e-04  3.08e+03   125s
  20   3.68971654e+09 -1.49150966e+10  6.17e-01 4.92e-04  2.58e+03   125s
  21   3.59897630e+09 -1.30740750e+10  5.61e-01 4.45e-04  2.31e+03   126s
  22   3.47801148e+09 -1.16587829e+10  4.97e-01 4.06e-04  2.09e+03   127s
  23   3.39631816e+09 -9.12725219e+09  4.58e-01 3.35e-04  1.73e+03   128s
  24   3.26487823e+09 -8.10261543e+09  4.14e-01 3.05e-04  1.57e+03   128s
  25   3.10749540e+09 -7.58039286e+09  3.75e-01 2.88e-04  1.47e+03   129s
  26   2.85179604e+09 -5.62298747e+09  3.21e-01 2.25e-04  1.16e+03   130s
  27   2.55630191e+09 -3.82279071e+09  2.54e-01 1.72e-04  8.75e+02   131s
  28   2.41837309e+09 -2.78527397e+09  2.32e-01 1.38e-04  7.13e+02   132s
  29   2.13607400e+09 -2.59031301e+09  1.95e-01 1.31e-04  6.47e+02   133s
  30   1.98521827e+09 -1.34721095e+09  1.73e-01 8.06e-05  4.55e+02   135s
  31   1.77062746e+09 -1.07949807e+09  1.44e-01 7.06e-05  3.89e+02   136s
  32   1.76617627e+09 -1.01782399e+09  1.44e-01 6.83e-05  3.80e+02   137s
  33   1.68324529e+09 -9.43627654e+08  1.30e-01 6.51e-05  3.59e+02   138s
  34   1.54031066e+09 -5.80992226e+08  1.14e-01 5.04e-05  2.89e+02   139s
  35   1.44120072e+09 -4.19276464e+08  1.04e-01 4.41e-05  2.54e+02   140s
  36   1.24562678e+09 -3.09813121e+08  8.19e-02 3.90e-05  2.12e+02   142s
  37   1.16083505e+09 -2.37363587e+08  7.20e-02 3.52e-05  1.91e+02   142s
  38   1.13691960e+09 -3.09015028e+07  6.96e-02 2.61e-05  1.59e+02   144s
  39   1.01360954e+09  9.48133554e+07  5.51e-02 2.07e-05  1.25e+02   145s
  40   9.26184463e+08  2.67763210e+08  4.41e-02 7.02e-05  8.96e+01   146s
  41   9.07946131e+08  3.67682508e+08  4.15e-02 9.91e-05  7.35e+01   147s
  42   8.96778577e+08  3.91737257e+08  4.04e-02 9.55e-05  6.87e+01   148s
  43   8.73977191e+08  4.15963731e+08  3.72e-02 1.05e-04  6.23e+01   150s
  44   8.47678378e+08  4.25870248e+08  3.40e-02 9.42e-05  5.74e+01   151s
  45   8.24954162e+08  4.56765786e+08  3.13e-02 7.39e-05  5.00e+01   152s
  46   8.10454641e+08  5.02236951e+08  2.94e-02 3.34e-05  4.19e+01   153s
  47   7.82091446e+08  5.22212497e+08  2.57e-02 4.44e-05  3.53e+01   154s
  48   7.69890364e+08  5.28997224e+08  2.40e-02 4.16e-05  3.27e+01   155s
  49   7.54041141e+08  5.33344068e+08  2.18e-02 3.81e-05  3.00e+01   156s
  50   7.43142958e+08  5.36859069e+08  2.04e-02 3.58e-05  2.80e+01   157s
  51   7.35905741e+08  5.43942556e+08  1.96e-02 3.09e-05  2.61e+01   159s
  52   7.27048314e+08  5.47974990e+08  1.83e-02 3.09e-05  2.43e+01   159s
  53   7.24478150e+08  5.49710642e+08  1.80e-02 2.88e-05  2.37e+01   161s
  54   7.14309816e+08  5.52945266e+08  1.66e-02 2.50e-05  2.19e+01   162s
  55   7.03591272e+08  5.58726020e+08  1.53e-02 2.44e-05  1.97e+01   163s
  56   7.00708687e+08  5.59716060e+08  1.49e-02 2.28e-05  1.91e+01   164s
  57   6.91361449e+08  5.69387962e+08  1.37e-02 6.71e-06  1.65e+01   165s

Barrier performed 57 iterations in 165.38 seconds (180.36 work units)
Barrier solve interrupted - model solved by another algorithm

Concurrent spin time: 0.38s

Solved with dual simplex

Root simplex log...

Iteration    Objective       Primal Inf.    Dual Inf.      Time
 1347090    6.2467438e+08   0.000000e+00   0.000000e+00    167s

Root relaxation: objective 6.246744e+08, 1347090 iterations, 74.43 seconds (91.40 work units)
Total elapsed time = 171.61s (DegenMoves)

    Nodes    |    Current Node    |     Objective Bounds      |     Work
 Expl Unexpl |  Obj  Depth IntInf | Incumbent    BestBd   Gap | It/Node Time

     0     0 6.2467e+08    0   30          - 6.2467e+08      -     -  177s
H    0     0                    7.242275e+08 6.2467e+08  13.7%     -  325s
     0     0 6.5812e+08    0    7 7.2423e+08 6.5812e+08  9.13%     -  357s
     0     0 6.5838e+08    0   10 7.2423e+08 6.5838e+08  9.09%     -  379s
     0     0 6.5838e+08    0   10 7.2423e+08 6.5838e+08  9.09%     -  460s
H    0     0                    6.620455e+08 6.5838e+08  0.55%     -  540s
     0     0 6.5838e+08    0   24 6.6205e+08 6.5838e+08  0.55%     -  641s
     0     0 6.5838e+08    0    7 6.6205e+08 6.5838e+08  0.55%     -  703s
H    0     0                    6.608385e+08 6.5838e+08  0.37%     -  752s
     0     0 6.5840e+08    0   11 6.6084e+08 6.5840e+08  0.37%     -  756s
     0     0 6.5840e+08    0    9 6.6084e+08 6.5840e+08  0.37%     -  768s
Set parameter WLSAccessID
Set parameter WLSSecret
Set parameter LicenseID to value 2677366
Academic license 2677366 - for non-commercial use only - registered to la___@mit.edu
Set parameter MIPGap to value 1e-05
Set parameter TimeLimit to value 14400
Set parameter MIPGap to value 1e-05
Set parameter TimeLimit to value 14400
Gurobi Optimizer version 12.0.2 build v12.0.2rc0 (linux64 - "Rocky Linux 8.10 (Green Obsidian)")

CPU model: AMD EPYC 9474F 48-Core Processor, instruction set [SSE2|AVX|AVX2|AVX512]
Thread count: 96 physical cores, 192 logical processors, using up to 32 threads

Non-default parameters:
TimeLimit  14400
MIPGap  1e-05

Academic license 2677366 - for non-commercial use only - registered to la___@mit.edu
Optimize a model with 4119401 rows, 3189004 columns and 11428570 nonzeros
Model fingerprint: 0x16a8f22d
Variable types: 3188926 continuous, 78 integer (78 binary)
Coefficient statistics:
  Matrix range     [9e-01, 1e+03]
  Objective range  [2e-01, 7e+06]
  Bounds range     [9e+00, 1e+02]
  RHS range        [6e+00, 7e+01]
Presolve removed 722784 rows and 669320 columns (presolve time = 5s)...
Presolve removed 723829 rows and 669322 columns (presolve time = 10s)...
Presolve removed 723829 rows and 669322 columns (presolve time = 15s)...
Presolve removed 723829 rows and 669322 columns (presolve time = 20s)...
Presolve removed 723829 rows and 669322 columns (presolve time = 25s)...
Presolve removed 723829 rows and 669322 columns (presolve time = 30s)...
Presolve removed 723830 rows and 669323 columns (presolve time = 35s)...
Presolve removed 723830 rows and 669323 columns
Presolve time: 38.22s
Presolved: 3395571 rows, 2519681 columns, 9338778 nonzeros
Variable types: 2519603 continuous, 78 integer (52 binary)
Deterministic concurrent LP optimizer: primal simplex, dual simplex, and barrier
Showing barrier log only...

Root barrier log...

Ordering time: 0.75s

Barrier statistics:
 Dense cols : 104
 AA' NZ     : 8.837e+06
 Factor NZ  : 4.047e+07 (roughly 2.7 GB of memory)
 Factor Ops : 6.268e+08 (less than 1 second per iteration)
 Threads    : 29

                  Objective                Residual
Iter       Primal          Dual         Primal    Dual     Compl     Time
   0   1.17010266e+13 -1.56096899e+14  5.67e+06 1.96e+03  5.87e+09    88s
   1   1.13887618e+13 -1.51168636e+14  5.43e+06 3.42e+05  4.96e+09    89s
   2   7.57667469e+12 -1.98725030e+14  3.42e+06 1.02e+05  3.13e+09    90s
   3   6.70163418e+12 -1.94521638e+14  3.06e+06 1.07e+04  2.76e+09    92s
   4   6.63535765e+11 -1.85450624e+14  2.78e+05 1.13e-04  3.00e+08    93s
   5   9.43272894e+10 -1.26162923e+14  4.21e+04 1.75e-02  4.94e+07    93s
   6   8.74275043e+10 -6.17440886e+13  3.92e+04 6.63e-03  3.07e+07    94s
   7   6.66346982e+10 -4.84026571e+13  2.93e+04 4.33e-03  2.15e+07    95s
   8   3.37511626e+10 -3.98496506e+13  1.37e+04 2.95e-03  1.17e+07    96s
   9   1.99414868e+10 -1.43161394e+13  7.17e+03 2.16e-03  4.03e+06    97s
  10   7.93288012e+09 -4.41802893e+12  1.34e+03 4.63e-03  8.52e+05    98s
  11   5.63862483e+09 -1.01922454e+12  3.16e+02 2.46e-03  1.66e+05    99s
  12   5.05961936e+09 -3.76119445e+11  7.72e+01 3.81e-04  5.57e+04   101s
  13   4.99245020e+09 -2.53452359e+11  5.25e+01 2.27e-04  3.71e+04   101s
  14   4.94832493e+09 -1.88068653e+11  3.65e+01 1.70e-04  2.74e+04   102s
  15   4.87924210e+09 -1.32101106e+11  1.31e+01 1.16e-04  1.91e+04   103s
  16   4.81830798e+09 -9.84734701e+10  1.56e+00 8.75e-05  1.42e+04   104s
  17   4.76172707e+09 -6.40953491e+10  1.11e+00 5.36e-05  9.38e+03   106s
  18   4.67909022e+09 -3.97766461e+10  7.68e-01 3.55e-05  6.01e+03   108s
  19   4.55136895e+09 -2.78221460e+10  6.01e-01 2.65e-05  4.36e+03   109s
  20   4.33455640e+09 -1.70188414e+10  4.41e-01 1.71e-05  2.86e+03   111s
  21   4.05445508e+09 -8.60375818e+09  3.03e-01 9.70e-06  1.69e+03   113s
  22   3.79996374e+09 -5.48781580e+09  2.33e-01 6.98e-06  1.24e+03   116s
  23   3.45325174e+09 -4.09853255e+09  1.93e-01 5.78e-06  1.01e+03   117s
  24   3.13139110e+09 -3.17812535e+09  1.68e-01 4.84e-06  8.41e+02   119s
  25   2.73490376e+09 -2.26087866e+09  1.39e-01 3.69e-06  6.65e+02   122s
  26   2.53199542e+09 -1.67222135e+09  1.26e-01 2.91e-06  5.60e+02   123s
  27   2.30122716e+09 -1.44187466e+09  1.12e-01 3.26e-06  4.98e+02   125s
  28   2.20916746e+09 -1.36875426e+09  1.06e-01 2.61e-06  4.76e+02   127s
  29   2.09518410e+09 -1.14020571e+09  9.90e-02 2.35e-06  4.31e+02   128s
  30   1.82926829e+09 -1.07663216e+09  8.25e-02 2.61e-06  3.87e+02   130s
  31   1.80887360e+09 -8.79272973e+08  8.03e-02 2.02e-06  3.58e+02   131s
  32   1.62082648e+09 -7.87130811e+08  6.89e-02 2.23e-06  3.20e+02   133s
  33   1.49521390e+09 -3.86835431e+08  6.23e-02 6.59e-06  2.50e+02   134s
  34   1.15710860e+09 -3.35042129e+08  4.47e-02 7.33e-06  1.98e+02   136s
  35   1.12439011e+09 -1.41012567e+08  4.27e-02 6.13e-06  1.68e+02   137s
  36   1.08434279e+09 -7.86195023e+07  4.02e-02 4.86e-06  1.55e+02   139s
  37   9.55798518e+08 -7.26604770e+07  3.39e-02 4.74e-06  1.37e+02   140s
  38   9.05331785e+08  4.03659483e+07  3.04e-02 2.62e-06  1.15e+02   142s
  39   8.56328202e+08  7.64482250e+07  2.68e-02 2.39e-06  1.04e+02   143s
  40   8.58783462e+08  8.39093273e+07  2.62e-02 2.37e-06  1.03e+02   145s
  41   8.09642208e+08  1.14031889e+08  2.34e-02 2.33e-06  9.25e+01   146s
  42   7.63210030e+08  1.81277446e+08  2.01e-02 1.15e-06  7.74e+01   148s
  43   7.30732869e+08  3.01837393e+08  1.78e-02 7.52e-07  5.70e+01   150s
  44   6.92673010e+08  3.37686456e+08  1.49e-02 5.87e-07  4.72e+01   152s
  45   6.71038340e+08  3.76290379e+08  1.32e-02 5.51e-07  3.92e+01   154s
  46   6.56393431e+08  3.97989463e+08  1.21e-02 4.67e-07  3.43e+01   155s
  47   6.51683099e+08  4.09781902e+08  1.17e-02 4.74e-07  3.21e+01   157s
  48   6.42130761e+08  4.24326242e+08  1.08e-02 4.35e-07  2.89e+01   158s
  49   6.39812560e+08  4.29628086e+08  1.06e-02 4.63e-07  2.79e+01   160s
  50   6.29970570e+08  4.51774459e+08  9.69e-03 7.05e-07  2.37e+01   161s
  51   6.26561395e+08  4.64451147e+08  9.33e-03 1.08e-06  2.15e+01   163s
  52   6.20629986e+08  4.81896625e+08  8.51e-03 1.65e-06  1.84e+01   164s
  53   6.18594414e+08  4.91601014e+08  8.14e-03 1.52e-06  1.69e+01   166s
  54   6.12961356e+08  5.07620005e+08  7.13e-03 1.33e-06  1.40e+01   168s
  55   6.09396843e+08  5.12210290e+08  6.48e-03 1.10e-06  1.29e+01   169s
  56   6.06838047e+08  5.23756122e+08  5.89e-03 1.63e-06  1.10e+01   171s
  57   6.03604408e+08  5.32019256e+08  5.17e-03 2.95e-06  9.50e+00   172s
  58   5.99091128e+08  5.42370142e+08  4.13e-03 3.40e-06  7.53e+00   174s
  59   5.97597625e+08  5.45747093e+08  3.79e-03 3.24e-06  6.88e+00   175s
  60   5.95800526e+08  5.52171486e+08  3.32e-03 3.59e-06  5.79e+00   177s
  61   5.92976507e+08  5.56498047e+08  2.67e-03 2.09e-06  4.84e+00   178s
  62   5.92007317e+08  5.62201340e+08  2.47e-03 3.81e-06  3.95e+00   180s
  63   5.90758021e+08  5.66382671e+08  2.20e-03 6.47e-06  3.23e+00   181s
  64   5.90020200e+08  5.67570948e+08  1.99e-03 5.57e-06  2.98e+00   183s
  65   5.89006889e+08  5.68990026e+08  1.79e-03 5.57e-06  2.66e+00   185s
  66   5.88300223e+08  5.71695653e+08  1.63e-03 4.31e-06  2.20e+00   186s
  67   5.87271648e+08  5.72683832e+08  1.42e-03 3.32e-06  1.93e+00   188s
  68   5.86628162e+08  5.74540332e+08  1.30e-03 2.90e-06  1.60e+00   190s
  69   5.86255093e+08  5.75264363e+08  1.22e-03 2.59e-06  1.46e+00   191s
  70   5.85774816e+08  5.75455101e+08  1.12e-03 2.50e-06  1.37e+00   193s
  71   5.85424599e+08  5.76071445e+08  1.04e-03 1.12e-05  1.24e+00   194s
  72   5.84967214e+08  5.76693872e+08  9.39e-04 1.44e-05  1.10e+00   196s
  73   5.84586075e+08  5.77452264e+08  8.60e-04 2.25e-05  9.46e-01   198s
  74   5.83962210e+08  5.77910602e+08  7.38e-04 2.14e-05  8.02e-01   199s
  75   5.83683230e+08  5.78192892e+08  6.77e-04 1.92e-05  7.28e-01   200s
  76   5.83595534e+08  5.78464960e+08  6.42e-04 1.79e-05  6.80e-01   202s
  77   5.83266662e+08  5.78934102e+08  5.70e-04 9.07e-06  5.74e-01   204s
  78   5.82939702e+08  5.79409145e+08  4.89e-04 9.55e-06  4.68e-01   205s
  79   5.82636474e+08  5.79708891e+08  5.26e-04 9.36e-06  3.88e-01   207s
  80   5.82460126e+08  5.79951260e+08  7.55e-04 1.06e-05  3.33e-01   209s
  81   5.82283394e+08  5.80236302e+08  6.84e-04 7.71e-06  2.71e-01   211s
  82   5.82086588e+08  5.80451569e+08  6.06e-04 5.69e-06  2.17e-01   213s
  83   5.81897109e+08  5.80657032e+08  4.94e-04 4.31e-06  1.64e-01   214s
  84   5.81770997e+08  5.80777491e+08  4.12e-04 3.27e-06  1.32e-01   216s
  85   5.81631023e+08  5.80865423e+08  3.28e-04 2.56e-06  1.01e-01   218s
  86   5.81536380e+08  5.80952376e+08  2.79e-04 3.36e-06  7.74e-02   220s
  87   5.81467319e+08  5.81002867e+08  2.31e-04 2.35e-07  6.16e-02   222s
  88   5.81415437e+08  5.81025287e+08  1.96e-04 2.38e-07  5.17e-02   224s
  89   5.81386168e+08  5.81061411e+08  1.55e-04 1.71e-07  4.31e-02   225s
  90   5.81360344e+08  5.81109807e+08  1.26e-04 1.69e-05  3.32e-02   227s
  91   5.81341183e+08  5.81134546e+08  1.07e-04 1.36e-05  2.74e-02   230s
  92   5.81310582e+08  5.81145942e+08  9.17e-05 1.44e-05  2.18e-02   232s
  93   5.81300783e+08  5.81158447e+08  8.81e-05 1.14e-05  1.89e-02   234s
  94   5.81289293e+08  5.81168362e+08  8.95e-05 5.76e-06  1.60e-02   237s
  95   5.81277417e+08  5.81183100e+08  9.24e-05 2.41e-06  1.25e-02   238s
  96   5.81264061e+08  5.81191772e+08  9.59e-05 2.05e-06  9.58e-03   240s
  97   5.81252013e+08  5.81197299e+08  8.28e-05 1.09e-06  7.25e-03   242s
  98   5.81247418e+08  5.81202996e+08  8.19e-05 7.50e-07  5.88e-03   244s
  99   5.81243820e+08  5.81205331e+08  7.96e-05 6.39e-07  5.10e-03   246s
 100   5.81239729e+08  5.81208453e+08  7.66e-05 4.75e-07  4.14e-03   247s
 101   5.81236602e+08  5.81209862e+08  7.55e-05 3.99e-07  3.54e-03   249s
 102   5.81233895e+08  5.81211264e+08  7.52e-05 3.48e-07  3.00e-03   251s
 103   5.81231208e+08  5.81212843e+08  7.51e-05 2.54e-07  2.43e-03   253s
 104   5.81229556e+08  5.81213650e+08  7.09e-05 2.20e-07  2.10e-03   255s
 105   5.81226250e+08  5.81214782e+08  5.98e-05 1.63e-07  1.52e-03   257s
 106   5.81225389e+08  5.81215901e+08  5.38e-05 1.09e-07  1.25e-03   259s
 107   5.81222567e+08  5.81216469e+08  3.35e-05 8.54e-08  8.04e-04   260s
 108   5.81221598e+08  5.81217268e+08  2.34e-05 5.21e-08  5.69e-04   262s
 109   5.81220680e+08  5.81217464e+08  1.46e-05 4.50e-08  4.22e-04   264s
 110   5.81219951e+08  5.81217716e+08  1.35e-05 3.24e-07  2.93e-04   267s
 111   5.81219490e+08  5.81217975e+08  1.65e-05 2.50e-08  1.98e-04   269s
 112   5.81219066e+08  5.81218124e+08  2.00e-05 2.68e-07  1.23e-04   272s
 113   5.81218836e+08  5.81218306e+08  2.18e-05 1.94e-07  6.86e-05   274s
 114   5.81218708e+08  5.81218341e+08  2.30e-05 1.84e-08  4.72e-05   276s
 115   5.81218680e+08  5.81218345e+08  2.32e-05 4.25e-07  4.29e-05   277s
 116   5.81218623e+08  5.81218345e+08  2.38e-05 1.81e-08  3.54e-05   279s
 117   5.81218531e+08  5.81218347e+08  2.47e-05 2.69e-06  2.31e-05   280s
 118   5.81218529e+08  5.81218350e+08  2.47e-05 2.38e-07  2.23e-05   281s
 119   5.81218485e+08  5.81218351e+08  2.51e-05 2.98e-07  1.65e-05   282s
 120   5.81218434e+08  5.81218354e+08  2.57e-05 3.37e-06  9.48e-06   283s
 121   5.81218382e+08  5.81218356e+08  2.62e-05 1.02e-06  2.36e-06   284s
 122   5.81218367e+08  5.81218357e+08  2.63e-05 3.97e-06  2.79e-07   285s
 123   5.81218368e+08  5.81218357e+08  2.62e-05 1.93e-05  1.04e-07   286s
 124   5.81218354e+08  5.81218357e+08  2.57e-05 6.19e-06  4.19e-08   287s
 125   5.81218361e+08  5.81218357e+08  2.63e-05 6.31e-06  3.43e-08   288s

Barrier solved model in 125 iterations and 288.37 seconds (327.99 work units)
Optimal objective 5.81218361e+08


Root crossover log...

   11913 DPushes remaining with DInf 0.0000000e+00               289s
    1129 DPushes remaining with DInf 0.0000000e+00               290s
       0 DPushes remaining with DInf 0.0000000e+00               292s

  452071 PPushes remaining with PInf 1.8230477e-01               293s
      95 PPushes remaining with PInf 1.2195384e-01               295s
       0 PPushes remaining with PInf 1.2195384e-01               296s

  Push phase complete: Pinf 1.2195384e-01, Dinf 4.8095220e-08    296s


Root simplex log...

Iteration    Objective       Primal Inf.    Dual Inf.      Time
  463963    5.8121836e+08   1.219538e-01   0.000000e+00    297s
  464011    5.8121836e+08   0.000000e+00   0.000000e+00    300s
Concurrent spin time: 0.00s

Solved with barrier
  464011    5.8121836e+08   0.000000e+00   0.000000e+00    301s

Root relaxation: objective 5.812184e+08, 464011 iterations, 222.90 seconds (272.75 work units)
Total elapsed time = 309.00s (DegenMoves)

    Nodes    |    Current Node    |     Objective Bounds      |     Work
 Expl Unexpl |  Obj  Depth IntInf | Incumbent    BestBd   Gap | It/Node Time

     0     0 5.8122e+08    0   50          - 5.8122e+08      -     -  320s
H    0     0                    1.296970e+09 5.8122e+08  55.2%     -  477s
     0     0 5.8848e+08    0   51 1.2970e+09 5.8848e+08  54.6%     -  582s
     0     0 5.8867e+08    0   51 1.2970e+09 5.8867e+08  54.6%     -  673s
     0     0 5.8867e+08    0   51 1.2970e+09 5.8867e+08  54.6%     -  679s
     0     0 5.9664e+08    0   52 1.2970e+09 5.9664e+08  54.0%     -  795s
     0     0 5.9668e+08    0   50 1.2970e+09 5.9668e+08  54.0%     -  890s
     0     0 5.9669e+08    0   51 1.2970e+09 5.9669e+08  54.0%     -  899s
     0     0 5.9669e+08    0   51 1.2970e+09 5.9669e+08  54.0%     -  901s
     0     0 6.0162e+08    0   52 1.2970e+09 6.0162e+08  53.6%     - 1137s
     0     0 6.0171e+08    0   51 1.2970e+09 6.0171e+08  53.6%     - 1146s
     0     0 6.0171e+08    0   51 1.2970e+09 6.0171e+08  53.6%     - 1155s
     0     0 6.0748e+08    0   50 1.2970e+09 6.0748e+08  53.2%     - 1500s
     0     0 6.0811e+08    0   54 1.2970e+09 6.0811e+08  53.1%     - 1624s
     0     0 6.0811e+08    0   54 1.2970e+09 6.0811e+08  53.1%     - 1639s
     0     0 6.0811e+08    0   54 1.2970e+09 6.0811e+08  53.1%     - 1646s
     0     0 6.0846e+08    0   50 1.2970e+09 6.0846e+08  53.1%     - 1715s
     0     0 6.0849e+08    0   50 1.2970e+09 6.0849e+08  53.1%     - 1829s
     0     0 6.0849e+08    0   50 1.2970e+09 6.0849e+08  53.1%     - 1854s
     0     0 6.0849e+08    0   50 1.2970e+09 6.0849e+08  53.1%     - 1856s
     0     0 6.0849e+08    0   50 1.2970e+09 6.0849e+08  53.1%     - 1880s
     0     0 6.0849e+08    0   50 1.2970e+09 6.0849e+08  53.1%     - 1882s
     0     0 6.0849e+08    0   50 1.2970e+09 6.0849e+08  53.1%     - 1908s
     0     0 6.0849e+08    0   50 1.2970e+09 6.0849e+08  53.1%     - 1910s
     0     0 6.0849e+08    0   50 1.2970e+09 6.0849e+08  53.1%     - 1934s
     0     0 6.0895e+08    0   50 1.2970e+09 6.0895e+08  53.0%     - 1936s
     0     0 6.0895e+08    0   50 1.2970e+09 6.0895e+08  53.0%     - 1962s
     0     0 6.0983e+08    0   50 1.2970e+09 6.0983e+08  53.0%     - 2061s
     0     2 6.0983e+08    0   50 1.2970e+09 6.0983e+08  53.0%     - 2093s
     1     3 6.2595e+08    1   48 1.2970e+09 6.0983e+08  53.0% 85794 2301s
     2     4 6.1027e+08    1   50 1.2970e+09 6.1027e+08  52.9% 52082 2416s
     3     7 6.2636e+08    2   49 1.2970e+09 6.1027e+08  52.9% 35480 2510s
     6    13 6.2678e+08    3   49 1.2970e+09 6.1027e+08  52.9% 26138 2721s
    12    13 6.1986e+08    4   50 1.2970e+09 6.1153e+08  52.8% 28634 2933s
*   23    13               4    8.632287e+08 6.1153e+08  29.2% 31243 2933s
    25    13 6.8370e+08    5    2 8.6323e+08 6.1988e+08  28.2% 29753 3060s
    27    14 6.8370e+08    6    1 8.6323e+08 6.1988e+08  28.2% 27596 3202s
*   29    14               5    7.558229e+08 6.1988e+08  18.0% 25871 3203s
H   30    13                    6.837440e+08 6.1988e+08  9.34% 25008 3349s
    35    13 6.8372e+08    8    1 6.8374e+08 6.1988e+08  9.34% 21777 3440s
    46    21     cutoff    9      6.8374e+08 6.3091e+08  7.73% 24717 3455s
H   59    24                    6.584729e+08 6.3161e+08  4.08% 20155 3526s
H   60    23                    6.380894e+08 6.3161e+08  1.01% 19867 3526s
    78     2     cutoff    8      6.3809e+08 6.3198e+08  0.96% 15470 3553s
    97     9 6.3248e+08   13   14 6.3809e+08 6.3221e+08  0.92% 12547 3591s
   107    20     cutoff   15      6.3809e+08 6.3243e+08  0.89% 11418 3638s
*  121    20              20    6.345175e+08 6.3248e+08  0.32% 10120 3639s
*  126    20              20    6.344646e+08 6.3248e+08  0.31%  9723 3639s
   134    41 6.3278e+08   19    5 6.3446e+08 6.3266e+08  0.28%  9178 3658s
*  148    41              21    6.340318e+08 6.3266e+08  0.22%  8318 3658s
*  152    41              20    6.338203e+08 6.3266e+08  0.18%  8100 3658s
*  166    41              22    6.337622e+08 6.3283e+08  0.15%  7430 3658s
   204    17     cutoff   21      6.3376e+08 6.3283e+08  0.15%  6072 3679s
*  228    17              25    6.335283e+08 6.3283e+08  0.11%  5442 3679s
   261     0 6.3333e+08   22    3 6.3353e+08 6.3302e+08  0.08%  4764 3687s
*  266     0              24    6.334410e+08 6.3302e+08  0.07%  4676 3687s

Cutting planes:
  Learned: 1
  Gomory: 14
  Implied bound: 356
  MIR: 3447
  Flow cover: 1042
  Relax-and-lift: 660

Explored 285 nodes (1860068 simplex iterations) in 3688.76 seconds (4693.52 work units)
Thread count was 32 (of 192 available processors)

Solution count 10: 6.33441e+08 6.33528e+08 6.33762e+08 ... 6.83744e+08

Optimal solution found (tolerance 1.00e-05)
Best objective 6.334410357254e+08, best bound 6.334410357254e+08, gap 0.0000%

User-callback calls 1230606, time in user-callback 0.42 sec
 27.407330 seconds (283.69 M allocations: 19.203 GiB, 27.39% gc time, 18.08% compilation time)
3707.332867 seconds (75.95 M allocations: 5.003 GiB, 0.12% gc time, 0.02% compilation time)
Set parameter WLSAccessID
Set parameter WLSSecret
Set parameter LicenseID to value 2677366
Academic license 2677366 - for non-commercial use only - registered to la___@mit.edu
Set parameter MIPGap to value 1e-05
Set parameter TimeLimit to value 14400
Set parameter MIPGap to value 1e-05
Set parameter TimeLimit to value 14400
Gurobi Optimizer version 12.0.2 build v12.0.2rc0 (linux64 - "Rocky Linux 8.10 (Green Obsidian)")

CPU model: AMD EPYC 9474F 48-Core Processor, instruction set [SSE2|AVX|AVX2|AVX512]
Thread count: 96 physical cores, 192 logical processors, using up to 32 threads

Non-default parameters:
TimeLimit  14400
MIPGap  1e-05

Academic license 2677366 - for non-commercial use only - registered to la___@mit.edu
Optimize a model with 4138329 rows, 3189004 columns and 11447498 nonzeros
Model fingerprint: 0x886e28af
Variable types: 3188926 continuous, 78 integer (78 binary)
Coefficient statistics:
  Matrix range     [9e-01, 4e+01]
  Objective range  [2e-01, 7e+06]
  Bounds range     [9e+00, 1e+02]
  RHS range        [6e+00, 7e+01]
Presolve removed 722784 rows and 669320 columns (presolve time = 5s)...
Presolve removed 723827 rows and 669320 columns (presolve time = 10s)...
Presolve removed 723829 rows and 669322 columns (presolve time = 15s)...
Presolve removed 723829 rows and 669322 columns (presolve time = 20s)...
Presolve removed 723829 rows and 669324 columns (presolve time = 25s)...
Presolve removed 723829 rows and 669324 columns (presolve time = 30s)...
Presolve removed 761104 rows and 669399 columns (presolve time = 35s)...
Presolve removed 957090 rows and 679148 columns (presolve time = 40s)...
Presolve removed 957090 rows and 679148 columns (presolve time = 45s)...
Presolve removed 957090 rows and 679148 columns (presolve time = 50s)...
Presolve removed 957090 rows and 679148 columns (presolve time = 55s)...
Presolve removed 957090 rows and 679148 columns
Presolve time: 58.44s
Presolved: 3181239 rows, 2509856 columns, 8873095 nonzeros
Variable types: 2509779 continuous, 77 integer (51 binary)
Deterministic concurrent LP optimizer: primal simplex, dual simplex, and barrier
Showing barrier log only...

Root barrier log...

Ordering time: 0.86s

Barrier statistics:
 Dense cols : 80
 AA' NZ     : 8.177e+06
 Factor NZ  : 3.778e+07 (roughly 2.6 GB of memory)
 Factor Ops : 6.395e+08 (less than 1 second per iteration)
 Threads    : 29

                  Objective                Residual
Iter       Primal          Dual         Primal    Dual     Compl     Time
   0   1.54873056e+12 -2.69912205e+14  1.06e+04 2.00e+03  6.13e+08   103s
   1   1.12327005e+12 -2.21578480e+14  7.61e+03 3.44e+05  3.59e+08   104s
   2   1.05427065e+12 -1.91596971e+14  7.12e+03 1.09e+05  2.84e+08   105s
   3   6.13803276e+11 -1.55613103e+14  4.19e+03 4.05e-03  1.66e+08   106s
   4   1.07091758e+11 -9.65801424e+13  7.02e+02 4.42e-02  3.34e+07   107s
   5   3.53586364e+10 -2.60885459e+13  2.11e+02 5.40e-02  6.96e+06   107s
   6   2.79712971e+10 -4.76337205e+12  1.61e+02 2.02e-01  1.88e+06   108s
   7   6.67782022e+09 -2.10515583e+12  1.48e+01 8.20e-03  3.68e+05   109s
   8   6.50705396e+09 -1.13665776e+12  1.36e+01 2.98e-03  2.04e+05   110s
   9   6.08050029e+09 -5.80405033e+11  1.07e+01 1.67e-03  9.99e+04   110s
  10   5.88188407e+09 -4.59059240e+11  9.31e+00 1.28e-03  7.78e+04   111s
  11   5.53876527e+09 -2.96858086e+11  7.02e+00 7.43e-04  4.84e+04   112s
  12   5.42868828e+09 -1.84212283e+11  6.30e+00 4.64e-04  2.99e+04   113s
  13   5.23048926e+09 -1.51883868e+11  5.06e+00 4.40e-04  2.42e+04   115s
  14   5.12688208e+09 -1.24217256e+11  4.39e+00 3.78e-04  1.96e+04   116s
  15   4.85652895e+09 -7.03074389e+10  2.90e+00 1.76e-04  1.10e+04   118s
  16   4.62445916e+09 -4.16311923e+10  1.97e+00 1.95e-03  6.62e+03   119s
  17   4.28635457e+09 -3.13962857e+10  1.30e+00 1.03e-03  5.03e+03   121s
  18   3.95245148e+09 -2.26406863e+10  8.44e-01 7.08e-04  3.70e+03   122s
  19   3.88080356e+09 -1.82456470e+10  7.70e-01 5.84e-04  3.08e+03   123s
  20   3.68971654e+09 -1.49150966e+10  6.17e-01 4.92e-04  2.58e+03   123s
  21   3.59897630e+09 -1.30740750e+10  5.61e-01 4.45e-04  2.31e+03   124s
  22   3.47801148e+09 -1.16587829e+10  4.97e-01 4.06e-04  2.09e+03   125s
  23   3.39631816e+09 -9.12725219e+09  4.58e-01 3.35e-04  1.73e+03   126s
  24   3.26487823e+09 -8.10261543e+09  4.14e-01 3.05e-04  1.57e+03   126s
  25   3.10749540e+09 -7.58039286e+09  3.75e-01 2.88e-04  1.47e+03   127s
  26   2.85179604e+09 -5.62298747e+09  3.21e-01 2.25e-04  1.16e+03   128s
  27   2.55630191e+09 -3.82279071e+09  2.54e-01 1.72e-04  8.75e+02   129s
  28   2.41837309e+09 -2.78527397e+09  2.32e-01 1.38e-04  7.13e+02   130s
  29   2.13607400e+09 -2.59031301e+09  1.95e-01 1.31e-04  6.47e+02   131s
  30   1.98521827e+09 -1.34721095e+09  1.73e-01 8.06e-05  4.55e+02   133s
  31   1.77062746e+09 -1.07949807e+09  1.44e-01 7.06e-05  3.89e+02   134s
  32   1.76617627e+09 -1.01782399e+09  1.44e-01 6.83e-05  3.80e+02   135s
  33   1.68324529e+09 -9.43627654e+08  1.30e-01 6.51e-05  3.59e+02   136s
  34   1.54031066e+09 -5.80992226e+08  1.14e-01 5.04e-05  2.89e+02   137s
  35   1.44120072e+09 -4.19276464e+08  1.04e-01 4.41e-05  2.54e+02   138s
  36   1.24562678e+09 -3.09813121e+08  8.19e-02 3.90e-05  2.12e+02   139s
  37   1.16083505e+09 -2.37363587e+08  7.20e-02 3.52e-05  1.91e+02   140s
  38   1.13691960e+09 -3.09015028e+07  6.96e-02 2.61e-05  1.59e+02   142s
  39   1.01360954e+09  9.48133554e+07  5.51e-02 2.07e-05  1.25e+02   143s
  40   9.26184463e+08  2.67763210e+08  4.41e-02 7.02e-05  8.96e+01   144s
  41   9.07946131e+08  3.67682508e+08  4.15e-02 9.91e-05  7.35e+01   145s
  42   8.96778577e+08  3.91737257e+08  4.04e-02 9.55e-05  6.87e+01   146s
  43   8.73977191e+08  4.15963731e+08  3.72e-02 1.05e-04  6.23e+01   148s
  44   8.47678378e+08  4.25870248e+08  3.40e-02 9.42e-05  5.74e+01   149s
  45   8.24954162e+08  4.56765786e+08  3.13e-02 7.39e-05  5.00e+01   150s
  46   8.10454641e+08  5.02236951e+08  2.94e-02 3.34e-05  4.19e+01   151s
  47   7.82091446e+08  5.22212497e+08  2.57e-02 4.44e-05  3.53e+01   152s
  48   7.69890364e+08  5.28997224e+08  2.40e-02 4.16e-05  3.27e+01   153s
  49   7.54041141e+08  5.33344068e+08  2.18e-02 3.81e-05  3.00e+01   154s
  50   7.43142958e+08  5.36859069e+08  2.04e-02 3.58e-05  2.80e+01   155s
  51   7.35905741e+08  5.43942556e+08  1.96e-02 3.09e-05  2.61e+01   157s
  52   7.27048314e+08  5.47974990e+08  1.83e-02 3.09e-05  2.43e+01   157s
  53   7.24478150e+08  5.49710642e+08  1.80e-02 2.88e-05  2.37e+01   159s
  54   7.14309816e+08  5.52945266e+08  1.66e-02 2.50e-05  2.19e+01   160s
  55   7.03591272e+08  5.58726020e+08  1.53e-02 2.44e-05  1.97e+01   161s
  56   7.00708687e+08  5.59716060e+08  1.49e-02 2.28e-05  1.91e+01   162s
  57   6.91361449e+08  5.69387962e+08  1.37e-02 6.71e-06  1.65e+01   163s
  58   6.83359404e+08  5.70829163e+08  1.26e-02 4.68e-06  1.53e+01   164s
  59   6.79110520e+08  5.73876085e+08  1.20e-02 3.78e-06  1.43e+01   166s
  60   6.70825485e+08  5.75961424e+08  1.11e-02 4.05e-06  1.29e+01   167s

Barrier performed 60 iterations in 166.70 seconds (184.89 work units)
Barrier solve interrupted - model solved by another algorithm

Concurrent spin time: 1.16s

Solved with dual simplex

Root simplex log...

Iteration    Objective       Primal Inf.    Dual Inf.      Time
 1347090    6.2467438e+08   0.000000e+00   0.000000e+00    168s

Root relaxation: objective 6.246744e+08, 1347090 iterations, 73.84 seconds (91.40 work units)
Total elapsed time = 172.48s (DegenMoves)

    Nodes    |    Current Node    |     Objective Bounds      |     Work
 Expl Unexpl |  Obj  Depth IntInf | Incumbent    BestBd   Gap | It/Node Time

     0     0 6.2467e+08    0   30          - 6.2467e+08      -     -  177s
H    0     0                    7.242275e+08 6.2467e+08  13.7%     -  319s
     0     0 6.5812e+08    0    7 7.2423e+08 6.5812e+08  9.13%     -  349s
     0     0 6.5838e+08    0   10 7.2423e+08 6.5838e+08  9.09%     -  370s
     0     0 6.5838e+08    0   10 7.2423e+08 6.5838e+08  9.09%     -  439s
H    0     0                    6.620455e+08 6.5838e+08  0.55%     -  509s
     0     0 6.5838e+08    0   24 6.6205e+08 6.5838e+08  0.55%     -  610s
     0     0 6.5838e+08    0    7 6.6205e+08 6.5838e+08  0.55%     -  669s
H    0     0                    6.608385e+08 6.5838e+08  0.37%     -  717s
     0     0 6.5840e+08    0   11 6.6084e+08 6.5840e+08  0.37%     -  721s
     0     0 6.5840e+08    0    9 6.6084e+08 6.5840e+08  0.37%     -  733s
     0     0 6.5842e+08    0    9 6.6084e+08 6.5842e+08  0.37%     -  783s
H    0     0                    6.600639e+08 6.5842e+08  0.25%     -  802s
     0     0 6.5842e+08    0    6 6.6006e+08 6.5842e+08  0.25%     -  853s
     0     0 6.5912e+08    0    1 6.6006e+08 6.5912e+08  0.14%     -  878s
H    0     0                    6.593104e+08 6.5912e+08  0.03%     -  881s
     0     0          -    0      6.5931e+08 6.5931e+08  0.00%     -  886s

Cutting planes:
  Gomory: 2
  MIR: 643
  Flow cover: 2

Explored 1 nodes (2239283 simplex iterations) in 886.63 seconds (842.27 work units)
Thread count was 32 (of 192 available processors)

Solution count 6: 6.5931e+08 6.60064e+08 6.60838e+08 ... 7.24227e+08

Optimal solution found (tolerance 1.00e-05)
Best objective 6.593103510928e+08, best bound 6.593103486397e+08, gap 0.0000%

User-callback calls 102968, time in user-callback 0.08 sec
 27.311912 seconds (285.04 M allocations: 19.151 GiB, 27.35% gc time, 17.44% compilation time)
905.441756 seconds (77.95 M allocations: 5.064 GiB, 0.50% gc time, 0.09% compilation time)
Set parameter WLSAccessID
Set parameter WLSSecret
Set parameter LicenseID to value 2677366
Academic license 2677366 - for non-commercial use only - registered to la___@mit.edu
Set parameter MIPGap to value 1e-05
Set parameter TimeLimit to value 14400
Set parameter MIPGap to value 1e-05
Set parameter TimeLimit to value 14400
Gurobi Optimizer version 12.0.2 build v12.0.2rc0 (linux64 - "Rocky Linux 8.10 (Green Obsidian)")

CPU model: AMD EPYC 9474F 48-Core Processor, instruction set [SSE2|AVX|AVX2|AVX512]
Thread count: 96 physical cores, 192 logical processors, using up to 32 threads

Non-default parameters:
TimeLimit  14400
MIPGap  1e-05

Academic license 2677366 - for non-commercial use only - registered to la___@mit.edu
Optimize a model with 4138329 rows, 3189004 columns and 11447498 nonzeros
Model fingerprint: 0x886e28af
Variable types: 3188926 continuous, 78 integer (78 binary)
Coefficient statistics:
  Matrix range     [9e-01, 4e+01]
  Objective range  [2e-01, 7e+06]
  Bounds range     [9e+00, 1e+02]
  RHS range        [6e+00, 7e+01]
Presolve removed 722784 rows and 669320 columns (presolve time = 5s)...
Presolve removed 723827 rows and 669320 columns (presolve time = 10s)...
Presolve removed 723829 rows and 669322 columns (presolve time = 15s)...
Presolve removed 723829 rows and 669322 columns (presolve time = 20s)...
Presolve removed 723829 rows and 669322 columns (presolve time = 25s)...
Presolve removed 723829 rows and 669324 columns (presolve time = 30s)...
Presolve removed 744471 rows and 669324 columns (presolve time = 35s)...
Presolve removed 957090 rows and 679148 columns (presolve time = 40s)...
Presolve removed 957090 rows and 679148 columns (presolve time = 45s)...
Presolve removed 957090 rows and 679148 columns (presolve time = 50s)...
Presolve removed 957090 rows and 679148 columns (presolve time = 55s)...
Presolve removed 957090 rows and 679148 columns
Presolve time: 58.88s
Presolved: 3181239 rows, 2509856 columns, 8873095 nonzeros
Variable types: 2509779 continuous, 77 integer (51 binary)
Deterministic concurrent LP optimizer: primal simplex, dual simplex, and barrier
Showing barrier log only...

Root barrier log...

Ordering time: 0.81s

Barrier statistics:
 Dense cols : 80
 AA' NZ     : 8.177e+06
 Factor NZ  : 3.778e+07 (roughly 2.6 GB of memory)
 Factor Ops : 6.395e+08 (less than 1 second per iteration)
 Threads    : 29

                  Objective                Residual
Iter       Primal          Dual         Primal    Dual     Compl     Time
   0   1.54873056e+12 -2.69912205e+14  1.06e+04 2.00e+03  6.13e+08   104s
   1   1.12327005e+12 -2.21578480e+14  7.61e+03 3.44e+05  3.59e+08   105s
   2   1.05427065e+12 -1.91596971e+14  7.12e+03 1.09e+05  2.84e+08   106s
   3   6.13803276e+11 -1.55613103e+14  4.19e+03 4.05e-03  1.66e+08   107s
   4   1.07091758e+11 -9.65801424e+13  7.02e+02 4.42e-02  3.34e+07   108s
   5   3.53586364e+10 -2.60885459e+13  2.11e+02 5.40e-02  6.96e+06   109s
   6   2.79712971e+10 -4.76337205e+12  1.61e+02 2.02e-01  1.88e+06   109s
   7   6.67782022e+09 -2.10515583e+12  1.48e+01 8.20e-03  3.68e+05   110s
   8   6.50705396e+09 -1.13665776e+12  1.36e+01 2.98e-03  2.04e+05   111s
   9   6.08050029e+09 -5.80405033e+11  1.07e+01 1.67e-03  9.99e+04   112s
  10   5.88188407e+09 -4.59059240e+11  9.31e+00 1.28e-03  7.78e+04   113s
  11   5.53876527e+09 -2.96858086e+11  7.02e+00 7.43e-04  4.84e+04   114s
  12   5.42868828e+09 -1.84212283e+11  6.30e+00 4.64e-04  2.99e+04   115s
  13   5.23048926e+09 -1.51883868e+11  5.06e+00 4.40e-04  2.42e+04   117s
  14   5.12688208e+09 -1.24217256e+11  4.39e+00 3.78e-04  1.96e+04   120s
  15   4.85652895e+09 -7.03074389e+10  2.90e+00 1.76e-04  1.10e+04   121s
  16   4.62445916e+09 -4.16311923e+10  1.97e+00 1.95e-03  6.62e+03   123s
  17   4.28635457e+09 -3.13962857e+10  1.30e+00 1.03e-03  5.03e+03   124s
  18   3.95245148e+09 -2.26406863e+10  8.44e-01 7.08e-04  3.70e+03   126s
  19   3.88080356e+09 -1.82456470e+10  7.70e-01 5.84e-04  3.08e+03   127s
  20   3.68971654e+09 -1.49150966e+10  6.17e-01 4.92e-04  2.58e+03   127s
  21   3.59897630e+09 -1.30740750e+10  5.61e-01 4.45e-04  2.31e+03   128s
  22   3.47801148e+09 -1.16587829e+10  4.97e-01 4.06e-04  2.09e+03   129s
  23   3.39631816e+09 -9.12725219e+09  4.58e-01 3.35e-04  1.73e+03   130s
  24   3.26487823e+09 -8.10261543e+09  4.14e-01 3.05e-04  1.57e+03   130s
  25   3.10749540e+09 -7.58039286e+09  3.75e-01 2.88e-04  1.47e+03   131s
  26   2.85179604e+09 -5.62298747e+09  3.21e-01 2.25e-04  1.16e+03   132s
  27   2.55630191e+09 -3.82279071e+09  2.54e-01 1.72e-04  8.75e+02   133s
  28   2.41837309e+09 -2.78527397e+09  2.32e-01 1.38e-04  7.13e+02   135s
  29   2.13607400e+09 -2.59031301e+09  1.95e-01 1.31e-04  6.47e+02   136s
  30   1.98521827e+09 -1.34721095e+09  1.73e-01 8.06e-05  4.55e+02   137s
  31   1.77062746e+09 -1.07949807e+09  1.44e-01 7.06e-05  3.89e+02   138s
  32   1.76617627e+09 -1.01782399e+09  1.44e-01 6.83e-05  3.80e+02   139s
  33   1.68324529e+09 -9.43627654e+08  1.30e-01 6.51e-05  3.59e+02   141s
  34   1.54031066e+09 -5.80992226e+08  1.14e-01 5.04e-05  2.89e+02   142s
  35   1.44120072e+09 -4.19276464e+08  1.04e-01 4.41e-05  2.54e+02   143s
  36   1.24562678e+09 -3.09813121e+08  8.19e-02 3.90e-05  2.12e+02   144s
  37   1.16083505e+09 -2.37363587e+08  7.20e-02 3.52e-05  1.91e+02   145s
  38   1.13691960e+09 -3.09015028e+07  6.96e-02 2.61e-05  1.59e+02   146s
  39   1.01360954e+09  9.48133554e+07  5.51e-02 2.07e-05  1.25e+02   147s
  40   9.26184463e+08  2.67763210e+08  4.41e-02 7.02e-05  8.96e+01   149s
  41   9.07946131e+08  3.67682508e+08  4.15e-02 9.91e-05  7.35e+01   150s
  42   8.96778577e+08  3.91737257e+08  4.04e-02 9.55e-05  6.87e+01   151s
  43   8.73977191e+08  4.15963731e+08  3.72e-02 1.05e-04  6.23e+01   152s
  44   8.47678378e+08  4.25870248e+08  3.40e-02 9.42e-05  5.74e+01   153s
  45   8.24954162e+08  4.56765786e+08  3.13e-02 7.39e-05  5.00e+01   154s
  46   8.10454641e+08  5.02236951e+08  2.94e-02 3.34e-05  4.19e+01   156s
  47   7.82091446e+08  5.22212497e+08  2.57e-02 4.44e-05  3.53e+01   157s
  48   7.69890364e+08  5.28997224e+08  2.40e-02 4.16e-05  3.27e+01   158s
  49   7.54041141e+08  5.33344068e+08  2.18e-02 3.81e-05  3.00e+01   159s
  50   7.43142958e+08  5.36859069e+08  2.04e-02 3.58e-05  2.80e+01   160s
  51   7.35905741e+08  5.43942556e+08  1.96e-02 3.09e-05  2.61e+01   161s
  52   7.27048314e+08  5.47974990e+08  1.83e-02 3.09e-05  2.43e+01   162s
  53   7.24478150e+08  5.49710642e+08  1.80e-02 2.88e-05  2.37e+01   163s
  54   7.14309816e+08  5.52945266e+08  1.66e-02 2.50e-05  2.19e+01   164s
  55   7.03591272e+08  5.58726020e+08  1.53e-02 2.44e-05  1.97e+01   166s
  56   7.00708687e+08  5.59716060e+08  1.49e-02 2.28e-05  1.91e+01   167s
  57   6.91361449e+08  5.69387962e+08  1.37e-02 6.71e-06  1.65e+01   168s

Barrier performed 57 iterations in 167.88 seconds (180.36 work units)
Barrier solve interrupted - model solved by another algorithm

Concurrent spin time: 0.90s

Solved with dual simplex

Root simplex log...

Iteration    Objective       Primal Inf.    Dual Inf.      Time
 1347090    6.2467438e+08   0.000000e+00   0.000000e+00    169s

Root relaxation: objective 6.246744e+08, 1347090 iterations, 74.18 seconds (91.40 work units)
Total elapsed time = 170.00s (DegenMoves)

    Nodes    |    Current Node    |     Objective Bounds      |     Work
 Expl Unexpl |  Obj  Depth IntInf | Incumbent    BestBd   Gap | It/Node Time

     0     0 6.2467e+08    0   30          - 6.2467e+08      -     -  179s
H    0     0                    7.242275e+08 6.2467e+08  13.7%     -  326s
     0     0 6.5812e+08    0    7 7.2423e+08 6.5812e+08  9.13%     -  358s
     0     0 6.5838e+08    0   10 7.2423e+08 6.5838e+08  9.09%     -  379s
     0     0 6.5838e+08    0   10 7.2423e+08 6.5838e+08  9.09%     -  450s
H    0     0                    6.620455e+08 6.5838e+08  0.55%     -  521s
     0     0 6.5838e+08    0   24 6.6205e+08 6.5838e+08  0.55%     -  634s
     0     0 6.5838e+08    0    7 6.6205e+08 6.5838e+08  0.55%     -  698s
H    0     0                    6.608385e+08 6.5838e+08  0.37%     -  746s
     0     0 6.5840e+08    0   11 6.6084e+08 6.5840e+08  0.37%     -  750s
     0     0 6.5840e+08    0    9 6.6084e+08 6.5840e+08  0.37%     -  763s
     0     0 6.5842e+08    0    9 6.6084e+08 6.5842e+08  0.37%     -  814s
H    0     0                    6.600639e+08 6.5842e+08  0.25%     -  833s
     0     0 6.5842e+08    0    6 6.6006e+08 6.5842e+08  0.25%     -  887s
     0     0 6.5912e+08    0    1 6.6006e+08 6.5912e+08  0.14%     -  914s
H    0     0                    6.593104e+08 6.5912e+08  0.03%     -  917s
     0     0          -    0      6.5931e+08 6.5931e+08  0.00%     -  922s

Cutting planes:
  Gomory: 2
  MIR: 643
  Flow cover: 2

Explored 1 nodes (2239283 simplex iterations) in 922.91 seconds (842.27 work units)
Thread count was 32 (of 192 available processors)

Solution count 6: 6.5931e+08 6.60064e+08 6.60838e+08 ... 7.24227e+08

Optimal solution found (tolerance 1.00e-05)
Best objective 6.593103510928e+08, best bound 6.593103486397e+08, gap 0.0000%

User-callback calls 103280, time in user-callback 0.12 sec
 14.895885 seconds (142.96 M allocations: 7.742 GiB, 37.76% gc time, 26.45% compilation time)
944.913123 seconds (77.76 M allocations: 5.059 GiB, 0.77% gc time, 0.10% compilation time)
