Set parameter WLSAccessID
Set parameter WLSSecret
Set parameter LicenseID to value 2677366
Academic license 2677366 - for non-commercial use only - registered to la___@mit.edu
Set parameter MIPGap to value 1e-05
Set parameter TimeLimit to value 14400
Set parameter MIPGap to value 1e-05
Set parameter TimeLimit to value 14400
Gurobi Optimizer version 12.0.2 build v12.0.2rc0 (linux64 - "Rocky Linux 8.10 (Green Obsidian)")

CPU model: AMD EPYC 9474F 48-Core Processor, instruction set [SSE2|AVX|AVX2|AVX512]
Thread count: 96 physical cores, 192 logical processors, using up to 32 threads

Non-default parameters:
TimeLimit  14400
MIPGap  1e-05

Academic license 2677366 - for non-commercial use only - registered to la___@mit.edu
Optimize a model with 4119401 rows, 3189004 columns and 11428622 nonzeros
Model fingerprint: 0x7a486021
Variable types: 3188926 continuous, 78 integer (78 binary)
Coefficient statistics:
  Matrix range     [9e-01, 1e+03]
  Objective range  [2e-01, 7e+06]
  Bounds range     [9e+00, 1e+02]
  RHS range        [6e+00, 7e+01]
Presolve removed 265827 rows and 474581 columns (presolve time = 5s)...
Presolve removed 265829 rows and 474583 columns (presolve time = 10s)...
Presolve removed 265829 rows and 474583 columns (presolve time = 15s)...
Presolve removed 265829 rows and 474583 columns (presolve time = 20s)...
Presolve removed 265829 rows and 474583 columns (presolve time = 25s)...
Presolve removed 265829 rows and 474583 columns (presolve time = 30s)...
Presolve removed 265829 rows and 474583 columns (presolve time = 35s)...
Presolve removed 265829 rows and 474583 columns
Presolve time: 35.31s
Presolved: 3853572 rows, 2714421 columns, 10441248 nonzeros
Variable types: 2714316 continuous, 105 integer (78 binary)
Deterministic concurrent LP optimizer: primal simplex, dual simplex, and barrier
Showing barrier log only...

Root barrier log...

Ordering time: 1.06s

Barrier statistics:
 Dense cols : 129
 AA' NZ     : 9.770e+06
 Factor NZ  : 4.567e+07 (roughly 3.0 GB of memory)
 Factor Ops : 6.656e+08 (less than 1 second per iteration)
 Threads    : 29

                  Objective                Residual
Iter       Primal          Dual         Primal    Dual     Compl     Time
   0   1.93976470e+13 -1.43307049e+14  5.76e+06 1.91e+03  5.05e+09    82s
   1   1.88799529e+13 -1.39270842e+14  5.52e+06 2.90e+05  4.22e+09    83s
   2   1.26266236e+13 -1.79700647e+14  3.50e+06 8.59e+04  2.63e+09    84s
   3   1.11929041e+13 -1.75293451e+14  3.10e+06 1.05e+04  2.23e+09    86s
   4   2.19918417e+12 -1.71116030e+14  5.72e+05 5.67e-04  4.73e+08    87s
   5   1.82731246e+11 -1.36889672e+14  4.90e+04 5.21e+01  4.86e+07    88s
   6   1.65583791e+11 -7.02764223e+13  4.44e+04 4.49e+00  2.97e+07    89s
   7   1.31369435e+11 -4.07592581e+13  3.43e+04 4.25e-04  1.76e+07    90s
   8   6.12526491e+10 -2.13254215e+13  1.35e+04 1.95e-04  5.98e+06    92s
   9   3.52151210e+10 -5.87059062e+12  5.85e+03 1.09e+00  1.34e+06    93s
  10   2.57583931e+10 -5.47571797e+12  3.09e+03 9.73e-01  9.80e+05    95s
  11   2.06653403e+10 -1.74199228e+12  1.65e+03 9.72e-02  2.83e+05    96s
  12   1.80162070e+10 -1.18450502e+12  1.01e+03 5.79e-02  1.77e+05    97s
  13   1.67322153e+10 -6.08738610e+11  7.58e+02 2.55e-02  8.89e+04    98s
  14   1.48917178e+10 -4.10365381e+11  4.90e+02 1.61e-02  5.75e+04    99s
  15   1.29213247e+10 -1.91104101e+11  2.80e+02 7.01e-03  2.63e+04   101s
  16   1.07353408e+10 -1.07024145e+11  1.38e+02 3.85e-03  1.46e+04   103s
  17   9.72587782e+09 -6.73627375e+10  1.01e+02 2.51e-03  9.47e+03   104s
  18   9.20979646e+09 -5.11153025e+10  8.40e+01 1.91e-03  7.38e+03   105s
  19   8.52672057e+09 -3.96240476e+10  6.45e+01 1.50e-03  5.86e+03   107s
  20   8.01847635e+09 -2.72884414e+10  5.19e+01 1.06e-03  4.27e+03   108s
  21   7.27571136e+09 -1.84948331e+10  3.71e+01 7.51e-04  3.11e+03   109s
  22   6.94923841e+09 -1.51487499e+10  3.23e+01 6.32e-04  2.66e+03   110s
  23   6.26416588e+09 -1.15946991e+10  2.25e+01 5.12e-04  2.14e+03   112s
  24   5.64211776e+09 -9.30651305e+09  1.45e+01 4.37e-04  1.79e+03   113s
  25   5.32421569e+09 -7.27844549e+09  1.00e+01 3.69e-04  1.51e+03   115s
  26   5.02585831e+09 -6.91712297e+09  6.94e+00 3.55e-04  1.43e+03   117s
  27   4.52807804e+09 -4.19918241e+09  2.47e+00 2.54e-04  1.04e+03   118s
  28   4.15728293e+09 -3.78726357e+09  6.34e-01 2.34e-04  9.48e+02   120s
  29   3.87488102e+09 -3.06636001e+09  5.73e-01 2.01e-04  8.28e+02   122s
  30   3.58077209e+09 -2.32873269e+09  5.21e-01 1.64e-04  7.04e+02   123s
  31   3.40428261e+09 -2.08336956e+09  4.89e-01 1.51e-04  6.54e+02   125s
  32   2.92119475e+09 -1.53000585e+09  4.11e-01 1.19e-04  5.30e+02   127s
  33   2.79200320e+09 -1.35418840e+09  3.89e-01 1.09e-04  4.93e+02   129s
  34   2.47597175e+09 -1.10598204e+09  3.40e-01 9.60e-05  4.26e+02   131s
  35   2.28981753e+09 -8.50397944e+08  3.07e-01 8.08e-05  3.73e+02   133s
  36   2.12737620e+09 -7.47215588e+08  2.82e-01 7.41e-05  3.42e+02   135s
  37   1.92581581e+09 -5.17881963e+08  2.48e-01 6.06e-05  2.90e+02   137s
  38   1.77684321e+09 -4.98154401e+08  2.24e-01 5.94e-05  2.70e+02   138s
  39   1.55650482e+09 -3.82463773e+08  1.93e-01 5.15e-05  2.30e+02   140s
  40   1.52988475e+09 -3.28627758e+08  1.87e-01 4.77e-05  2.21e+02   141s
  41   1.26230370e+09 -2.74550778e+08  1.45e-01 4.41e-05  1.83e+02   143s
  42   1.24518271e+09 -1.59144132e+08  1.42e-01 3.60e-05  1.67e+02   144s
  43   1.13303564e+09 -1.10148521e+08  1.24e-01 3.29e-05  1.48e+02   146s
  44   1.07655210e+09 -5.40237169e+07  1.15e-01 2.93e-05  1.34e+02   148s
  45   9.89431272e+08  6.66690989e+07  1.01e-01 2.18e-05  1.10e+02   150s
  46   8.67708810e+08  1.55679907e+08  7.63e-02 1.71e-05  8.46e+01   152s
  47   8.25481042e+08  1.94556448e+08  6.93e-02 1.50e-05  7.49e+01   154s
  48   7.65716964e+08  2.89466308e+08  5.71e-02 1.00e-05  5.65e+01   155s
  49   7.35556010e+08  3.71719851e+08  5.18e-02 1.48e-05  4.31e+01   157s
  50   7.06552845e+08  4.09956085e+08  4.47e-02 2.45e-05  3.51e+01   159s
  51   6.79694199e+08  4.38749811e+08  3.81e-02 3.14e-05  2.85e+01   161s
  52   6.63049946e+08  4.51496923e+08  3.41e-02 1.95e-05  2.50e+01   163s
  53   6.41041051e+08  4.60733380e+08  2.92e-02 1.08e-05  2.13e+01   164s
  54   6.32592809e+08  4.68571515e+08  2.71e-02 8.62e-06  1.94e+01   166s
  55   6.25402003e+08  4.79008430e+08  2.51e-02 5.53e-06  1.73e+01   168s
  56   6.15698177e+08  4.95944823e+08  2.18e-02 4.50e-06  1.42e+01   170s
  57   6.09834001e+08  5.10285396e+08  1.98e-02 6.73e-06  1.18e+01   172s
  58   6.05180425e+08  5.22522347e+08  1.80e-02 4.20e-06  9.75e+00   173s
  59   5.97395003e+08  5.29338793e+08  1.55e-02 4.43e-06  8.02e+00   175s
  60   5.93417068e+08  5.35804055e+08  1.40e-02 4.67e-06  6.78e+00   177s
  61   5.91210981e+08  5.39286215e+08  1.29e-02 3.93e-06  6.11e+00   178s
  62   5.88174128e+08  5.43579309e+08  1.14e-02 3.10e-06  5.25e+00   180s
  63   5.86104039e+08  5.47678359e+08  1.01e-02 2.82e-06  4.52e+00   182s
  64   5.84451376e+08  5.51160758e+08  9.16e-03 2.32e-06  3.91e+00   184s
  65   5.82853306e+08  5.53324998e+08  8.34e-03 2.02e-06  3.47e+00   186s
  66   5.81102543e+08  5.55475660e+08  7.54e-03 2.75e-06  3.01e+00   188s
  67   5.80176477e+08  5.56683767e+08  6.99e-03 1.75e-06  2.76e+00   189s
  68   5.78520600e+08  5.57502276e+08  6.06e-03 1.99e-06  2.47e+00   191s
  69   5.77793927e+08  5.59070271e+08  5.67e-03 4.16e-06  2.20e+00   193s
  70   5.76070955e+08  5.59994646e+08  4.73e-03 4.24e-06  1.89e+00   195s
  71   5.75427137e+08  5.61004784e+08  4.40e-03 5.59e-06  1.69e+00   197s
  72   5.74268293e+08  5.61615419e+08  3.79e-03 4.47e-06  1.49e+00   199s
  73   5.73680109e+08  5.62050635e+08  3.49e-03 2.36e-06  1.37e+00   200s
  74   5.73113592e+08  5.62709217e+08  3.22e-03 3.45e-06  1.22e+00   202s
  75   5.72807511e+08  5.63385295e+08  3.09e-03 5.89e-06  1.10e+00   204s
  76   5.72364707e+08  5.63714746e+08  2.82e-03 4.32e-06  1.01e+00   206s
  77   5.72186959e+08  5.63878212e+08  2.70e-03 4.06e-06  9.74e-01   207s
  78   5.71726804e+08  5.64292658e+08  2.45e-03 2.11e-06  8.72e-01   209s
  79   5.71435317e+08  5.64522749e+08  2.27e-03 2.01e-06  8.10e-01   211s
  80   5.71067802e+08  5.64754465e+08  2.05e-03 2.78e-06  7.40e-01   213s
  81   5.70890000e+08  5.65079857e+08  1.95e-03 2.36e-06  6.81e-01   214s
  82   5.70475324e+08  5.65253320e+08  1.70e-03 3.14e-06  6.13e-01   216s
  83   5.70288962e+08  5.65391715e+08  1.60e-03 3.10e-06  5.75e-01   218s
  84   5.69848600e+08  5.65735115e+08  1.34e-03 3.65e-06  4.83e-01   220s
  85   5.69659714e+08  5.65885782e+08  1.24e-03 3.50e-06  4.43e-01   222s
  86   5.69498602e+08  5.66245249e+08  1.15e-03 6.73e-06  3.82e-01   224s
  87   5.69256192e+08  5.66346783e+08  1.62e-03 5.68e-06  3.42e-01   226s
  88   5.69158074e+08  5.66563747e+08  1.81e-03 3.16e-06  3.05e-01   227s
  89   5.68948224e+08  5.66720657e+08  2.36e-03 6.55e-06  2.62e-01   230s
  90   5.68846278e+08  5.66773273e+08  2.62e-03 4.02e-06  2.44e-01   231s
  91   5.68814784e+08  5.66776390e+08  2.54e-03 4.02e-06  2.40e-01   234s
  92   5.68701833e+08  5.66861768e+08  2.83e-03 2.72e-06  2.17e-01   236s
  93   5.68671608e+08  5.66948697e+08  2.74e-03 2.46e-06  2.03e-01   239s
  94   5.68521724e+08  5.66997403e+08  2.35e-03 2.30e-06  1.80e-01   241s
  95   5.68482225e+08  5.67024074e+08  2.24e-03 2.22e-06  1.72e-01   243s
  96   5.68407272e+08  5.67148489e+08  2.03e-03 2.05e-06  1.48e-01   245s
  97   5.68344795e+08  5.67202326e+08  1.86e-03 1.89e-06  1.35e-01   248s
  98   5.68308917e+08  5.67243503e+08  1.75e-03 1.78e-06  1.26e-01   251s
  99   5.68275774e+08  5.67290423e+08  1.66e-03 1.61e-06  1.16e-01   254s
 100   5.68230209e+08  5.67323091e+08  1.52e-03 1.48e-06  1.07e-01   257s
 101   5.68185483e+08  5.67372230e+08  1.39e-03 1.25e-06  9.58e-02   260s
 102   5.68133527e+08  5.67401337e+08  1.25e-03 4.55e-06  8.62e-02   262s
 103   5.68108944e+08  5.67432470e+08  1.18e-03 2.95e-06  7.97e-02   265s
 104   5.68067395e+08  5.67447099e+08  1.05e-03 3.05e-06  7.31e-02   268s
 105   5.68046328e+08  5.67465859e+08  9.84e-04 2.71e-06  6.84e-02   271s
 106   5.68016278e+08  5.67490403e+08  9.56e-04 2.82e-06  6.20e-02   274s
 107   5.67998520e+08  5.67515113e+08  1.01e-03 1.67e-06  5.70e-02   278s
 108   5.67977993e+08  5.67525732e+08  1.05e-03 1.57e-06  5.33e-02   283s
 109   5.67957419e+08  5.67538944e+08  9.92e-04 1.50e-06  4.94e-02   286s
 110   5.67935555e+08  5.67558097e+08  8.30e-04 1.17e-06  4.45e-02   290s
 111   5.67917596e+08  5.67572822e+08  8.53e-04 3.36e-06  4.06e-02   293s
 112   5.67898423e+08  5.67587127e+08  8.28e-04 3.84e-06  3.67e-02   296s
 113   5.67881690e+08  5.67599196e+08  8.74e-04 3.55e-06  3.33e-02   299s
 114   5.67872495e+08  5.67601859e+08  8.63e-04 3.46e-06  3.19e-02   304s
 115   5.67859622e+08  5.67613122e+08  8.26e-04 3.13e-06  2.91e-02   309s
 116   5.67845578e+08  5.67621718e+08  8.17e-04 2.89e-06  2.64e-02   313s
 117   5.67838403e+08  5.67627923e+08  8.02e-04 2.73e-06  2.49e-02   316s
 118   5.67831445e+08  5.67631901e+08  7.72e-04 2.63e-06  2.36e-02   320s
 119   5.67824032e+08  5.67637756e+08  7.13e-04 2.45e-06  2.20e-02   325s
 120   5.67817784e+08  5.67648067e+08  6.73e-04 2.15e-06  2.00e-02   328s
 121   5.67813106e+08  5.67651681e+08  6.52e-04 2.04e-06  1.91e-02   332s
 122   5.67806327e+08  5.67656420e+08  6.35e-04 1.90e-06  1.77e-02   337s
 123   5.67799621e+08  5.67662525e+08  6.15e-04 1.76e-06  1.62e-02   341s
 124   5.67797545e+08  5.67666999e+08  5.97e-04 1.61e-06  1.54e-02   344s
 125   5.67793702e+08  5.67668875e+08  6.14e-04 1.57e-06  1.47e-02   347s
 126   5.67787141e+08  5.67675082e+08  6.38e-04 4.07e-06  1.32e-02   350s
 127   5.67779530e+08  5.67680828e+08  5.67e-04 6.06e-06  1.17e-02   354s
 128   5.67776332e+08  5.67683126e+08  5.35e-04 1.31e-05  1.10e-02   358s
 129   5.67772737e+08  5.67685578e+08  4.91e-04 8.60e-06  1.03e-02   360s
 130   5.67762880e+08  5.67690512e+08  4.20e-04 2.67e-05  8.58e-03   362s
 131   5.67760034e+08  5.67694415e+08  3.94e-04 4.22e-05  7.78e-03   365s
 132   5.67754937e+08  5.67695780e+08  3.58e-04 3.96e-05  7.01e-03   368s
 133   5.67751366e+08  5.67698890e+08  3.28e-04 3.69e-05  6.22e-03   373s
 134   5.67750181e+08  5.67701472e+08  3.18e-04 4.32e-05  5.77e-03   375s
 135   5.67749293e+08  5.67702705e+08  3.13e-04 4.73e-05  5.52e-03   377s
 136   5.67746551e+08  5.67704747e+08  2.94e-04 4.71e-05  4.96e-03   381s
 137   5.67743870e+08  5.67706151e+08  2.68e-04 4.32e-05  4.48e-03   386s
 138   5.67742934e+08  5.67706852e+08  2.59e-04 4.27e-05  4.28e-03   390s
 139   5.67739861e+08  5.67709093e+08  2.48e-04 4.40e-05  3.65e-03   394s
 140   5.67738072e+08  5.67709460e+08  2.12e-04 4.28e-05  3.40e-03   401s
 141   5.67737253e+08  5.67710660e+08  2.06e-04 3.87e-05  3.16e-03   404s
 142   5.67735756e+08  5.67711602e+08  2.06e-04 3.49e-05  2.87e-03   411s
 143   5.67734856e+08  5.67711943e+08  2.46e-04 3.35e-05  2.72e-03   418s
 144   5.67732650e+08  5.67713388e+08  3.35e-04 2.82e-05  2.30e-03   425s
 145   5.67731548e+08  5.67713711e+08  4.39e-04 2.72e-05  2.14e-03   429s
 146   5.67729963e+08  5.67714939e+08  4.53e-04 2.44e-05  1.81e-03   435s
 147   5.67728262e+08  5.67715842e+08  3.95e-04 2.27e-05  1.49e-03   443s
 148   5.67727554e+08  5.67716940e+08  3.59e-04 2.47e-05  1.28e-03   445s
 149   5.67725600e+08  5.67718324e+08  2.66e-04 2.19e-05  8.75e-04   448s
 150   5.67724872e+08  5.67719318e+08  2.26e-04 2.54e-05  6.68e-04   451s
 151   5.67724483e+08  5.67719356e+08  2.07e-04 2.55e-05  6.17e-04   453s
 152   5.67724293e+08  5.67719602e+08  1.96e-04 2.13e-05  5.64e-04   456s
 153   5.67723247e+08  5.67720035e+08  1.31e-04 1.03e-05  3.87e-04   458s
 154   5.67722550e+08  5.67720555e+08  9.26e-05 1.37e-05  2.43e-04   460s
 155   5.67722180e+08  5.67720694e+08  7.28e-05 8.62e-06  1.79e-04   464s
 156   5.67721693e+08  5.67720772e+08  4.85e-05 4.73e-06  9.78e-05   467s
 157   5.67721534e+08  5.67720856e+08  3.85e-05 1.94e-06  7.08e-05   470s
 158   5.67721436e+08  5.67720862e+08  3.23e-05 1.74e-06  5.93e-05   473s
 159   5.67721401e+08  5.67720876e+08  3.01e-05 1.35e-06  5.38e-05   475s
 160   5.67721297e+08  5.67720884e+08  2.79e-05 1.13e-06  4.09e-05   478s
 161   5.67721294e+08  5.67720904e+08  3.04e-05 7.05e-07  3.73e-05   481s
 162   5.67721284e+08  5.67720913e+08  3.32e-05 5.25e-07  3.41e-05   484s
 163   5.67721275e+08  5.67720917e+08  3.96e-05 7.93e-07  3.03e-05   487s
 164   5.67721248e+08  5.67720921e+08  5.04e-05 1.43e-06  2.31e-05   490s
 165   5.67721212e+08  5.67720922e+08  5.65e-05 1.53e-06  1.66e-05   493s
 166   5.67721170e+08  5.67720925e+08  5.53e-05 1.44e-06  1.16e-05   496s
 167   5.67721089e+08  5.67720928e+08  3.57e-05 3.69e-07  7.70e-06   499s
 168   5.67721002e+08  5.67720931e+08  1.55e-05 3.61e-07  3.41e-06   502s
 169   5.67720979e+08  5.67720937e+08  1.00e-05 3.20e-06  1.87e-06   504s
 170   5.67720940e+08  5.67720938e+08  5.99e-07 1.79e-05  1.24e-07   506s
 171   5.67720937e+08  5.67720939e+08  1.33e-06 3.19e-06  4.58e-09   506s

Barrier solved model in 171 iterations and 506.45 seconds (538.79 work units)
Optimal objective 5.67720937e+08


Root crossover log...

   60230 DPushes remaining with DInf 0.0000000e+00               507s
    1569 DPushes remaining with DInf 0.0000000e+00               510s
       0 DPushes remaining with DInf 0.0000000e+00               512s

  452642 PPushes remaining with PInf 1.7875495e-06               512s
       0 PPushes remaining with PInf 0.0000000e+00               514s

  Push phase complete: Pinf 0.0000000e+00, Dinf 1.3286176e+07    515s


Root simplex log...

Iteration    Objective       Primal Inf.    Dual Inf.      Time
  512862    5.6772094e+08   0.000000e+00   1.328618e+07    515s
  513552    5.6772094e+08   0.000000e+00   4.055037e+07    527s
  514372    5.6772094e+08   0.000000e+00   8.757032e+07    536s
  515212    5.6772094e+08   0.000000e+00   9.544334e+07    545s
  516132    5.6772094e+08   0.000000e+00   2.343989e+08    553s
  516302    5.6772094e+08   0.000000e+00   2.295278e+07    559s
  516922    5.6772094e+08   0.000000e+00   9.431021e+05    562s
  518722    5.6772094e+08   0.000000e+00   8.412034e+05    566s
  520636    5.6772094e+08   0.000000e+00   4.860428e+03    570s
  522094    5.6772094e+08   0.000000e+00   0.000000e+00    573s
Concurrent spin time: 39.66s

Solved with barrier
  522094    5.6772094e+08   0.000000e+00   0.000000e+00    614s

Root relaxation: objective 5.677209e+08, 522094 iterations, 543.84 seconds (583.21 work units)
Total elapsed time = 615.24s (DegenMoves)
Total elapsed time = 620.75s (DegenMoves)

    Nodes    |    Current Node    |     Objective Bounds      |     Work
 Expl Unexpl |  Obj  Depth IntInf | Incumbent    BestBd   Gap | It/Node Time

     0     0 5.6772e+08    0   52          - 5.6772e+08      -     -  629s
H    0     0                    7.300281e+08 5.6772e+08  22.2%     -  679s
H    0     0                    6.841021e+08 5.6772e+08  17.0%     -  760s
     0     0 5.8232e+08    0   53 6.8410e+08 5.8232e+08  14.9%     -  916s
     0     0 5.8310e+08    0   54 6.8410e+08 5.8310e+08  14.8%     - 1052s
     0     0 5.8459e+08    0   54 6.8410e+08 5.8459e+08  14.5%     - 1139s
     0     0 5.8459e+08    0   55 6.8410e+08 5.8459e+08  14.5%     - 1144s
     0     0 5.8791e+08    0   55 6.8410e+08 5.8791e+08  14.1%     - 1494s
     0     0 5.8796e+08    0   56 6.8410e+08 5.8796e+08  14.1%     - 1568s
     0     0 5.8815e+08    0   57 6.8410e+08 5.8815e+08  14.0%     - 1771s
     0     0 5.8818e+08    0   57 6.8410e+08 5.8818e+08  14.0%     - 1979s
     0     0 5.8867e+08    0   56 6.8410e+08 5.8867e+08  14.0%     - 2117s
     0     0 5.8867e+08    0   57 6.8410e+08 5.8867e+08  14.0%     - 2130s
     0     0 5.8867e+08    0   57 6.8410e+08 5.8867e+08  14.0%     - 2164s
     0     0 5.8867e+08    0   57 6.8410e+08 5.8867e+08  13.9%     - 2168s
     0     0 5.8867e+08    0   57 6.8410e+08 5.8867e+08  13.9%     - 2202s
     0     0 5.8868e+08    0   57 6.8410e+08 5.8868e+08  13.9%     - 2204s
     0     0 5.8868e+08    0   57 6.8410e+08 5.8868e+08  13.9%     - 2237s
     0     0 5.8868e+08    0   57 6.8410e+08 5.8868e+08  13.9%     - 2239s
     0     0 5.8868e+08    0   57 6.8410e+08 5.8868e+08  13.9%     - 2266s
     0     0 5.8868e+08    0   57 6.8410e+08 5.8868e+08  13.9%     - 2298s
     0     0 5.8868e+08    0   57 6.8410e+08 5.8868e+08  13.9%     - 2412s
     0     2 5.8868e+08    0   56 6.8410e+08 5.8868e+08  13.9%     - 2615s
     1     3 5.9975e+08    1   59 6.8410e+08 5.8868e+08  13.9% 42610 2884s
     2     4 5.9340e+08    1   57 6.8410e+08 5.9340e+08  13.3% 43476 3287s
     3     7 6.1044e+08    2   59 6.8410e+08 5.9340e+08  13.3% 42819 3429s
     6     9 6.3058e+08    3   47 6.8410e+08 5.9340e+08  13.3% 36269 3580s
    10    11 6.3085e+08    4   48 6.8410e+08 5.9634e+08  12.8% 28969 3724s
    16    14 6.0113e+08    4   55 6.8410e+08 5.9634e+08  12.8% 20478 4387s
    19    15     cutoff    4      6.8410e+08 5.9634e+08  12.8% 21334 4916s
H   26    22                    6.723930e+08 5.9634e+08  11.3% 33899 5299s
H   29    22                    6.634026e+08 5.9634e+08  10.1% 34961 5299s
H   30    22                    6.499344e+08 5.9634e+08  8.25% 35160 5300s
    37    21 6.4137e+08    7   41 6.4993e+08 5.9634e+08  8.25% 34025 5880s
H   49    29                    6.454218e+08 6.0168e+08  6.78% 28053 6362s
    67    48 6.4154e+08    9   38 6.4542e+08 6.0168e+08  6.78% 30679 7035s
   138    53     cutoff   13      6.4542e+08 6.0191e+08  6.74% 19141 7216s
   204    75     cutoff   10      6.4542e+08 6.0278e+08  6.61% 15065 7358s
*  260    75              22    6.429519e+08 6.0278e+08  6.25% 12872 7359s
   272    72     cutoff    9      6.4295e+08 6.0278e+08  6.25% 12347 7495s
*  333    72              22    6.427581e+08 6.0278e+08  6.22% 10256 7496s
   362   104 6.3894e+08   18    5 6.4276e+08 6.0278e+08  6.22%  9469 7586s
*  371   104              23    6.407631e+08 6.0278e+08  5.93%  9247 7586s
*  422   104              21    6.398431e+08 6.0278e+08  5.79%  8168 7586s
   484    54     cutoff   21      6.3984e+08 6.0278e+08  5.79%  7198 7658s
*  562    54              24    6.397588e+08 6.0278e+08  5.78%  6224 7659s
   571    34 6.3965e+08   22    2 6.3976e+08 6.0278e+08  5.78%  6129 7755s
   625    23     cutoff   23      6.3976e+08 6.0278e+08  5.78%  5636 7858s
   649    23 6.1161e+08   10   49 6.3976e+08 6.0441e+08  5.53%  5506 7944s
   655    23     cutoff   11      6.3976e+08 6.0441e+08  5.53%  5462 7993s
   660    21 6.3968e+08   15   10 6.3976e+08 6.0441e+08  5.53%  5444 8049s
   668    20     cutoff   13      6.3976e+08 6.0441e+08  5.53%  5411 8094s
   669    20     cutoff   10      6.3976e+08 6.0441e+08  5.53%  5415 8137s
   671    21 6.2177e+08   10   43 6.3976e+08 6.0441e+08  5.53%  5406 8205s
   674    23     cutoff   15      6.3976e+08 6.0441e+08  5.53%  5388 8247s
   682    41 6.3911e+08   17    9 6.3976e+08 6.0441e+08  5.53%  5350 8303s
   709    63 6.3961e+08   21    4 6.3976e+08 6.0441e+08  5.53%  5159 8351s
   785    61 6.3975e+08   23    3 6.3976e+08 6.0441e+08  5.53%  4691 8676s
   832    60 6.3927e+08   19    8 6.3976e+08 6.0441e+08  5.53%  4459 9131s
   898    51 6.3928e+08   20    7 6.3976e+08 6.0441e+08  5.53%  4162 9554s
   951    40 6.3948e+08   21    5 6.3976e+08 6.0441e+08  5.53%  3953 9627s
  1000    29     cutoff   22      6.3976e+08 6.0441e+08  5.53%  3785 9692s
H 1032    23                    6.336050e+08 6.0441e+08  4.61%  3681 9760s
  1044    15     cutoff   22      6.3361e+08 6.0441e+08  4.61%  3643 9830s
  1053    17     cutoff   12      6.3361e+08 6.0441e+08  4.61%  3624 9886s
  1059    17     cutoff   11      6.3361e+08 6.0441e+08  4.61%  3618 9938s
  1061    18     cutoff   12      6.3361e+08 6.0441e+08  4.61%  3617 10016s
  1068    19     cutoff   12      6.3361e+08 6.0441e+08  4.61%  3633 10103s
  1073    16     cutoff   13      6.3361e+08 6.0441e+08  4.61%  3646 10158s
  1078    16     cutoff   14      6.3361e+08 6.0441e+08  4.61%  3640 10209s
  1082    16     cutoff   13      6.3361e+08 6.0441e+08  4.61%  3654 10301s
  1084    14     cutoff   14      6.3361e+08 6.0441e+08  4.61%  3649 10372s
  1086    16 6.1012e+08   14   54 6.3361e+08 6.0441e+08  4.61%  3643 10429s
  1090    18 6.0553e+08    7   49 6.3361e+08 6.0441e+08  4.61%  3647 10541s
  1094    18 6.1368e+08   13   50 6.3361e+08 6.0441e+08  4.61%  3651 10633s
  1098    15     cutoff   17      6.3361e+08 6.0441e+08  4.61%  3649 10732s
  1104    22 6.2780e+08    7   55 6.3361e+08 6.0544e+08  4.45%  3678 10829s
  1112    27     cutoff    8      6.3361e+08 6.0544e+08  4.45%  3664 10904s
  1132    31 6.3322e+08   23    2 6.3361e+08 6.0544e+08  4.45%  3632 10994s
H 1141    31                    6.336046e+08 6.0544e+08  4.45%  3604 10994s
* 1169    31              25    6.335253e+08 6.0544e+08  4.43%  3522 10994s
  1182    26     cutoff   24      6.3353e+08 6.0544e+08  4.43%  3489 11062s
* 1193    26              28    6.334410e+08 6.0544e+08  4.42%  3458 11062s
  1216    18 6.3338e+08   26    2 6.3344e+08 6.0544e+08  4.42%  3406 11146s
  1249    27     cutoff   13      6.3344e+08 6.0544e+08  4.42%  3392 11230s
  1271    95     cutoff   19      6.3344e+08 6.0544e+08  4.42%  3382 11323s
  1360   126 6.3295e+08   24   28 6.3344e+08 6.0544e+08  4.42%  3221 11429s
  1430   126 6.3253e+08   26   19 6.3344e+08 6.0544e+08  4.42%  3102 11430s
  1483   156 6.3326e+08   25   27 6.3344e+08 6.0544e+08  4.42%  3029 11545s
  1619    79 6.3338e+08   27   26 6.3344e+08 6.0544e+08  4.42%  2843 11793s
  1722    32     cutoff   12      6.3344e+08 6.0553e+08  4.41%  2783 11914s
  1771    32 6.1772e+08   17   37 6.3344e+08 6.0553e+08  4.41%  2770 11915s
  1782     9     cutoff   27      6.3344e+08 6.0553e+08  4.41%  2767 12051s
  1806     9 6.3102e+08   18   29 6.3344e+08 6.0553e+08  4.41%  2781 12112s
  1808    13 6.3225e+08   20   27 6.3344e+08 6.0553e+08  4.41%  2788 12184s
  1817    36 6.3231e+08   20   11 6.3344e+08 6.0553e+08  4.41%  2789 12259s
  1844   108 6.3282e+08   21   10 6.3344e+08 6.0553e+08  4.41%  2762 12349s
  1926   108 6.3285e+08   23   11 6.3344e+08 6.0553e+08  4.41%  2665 12350s
  1969   126 6.3335e+08   25    9 6.3344e+08 6.0553e+08  4.41%  2616 12430s
  2108   118     cutoff   30      6.3344e+08 6.0553e+08  4.41%  2466 12560s
  2247   127 6.3342e+08   28    5 6.3344e+08 6.0553e+08  4.41%  2336 12625s
  2394   135     cutoff   28      6.3344e+08 6.0553e+08  4.41%  2216 12742s
  2531   159 6.3340e+08   27    9 6.3344e+08 6.0553e+08  4.41%  2114 12833s
  2680   203     cutoff   29      6.3344e+08 6.0553e+08  4.41%  2017 12891s
* 2708   203              29    6.314326e+08 6.0553e+08  4.10%  2005 12891s
* 2732   203              29    6.312044e+08 6.0553e+08  4.07%  1995 12892s
  2835   210 6.3048e+08   25    7 6.3120e+08 6.0553e+08  4.07%  1937 12950s
* 2866   210              28    6.303861e+08 6.0791e+08  3.57%  1918 12950s
  2985   224     cutoff   30      6.3039e+08 6.0894e+08  3.40%  1863 13021s
* 2996   224              27    6.303856e+08 6.0894e+08  3.40%  1857 13021s
* 3102   224              26    6.301277e+08 6.0894e+08  3.36%  1808 13022s
* 3126   224              29    6.301156e+08 6.0894e+08  3.36%  1797 13022s
  3129   206 6.2983e+08   25    5 6.3012e+08 6.0894e+08  3.36%  1796 13086s
* 3138   206              28    6.300009e+08 6.0894e+08  3.34%  1794 13086s
* 3163   206              27    6.299917e+08 6.0894e+08  3.34%  1786 13087s
  3275   138     cutoff   26      6.2999e+08 6.0894e+08  3.34%  1747 13157s
* 3288   138              26    6.298233e+08 6.0894e+08  3.32%  1741 13157s
  3422    21     cutoff   27      6.2982e+08 6.0894e+08  3.32%  1690 13217s
  3545     3     cutoff   24      6.2982e+08 6.0894e+08  3.32%  1638 13262s
  3565     4 6.2302e+08   12   45 6.2982e+08 6.0894e+08  3.32%  1629 13458s
  3566     3     cutoff   13      6.2982e+08 6.0894e+08  3.32%  1631 13497s
  3567     4 6.2361e+08   13   46 6.2982e+08 6.0894e+08  3.32%  1631 13624s
  3568     4     cutoff   14      6.2982e+08 6.0894e+08  3.32%  1635 13747s
  3571     4 6.1171e+08   10   51 6.2982e+08 6.0894e+08  3.32%  1637 13828s
  3573     3 6.2980e+08   16   19 6.2982e+08 6.0894e+08  3.32%  1640 13878s
  3576     2     cutoff    9      6.2982e+08 6.1190e+08  2.85%  1643 14121s
  3577     1     cutoff   11      6.2982e+08 6.1190e+08  2.85%  1644 14167s

Cutting planes:
  Gomory: 21
  MIR: 6798
  Flow cover: 18
  RLT: 5
  Relax-and-lift: 519

Explored 3578 nodes (6558364 simplex iterations) in 14402.77 seconds (21458.12 work units)
Thread count was 32 (of 192 available processors)

Solution count 10: 6.29823e+08 6.29992e+08 6.30001e+08 ... 6.33441e+08

Time limit reached
Best objective 6.298232559141e+08, best bound 6.119030522042e+08, gap 2.8453%

User-callback calls 6886329, time in user-callback 2.51 sec
 27.289073 seconds (283.69 M allocations: 19.203 GiB, 27.34% gc time, 17.09% compilation time)
14428.895512 seconds (81.60 M allocations: 5.171 GiB, 0.04% gc time, 0.01% compilation time)
Set parameter WLSAccessID
Set parameter WLSSecret
Set parameter LicenseID to value 2677366
Academic license 2677366 - for non-commercial use only - registered to la___@mit.edu
Set parameter MIPGap to value 1e-05
Set parameter TimeLimit to value 28800
Set parameter MIPGap to value 1e-05
Set parameter TimeLimit to value 28800
Gurobi Optimizer version 12.0.2 build v12.0.2rc0 (linux64 - "Rocky Linux 8.10 (Green Obsidian)")

CPU model: AMD EPYC 9474F 48-Core Processor, instruction set [SSE2|AVX|AVX2|AVX512]
Thread count: 96 physical cores, 192 logical processors, using up to 32 threads

Non-default parameters:
TimeLimit  28800
MIPGap  1e-05

Academic license 2677366 - for non-commercial use only - registered to la___@mit.edu
Optimize a model with 4119401 rows, 3189004 columns and 11428622 nonzeros
Model fingerprint: 0x7a486021
Variable types: 3188926 continuous, 78 integer (78 binary)
Coefficient statistics:
  Matrix range     [9e-01, 1e+03]
  Objective range  [2e-01, 7e+06]
  Bounds range     [9e+00, 1e+02]
  RHS range        [6e+00, 7e+01]
Presolve removed 265827 rows and 474581 columns (presolve time = 5s)...
Presolve removed 265829 rows and 474583 columns (presolve time = 10s)...
Presolve removed 265829 rows and 474583 columns (presolve time = 15s)...
Presolve removed 265829 rows and 474583 columns (presolve time = 20s)...
Presolve removed 265829 rows and 474583 columns (presolve time = 25s)...
Presolve removed 265829 rows and 474583 columns (presolve time = 30s)...
Presolve removed 265829 rows and 474583 columns (presolve time = 35s)...
Presolve removed 265829 rows and 474583 columns
Presolve time: 35.61s
Presolved: 3853572 rows, 2714421 columns, 10441248 nonzeros
Variable types: 2714316 continuous, 105 integer (78 binary)
Deterministic concurrent LP optimizer: primal simplex, dual simplex, and barrier
Showing barrier log only...

Root barrier log...

Ordering time: 0.87s

Barrier statistics:
 Dense cols : 129
 AA' NZ     : 9.770e+06
 Factor NZ  : 4.567e+07 (roughly 3.0 GB of memory)
 Factor Ops : 6.656e+08 (less than 1 second per iteration)
 Threads    : 29

                  Objective                Residual
Iter       Primal          Dual         Primal    Dual     Compl     Time
   0   1.93976470e+13 -1.43307049e+14  5.76e+06 1.91e+03  5.05e+09    82s
   1   1.88799529e+13 -1.39270842e+14  5.52e+06 2.90e+05  4.22e+09    83s
   2   1.26266236e+13 -1.79700647e+14  3.50e+06 8.59e+04  2.63e+09    84s
   3   1.11929041e+13 -1.75293451e+14  3.10e+06 1.05e+04  2.23e+09    86s
   4   2.19918417e+12 -1.71116030e+14  5.72e+05 5.67e-04  4.73e+08    87s
   5   1.82731246e+11 -1.36889672e+14  4.90e+04 5.21e+01  4.86e+07    88s
   6   1.65583791e+11 -7.02764223e+13  4.44e+04 4.49e+00  2.97e+07    89s
   7   1.31369435e+11 -4.07592581e+13  3.43e+04 4.25e-04  1.76e+07    89s
   8   6.12526491e+10 -2.13254215e+13  1.35e+04 1.95e-04  5.98e+06    91s
   9   3.52151210e+10 -5.87059062e+12  5.85e+03 1.09e+00  1.34e+06    92s
  10   2.57583931e+10 -5.47571797e+12  3.09e+03 9.73e-01  9.80e+05    93s
  11   2.06653403e+10 -1.74199228e+12  1.65e+03 9.72e-02  2.83e+05    94s
  12   1.80162070e+10 -1.18450502e+12  1.01e+03 5.79e-02  1.77e+05    95s
  13   1.67322153e+10 -6.08738610e+11  7.58e+02 2.55e-02  8.89e+04    97s
  14   1.48917178e+10 -4.10365381e+11  4.90e+02 1.61e-02  5.75e+04    98s
  15   1.29213247e+10 -1.91104101e+11  2.80e+02 7.01e-03  2.63e+04    99s
  16   1.07353408e+10 -1.07024145e+11  1.38e+02 3.85e-03  1.46e+04   101s
  17   9.72587782e+09 -6.73627375e+10  1.01e+02 2.51e-03  9.47e+03   103s
  18   9.20979646e+09 -5.11153025e+10  8.40e+01 1.91e-03  7.38e+03   104s
  19   8.52672057e+09 -3.96240476e+10  6.45e+01 1.50e-03  5.86e+03   105s
  20   8.01847635e+09 -2.72884414e+10  5.19e+01 1.06e-03  4.27e+03   106s
  21   7.27571136e+09 -1.84948331e+10  3.71e+01 7.51e-04  3.11e+03   107s
  22   6.94923841e+09 -1.51487499e+10  3.23e+01 6.32e-04  2.66e+03   109s
  23   6.26416588e+09 -1.15946991e+10  2.25e+01 5.12e-04  2.14e+03   111s
  24   5.64211776e+09 -9.30651305e+09  1.45e+01 4.37e-04  1.79e+03   112s
  25   5.32421569e+09 -7.27844549e+09  1.00e+01 3.69e-04  1.51e+03   114s
  26   5.02585831e+09 -6.91712297e+09  6.94e+00 3.55e-04  1.43e+03   116s
  27   4.52807804e+09 -4.19918241e+09  2.47e+00 2.54e-04  1.04e+03   118s
  28   4.15728293e+09 -3.78726357e+09  6.34e-01 2.34e-04  9.48e+02   120s
  29   3.87488102e+09 -3.06636001e+09  5.73e-01 2.01e-04  8.28e+02   121s
  30   3.58077209e+09 -2.32873269e+09  5.21e-01 1.64e-04  7.04e+02   123s
  31   3.40428261e+09 -2.08336956e+09  4.89e-01 1.51e-04  6.54e+02   124s
  32   2.92119475e+09 -1.53000585e+09  4.11e-01 1.19e-04  5.30e+02   126s
  33   2.79200320e+09 -1.35418840e+09  3.89e-01 1.09e-04  4.93e+02   128s
  34   2.47597175e+09 -1.10598204e+09  3.40e-01 9.60e-05  4.26e+02   130s
  35   2.28981753e+09 -8.50397944e+08  3.07e-01 8.08e-05  3.73e+02   132s
  36   2.12737620e+09 -7.47215588e+08  2.82e-01 7.41e-05  3.42e+02   134s
  37   1.92581581e+09 -5.17881963e+08  2.48e-01 6.06e-05  2.90e+02   136s
  38   1.77684321e+09 -4.98154401e+08  2.24e-01 5.94e-05  2.70e+02   137s
  39   1.55650482e+09 -3.82463773e+08  1.93e-01 5.15e-05  2.30e+02   139s
  40   1.52988475e+09 -3.28627758e+08  1.87e-01 4.77e-05  2.21e+02   140s
  41   1.26230370e+09 -2.74550778e+08  1.45e-01 4.41e-05  1.83e+02   142s
  42   1.24518271e+09 -1.59144132e+08  1.42e-01 3.60e-05  1.67e+02   144s
  43   1.13303564e+09 -1.10148521e+08  1.24e-01 3.29e-05  1.48e+02   145s
  44   1.07655210e+09 -5.40237169e+07  1.15e-01 2.93e-05  1.34e+02   147s
  45   9.89431272e+08  6.66690989e+07  1.01e-01 2.18e-05  1.10e+02   149s
  46   8.67708810e+08  1.55679907e+08  7.63e-02 1.71e-05  8.46e+01   151s
  47   8.25481042e+08  1.94556448e+08  6.93e-02 1.50e-05  7.49e+01   153s
  48   7.65716964e+08  2.89466308e+08  5.71e-02 1.00e-05  5.65e+01   155s
  49   7.35556010e+08  3.71719851e+08  5.18e-02 1.48e-05  4.31e+01   157s
  50   7.06552845e+08  4.09956085e+08  4.47e-02 2.45e-05  3.51e+01   158s
  51   6.79694199e+08  4.38749811e+08  3.81e-02 3.14e-05  2.85e+01   160s
  52   6.63049946e+08  4.51496923e+08  3.41e-02 1.95e-05  2.50e+01   162s
  53   6.41041051e+08  4.60733380e+08  2.92e-02 1.08e-05  2.13e+01   164s
  54   6.32592809e+08  4.68571515e+08  2.71e-02 8.62e-06  1.94e+01   165s
  55   6.25402003e+08  4.79008430e+08  2.51e-02 5.53e-06  1.73e+01   167s
  56   6.15698177e+08  4.95944823e+08  2.18e-02 4.50e-06  1.42e+01   169s
  57   6.09834001e+08  5.10285396e+08  1.98e-02 6.73e-06  1.18e+01   171s
  58   6.05180425e+08  5.22522347e+08  1.80e-02 4.20e-06  9.75e+00   173s
  59   5.97395003e+08  5.29338793e+08  1.55e-02 4.43e-06  8.02e+00   175s
  60   5.93417068e+08  5.35804055e+08  1.40e-02 4.67e-06  6.78e+00   176s
  61   5.91210981e+08  5.39286215e+08  1.29e-02 3.93e-06  6.11e+00   178s
  62   5.88174128e+08  5.43579309e+08  1.14e-02 3.10e-06  5.25e+00   180s
  63   5.86104039e+08  5.47678359e+08  1.01e-02 2.82e-06  4.52e+00   181s
  64   5.84451376e+08  5.51160758e+08  9.16e-03 2.32e-06  3.91e+00   183s
  65   5.82853306e+08  5.53324998e+08  8.34e-03 2.02e-06  3.47e+00   185s
  66   5.81102543e+08  5.55475660e+08  7.54e-03 2.75e-06  3.01e+00   187s
  67   5.80176477e+08  5.56683767e+08  6.99e-03 1.75e-06  2.76e+00   189s
  68   5.78520600e+08  5.57502276e+08  6.06e-03 1.99e-06  2.47e+00   190s
  69   5.77793927e+08  5.59070271e+08  5.67e-03 4.16e-06  2.20e+00   192s
  70   5.76070955e+08  5.59994646e+08  4.73e-03 4.24e-06  1.89e+00   194s
  71   5.75427137e+08  5.61004784e+08  4.40e-03 5.59e-06  1.69e+00   196s
  72   5.74268293e+08  5.61615419e+08  3.79e-03 4.47e-06  1.49e+00   198s
  73   5.73680109e+08  5.62050635e+08  3.49e-03 2.36e-06  1.37e+00   200s
  74   5.73113592e+08  5.62709217e+08  3.22e-03 3.45e-06  1.22e+00   202s
  75   5.72807511e+08  5.63385295e+08  3.09e-03 5.89e-06  1.10e+00   203s
  76   5.72364707e+08  5.63714746e+08  2.82e-03 4.32e-06  1.01e+00   205s
  77   5.72186959e+08  5.63878212e+08  2.70e-03 4.06e-06  9.74e-01   207s
  78   5.71726804e+08  5.64292658e+08  2.45e-03 2.11e-06  8.72e-01   208s
  79   5.71435317e+08  5.64522749e+08  2.27e-03 2.01e-06  8.10e-01   210s
  80   5.71067802e+08  5.64754465e+08  2.05e-03 2.78e-06  7.40e-01   212s
  81   5.70890000e+08  5.65079857e+08  1.95e-03 2.36e-06  6.81e-01   214s
  82   5.70475324e+08  5.65253320e+08  1.70e-03 3.14e-06  6.13e-01   215s
  83   5.70288962e+08  5.65391715e+08  1.60e-03 3.10e-06  5.75e-01   217s
  84   5.69848600e+08  5.65735115e+08  1.34e-03 3.65e-06  4.83e-01   219s
  85   5.69659714e+08  5.65885782e+08  1.24e-03 3.50e-06  4.43e-01   221s
  86   5.69498602e+08  5.66245249e+08  1.15e-03 6.73e-06  3.82e-01   223s
  87   5.69256192e+08  5.66346783e+08  1.62e-03 5.68e-06  3.42e-01   225s
  88   5.69158074e+08  5.66563747e+08  1.81e-03 3.16e-06  3.05e-01   227s
  89   5.68948224e+08  5.66720657e+08  2.36e-03 6.55e-06  2.62e-01   229s
  90   5.68846278e+08  5.66773273e+08  2.62e-03 4.02e-06  2.44e-01   231s
  91   5.68814784e+08  5.66776390e+08  2.54e-03 4.02e-06  2.40e-01   234s
  92   5.68701833e+08  5.66861768e+08  2.83e-03 2.72e-06  2.17e-01   236s
  93   5.68671608e+08  5.66948697e+08  2.74e-03 2.46e-06  2.03e-01   238s
  94   5.68521724e+08  5.66997403e+08  2.35e-03 2.30e-06  1.80e-01   240s
  95   5.68482225e+08  5.67024074e+08  2.24e-03 2.22e-06  1.72e-01   242s
  96   5.68407272e+08  5.67148489e+08  2.03e-03 2.05e-06  1.48e-01   245s
  97   5.68344795e+08  5.67202326e+08  1.86e-03 1.89e-06  1.35e-01   247s
  98   5.68308917e+08  5.67243503e+08  1.75e-03 1.78e-06  1.26e-01   250s
  99   5.68275774e+08  5.67290423e+08  1.66e-03 1.61e-06  1.16e-01   253s
 100   5.68230209e+08  5.67323091e+08  1.52e-03 1.48e-06  1.07e-01   256s
 101   5.68185483e+08  5.67372230e+08  1.39e-03 1.25e-06  9.58e-02   259s
 102   5.68133527e+08  5.67401337e+08  1.25e-03 4.55e-06  8.62e-02   261s
 103   5.68108944e+08  5.67432470e+08  1.18e-03 2.95e-06  7.97e-02   264s
 104   5.68067395e+08  5.67447099e+08  1.05e-03 3.05e-06  7.31e-02   267s
 105   5.68046328e+08  5.67465859e+08  9.84e-04 2.71e-06  6.84e-02   271s
 106   5.68016278e+08  5.67490403e+08  9.56e-04 2.82e-06  6.20e-02   273s
 107   5.67998520e+08  5.67515113e+08  1.01e-03 1.67e-06  5.70e-02   277s
 108   5.67977993e+08  5.67525732e+08  1.05e-03 1.57e-06  5.33e-02   282s
 109   5.67957419e+08  5.67538944e+08  9.92e-04 1.50e-06  4.94e-02   286s
 110   5.67935555e+08  5.67558097e+08  8.30e-04 1.17e-06  4.45e-02   290s
 111   5.67917596e+08  5.67572822e+08  8.53e-04 3.36e-06  4.06e-02   293s
 112   5.67898423e+08  5.67587127e+08  8.28e-04 3.84e-06  3.67e-02   295s
 113   5.67881690e+08  5.67599196e+08  8.74e-04 3.55e-06  3.33e-02   299s
 114   5.67872495e+08  5.67601859e+08  8.63e-04 3.46e-06  3.19e-02   304s
 115   5.67859622e+08  5.67613122e+08  8.26e-04 3.13e-06  2.91e-02   308s
 116   5.67845578e+08  5.67621718e+08  8.17e-04 2.89e-06  2.64e-02   313s
 117   5.67838403e+08  5.67627923e+08  8.02e-04 2.73e-06  2.49e-02   316s
 118   5.67831445e+08  5.67631901e+08  7.72e-04 2.63e-06  2.36e-02   320s
 119   5.67824032e+08  5.67637756e+08  7.13e-04 2.45e-06  2.20e-02   325s
 120   5.67817784e+08  5.67648067e+08  6.73e-04 2.15e-06  2.00e-02   328s
 121   5.67813106e+08  5.67651681e+08  6.52e-04 2.04e-06  1.91e-02   333s
 122   5.67806327e+08  5.67656420e+08  6.35e-04 1.90e-06  1.77e-02   338s
 123   5.67799621e+08  5.67662525e+08  6.15e-04 1.76e-06  1.62e-02   342s
 124   5.67797545e+08  5.67666999e+08  5.97e-04 1.61e-06  1.54e-02   345s
 125   5.67793702e+08  5.67668875e+08  6.14e-04 1.57e-06  1.47e-02   348s
 126   5.67787141e+08  5.67675082e+08  6.38e-04 4.07e-06  1.32e-02   351s
 127   5.67779530e+08  5.67680828e+08  5.67e-04 6.06e-06  1.17e-02   354s
 128   5.67776332e+08  5.67683126e+08  5.35e-04 1.31e-05  1.10e-02   358s
 129   5.67772737e+08  5.67685578e+08  4.91e-04 8.60e-06  1.03e-02   361s
 130   5.67762880e+08  5.67690512e+08  4.20e-04 2.67e-05  8.58e-03   363s
 131   5.67760034e+08  5.67694415e+08  3.94e-04 4.22e-05  7.78e-03   366s
 132   5.67754937e+08  5.67695780e+08  3.58e-04 3.96e-05  7.01e-03   369s
 133   5.67751366e+08  5.67698890e+08  3.28e-04 3.69e-05  6.22e-03   373s
 134   5.67750181e+08  5.67701472e+08  3.18e-04 4.32e-05  5.77e-03   376s
 135   5.67749293e+08  5.67702705e+08  3.13e-04 4.73e-05  5.52e-03   378s
 136   5.67746551e+08  5.67704747e+08  2.94e-04 4.71e-05  4.96e-03   381s
 137   5.67743870e+08  5.67706151e+08  2.68e-04 4.32e-05  4.48e-03   387s
 138   5.67742934e+08  5.67706852e+08  2.59e-04 4.27e-05  4.28e-03   391s
 139   5.67739861e+08  5.67709093e+08  2.48e-04 4.40e-05  3.65e-03   395s
 140   5.67738072e+08  5.67709460e+08  2.12e-04 4.28e-05  3.40e-03   402s
 141   5.67737253e+08  5.67710660e+08  2.06e-04 3.87e-05  3.16e-03   405s
 142   5.67735756e+08  5.67711602e+08  2.06e-04 3.49e-05  2.87e-03   412s
 143   5.67734856e+08  5.67711943e+08  2.46e-04 3.35e-05  2.72e-03   418s
 144   5.67732650e+08  5.67713388e+08  3.35e-04 2.82e-05  2.30e-03   426s
 145   5.67731548e+08  5.67713711e+08  4.39e-04 2.72e-05  2.14e-03   430s
 146   5.67729963e+08  5.67714939e+08  4.53e-04 2.44e-05  1.81e-03   436s
 147   5.67728262e+08  5.67715842e+08  3.95e-04 2.27e-05  1.49e-03   444s
 148   5.67727554e+08  5.67716940e+08  3.59e-04 2.47e-05  1.28e-03   446s
 149   5.67725600e+08  5.67718324e+08  2.66e-04 2.19e-05  8.75e-04   449s
 150   5.67724872e+08  5.67719318e+08  2.26e-04 2.54e-05  6.68e-04   452s
 151   5.67724483e+08  5.67719356e+08  2.07e-04 2.55e-05  6.17e-04   454s
 152   5.67724293e+08  5.67719602e+08  1.96e-04 2.13e-05  5.64e-04   457s
 153   5.67723247e+08  5.67720035e+08  1.31e-04 1.03e-05  3.87e-04   459s
 154   5.67722550e+08  5.67720555e+08  9.26e-05 1.37e-05  2.43e-04   461s
 155   5.67722180e+08  5.67720694e+08  7.28e-05 8.62e-06  1.79e-04   465s
 156   5.67721693e+08  5.67720772e+08  4.85e-05 4.73e-06  9.78e-05   468s
 157   5.67721534e+08  5.67720856e+08  3.85e-05 1.94e-06  7.08e-05   471s
 158   5.67721436e+08  5.67720862e+08  3.23e-05 1.74e-06  5.93e-05   474s
 159   5.67721401e+08  5.67720876e+08  3.01e-05 1.35e-06  5.38e-05   476s
 160   5.67721297e+08  5.67720884e+08  2.79e-05 1.13e-06  4.09e-05   479s
 161   5.67721294e+08  5.67720904e+08  3.04e-05 7.05e-07  3.73e-05   482s
 162   5.67721284e+08  5.67720913e+08  3.32e-05 5.25e-07  3.41e-05   485s
 163   5.67721275e+08  5.67720917e+08  3.96e-05 7.93e-07  3.03e-05   488s
 164   5.67721248e+08  5.67720921e+08  5.04e-05 1.43e-06  2.31e-05   491s
 165   5.67721212e+08  5.67720922e+08  5.65e-05 1.53e-06  1.66e-05   494s
 166   5.67721170e+08  5.67720925e+08  5.53e-05 1.44e-06  1.16e-05   497s
 167   5.67721089e+08  5.67720928e+08  3.57e-05 3.69e-07  7.70e-06   500s
 168   5.67721002e+08  5.67720931e+08  1.55e-05 3.61e-07  3.41e-06   503s
 169   5.67720979e+08  5.67720937e+08  1.00e-05 3.20e-06  1.87e-06   505s
 170   5.67720940e+08  5.67720938e+08  5.99e-07 1.79e-05  1.24e-07   507s
 171   5.67720937e+08  5.67720939e+08  1.33e-06 3.19e-06  4.58e-09   508s

Barrier solved model in 171 iterations and 507.61 seconds (538.79 work units)
Optimal objective 5.67720937e+08


Root crossover log...

   60230 DPushes remaining with DInf 0.0000000e+00               509s
    2756 DPushes remaining with DInf 0.0000000e+00               510s
       0 DPushes remaining with DInf 0.0000000e+00               512s

  452642 PPushes remaining with PInf 1.7875495e-06               512s
       0 PPushes remaining with PInf 0.0000000e+00               514s

  Push phase complete: Pinf 0.0000000e+00, Dinf 1.3286176e+07    514s


Root simplex log...

Iteration    Objective       Primal Inf.    Dual Inf.      Time
  512862    5.6772094e+08   0.000000e+00   1.328618e+07    515s
  513552    5.6772094e+08   0.000000e+00   4.055037e+07    523s
  514372    5.6772094e+08   0.000000e+00   8.757032e+07    531s
  515212    5.6772094e+08   0.000000e+00   9.544334e+07    539s
  516132    5.6772094e+08   0.000000e+00   2.343989e+08    546s
  516302    5.6772094e+08   0.000000e+00   2.295278e+07    551s
  517842    5.6772094e+08   0.000000e+00   4.488256e+05    556s
  520636    5.6772094e+08   0.000000e+00   4.860428e+03    561s
  522094    5.6772094e+08   0.000000e+00   0.000000e+00    564s
Concurrent spin time: 42.64s

Solved with barrier
  522094    5.6772094e+08   0.000000e+00   0.000000e+00    608s

Root relaxation: objective 5.677209e+08, 522094 iterations, 536.66 seconds (583.21 work units)
Total elapsed time = 613.43s (DegenMoves)

    Nodes    |    Current Node    |     Objective Bounds      |     Work
 Expl Unexpl |  Obj  Depth IntInf | Incumbent    BestBd   Gap | It/Node Time

     0     0 5.6772e+08    0   52          - 5.6772e+08      -     -  623s
H    0     0                    7.300281e+08 5.6772e+08  22.2%     -  675s
H    0     0                    6.841021e+08 5.6772e+08  17.0%     -  756s
     0     0 5.8232e+08    0   53 6.8410e+08 5.8232e+08  14.9%     -  899s
     0     0 5.8310e+08    0   54 6.8410e+08 5.8310e+08  14.8%     - 1017s
     0     0 5.8459e+08    0   54 6.8410e+08 5.8459e+08  14.5%     - 1098s
     0     0 5.8459e+08    0   55 6.8410e+08 5.8459e+08  14.5%     - 1102s
     0     0 5.8791e+08    0   55 6.8410e+08 5.8791e+08  14.1%     - 1438s
     0     0 5.8796e+08    0   56 6.8410e+08 5.8796e+08  14.1%     - 1504s
     0     0 5.8815e+08    0   57 6.8410e+08 5.8815e+08  14.0%     - 1682s
     0     0 5.8818e+08    0   57 6.8410e+08 5.8818e+08  14.0%     - 1848s
     0     0 5.8867e+08    0   56 6.8410e+08 5.8867e+08  14.0%     - 1962s
     0     0 5.8867e+08    0   57 6.8410e+08 5.8867e+08  14.0%     - 1973s
     0     0 5.8867e+08    0   57 6.8410e+08 5.8867e+08  14.0%     - 2000s
     0     0 5.8867e+08    0   57 6.8410e+08 5.8867e+08  13.9%     - 2003s
     0     0 5.8867e+08    0   57 6.8410e+08 5.8867e+08  13.9%     - 2029s
     0     0 5.8868e+08    0   57 6.8410e+08 5.8868e+08  13.9%     - 2032s
     0     0 5.8868e+08    0   57 6.8410e+08 5.8868e+08  13.9%     - 2058s
     0     0 5.8868e+08    0   57 6.8410e+08 5.8868e+08  13.9%     - 2060s
     0     0 5.8868e+08    0   57 6.8410e+08 5.8868e+08  13.9%     - 2085s
     0     0 5.8868e+08    0   57 6.8410e+08 5.8868e+08  13.9%     - 2111s
     0     0 5.8868e+08    0   57 6.8410e+08 5.8868e+08  13.9%     - 2220s
     0     2 5.8868e+08    0   56 6.8410e+08 5.8868e+08  13.9%     - 2407s
     1     3 5.9975e+08    1   59 6.8410e+08 5.8868e+08  13.9% 42610 2661s
     2     4 5.9340e+08    1   57 6.8410e+08 5.9340e+08  13.3% 43476 3075s
     3     7 6.1044e+08    2   59 6.8410e+08 5.9340e+08  13.3% 42819 3212s
     6     9 6.3058e+08    3   47 6.8410e+08 5.9340e+08  13.3% 36269 3371s
    10    11 6.3085e+08    4   48 6.8410e+08 5.9634e+08  12.8% 28969 3588s
    16    14 6.0113e+08    4   55 6.8410e+08 5.9634e+08  12.8% 20478 4321s
    19    15     cutoff    4      6.8410e+08 5.9634e+08  12.8% 21334 4848s
H   26    22                    6.723930e+08 5.9634e+08  11.3% 33899 5260s
H   29    22                    6.634026e+08 5.9634e+08  10.1% 34961 5260s
H   30    22                    6.499344e+08 5.9634e+08  8.25% 35160 5260s
    37    21 6.4137e+08    7   41 6.4993e+08 5.9634e+08  8.25% 34025 5808s
H   49    29                    6.454218e+08 6.0168e+08  6.78% 28053 6322s
    67    48 6.4154e+08    9   38 6.4542e+08 6.0168e+08  6.78% 30679 6884s
   138    53     cutoff   13      6.4542e+08 6.0191e+08  6.74% 19141 7066s
   204    75     cutoff   10      6.4542e+08 6.0278e+08  6.61% 15065 7212s
*  260    75              22    6.429519e+08 6.0278e+08  6.25% 12872 7212s
   272    72     cutoff    9      6.4295e+08 6.0278e+08  6.25% 12347 7339s
*  333    72              22    6.427581e+08 6.0278e+08  6.22% 10256 7339s
   362   104 6.3894e+08   18    5 6.4276e+08 6.0278e+08  6.22%  9469 7421s
*  371   104              23    6.407631e+08 6.0278e+08  5.93%  9247 7422s
*  422   104              21    6.398431e+08 6.0278e+08  5.79%  8168 7422s
   484    54     cutoff   21      6.3984e+08 6.0278e+08  5.79%  7198 7490s
*  562    54              24    6.397588e+08 6.0278e+08  5.78%  6224 7490s
   571    34 6.3965e+08   22    2 6.3976e+08 6.0278e+08  5.78%  6129 7583s
   625    23     cutoff   23      6.3976e+08 6.0278e+08  5.78%  5636 7684s
   649    23 6.1161e+08   10   49 6.3976e+08 6.0441e+08  5.53%  5506 7754s
   655    23     cutoff   11      6.3976e+08 6.0441e+08  5.53%  5462 7812s
   660    21 6.3968e+08   15   10 6.3976e+08 6.0441e+08  5.53%  5444 7864s
   668    20     cutoff   13      6.3976e+08 6.0441e+08  5.53%  5411 7908s
   669    20     cutoff   10      6.3976e+08 6.0441e+08  5.53%  5415 7954s
   671    21 6.2177e+08   10   43 6.3976e+08 6.0441e+08  5.53%  5406 8020s
   674    23     cutoff   15      6.3976e+08 6.0441e+08  5.53%  5388 8065s
   682    41 6.3911e+08   17    9 6.3976e+08 6.0441e+08  5.53%  5350 8125s
   709    63 6.3961e+08   21    4 6.3976e+08 6.0441e+08  5.53%  5159 8168s
   785    61 6.3975e+08   23    3 6.3976e+08 6.0441e+08  5.53%  4691 8479s
   832    60 6.3927e+08   19    8 6.3976e+08 6.0441e+08  5.53%  4459 8869s
   898    51 6.3928e+08   20    7 6.3976e+08 6.0441e+08  5.53%  4162 9313s
   951    40 6.3948e+08   21    5 6.3976e+08 6.0441e+08  5.53%  3953 9383s
  1000    29     cutoff   22      6.3976e+08 6.0441e+08  5.53%  3785 9463s
H 1032    23                    6.336050e+08 6.0441e+08  4.61%  3681 9531s
  1044    15     cutoff   22      6.3361e+08 6.0441e+08  4.61%  3643 9601s
  1053    17     cutoff   12      6.3361e+08 6.0441e+08  4.61%  3624 9660s
  1059    17     cutoff   11      6.3361e+08 6.0441e+08  4.61%  3618 9716s
  1061    18     cutoff   12      6.3361e+08 6.0441e+08  4.61%  3617 9802s
  1068    19     cutoff   12      6.3361e+08 6.0441e+08  4.61%  3633 9890s
  1073    16     cutoff   13      6.3361e+08 6.0441e+08  4.61%  3646 9963s
  1078    16     cutoff   14      6.3361e+08 6.0441e+08  4.61%  3640 10017s
  1082    16     cutoff   13      6.3361e+08 6.0441e+08  4.61%  3654 10108s
  1084    14     cutoff   14      6.3361e+08 6.0441e+08  4.61%  3649 10192s
  1086    16 6.1012e+08   14   54 6.3361e+08 6.0441e+08  4.61%  3643 10254s
  1090    18 6.0553e+08    7   49 6.3361e+08 6.0441e+08  4.61%  3647 10371s
  1094    18 6.1368e+08   13   50 6.3361e+08 6.0441e+08  4.61%  3651 10443s
  1098    15     cutoff   17      6.3361e+08 6.0441e+08  4.61%  3649 10538s
  1104    22 6.2780e+08    7   55 6.3361e+08 6.0544e+08  4.45%  3678 10646s
  1112    27     cutoff    8      6.3361e+08 6.0544e+08  4.45%  3664 10712s
  1132    31 6.3322e+08   23    2 6.3361e+08 6.0544e+08  4.45%  3632 10790s
H 1141    31                    6.336046e+08 6.0544e+08  4.45%  3604 10790s
* 1169    31              25    6.335253e+08 6.0544e+08  4.43%  3522 10790s
  1182    26     cutoff   24      6.3353e+08 6.0544e+08  4.43%  3489 10879s
* 1193    26              28    6.334410e+08 6.0544e+08  4.42%  3458 10879s
  1216    18 6.3338e+08   26    2 6.3344e+08 6.0544e+08  4.42%  3406 10965s
  1249    27     cutoff   13      6.3344e+08 6.0544e+08  4.42%  3392 11057s
  1271    95     cutoff   19      6.3344e+08 6.0544e+08  4.42%  3382 11143s
  1360   126 6.3295e+08   24   28 6.3344e+08 6.0544e+08  4.42%  3221 11254s
  1483   156 6.3326e+08   25   27 6.3344e+08 6.0544e+08  4.42%  3029 11377s
  1619    79 6.3338e+08   27   26 6.3344e+08 6.0544e+08  4.42%  2843 11605s
  1722    32     cutoff   12      6.3344e+08 6.0553e+08  4.41%  2783 11720s
  1782     9     cutoff   27      6.3344e+08 6.0553e+08  4.41%  2767 11845s
  1806     9 6.3102e+08   18   29 6.3344e+08 6.0553e+08  4.41%  2781 11921s
  1808    13 6.3225e+08   20   27 6.3344e+08 6.0553e+08  4.41%  2788 12006s
  1817    36 6.3231e+08   20   11 6.3344e+08 6.0553e+08  4.41%  2789 12072s
  1844   108 6.3282e+08   21   10 6.3344e+08 6.0553e+08  4.41%  2762 12159s
  1969   126 6.3335e+08   25    9 6.3344e+08 6.0553e+08  4.41%  2616 12235s
  2108   118     cutoff   30      6.3344e+08 6.0553e+08  4.41%  2466 12376s
  2247   127 6.3342e+08   28    5 6.3344e+08 6.0553e+08  4.41%  2336 12457s
  2394   135     cutoff   28      6.3344e+08 6.0553e+08  4.41%  2216 12579s
  2531   159 6.3340e+08   27    9 6.3344e+08 6.0553e+08  4.41%  2114 12666s
  2680   203     cutoff   29      6.3344e+08 6.0553e+08  4.41%  2017 12728s
* 2708   203              29    6.314326e+08 6.0553e+08  4.10%  2005 12728s
* 2732   203              29    6.312044e+08 6.0553e+08  4.07%  1995 12728s
  2835   210 6.3048e+08   25    7 6.3120e+08 6.0553e+08  4.07%  1937 12786s
* 2866   210              28    6.303861e+08 6.0791e+08  3.57%  1918 12787s
  2985   224     cutoff   30      6.3039e+08 6.0894e+08  3.40%  1863 12847s
* 2996   224              27    6.303856e+08 6.0894e+08  3.40%  1857 12847s
* 3102   224              26    6.301277e+08 6.0894e+08  3.36%  1808 12847s
* 3126   224              29    6.301156e+08 6.0894e+08  3.36%  1797 12847s
  3129   206 6.2983e+08   25    5 6.3012e+08 6.0894e+08  3.36%  1796 12908s
* 3138   206              28    6.300009e+08 6.0894e+08  3.34%  1794 12908s
* 3163   206              27    6.299917e+08 6.0894e+08  3.34%  1786 12908s
  3275   138     cutoff   26      6.2999e+08 6.0894e+08  3.34%  1747 12967s
* 3288   138              26    6.298233e+08 6.0894e+08  3.32%  1741 12967s
  3422    21     cutoff   27      6.2982e+08 6.0894e+08  3.32%  1690 13030s
  3545     3     cutoff   24      6.2982e+08 6.0894e+08  3.32%  1638 13069s
  3565     4 6.2302e+08   12   45 6.2982e+08 6.0894e+08  3.32%  1629 13245s
  3566     3     cutoff   13      6.2982e+08 6.0894e+08  3.32%  1631 13286s
  3567     4 6.2361e+08   13   46 6.2982e+08 6.0894e+08  3.32%  1631 13405s
  3568     4     cutoff   14      6.2982e+08 6.0894e+08  3.32%  1635 13522s
  3571     4 6.1171e+08   10   51 6.2982e+08 6.0894e+08  3.32%  1637 13599s
  3573     3 6.2980e+08   16   19 6.2982e+08 6.0894e+08  3.32%  1640 13638s
  3576     2     cutoff    9      6.2982e+08 6.1190e+08  2.85%  1643 13827s
  3577     1     cutoff   11      6.2982e+08 6.1190e+08  2.85%  1644 13866s
  3578     2 6.2060e+08   11   50 6.2982e+08 6.2060e+08  1.46%  1644 14874s
  3579     1     cutoff   12      6.2982e+08 6.2060e+08  1.46%  1643 15537s
  3580     2 6.2377e+08   12   46 6.2982e+08 6.2377e+08  0.96%  1643 16690s
  3581     1     cutoff   13      6.2982e+08 6.2377e+08  0.96%  1644 16869s
  3582     2 6.2850e+08   13   49 6.2982e+08 6.2850e+08  0.21%  1644 17381s
  3583     1     cutoff   14      6.2982e+08 6.2850e+08  0.21%  1644 17417s
  3584     0     cutoff   14      6.2982e+08 6.2982e+08  0.00%  1643 17628s

Cutting planes:
  Gomory: 21
  MIR: 6798
  Flow cover: 18
  RLT: 5
  Relax-and-lift: 519

Explored 3585 nodes (6567472 simplex iterations) in 17629.63 seconds (35495.92 work units)
Thread count was 32 (of 192 available processors)

Solution count 10: 6.29823e+08 6.29992e+08 6.30001e+08 ... 6.33441e+08

Optimal solution found (tolerance 1.00e-05)
Best objective 6.298232559141e+08, best bound 6.298232559141e+08, gap 0.0000%

User-callback calls 7148873, time in user-callback 2.48 sec
 28.079120 seconds (283.69 M allocations: 19.203 GiB, 29.13% gc time, 16.08% compilation time)
17649.227327 seconds (81.87 M allocations: 5.179 GiB, 0.02% gc time, 0.00% compilation time)
Set parameter WLSAccessID
Set parameter WLSSecret
Set parameter LicenseID to value 2677366
Academic license 2677366 - for non-commercial use only - registered to la___@mit.edu
Set parameter MIPGap to value 1e-05
Set parameter TimeLimit to value 28800
Set parameter MIPGap to value 1e-05
Set parameter TimeLimit to value 28800
Gurobi Optimizer version 12.0.2 build v12.0.2rc0 (linux64 - "Rocky Linux 8.10 (Green Obsidian)")

CPU model: AMD EPYC 9474F 48-Core Processor, instruction set [SSE2|AVX|AVX2|AVX512]
Thread count: 96 physical cores, 192 logical processors, using up to 32 threads

Non-default parameters:
TimeLimit  28800
MIPGap  1e-05

Academic license 2677366 - for non-commercial use only - registered to la___@mit.edu
Optimize a model with 4119401 rows, 3189004 columns and 11428622 nonzeros
Model fingerprint: 0x7a486021
Variable types: 3188926 continuous, 78 integer (78 binary)
Coefficient statistics:
  Matrix range     [9e-01, 1e+03]
  Objective range  [2e-01, 7e+06]
  Bounds range     [9e+00, 1e+02]
  RHS range        [6e+00, 7e+01]
Presolve removed 265827 rows and 474581 columns (presolve time = 5s)...
Presolve removed 265829 rows and 474583 columns (presolve time = 10s)...
Presolve removed 265829 rows and 474583 columns (presolve time = 15s)...
Presolve removed 265829 rows and 474583 columns (presolve time = 20s)...
Presolve removed 265829 rows and 474583 columns (presolve time = 25s)...
Presolve removed 265829 rows and 474583 columns (presolve time = 30s)...
Presolve removed 265829 rows and 474583 columns (presolve time = 35s)...
Presolve removed 265829 rows and 474583 columns
Presolve time: 35.83s
Presolved: 3853572 rows, 2714421 columns, 10441248 nonzeros
Variable types: 2714316 continuous, 105 integer (78 binary)
Deterministic concurrent LP optimizer: primal simplex, dual simplex, and barrier
Showing barrier log only...

Root barrier log...

Ordering time: 0.88s

Barrier statistics:
 Dense cols : 129
 AA' NZ     : 9.770e+06
 Factor NZ  : 4.567e+07 (roughly 3.0 GB of memory)
 Factor Ops : 6.656e+08 (less than 1 second per iteration)
 Threads    : 29

                  Objective                Residual
Iter       Primal          Dual         Primal    Dual     Compl     Time
   0   1.93976470e+13 -1.43307049e+14  5.76e+06 1.91e+03  5.05e+09    84s
   1   1.88799529e+13 -1.39270842e+14  5.52e+06 2.90e+05  4.22e+09    85s
   2   1.26266236e+13 -1.79700647e+14  3.50e+06 8.59e+04  2.63e+09    86s
   3   1.11929041e+13 -1.75293451e+14  3.10e+06 1.05e+04  2.23e+09    87s
   4   2.19918417e+12 -1.71116030e+14  5.72e+05 5.67e-04  4.73e+08    88s
   5   1.82731246e+11 -1.36889672e+14  4.90e+04 5.21e+01  4.86e+07    89s
   6   1.65583791e+11 -7.02764223e+13  4.44e+04 4.49e+00  2.97e+07    90s
   7   1.31369435e+11 -4.07592581e+13  3.43e+04 4.25e-04  1.76e+07    91s
   8   6.12526491e+10 -2.13254215e+13  1.35e+04 1.95e-04  5.98e+06    92s
   9   3.52151210e+10 -5.87059062e+12  5.85e+03 1.09e+00  1.34e+06    93s
  10   2.57583931e+10 -5.47571797e+12  3.09e+03 9.73e-01  9.80e+05    95s
  11   2.06653403e+10 -1.74199228e+12  1.65e+03 9.72e-02  2.83e+05    95s
  12   1.80162070e+10 -1.18450502e+12  1.01e+03 5.79e-02  1.77e+05    96s
  13   1.67322153e+10 -6.08738610e+11  7.58e+02 2.55e-02  8.89e+04    97s
  14   1.48917178e+10 -4.10365381e+11  4.90e+02 1.61e-02  5.75e+04    98s
  15   1.29213247e+10 -1.91104101e+11  2.80e+02 7.01e-03  2.63e+04    99s
  16   1.07353408e+10 -1.07024145e+11  1.38e+02 3.85e-03  1.46e+04   101s
  17   9.72587782e+09 -6.73627375e+10  1.01e+02 2.51e-03  9.47e+03   102s
  18   9.20979646e+09 -5.11153025e+10  8.40e+01 1.91e-03  7.38e+03   103s
  19   8.52672057e+09 -3.96240476e+10  6.45e+01 1.50e-03  5.86e+03   104s
  20   8.01847635e+09 -2.72884414e+10  5.19e+01 1.06e-03  4.27e+03   105s
  21   7.27571136e+09 -1.84948331e+10  3.71e+01 7.51e-04  3.11e+03   106s
  22   6.94923841e+09 -1.51487499e+10  3.23e+01 6.32e-04  2.66e+03   107s
  23   6.26416588e+09 -1.15946991e+10  2.25e+01 5.12e-04  2.14e+03   109s
  24   5.64211776e+09 -9.30651305e+09  1.45e+01 4.37e-04  1.79e+03   110s
  25   5.32421569e+09 -7.27844549e+09  1.00e+01 3.69e-04  1.51e+03   112s
  26   5.02585831e+09 -6.91712297e+09  6.94e+00 3.55e-04  1.43e+03   113s
  27   4.52807804e+09 -4.19918241e+09  2.47e+00 2.54e-04  1.04e+03   115s
  28   4.15728293e+09 -3.78726357e+09  6.34e-01 2.34e-04  9.48e+02   117s
  29   3.87488102e+09 -3.06636001e+09  5.73e-01 2.01e-04  8.28e+02   118s
  30   3.58077209e+09 -2.32873269e+09  5.21e-01 1.64e-04  7.04e+02   120s
  31   3.40428261e+09 -2.08336956e+09  4.89e-01 1.51e-04  6.54e+02   122s
  32   2.92119475e+09 -1.53000585e+09  4.11e-01 1.19e-04  5.30e+02   124s
  33   2.79200320e+09 -1.35418840e+09  3.89e-01 1.09e-04  4.93e+02   126s
  34   2.47597175e+09 -1.10598204e+09  3.40e-01 9.60e-05  4.26e+02   128s
  35   2.28981753e+09 -8.50397944e+08  3.07e-01 8.08e-05  3.73e+02   130s
  36   2.12737620e+09 -7.47215588e+08  2.82e-01 7.41e-05  3.42e+02   132s
  37   1.92581581e+09 -5.17881963e+08  2.48e-01 6.06e-05  2.90e+02   133s
  38   1.77684321e+09 -4.98154401e+08  2.24e-01 5.94e-05  2.70e+02   135s
  39   1.55650482e+09 -3.82463773e+08  1.93e-01 5.15e-05  2.30e+02   137s
  40   1.52988475e+09 -3.28627758e+08  1.87e-01 4.77e-05  2.21e+02   138s
  41   1.26230370e+09 -2.74550778e+08  1.45e-01 4.41e-05  1.83e+02   140s
  42   1.24518271e+09 -1.59144132e+08  1.42e-01 3.60e-05  1.67e+02   141s
  43   1.13303564e+09 -1.10148521e+08  1.24e-01 3.29e-05  1.48e+02   143s
  44   1.07655210e+09 -5.40237169e+07  1.15e-01 2.93e-05  1.34e+02   145s
  45   9.89431272e+08  6.66690989e+07  1.01e-01 2.18e-05  1.10e+02   147s
  46   8.67708810e+08  1.55679907e+08  7.63e-02 1.71e-05  8.46e+01   149s
  47   8.25481042e+08  1.94556448e+08  6.93e-02 1.50e-05  7.49e+01   150s
  48   7.65716964e+08  2.89466308e+08  5.71e-02 1.00e-05  5.65e+01   152s
  49   7.35556010e+08  3.71719851e+08  5.18e-02 1.48e-05  4.31e+01   154s
  50   7.06552845e+08  4.09956085e+08  4.47e-02 2.45e-05  3.51e+01   156s
  51   6.79694199e+08  4.38749811e+08  3.81e-02 3.14e-05  2.85e+01   158s
  52   6.63049946e+08  4.51496923e+08  3.41e-02 1.95e-05  2.50e+01   160s
  53   6.41041051e+08  4.60733380e+08  2.92e-02 1.08e-05  2.13e+01   161s
  54   6.32592809e+08  4.68571515e+08  2.71e-02 8.62e-06  1.94e+01   163s
  55   6.25402003e+08  4.79008430e+08  2.51e-02 5.53e-06  1.73e+01   165s
  56   6.15698177e+08  4.95944823e+08  2.18e-02 4.50e-06  1.42e+01   167s
  57   6.09834001e+08  5.10285396e+08  1.98e-02 6.73e-06  1.18e+01   169s
  58   6.05180425e+08  5.22522347e+08  1.80e-02 4.20e-06  9.75e+00   170s
  59   5.97395003e+08  5.29338793e+08  1.55e-02 4.43e-06  8.02e+00   172s
  60   5.93417068e+08  5.35804055e+08  1.40e-02 4.67e-06  6.78e+00   174s
  61   5.91210981e+08  5.39286215e+08  1.29e-02 3.93e-06  6.11e+00   175s
  62   5.88174128e+08  5.43579309e+08  1.14e-02 3.10e-06  5.25e+00   177s
  63   5.86104039e+08  5.47678359e+08  1.01e-02 2.82e-06  4.52e+00   179s
  64   5.84451376e+08  5.51160758e+08  9.16e-03 2.32e-06  3.91e+00   181s
  65   5.82853306e+08  5.53324998e+08  8.34e-03 2.02e-06  3.47e+00   183s
  66   5.81102543e+08  5.55475660e+08  7.54e-03 2.75e-06  3.01e+00   185s
  67   5.80176477e+08  5.56683767e+08  6.99e-03 1.75e-06  2.76e+00   186s
  68   5.78520600e+08  5.57502276e+08  6.06e-03 1.99e-06  2.47e+00   188s
  69   5.77793927e+08  5.59070271e+08  5.67e-03 4.16e-06  2.20e+00   190s
  70   5.76070955e+08  5.59994646e+08  4.73e-03 4.24e-06  1.89e+00   192s
  71   5.75427137e+08  5.61004784e+08  4.40e-03 5.59e-06  1.69e+00   194s
  72   5.74268293e+08  5.61615419e+08  3.79e-03 4.47e-06  1.49e+00   196s
  73   5.73680109e+08  5.62050635e+08  3.49e-03 2.36e-06  1.37e+00   197s
  74   5.73113592e+08  5.62709217e+08  3.22e-03 3.45e-06  1.22e+00   199s
  75   5.72807511e+08  5.63385295e+08  3.09e-03 5.89e-06  1.10e+00   201s
  76   5.72364707e+08  5.63714746e+08  2.82e-03 4.32e-06  1.01e+00   203s
  77   5.72186959e+08  5.63878212e+08  2.70e-03 4.06e-06  9.74e-01   204s
  78   5.71726804e+08  5.64292658e+08  2.45e-03 2.11e-06  8.72e-01   206s
  79   5.71435317e+08  5.64522749e+08  2.27e-03 2.01e-06  8.10e-01   208s
  80   5.71067802e+08  5.64754465e+08  2.05e-03 2.78e-06  7.40e-01   209s
  81   5.70890000e+08  5.65079857e+08  1.95e-03 2.36e-06  6.81e-01   211s
  82   5.70475324e+08  5.65253320e+08  1.70e-03 3.14e-06  6.13e-01   213s
  83   5.70288962e+08  5.65391715e+08  1.60e-03 3.10e-06  5.75e-01   215s
  84   5.69848600e+08  5.65735115e+08  1.34e-03 3.65e-06  4.83e-01   217s
  85   5.69659714e+08  5.65885782e+08  1.24e-03 3.50e-06  4.43e-01   219s
  86   5.69498602e+08  5.66245249e+08  1.15e-03 6.73e-06  3.82e-01   221s
  87   5.69256192e+08  5.66346783e+08  1.62e-03 5.68e-06  3.42e-01   223s
  88   5.69158074e+08  5.66563747e+08  1.81e-03 3.16e-06  3.05e-01   224s
  89   5.68948224e+08  5.66720657e+08  2.36e-03 6.55e-06  2.62e-01   226s
  90   5.68846278e+08  5.66773273e+08  2.62e-03 4.02e-06  2.44e-01   228s
  91   5.68814784e+08  5.66776390e+08  2.54e-03 4.02e-06  2.40e-01   231s
  92   5.68701833e+08  5.66861768e+08  2.83e-03 2.72e-06  2.17e-01   233s
  93   5.68671608e+08  5.66948697e+08  2.74e-03 2.46e-06  2.03e-01   236s
  94   5.68521724e+08  5.66997403e+08  2.35e-03 2.30e-06  1.80e-01   238s
  95   5.68482225e+08  5.67024074e+08  2.24e-03 2.22e-06  1.72e-01   240s
  96   5.68407272e+08  5.67148489e+08  2.03e-03 2.05e-06  1.48e-01   242s
  97   5.68344795e+08  5.67202326e+08  1.86e-03 1.89e-06  1.35e-01   245s
  98   5.68308917e+08  5.67243503e+08  1.75e-03 1.78e-06  1.26e-01   248s
  99   5.68275774e+08  5.67290423e+08  1.66e-03 1.61e-06  1.16e-01   250s
 100   5.68230209e+08  5.67323091e+08  1.52e-03 1.48e-06  1.07e-01   254s
 101   5.68185483e+08  5.67372230e+08  1.39e-03 1.25e-06  9.58e-02   256s
 102   5.68133527e+08  5.67401337e+08  1.25e-03 4.55e-06  8.62e-02   259s
 103   5.68108944e+08  5.67432470e+08  1.18e-03 2.95e-06  7.97e-02   262s
 104   5.68067395e+08  5.67447099e+08  1.05e-03 3.05e-06  7.31e-02   264s
 105   5.68046328e+08  5.67465859e+08  9.84e-04 2.71e-06  6.84e-02   268s
 106   5.68016278e+08  5.67490403e+08  9.56e-04 2.82e-06  6.20e-02   271s
 107   5.67998520e+08  5.67515113e+08  1.01e-03 1.67e-06  5.70e-02   276s
 108   5.67977993e+08  5.67525732e+08  1.05e-03 1.57e-06  5.33e-02   282s
 109   5.67957419e+08  5.67538944e+08  9.92e-04 1.50e-06  4.94e-02   287s
 110   5.67935555e+08  5.67558097e+08  8.30e-04 1.17e-06  4.45e-02   292s
 111   5.67917596e+08  5.67572822e+08  8.53e-04 3.36e-06  4.06e-02   295s
 112   5.67898423e+08  5.67587127e+08  8.28e-04 3.84e-06  3.67e-02   298s
 113   5.67881690e+08  5.67599196e+08  8.74e-04 3.55e-06  3.33e-02   302s
 114   5.67872495e+08  5.67601859e+08  8.63e-04 3.46e-06  3.19e-02   307s
 115   5.67859622e+08  5.67613122e+08  8.26e-04 3.13e-06  2.91e-02   311s
 116   5.67845578e+08  5.67621718e+08  8.17e-04 2.89e-06  2.64e-02   316s
 117   5.67838403e+08  5.67627923e+08  8.02e-04 2.73e-06  2.49e-02   319s
 118   5.67831445e+08  5.67631901e+08  7.72e-04 2.63e-06  2.36e-02   324s
 119   5.67824032e+08  5.67637756e+08  7.13e-04 2.45e-06  2.20e-02   328s
 120   5.67817784e+08  5.67648067e+08  6.73e-04 2.15e-06  2.00e-02   331s
 121   5.67813106e+08  5.67651681e+08  6.52e-04 2.04e-06  1.91e-02   336s
 122   5.67806327e+08  5.67656420e+08  6.35e-04 1.90e-06  1.77e-02   342s
 123   5.67799621e+08  5.67662525e+08  6.15e-04 1.76e-06  1.62e-02   346s
 124   5.67797545e+08  5.67666999e+08  5.97e-04 1.61e-06  1.54e-02   349s
 125   5.67793702e+08  5.67668875e+08  6.14e-04 1.57e-06  1.47e-02   352s
 126   5.67787141e+08  5.67675082e+08  6.38e-04 4.07e-06  1.32e-02   355s
 127   5.67779530e+08  5.67680828e+08  5.67e-04 6.06e-06  1.17e-02   358s
 128   5.67776332e+08  5.67683126e+08  5.35e-04 1.31e-05  1.10e-02   363s
 129   5.67772737e+08  5.67685578e+08  4.91e-04 8.60e-06  1.03e-02   365s
 130   5.67762880e+08  5.67690512e+08  4.20e-04 2.67e-05  8.58e-03   367s
 131   5.67760034e+08  5.67694415e+08  3.94e-04 4.22e-05  7.78e-03   371s
 132   5.67754937e+08  5.67695780e+08  3.58e-04 3.96e-05  7.01e-03   373s
 133   5.67751366e+08  5.67698890e+08  3.28e-04 3.69e-05  6.22e-03   378s
 134   5.67750181e+08  5.67701472e+08  3.18e-04 4.32e-05  5.77e-03   381s
 135   5.67749293e+08  5.67702705e+08  3.13e-04 4.73e-05  5.52e-03   383s
 136   5.67746551e+08  5.67704747e+08  2.94e-04 4.71e-05  4.96e-03   386s
 137   5.67743870e+08  5.67706151e+08  2.68e-04 4.32e-05  4.48e-03   392s
 138   5.67742934e+08  5.67706852e+08  2.59e-04 4.27e-05  4.28e-03   396s
 139   5.67739861e+08  5.67709093e+08  2.48e-04 4.40e-05  3.65e-03   401s
 140   5.67738072e+08  5.67709460e+08  2.12e-04 4.28e-05  3.40e-03   408s
 141   5.67737253e+08  5.67710660e+08  2.06e-04 3.87e-05  3.16e-03   411s
 142   5.67735756e+08  5.67711602e+08  2.06e-04 3.49e-05  2.87e-03   418s
 143   5.67734856e+08  5.67711943e+08  2.46e-04 3.35e-05  2.72e-03   425s
 144   5.67732650e+08  5.67713388e+08  3.35e-04 2.82e-05  2.30e-03   432s
 145   5.67731548e+08  5.67713711e+08  4.39e-04 2.72e-05  2.14e-03   437s
 146   5.67729963e+08  5.67714939e+08  4.53e-04 2.44e-05  1.81e-03   443s
 147   5.67728262e+08  5.67715842e+08  3.95e-04 2.27e-05  1.49e-03   451s
 148   5.67727554e+08  5.67716940e+08  3.59e-04 2.47e-05  1.28e-03   453s
 149   5.67725600e+08  5.67718324e+08  2.66e-04 2.19e-05  8.75e-04   456s
 150   5.67724872e+08  5.67719318e+08  2.26e-04 2.54e-05  6.68e-04   459s
 151   5.67724483e+08  5.67719356e+08  2.07e-04 2.55e-05  6.17e-04   462s
 152   5.67724293e+08  5.67719602e+08  1.96e-04 2.13e-05  5.64e-04   464s
 153   5.67723247e+08  5.67720035e+08  1.31e-04 1.03e-05  3.87e-04   466s
 154   5.67722550e+08  5.67720555e+08  9.26e-05 1.37e-05  2.43e-04   469s
 155   5.67722180e+08  5.67720694e+08  7.28e-05 8.62e-06  1.79e-04   472s
 156   5.67721693e+08  5.67720772e+08  4.85e-05 4.73e-06  9.78e-05   476s
 157   5.67721534e+08  5.67720856e+08  3.85e-05 1.94e-06  7.08e-05   479s
 158   5.67721436e+08  5.67720862e+08  3.23e-05 1.74e-06  5.93e-05   482s
 159   5.67721401e+08  5.67720876e+08  3.01e-05 1.35e-06  5.38e-05   484s
 160   5.67721297e+08  5.67720884e+08  2.79e-05 1.13e-06  4.09e-05   487s
 161   5.67721294e+08  5.67720904e+08  3.04e-05 7.05e-07  3.73e-05   490s
 162   5.67721284e+08  5.67720913e+08  3.32e-05 5.25e-07  3.41e-05   493s
 163   5.67721275e+08  5.67720917e+08  3.96e-05 7.93e-07  3.03e-05   497s
 164   5.67721248e+08  5.67720921e+08  5.04e-05 1.43e-06  2.31e-05   499s
 165   5.67721212e+08  5.67720922e+08  5.65e-05 1.53e-06  1.66e-05   502s
 166   5.67721170e+08  5.67720925e+08  5.53e-05 1.44e-06  1.16e-05   505s
 167   5.67721089e+08  5.67720928e+08  3.57e-05 3.69e-07  7.70e-06   508s
 168   5.67721002e+08  5.67720931e+08  1.55e-05 3.61e-07  3.41e-06   512s
 169   5.67720979e+08  5.67720937e+08  1.00e-05 3.20e-06  1.87e-06   514s
 170   5.67720940e+08  5.67720938e+08  5.99e-07 1.79e-05  1.24e-07   516s
 171   5.67720937e+08  5.67720939e+08  1.33e-06 3.19e-06  4.58e-09   516s

Barrier solved model in 171 iterations and 516.51 seconds (538.79 work units)
Optimal objective 5.67720937e+08


Root crossover log...

   60230 DPushes remaining with DInf 0.0000000e+00               518s
    1569 DPushes remaining with DInf 0.0000000e+00               520s
       0 DPushes remaining with DInf 0.0000000e+00               522s

  452642 PPushes remaining with PInf 1.7875495e-06               522s
       0 PPushes remaining with PInf 0.0000000e+00               524s

  Push phase complete: Pinf 0.0000000e+00, Dinf 1.3286176e+07    525s


Root simplex log...

Iteration    Objective       Primal Inf.    Dual Inf.      Time
  512862    5.6772094e+08   0.000000e+00   1.328618e+07    525s
  513552    5.6772094e+08   0.000000e+00   4.055037e+07    536s
  514372    5.6772094e+08   0.000000e+00   8.757032e+07    544s
  515212    5.6772094e+08   0.000000e+00   9.544334e+07    552s
  516132    5.6772094e+08   0.000000e+00   2.343989e+08    559s
  516302    5.6772094e+08   0.000000e+00   2.295278e+07    565s
  516922    5.6772094e+08   0.000000e+00   9.431021e+05    568s
  518722    5.6772094e+08   0.000000e+00   8.412034e+05    571s
  521756    5.6772094e+08   0.000000e+00   3.006337e+02    577s
  522094    5.6772094e+08   0.000000e+00   0.000000e+00    577s
Concurrent spin time: 63.62s (can be avoided by choosing Method=3)

Solved with barrier
  522094    5.6772094e+08   0.000000e+00   0.000000e+00    642s

Root relaxation: objective 5.677209e+08, 522094 iterations, 569.74 seconds (583.21 work units)
Total elapsed time = 647.87s (DegenMoves)

    Nodes    |    Current Node    |     Objective Bounds      |     Work
 Expl Unexpl |  Obj  Depth IntInf | Incumbent    BestBd   Gap | It/Node Time

     0     0 5.6772e+08    0   52          - 5.6772e+08      -     -  656s
H    0     0                    7.300281e+08 5.6772e+08  22.2%     -  712s
H    0     0                    6.841021e+08 5.6772e+08  17.0%     -  795s
     0     0 5.8232e+08    0   53 6.8410e+08 5.8232e+08  14.9%     -  942s
     0     0 5.8310e+08    0   54 6.8410e+08 5.8310e+08  14.8%     - 1063s
     0     0 5.8459e+08    0   54 6.8410e+08 5.8459e+08  14.5%     - 1147s
     0     0 5.8459e+08    0   55 6.8410e+08 5.8459e+08  14.5%     - 1151s
     0     0 5.8791e+08    0   55 6.8410e+08 5.8791e+08  14.1%     - 1496s
     0     0 5.8796e+08    0   56 6.8410e+08 5.8796e+08  14.1%     - 1564s
     0     0 5.8815e+08    0   57 6.8410e+08 5.8815e+08  14.0%     - 1745s
     0     0 5.8818e+08    0   57 6.8410e+08 5.8818e+08  14.0%     - 1914s
     0     0 5.8867e+08    0   56 6.8410e+08 5.8867e+08  14.0%     - 2032s
     0     0 5.8867e+08    0   57 6.8410e+08 5.8867e+08  14.0%     - 2044s
     0     0 5.8867e+08    0   57 6.8410e+08 5.8867e+08  14.0%     - 2072s
     0     0 5.8867e+08    0   57 6.8410e+08 5.8867e+08  13.9%     - 2075s
     0     0 5.8867e+08    0   57 6.8410e+08 5.8867e+08  13.9%     - 2103s
     0     0 5.8868e+08    0   57 6.8410e+08 5.8868e+08  13.9%     - 2105s
     0     0 5.8868e+08    0   57 6.8410e+08 5.8868e+08  13.9%     - 2132s
     0     0 5.8868e+08    0   57 6.8410e+08 5.8868e+08  13.9%     - 2134s
     0     0 5.8868e+08    0   57 6.8410e+08 5.8868e+08  13.9%     - 2161s
     0     0 5.8868e+08    0   57 6.8410e+08 5.8868e+08  13.9%     - 2187s
     0     0 5.8868e+08    0   57 6.8410e+08 5.8868e+08  13.9%     - 2295s
     0     2 5.8868e+08    0   56 6.8410e+08 5.8868e+08  13.9%     - 2486s
     1     3 5.9975e+08    1   59 6.8410e+08 5.8868e+08  13.9% 42610 2713s
     2     4 5.9340e+08    1   57 6.8410e+08 5.9340e+08  13.3% 43476 3068s
     3     7 6.1044e+08    2   59 6.8410e+08 5.9340e+08  13.3% 42819 3209s
     6     9 6.3058e+08    3   47 6.8410e+08 5.9340e+08  13.3% 36269 3353s
    10    11 6.3085e+08    4   48 6.8410e+08 5.9634e+08  12.8% 28969 3523s
    16    14 6.0113e+08    4   55 6.8410e+08 5.9634e+08  12.8% 20478 4256s
    19    15     cutoff    4      6.8410e+08 5.9634e+08  12.8% 21334 4798s
H   26    22                    6.723930e+08 5.9634e+08  11.3% 33899 5325s
H   29    22                    6.634026e+08 5.9634e+08  10.1% 34961 5325s
H   30    22                    6.499344e+08 5.9634e+08  8.25% 35160 5325s
    37    21 6.4137e+08    7   41 6.4993e+08 5.9634e+08  8.25% 34025 5911s
H   49    29                    6.454218e+08 6.0168e+08  6.78% 28053 6359s
    67    48 6.4154e+08    9   38 6.4542e+08 6.0168e+08  6.78% 30679 6880s
   138    53     cutoff   13      6.4542e+08 6.0191e+08  6.74% 19141 7058s
   204    75     cutoff   10      6.4542e+08 6.0278e+08  6.61% 15065 7210s
*  260    75              22    6.429519e+08 6.0278e+08  6.25% 12872 7211s
   272    72     cutoff    9      6.4295e+08 6.0278e+08  6.25% 12347 7345s
*  333    72              22    6.427581e+08 6.0278e+08  6.22% 10256 7345s
   362   104 6.3894e+08   18    5 6.4276e+08 6.0278e+08  6.22%  9469 7436s
*  371   104              23    6.407631e+08 6.0278e+08  5.93%  9247 7436s
*  422   104              21    6.398431e+08 6.0278e+08  5.79%  8168 7437s
   484    54     cutoff   21      6.3984e+08 6.0278e+08  5.79%  7198 7505s
*  562    54              24    6.397588e+08 6.0278e+08  5.78%  6224 7506s
   571    34 6.3965e+08   22    2 6.3976e+08 6.0278e+08  5.78%  6129 7608s
   625    23     cutoff   23      6.3976e+08 6.0278e+08  5.78%  5636 7704s
   649    23 6.1161e+08   10   49 6.3976e+08 6.0441e+08  5.53%  5506 7778s
   655    23     cutoff   11      6.3976e+08 6.0441e+08  5.53%  5462 7843s
   660    21 6.3968e+08   15   10 6.3976e+08 6.0441e+08  5.53%  5444 7901s
   668    20     cutoff   13      6.3976e+08 6.0441e+08  5.53%  5411 7946s
   669    20     cutoff   10      6.3976e+08 6.0441e+08  5.53%  5415 7995s
   671    21 6.2177e+08   10   43 6.3976e+08 6.0441e+08  5.53%  5406 8063s
   674    23     cutoff   15      6.3976e+08 6.0441e+08  5.53%  5388 8112s
   682    41 6.3911e+08   17    9 6.3976e+08 6.0441e+08  5.53%  5350 8176s
   709    63 6.3961e+08   21    4 6.3976e+08 6.0441e+08  5.53%  5159 8227s
   785    61 6.3975e+08   23    3 6.3976e+08 6.0441e+08  5.53%  4691 8563s
   832    60 6.3927e+08   19    8 6.3976e+08 6.0441e+08  5.53%  4459 9012s
   898    51 6.3928e+08   20    7 6.3976e+08 6.0441e+08  5.53%  4162 9417s
   951    40 6.3948e+08   21    5 6.3976e+08 6.0441e+08  5.53%  3953 9504s
  1000    29     cutoff   22      6.3976e+08 6.0441e+08  5.53%  3785 9590s
H 1032    23                    6.336050e+08 6.0441e+08  4.61%  3681 9665s
  1044    15     cutoff   22      6.3361e+08 6.0441e+08  4.61%  3643 9747s
  1053    17     cutoff   12      6.3361e+08 6.0441e+08  4.61%  3624 9811s
  1059    17     cutoff   11      6.3361e+08 6.0441e+08  4.61%  3618 9874s
  1061    18     cutoff   12      6.3361e+08 6.0441e+08  4.61%  3617 9964s
  1068    19     cutoff   12      6.3361e+08 6.0441e+08  4.61%  3633 10044s
  1073    16     cutoff   13      6.3361e+08 6.0441e+08  4.61%  3646 10108s
  1078    16     cutoff   14      6.3361e+08 6.0441e+08  4.61%  3640 10161s
  1082    16     cutoff   13      6.3361e+08 6.0441e+08  4.61%  3654 10256s
  1084    14     cutoff   14      6.3361e+08 6.0441e+08  4.61%  3649 10334s
  1086    16 6.1012e+08   14   54 6.3361e+08 6.0441e+08  4.61%  3643 10412s
  1090    18 6.0553e+08    7   49 6.3361e+08 6.0441e+08  4.61%  3647 10537s
  1094    18 6.1368e+08   13   50 6.3361e+08 6.0441e+08  4.61%  3651 10609s
  1098    15     cutoff   17      6.3361e+08 6.0441e+08  4.61%  3649 10703s
  1104    22 6.2780e+08    7   55 6.3361e+08 6.0544e+08  4.45%  3678 10793s
  1112    27     cutoff    8      6.3361e+08 6.0544e+08  4.45%  3664 10883s
  1132    31 6.3322e+08   23    2 6.3361e+08 6.0544e+08  4.45%  3632 10960s
H 1141    31                    6.336046e+08 6.0544e+08  4.45%  3604 10960s
* 1169    31              25    6.335253e+08 6.0544e+08  4.43%  3522 10960s
  1182    26     cutoff   24      6.3353e+08 6.0544e+08  4.43%  3489 11030s
* 1193    26              28    6.334410e+08 6.0544e+08  4.42%  3458 11030s
  1216    18 6.3338e+08   26    2 6.3344e+08 6.0544e+08  4.42%  3406 11123s
  1249    27     cutoff   13      6.3344e+08 6.0544e+08  4.42%  3392 11207s
  1271    95     cutoff   19      6.3344e+08 6.0544e+08  4.42%  3382 11321s
  1360   126 6.3295e+08   24   28 6.3344e+08 6.0544e+08  4.42%  3221 11422s
  1483   156 6.3326e+08   25   27 6.3344e+08 6.0544e+08  4.42%  3029 11551s
  1619    79 6.3338e+08   27   26 6.3344e+08 6.0544e+08  4.42%  2843 11792s
  1722    32     cutoff   12      6.3344e+08 6.0553e+08  4.41%  2783 11923s
  1782     9     cutoff   27      6.3344e+08 6.0553e+08  4.41%  2767 12066s
  1806     9 6.3102e+08   18   29 6.3344e+08 6.0553e+08  4.41%  2781 12126s
  1808    13 6.3225e+08   20   27 6.3344e+08 6.0553e+08  4.41%  2788 12194s
  1817    36 6.3231e+08   20   11 6.3344e+08 6.0553e+08  4.41%  2789 12271s
  1844   108 6.3282e+08   21   10 6.3344e+08 6.0553e+08  4.41%  2762 12375s
  1969   126 6.3335e+08   25    9 6.3344e+08 6.0553e+08  4.41%  2616 12457s
  2108   118     cutoff   30      6.3344e+08 6.0553e+08  4.41%  2466 12614s
  2247   127 6.3342e+08   28    5 6.3344e+08 6.0553e+08  4.41%  2336 12697s
  2394   135     cutoff   28      6.3344e+08 6.0553e+08  4.41%  2216 12815s
  2531   159 6.3340e+08   27    9 6.3344e+08 6.0553e+08  4.41%  2114 12911s
  2680   203     cutoff   29      6.3344e+08 6.0553e+08  4.41%  2017 12974s
* 2708   203              29    6.314326e+08 6.0553e+08  4.10%  2005 12975s
* 2732   203              29    6.312044e+08 6.0553e+08  4.07%  1995 12975s
  2835   210 6.3048e+08   25    7 6.3120e+08 6.0553e+08  4.07%  1937 13047s
* 2866   210              28    6.303861e+08 6.0791e+08  3.57%  1918 13047s
  2985   224     cutoff   30      6.3039e+08 6.0894e+08  3.40%  1863 13119s
* 2996   224              27    6.303856e+08 6.0894e+08  3.40%  1857 13120s
* 3102   224              26    6.301277e+08 6.0894e+08  3.36%  1808 13120s
* 3126   224              29    6.301156e+08 6.0894e+08  3.36%  1797 13120s
  3129   206 6.2983e+08   25    5 6.3012e+08 6.0894e+08  3.36%  1796 13182s
* 3138   206              28    6.300009e+08 6.0894e+08  3.34%  1794 13182s
* 3163   206              27    6.299917e+08 6.0894e+08  3.34%  1786 13182s
  3275   138     cutoff   26      6.2999e+08 6.0894e+08  3.34%  1747 13264s
* 3288   138              26    6.298233e+08 6.0894e+08  3.32%  1741 13264s
  3342   138     cutoff   25      6.2982e+08 6.0894e+08  3.32%  1723 13265s
  3422    21     cutoff   27      6.2982e+08 6.0894e+08  3.32%  1690 13322s
  3545     3     cutoff   24      6.2982e+08 6.0894e+08  3.32%  1638 13375s
  3565     4 6.2302e+08   12   45 6.2982e+08 6.0894e+08  3.32%  1629 13628s
  3566     3     cutoff   13      6.2982e+08 6.0894e+08  3.32%  1631 13673s
  3567     4 6.2361e+08   13   46 6.2982e+08 6.0894e+08  3.32%  1631 13763s
  3568     4     cutoff   14      6.2982e+08 6.0894e+08  3.32%  1635 13876s
  3571     4 6.1171e+08   10   51 6.2982e+08 6.0894e+08  3.32%  1637 13955s
  3573     3 6.2980e+08   16   19 6.2982e+08 6.0894e+08  3.32%  1640 13999s
  3576     2     cutoff    9      6.2982e+08 6.1190e+08  2.85%  1643 14229s
  3577     1     cutoff   11      6.2982e+08 6.1190e+08  2.85%  1644 14274s
  3578     2 6.2060e+08   11   50 6.2982e+08 6.2060e+08  1.46%  1644 15343s
  3579     1     cutoff   12      6.2982e+08 6.2060e+08  1.46%  1643 16066s
  3580     2 6.2377e+08   12   46 6.2982e+08 6.2377e+08  0.96%  1643 17275s
  3581     1     cutoff   13      6.2982e+08 6.2377e+08  0.96%  1644 17481s
  3582     2 6.2850e+08   13   49 6.2982e+08 6.2850e+08  0.21%  1644 17928s
  3583     1     cutoff   14      6.2982e+08 6.2850e+08  0.21%  1644 17957s
  3584     0     cutoff   14      6.2982e+08 6.2982e+08  0.00%  1643 18147s

Cutting planes:
  Gomory: 21
  MIR: 6798
  Flow cover: 18
  RLT: 5
  Relax-and-lift: 519

Explored 3585 nodes (6567472 simplex iterations) in 18149.57 seconds (35495.92 work units)
Thread count was 32 (of 192 available processors)

Solution count 10: 6.29823e+08 6.29992e+08 6.30001e+08 ... 6.33441e+08

Optimal solution found (tolerance 1.00e-05)
Best objective 6.298232559141e+08, best bound 6.298232559141e+08, gap 0.0000%

User-callback calls 7198453, time in user-callback 3.06 sec
 15.248115 seconds (141.70 M allocations: 7.796 GiB, 38.90% gc time, 26.05% compilation time)
18171.497392 seconds (81.97 M allocations: 5.183 GiB, 0.02% gc time, 0.00% compilation time)
