Set parameter WLSAccessID
Set parameter WLSSecret
Set parameter LicenseID to value 2677366
Academic license 2677366 - for non-commercial use only - registered to la___@mit.edu
Set parameter MIPGap to value 1e-05
Set parameter TimeLimit to value 39600
Set parameter MIPGap to value 1e-05
Set parameter TimeLimit to value 39600
Gurobi Optimizer version 12.0.2 build v12.0.2rc0 (linux64 - "Rocky Linux 8.10 (Green Obsidian)")

CPU model: AMD EPYC 9474F 48-Core Processor, instruction set [SSE2|AVX|AVX2|AVX512]
Thread count: 96 physical cores, 192 logical processors, using up to 32 threads

Non-default parameters:
TimeLimit  39600
MIPGap  1e-05

Academic license 2677366 - for non-commercial use only - registered to la___@mit.edu
Optimize a model with 4119401 rows, 3189004 columns and 11428622 nonzeros
Model fingerprint: 0x370000be
Variable types: 3188926 continuous, 78 integer (78 binary)
Coefficient statistics:
  Matrix range     [9e-01, 1e+03]
  Objective range  [2e-01, 7e+06]
  Bounds range     [9e+00, 1e+02]
  RHS range        [6e+00, 7e+01]
Presolve removed 265827 rows and 474581 columns (presolve time = 5s)...
Presolve removed 265829 rows and 474583 columns (presolve time = 10s)...
Presolve removed 265829 rows and 474583 columns (presolve time = 15s)...
Presolve removed 265829 rows and 474583 columns (presolve time = 20s)...
Presolve removed 265829 rows and 474583 columns (presolve time = 25s)...
Presolve removed 265829 rows and 474583 columns (presolve time = 30s)...
Presolve removed 265829 rows and 474583 columns (presolve time = 35s)...
Presolve removed 265829 rows and 474583 columns
Presolve time: 35.85s
Presolved: 3853572 rows, 2714421 columns, 10441248 nonzeros
Variable types: 2714316 continuous, 105 integer (78 binary)
Deterministic concurrent LP optimizer: primal simplex, dual simplex, and barrier
Showing barrier log only...

Root barrier log...

Ordering time: 0.88s

Barrier statistics:
 Dense cols : 129
 AA' NZ     : 9.770e+06
 Factor NZ  : 4.567e+07 (roughly 3.0 GB of memory)
 Factor Ops : 6.656e+08 (less than 1 second per iteration)
 Threads    : 29

                  Objective                Residual
Iter       Primal          Dual         Primal    Dual     Compl     Time
   0   1.93233024e+13 -1.43467322e+14  5.76e+06 1.88e+03  5.05e+09    82s
   1   1.88048443e+13 -1.39428254e+14  5.52e+06 2.90e+05  4.23e+09    83s
   2   1.25510869e+13 -1.79910526e+14  3.50e+06 8.59e+04  2.64e+09    85s
   3   1.11171386e+13 -1.75477545e+14  3.10e+06 1.02e+04  2.23e+09    87s
   4   2.20991084e+12 -1.70960533e+14  5.67e+05 4.12e-04  4.77e+08    88s
   5   1.57218117e+11 -1.36928346e+14  4.20e+04 1.18e-03  4.40e+07    89s
   6   1.43061431e+11 -6.59008738e+13  3.83e+04 6.96e-04  2.55e+07    90s
   7   1.14847312e+11 -3.66646952e+13  2.99e+04 2.88e+00  1.48e+07    90s
   8   6.26760226e+10 -1.81873691e+13  1.42e+04 5.62e-01  5.42e+06    92s
   9   3.27082214e+10 -5.31442959e+12  5.38e+03 2.26e-04  1.17e+06    93s
  10   2.60429103e+10 -5.00854127e+12  3.21e+03 2.03e-04  9.28e+05    94s
  11   2.08522978e+10 -1.82709375e+12  1.86e+03 6.38e-04  3.07e+05    95s
  12   1.81436896e+10 -9.20266955e+11  1.22e+03 9.32e-05  1.45e+05    96s
  13   1.58388198e+10 -4.05786483e+11  8.07e+02 1.26e-04  6.15e+04    97s
  14   1.45101318e+10 -2.57621202e+11  6.26e+02 7.66e-05  3.83e+04    98s
  15   1.14994908e+10 -1.38567399e+11  2.96e+02 3.86e-05  1.96e+04    99s
  16   9.83206207e+09 -7.64064867e+10  1.82e+02 3.24e-04  1.09e+04   101s
  17   8.99673476e+09 -5.51087902e+10  1.41e+02 1.50e-05  8.00e+03   102s
  18   8.44110722e+09 -4.58680153e+10  1.16e+02 1.25e-05  6.72e+03   103s
  19   7.70221089e+09 -3.20493175e+10  8.57e+01 8.86e-06  4.87e+03   104s
  20   6.61679393e+09 -2.10634311e+10  4.99e+01 6.02e-06  3.36e+03   105s
  21   5.92738701e+09 -1.36525711e+10  3.44e+01 4.08e-06  2.36e+03   107s
  22   5.22435993e+09 -9.33920161e+09  2.02e+01 3.02e-06  1.75e+03   109s
  23   4.93805786e+09 -8.46772820e+09  1.56e+01 2.79e-06  1.61e+03   110s
  24   4.55289626e+09 -5.86471702e+09  8.80e+00 2.16e-06  1.25e+03   112s
  25   4.32990162e+09 -5.38801039e+09  5.73e+00 2.03e-06  1.16e+03   113s
  26   4.23605016e+09 -4.11744324e+09  4.55e+00 1.69e-06  9.97e+02   115s
  27   3.71074907e+09 -2.86932767e+09  8.64e-01 1.38e-06  7.84e+02   117s
  28   3.45925638e+09 -2.63555998e+09  7.78e-01 1.21e-06  7.26e+02   119s
  29   3.28824424e+09 -2.38044103e+09  7.26e-01 1.12e-06  6.75e+02   120s
  30   2.94911200e+09 -1.68271073e+09  6.35e-01 8.76e-07  5.51e+02   122s
  31   2.80842909e+09 -1.33152955e+09  5.98e-01 7.46e-07  4.92e+02   123s
  32   2.53941579e+09 -1.11834247e+09  5.27e-01 6.61e-07  4.34e+02   125s
  33   2.49523431e+09 -9.25203045e+08  5.16e-01 5.93e-07  4.06e+02   127s
  34   2.16020717e+09 -7.12741363e+08  4.42e-01 4.95e-07  3.41e+02   128s
  35   2.05417335e+09 -6.64908264e+08  4.16e-01 6.07e-07  3.22e+02   130s
  36   1.91474190e+09 -4.76865242e+08  3.84e-01 4.86e-07  2.83e+02   132s
  37   1.70338475e+09 -3.68607841e+08  3.35e-01 4.44e-07  2.45e+02   133s
  38   1.53412732e+09 -2.72023607e+08  3.00e-01 1.54e-06  2.14e+02   135s
  39   1.46601766e+09 -2.46396484e+08  2.82e-01 1.56e-06  2.03e+02   137s
  40   1.39778617e+09 -7.33277655e+07  2.68e-01 1.68e-06  1.74e+02   139s
  41   1.30061018e+09 -7.81051789e+06  2.46e-01 1.19e-06  1.55e+02   141s
  42   1.18145770e+09  2.14020795e+07  2.15e-01 1.28e-06  1.37e+02   143s
  43   1.09542048e+09  5.04690151e+07  1.95e-01 1.16e-06  1.24e+02   144s
  44   1.05796435e+09  9.04949103e+07  1.86e-01 1.36e-06  1.14e+02   146s
  45   9.87139610e+08  1.27480921e+08  1.67e-01 1.05e-06  1.02e+02   148s
  46   8.92481021e+08  1.61067285e+08  1.41e-01 3.90e-06  8.64e+01   150s
  47   8.54633672e+08  2.29990424e+08  1.30e-01 3.19e-06  7.38e+01   152s
  48   8.33395055e+08  2.49228172e+08  1.23e-01 2.11e-06  6.90e+01   154s
  49   7.38238272e+08  3.42257740e+08  9.33e-02 3.54e-05  4.67e+01   156s
  50   6.95370643e+08  4.00532754e+08  7.93e-02 8.59e-06  3.47e+01   158s
  51   6.51518020e+08  4.32494525e+08  6.45e-02 8.84e-06  2.57e+01   159s
  52   6.37507907e+08  4.46619633e+08  5.92e-02 9.64e-06  2.24e+01   161s
  53   6.24201231e+08  4.55343037e+08  5.29e-02 7.06e-06  1.98e+01   163s
  54   6.10072984e+08  4.72847865e+08  4.68e-02 6.25e-06  1.61e+01   165s
  55   5.99412913e+08  4.83694517e+08  4.16e-02 7.14e-06  1.35e+01   167s
  56   5.94779870e+08  4.92214359e+08  3.87e-02 5.82e-06  1.20e+01   168s
  57   5.89231686e+08  4.99017328e+08  3.48e-02 5.77e-06  1.05e+01   170s
  58   5.82160027e+08  5.04267640e+08  3.04e-02 5.38e-06  9.09e+00   172s
  59   5.76404119e+08  5.13414227e+08  2.65e-02 5.77e-06  7.34e+00   174s
  60   5.74404283e+08  5.18577762e+08  2.52e-02 4.32e-06  6.49e+00   176s
  61   5.68045258e+08  5.25190385e+08  2.00e-02 4.64e-06  4.98e+00   178s
  62   5.65990542e+08  5.28718991e+08  1.79e-02 4.20e-06  4.33e+00   180s
  63   5.64560326e+08  5.30533462e+08  1.64e-02 3.10e-06  3.95e+00   182s
  64   5.62853180e+08  5.32672105e+08  1.44e-02 3.13e-06  3.50e+00   183s
  65   5.61363023e+08  5.35536272e+08  1.27e-02 4.76e-06  3.00e+00   185s
  66   5.60406437e+08  5.36429887e+08  1.16e-02 4.71e-06  2.78e+00   187s
  67   5.59567983e+08  5.37464004e+08  1.06e-02 3.03e-06  2.57e+00   189s
  68   5.58945647e+08  5.38565717e+08  9.90e-03 2.95e-06  2.37e+00   191s
  69   5.58065996e+08  5.39032194e+08  8.83e-03 3.46e-06  2.21e+00   193s
  70   5.57500176e+08  5.40173620e+08  8.21e-03 3.32e-06  2.01e+00   194s
  71   5.56733696e+08  5.40864846e+08  7.30e-03 3.62e-06  1.84e+00   196s
  72   5.56137041e+08  5.41493970e+08  6.63e-03 3.63e-06  1.70e+00   198s
  73   5.55494599e+08  5.42099273e+08  5.87e-03 5.29e-06  1.56e+00   200s
  74   5.55185617e+08  5.42643418e+08  5.49e-03 3.76e-06  1.46e+00   201s
  75   5.54937386e+08  5.43596085e+08  5.19e-03 6.63e-06  1.32e+00   203s
  76   5.54625762e+08  5.44137214e+08  4.84e-03 8.54e-06  1.22e+00   205s
  77   5.54493149e+08  5.44533650e+08  4.67e-03 8.44e-06  1.16e+00   206s
  78   5.53852551e+08  5.44984761e+08  3.93e-03 8.02e-06  1.03e+00   208s
  79   5.53272561e+08  5.45526484e+08  3.28e-03 6.75e-06  9.03e-01   210s
  80   5.52897554e+08  5.45876785e+08  2.83e-03 5.09e-06  8.20e-01   212s
  81   5.52680832e+08  5.46300315e+08  2.59e-03 4.10e-06  7.45e-01   214s
  82   5.52505804e+08  5.46736039e+08  2.42e-03 6.10e-06  6.73e-01   215s
  83   5.52171526e+08  5.47175301e+08  2.07e-03 8.21e-06  5.83e-01   217s
  84   5.52050916e+08  5.47526956e+08  1.94e-03 7.87e-06  5.28e-01   219s
  85   5.51807768e+08  5.47804173e+08  1.66e-03 7.11e-06  4.68e-01   221s
  86   5.51637928e+08  5.48047691e+08  1.47e-03 8.23e-06  4.20e-01   223s
  87   5.51504899e+08  5.48264298e+08  1.33e-03 9.68e-06  3.79e-01   225s
  88   5.51351107e+08  5.48403488e+08  1.16e-03 6.65e-06  3.45e-01   226s
  89   5.51273157e+08  5.48524167e+08  1.07e-03 1.45e-05  3.22e-01   228s
  90   5.51199145e+08  5.48767538e+08  1.01e-03 1.40e-05  2.85e-01   230s
  91   5.51071330e+08  5.48900257e+08  1.06e-03 1.37e-05  2.55e-01   232s
  92   5.50952480e+08  5.49046674e+08  1.10e-03 2.33e-05  2.24e-01   234s
  93   5.50874538e+08  5.49170360e+08  1.13e-03 2.53e-05  2.00e-01   236s
  94   5.50807500e+08  5.49334770e+08  1.15e-03 2.24e-05  1.73e-01   238s
  95   5.50741040e+08  5.49420686e+08  1.16e-03 1.62e-05  1.56e-01   240s
  96   5.50670554e+08  5.49481350e+08  1.18e-03 2.22e-06  1.40e-01   241s
  97   5.50631922e+08  5.49541259e+08  1.19e-03 2.40e-06  1.29e-01   243s
  98   5.50594915e+08  5.49601886e+08  1.20e-03 1.43e-05  1.18e-01   245s
  99   5.50544211e+08  5.49645665e+08  1.21e-03 2.38e-05  1.07e-01   247s
 100   5.50505418e+08  5.49699863e+08  1.22e-03 7.00e-05  9.58e-02   249s
 101   5.50476926e+08  5.49746871e+08  1.22e-03 5.04e-05  8.70e-02   251s
 102   5.50446215e+08  5.49802059e+08  1.22e-03 1.27e-04  7.69e-02   253s
 103   5.50415245e+08  5.49854648e+08  1.22e-03 1.34e-05  6.71e-02   255s
 104   5.50396069e+08  5.49873281e+08  1.10e-03 1.28e-05  6.26e-02   257s
 105   5.50377781e+08  5.49916175e+08  9.77e-04 1.14e-05  5.53e-02   259s
 106   5.50364581e+08  5.49966735e+08  8.96e-04 9.43e-06  4.77e-02   261s
 107   5.50353901e+08  5.50000805e+08  8.30e-04 8.31e-06  4.23e-02   263s
 108   5.50337261e+08  5.50016135e+08  7.26e-04 7.75e-06  3.85e-02   265s
 109   5.50326637e+08  5.50037766e+08  6.62e-04 6.99e-06  3.46e-02   267s
 110   5.50318180e+08  5.50061782e+08  6.09e-04 6.16e-06  3.07e-02   269s
 111   5.50308607e+08  5.50089534e+08  5.49e-04 5.13e-06  2.63e-02   271s
 112   5.50301142e+08  5.50106680e+08  5.03e-04 4.80e-06  2.33e-02   274s
 113   5.50293001e+08  5.50117421e+08  4.53e-04 9.52e-06  2.11e-02   276s
 114   5.50287915e+08  5.50128735e+08  4.22e-04 6.09e-06  1.91e-02   278s
 115   5.50283867e+08  5.50142321e+08  3.97e-04 3.50e-06  1.70e-02   281s
 116   5.50279185e+08  5.50151291e+08  3.69e-04 2.84e-06  1.53e-02   283s
 117   5.50272614e+08  5.50159791e+08  3.27e-04 2.51e-06  1.35e-02   285s
 118   5.50267917e+08  5.50169832e+08  2.98e-04 2.12e-06  1.18e-02   287s
 119   5.50263694e+08  5.50174359e+08  2.70e-04 1.94e-06  1.07e-02   289s
 120   5.50259664e+08  5.50179642e+08  2.43e-04 1.75e-06  9.60e-03   291s
 121   5.50256273e+08  5.50182071e+08  2.20e-04 1.65e-06  8.91e-03   293s
 122   5.50254598e+08  5.50189847e+08  2.08e-04 1.33e-06  7.78e-03   295s
 123   5.50251789e+08  5.50196093e+08  1.89e-04 1.13e-06  6.69e-03   297s
 124   5.50249969e+08  5.50199886e+08  1.76e-04 9.79e-07  6.02e-03   299s
 125   5.50248278e+08  5.50201281e+08  1.63e-04 9.20e-07  5.65e-03   301s
 126   5.50245435e+08  5.50207029e+08  1.44e-04 6.70e-07  4.62e-03   304s
 127   5.50243621e+08  5.50209735e+08  1.30e-04 5.77e-07  4.08e-03   306s
 128   5.50242367e+08  5.50211195e+08  1.21e-04 5.34e-07  3.75e-03   307s
 129   5.50241453e+08  5.50212891e+08  1.14e-04 4.88e-07  3.44e-03   309s
 130   5.50240321e+08  5.50214070e+08  1.06e-04 4.51e-07  3.16e-03   311s
 131   5.50239735e+08  5.50214778e+08  1.01e-04 4.32e-07  3.00e-03   313s
 132   5.50238811e+08  5.50216261e+08  9.41e-05 3.94e-07  2.72e-03   316s
 133   5.50237498e+08  5.50217768e+08  8.52e-05 3.47e-07  2.38e-03   319s
 134   5.50236631e+08  5.50219910e+08  7.89e-05 2.78e-07  2.02e-03   321s
 135   5.50236116e+08  5.50220325e+08  7.48e-05 2.62e-07  1.90e-03   324s
 136   5.50235488e+08  5.50222185e+08  6.97e-05 1.53e-07  1.61e-03   326s
 137   5.50234998e+08  5.50222968e+08  6.57e-05 1.16e-07  1.45e-03   329s
 138   5.50233487e+08  5.50224028e+08  5.39e-05 7.49e-08  1.14e-03   332s
 139   5.50232636e+08  5.50224462e+08  4.77e-05 4.85e-08  9.89e-04   334s
 140   5.50232177e+08  5.50224985e+08  4.36e-05 3.92e-08  8.70e-04   337s
 141   5.50231184e+08  5.50226070e+08  3.58e-05 7.60e-07  6.20e-04   340s
 142   5.50230964e+08  5.50226286e+08  3.38e-05 1.38e-07  5.68e-04   342s
 143   5.50230585e+08  5.50226476e+08  3.14e-05 1.69e-06  5.02e-04   345s
 144   5.50229984e+08  5.50226636e+08  2.76e-05 1.68e-07  4.12e-04   346s
 145   5.50229487e+08  5.50226923e+08  2.44e-05 1.34e-07  3.20e-04   349s
 146   5.50229290e+08  5.50227036e+08  2.25e-05 9.65e-07  2.82e-04   351s
 147   5.50228975e+08  5.50227111e+08  1.93e-05 1.27e-07  2.35e-04   354s
 148   5.50228766e+08  5.50227168e+08  1.71e-05 1.34e-08  2.03e-04   356s
 149   5.50228587e+08  5.50227221e+08  1.52e-05 7.12e-07  1.75e-04   358s
 150   5.50228358e+08  5.50227237e+08  1.25e-05 9.69e-07  1.44e-04   361s
 151   5.50228176e+08  5.50227254e+08  1.07e-05 1.23e-08  1.20e-04   363s
 152   5.50227949e+08  5.50227283e+08  8.28e-06 1.04e-08  8.76e-05   365s
 153   5.50227911e+08  5.50227307e+08  7.95e-06 3.53e-08  8.00e-05   368s
 154   5.50227728e+08  5.50227331e+08  5.96e-06 4.87e-06  5.34e-05   371s
 155   5.50227551e+08  5.50227349e+08  3.46e-06 3.36e-06  2.77e-05   373s
 156   5.50227487e+08  5.50227352e+08  2.47e-06 7.60e-08  1.87e-05   375s
 157   5.50227479e+08  5.50227354e+08  2.35e-06 1.00e-06  1.73e-05   377s
 158   5.50227432e+08  5.50227355e+08  1.50e-06 5.04e-07  1.07e-05   378s
 159   5.50227426e+08  5.50227357e+08  1.41e-06 5.14e-07  9.65e-06   379s
 160   5.50227417e+08  5.50227358e+08  1.23e-06 5.85e-06  8.24e-06   380s
 161   5.50227402e+08  5.50227359e+08  8.99e-07 2.07e-06  5.97e-06   381s
 162   5.50227391e+08  5.50227358e+08  6.34e-07 9.33e-06  4.38e-06   382s
 163   5.50227364e+08  5.50227360e+08  1.21e-07 7.70e-07  5.95e-07   383s
 164   5.50227361e+08  5.50227360e+08  3.05e-09 2.52e-05  1.28e-08   385s
 165   5.50227360e+08  5.50227360e+08  2.57e-09 2.41e-05  6.92e-11   386s

Barrier solved model in 165 iterations and 386.08 seconds (432.68 work units)
Optimal objective 5.50227360e+08


Root crossover log...

   14904 DPushes remaining with DInf 0.0000000e+00               387s
       0 DPushes remaining with DInf 0.0000000e+00               390s

  446728 PPushes remaining with PInf 0.0000000e+00               390s
    2831 PPushes remaining with PInf 0.0000000e+00               391s
       0 PPushes remaining with PInf 0.0000000e+00               392s

  Push phase complete: Pinf 0.0000000e+00, Dinf 1.0907466e-07    392s


Root simplex log...

Iteration    Objective       Primal Inf.    Dual Inf.      Time
  461635    5.5022736e+08   0.000000e+00   0.000000e+00    392s
Concurrent spin time: 1.18s

Solved with barrier
  461635    5.5022736e+08   0.000000e+00   0.000000e+00    395s

Root relaxation: objective 5.502274e+08, 461635 iterations, 323.74 seconds (383.27 work units)
Total elapsed time = 400.56s (DegenMoves)

    Nodes    |    Current Node    |     Objective Bounds      |     Work
 Expl Unexpl |  Obj  Depth IntInf | Incumbent    BestBd   Gap | It/Node Time

     0     0 5.5023e+08    0   59          - 5.5023e+08      -     -  411s
H    0     0                    6.552989e+08 5.5023e+08  16.0%     -  484s
     0     0 5.5696e+08    0   58 6.5530e+08 5.5696e+08  15.0%     -  801s
     0     0 5.5699e+08    0   60 6.5530e+08 5.5699e+08  15.0%     -  940s
     0     0 5.5699e+08    0   60 6.5530e+08 5.5699e+08  15.0%     -  944s
     0     0 5.6176e+08    0   68 6.5530e+08 5.6176e+08  14.3%     - 1259s
     0     0 5.6176e+08    0   68 6.5530e+08 5.6176e+08  14.3%     - 1338s
     0     0 5.6192e+08    0   62 6.5530e+08 5.6192e+08  14.2%     - 1554s
     0     0 5.6193e+08    0   62 6.5530e+08 5.6193e+08  14.2%     - 1671s
     0     0 5.6300e+08    0   62 6.5530e+08 5.6300e+08  14.1%     - 1925s
     0     0 5.6323e+08    0   63 6.5530e+08 5.6323e+08  14.1%     - 2189s
     0     0 5.6326e+08    0   65 6.5530e+08 5.6326e+08  14.0%     - 2246s
     0     0 5.6327e+08    0   64 6.5530e+08 5.6327e+08  14.0%     - 2266s
     0     0 5.6327e+08    0   65 6.5530e+08 5.6327e+08  14.0%     - 2270s
     0     0 5.6330e+08    0   67 6.5530e+08 5.6330e+08  14.0%     - 2341s
     0     0 5.6331e+08    0   67 6.5530e+08 5.6331e+08  14.0%     - 2345s
     0     0 5.6331e+08    0   67 6.5530e+08 5.6331e+08  14.0%     - 2372s
     0     0 5.6332e+08    0   67 6.5530e+08 5.6332e+08  14.0%     - 2375s
     0     0 5.6332e+08    0   67 6.5530e+08 5.6332e+08  14.0%     - 2402s
     0     0 5.6332e+08    0   67 6.5530e+08 5.6332e+08  14.0%     - 2406s
     0     0 5.6332e+08    0   67 6.5530e+08 5.6332e+08  14.0%     - 2433s
     0     0 5.6332e+08    0   67 6.5530e+08 5.6332e+08  14.0%     - 2436s
     0     0 5.6332e+08    0   67 6.5530e+08 5.6332e+08  14.0%     - 2464s
     0     0 5.6339e+08    0   67 6.5530e+08 5.6339e+08  14.0%     - 2468s
     0     0 5.6339e+08    0   67 6.5530e+08 5.6339e+08  14.0%     - 2495s
     0     0 5.6339e+08    0   67 6.5530e+08 5.6339e+08  14.0%     - 2606s
     0     2 5.6339e+08    0   67 6.5530e+08 5.6339e+08  14.0%     - 2741s
     1     3 6.1334e+08    1   32 6.5530e+08 5.6339e+08  14.0% 130405 3142s
     2     6 6.3148e+08    2   26 6.5530e+08 5.6339e+08  14.0% 72250 3205s
     5     9 5.9550e+08    2   49 6.5530e+08 5.6339e+08  14.0% 62620 3578s
     8    15 6.0704e+08    3   38 6.5530e+08 5.6339e+08  14.0% 45434 3790s
    16    21 6.1844e+08    4   29 6.5530e+08 5.6351e+08  14.0% 28279 4356s
    24    29 6.4412e+08    5   22 6.5530e+08 5.6351e+08  14.0% 26316 4840s
    44    40     cutoff    5      6.5530e+08 5.6351e+08  14.0% 24438 6264s
    59    40 6.5318e+08    6    7 6.5530e+08 5.6351e+08  14.0% 22447 6265s
H   66   103                    6.177598e+08 5.6396e+08  8.71% 24181 6561s
H   67   103                    6.176106e+08 5.6396e+08  8.69% 24274 6561s
   152    10     cutoff    7      6.1761e+08 5.6396e+08  8.69% 12516 6686s
   197    16 6.0654e+08    5   43 6.1761e+08 5.6396e+08  8.69% 10909 6760s
   209    34 6.0698e+08    6   35 6.1761e+08 5.6396e+08  8.69% 10900 6834s
*  228    34              15    6.163110e+08 5.6396e+08  8.49% 10200 6835s
*  232    34              15    6.162176e+08 5.6396e+08  8.48% 10025 6835s
   251    42     cutoff    7      6.1622e+08 5.6396e+08  8.48%  9311 6889s
*  262    42              13    6.160036e+08 5.6396e+08  8.45%  9005 6889s
*  269    42              14    6.158664e+08 5.6396e+08  8.43%  8775 6889s
   303    15     cutoff   14      6.1587e+08 5.6396e+08  8.43%  7842 6983s
*  316    15              15    6.158305e+08 5.6396e+08  8.42%  7548 6983s
*  322    15              13    6.157900e+08 5.6396e+08  8.42%  7411 6983s
*  323    15              14    6.156981e+08 5.6396e+08  8.40%  7388 6983s
   336    22     cutoff    9      6.1570e+08 5.6396e+08  8.40%  7182 7074s
   351    39 6.0779e+08   10   24 6.1570e+08 5.6396e+08  8.40%  6970 7189s
   374    55 6.1246e+08   17   18 6.1570e+08 5.6396e+08  8.40%  6705 7305s
   414    60 6.0817e+08   12   19 6.1570e+08 5.6396e+08  8.40%  6476 7446s
   448    54 6.0854e+08   15   20 6.1570e+08 5.6396e+08  8.40%  6252 7583s
   492    52     cutoff   14      6.1570e+08 5.6396e+08  8.40%  5983 7678s
   536    35     cutoff    8      6.1570e+08 5.6396e+08  8.40%  5635 8245s
H  544    35                    6.152447e+08 5.6396e+08  8.34%  5573 8246s
   580    20     cutoff   17      6.1524e+08 5.6396e+08  8.34%  5331 8341s
   617    16     cutoff   13      6.1524e+08 5.6396e+08  8.34%  5149 8424s
   633    12 5.9831e+08    9   25 6.1524e+08 5.6396e+08  8.34%  5080 8526s
   643    10     cutoff   14      6.1524e+08 5.6396e+08  8.34%  5036 8618s
   647    10     cutoff   19      6.1524e+08 5.6396e+08  8.34%  5009 8737s
   653    17 6.1454e+08   15    8 6.1524e+08 5.6396e+08  8.34%  5001 8798s
   666    27     cutoff   16      6.1524e+08 5.6396e+08  8.34%  4910 8858s
*  669    27              20    6.150668e+08 5.6396e+08  8.31%  4888 8858s
*  675    27              21    6.149943e+08 5.6396e+08  8.30%  4845 8858s
*  688    27              20    6.149683e+08 5.6396e+08  8.29%  4755 8858s
   715     8 6.1497e+08   20    2 6.1497e+08 5.6396e+08  8.29%  4578 8908s
*  717     8              19    6.149217e+08 5.6396e+08  8.29%  4566 8908s
*  724     8              20    6.148047e+08 5.6396e+08  8.27%  4522 8908s
   733     6     cutoff   21      6.1480e+08 5.6396e+08  8.27%  4472 8947s
   735     5     cutoff    6      6.1480e+08 5.6396e+08  8.27%  4461 8990s
   736     4 6.1319e+08   14   38 6.1480e+08 5.6396e+08  8.27%  4458 9021s
   737     5 5.9852e+08   10   27 6.1480e+08 5.6396e+08  8.27%  4452 9049s
   738     5     cutoff   11      6.1480e+08 5.6396e+08  8.27%  4460 9109s
   740     6 6.0048e+08    7   40 6.1480e+08 5.6396e+08  8.27%  4450 9164s
   741     5     cutoff    7      6.1480e+08 5.6396e+08  8.27%  4444 9345s
   742     6 5.7480e+08    4   49 6.1480e+08 5.6396e+08  8.27%  4441 9401s
   743     7 6.0254e+08    8   39 6.1480e+08 5.6396e+08  8.27%  4435 9451s
   744     6     cutoff    9      6.1480e+08 5.6396e+08  8.27%  4437 9502s
   745     7 6.0406e+08    8   27 6.1480e+08 5.6396e+08  8.27%  4431 9558s
   746     8 5.9858e+08   11   16 6.1480e+08 5.6396e+08  8.27%  4427 9606s
   747     8 6.0412e+08    9   20 6.1480e+08 5.6396e+08  8.27%  4424 9656s
   749    13 6.1358e+08   12    9 6.1480e+08 5.6396e+08  8.27%  4416 9800s
   754    40 6.1426e+08   16    5 6.1480e+08 5.6396e+08  8.27%  4388 9862s
*  772    40              20    6.144888e+08 5.6396e+08  8.22%  4288 9862s
   785    62 6.1442e+08   18    4 6.1449e+08 5.6396e+08  8.22%  4223 9970s
*  797    62              21    6.144530e+08 5.6396e+08  8.22%  4163 9970s
*  803    62              22    6.143899e+08 5.6396e+08  8.21%  4133 9970s
   891    36 6.1428e+08   18    2 6.1439e+08 5.6396e+08  8.21%  3748 10021s
*  893    36              19    6.143353e+08 5.6396e+08  8.20%  3740 10021s
*  938    36              22    6.142258e+08 5.6396e+08  8.18%  3566 10021s
*  972    36              19    6.140758e+08 5.6396e+08  8.16%  3449 10021s
   984     9     cutoff   18      6.1408e+08 5.6396e+08  8.16%  3410 10060s
  1009    11 5.9945e+08   14   14 6.1408e+08 5.6396e+08  8.16%  3331 10116s
  1014    17 5.9953e+08   15   12 6.1408e+08 5.6396e+08  8.16%  3317 10165s
  1020    26 5.9960e+08   16   10 6.1408e+08 5.6396e+08  8.16%  3307 10238s
  1029    55 5.9993e+08   17   10 6.1408e+08 5.6396e+08  8.16%  3300 10333s
  1059   130 6.0007e+08   17    9 6.1408e+08 5.6396e+08  8.16%  3240 10433s
  1136   214 6.0594e+08   24    4 6.1408e+08 5.6396e+08  8.16%  3099 10507s
* 1174   214              29    6.076371e+08 5.6396e+08  7.19%  3043 10507s
* 1187   214              30    6.072480e+08 5.6396e+08  7.13%  3017 10508s
  1228   200 6.0017e+08   18   10 6.0725e+08 5.6396e+08  7.13%  2945 10591s
* 1233   200              25    6.068115e+08 5.6396e+08  7.06%  2935 10591s
  1355   196 6.0059e+08   21    6 6.0681e+08 5.6396e+08  7.06%  2734 10669s
* 1387   196              24    6.067495e+08 5.6396e+08  7.05%  2679 10669s
* 1400   196              30    6.064661e+08 5.6396e+08  7.01%  2658 10669s
  1423   196     cutoff   27      6.0647e+08 5.6396e+08  7.01%  2625 10670s
  1464   177     cutoff   22      6.0647e+08 5.6396e+08  7.01%  2563 10809s
* 1501   177              23    6.064258e+08 5.6396e+08  7.00%  2534 10810s
  1543   194     cutoff   21      6.0643e+08 5.6396e+08  7.00%  2488 10883s
  1600   254 6.0199e+08   29    5 6.0643e+08 5.6396e+08  7.00%  2436 10952s
  1679   312 6.0208e+08   33    2 6.0643e+08 5.6396e+08  7.00%  2360 11049s
* 1692   312              34    6.028237e+08 5.6396e+08  6.45%  2346 11049s
  1729   312 6.0272e+08   28    3 6.0282e+08 5.6396e+08  6.45%  2312 11050s
  1778   270     cutoff   36      6.0282e+08 5.6396e+08  6.45%  2272 11120s
* 1787   270              36    6.027203e+08 5.6396e+08  6.43%  2265 11120s
* 1806   270              31    6.027039e+08 5.6396e+08  6.43%  2247 11120s
H 1861   270                    6.023609e+08 5.6396e+08  6.37%  2190 11121s
  1879   244     cutoff   32      6.0236e+08 5.6396e+08  6.37%  2171 11175s
  1912   241 6.0181e+08   26    6 6.0236e+08 5.6396e+08  6.37%  2140 11247s
  1927   239     cutoff   28      6.0236e+08 5.6396e+08  6.37%  2131 11322s
  1933   240 5.8656e+08    6   45 6.0236e+08 5.6608e+08  6.02%  2127 11390s
  1937   242 5.8664e+08    7   44 6.0236e+08 5.6608e+08  6.02%  2128 11459s
  1939   241 6.0132e+08   23   19 6.0236e+08 5.6608e+08  6.02%  2132 11550s
  1946   241 6.0224e+08   26    1 6.0236e+08 5.6608e+08  6.02%  2132 11616s
* 1948   241              27    6.022796e+08 5.6608e+08  6.01%  2130 11668s
  1951   240     cutoff    9      6.0228e+08 5.6608e+08  6.01%  2148 11736s
  1952   241 5.8797e+08    9   45 6.0228e+08 5.6608e+08  6.01%  2150 11802s
  1953   241 5.9963e+08    6   44 6.0228e+08 5.6608e+08  6.01%  2158 11876s
  1955   241     cutoff    7      6.0228e+08 5.6608e+08  6.01%  2165 11949s
  1958   240     cutoff    6      6.0228e+08 5.6608e+08  6.01%  2167 12006s
  1961   239     cutoff   11      6.0228e+08 5.6608e+08  6.01%  2166 12066s
  1962   239 6.0004e+08    8   43 6.0228e+08 5.6608e+08  6.01%  2165 12138s
  1963   242 6.0047e+08    9   43 6.0228e+08 5.6608e+08  6.01%  2165 12213s
  1966   244     cutoff   21      6.0228e+08 5.6608e+08  6.01%  2168 12294s
  1976   254 6.0166e+08   23    6 6.0228e+08 5.6608e+08  6.01%  2174 12369s
  1996   251     cutoff   23      6.0228e+08 5.6608e+08  6.01%  2160 12477s
* 2004   251              28    6.017910e+08 5.6608e+08  5.93%  2159 12477s
  2031   238     cutoff   24      6.0179e+08 5.6608e+08  5.93%  2151 12574s
  2046   242     cutoff   19      6.0179e+08 5.6608e+08  5.93%  2140 12689s
  2059   239 6.0156e+08   22    7 6.0179e+08 5.6608e+08  5.93%  2154 12777s
  2096   237     cutoff   23      6.0179e+08 5.6608e+08  5.93%  2138 12854s
  2111   237 6.0171e+08   24    7 6.0179e+08 5.6608e+08  5.93%  2128 12855s
  2132   229     cutoff    8      6.0179e+08 5.6608e+08  5.93%  2120 12933s
  2164   213     cutoff   18      6.0179e+08 5.6608e+08  5.93%  2106 13019s
  2208   189     cutoff   19      6.0179e+08 5.6608e+08  5.93%  2084 13120s
  2268   148 6.0155e+08   22    7 6.0179e+08 5.6608e+08  5.93%  2053 13195s
  2347    77     cutoff   23      6.0179e+08 5.6608e+08  5.93%  2005 13280s
  2432    35     cutoff   21      6.0179e+08 5.7406e+08  4.61%  1954 13402s
  2480    19     cutoff    7      6.0179e+08 5.7406e+08  4.61%  1934 13515s
  2513    19 6.0132e+08   20    9 6.0179e+08 5.7406e+08  4.61%  1925 13637s
  2539    13 6.0157e+08   21    9 6.0179e+08 5.7406e+08  4.61%  1916 13751s
  2562    10     cutoff    7      6.0179e+08 5.7406e+08  4.61%  1913 13862s
  2572     5     cutoff   24      6.0179e+08 5.7406e+08  4.61%  1911 13955s
  2583     7 6.0023e+08    6   31 6.0179e+08 5.7486e+08  4.48%  1914 14223s
  2585     5     cutoff    7      6.0179e+08 5.7486e+08  4.48%  1914 14306s
  2588     4 6.0168e+08    8   29 6.0179e+08 5.7486e+08  4.48%  1917 14371s
  2589     5 6.0030e+08   11   36 6.0179e+08 5.7486e+08  4.48%  1918 14427s
  2590     5 5.7512e+08    7   44 6.0179e+08 5.7512e+08  4.43%  1918 14485s
  2592     6 6.0174e+08   23   23 6.0179e+08 5.7512e+08  4.43%  1917 14557s
  2593     3     cutoff    8      6.0179e+08 5.7512e+08  4.43%  1917 14623s
  2597     3 5.7519e+08    8   43 6.0179e+08 5.7519e+08  4.42%  1915 14736s
  2599     5 5.7551e+08    9   42 6.0179e+08 5.7520e+08  4.42%  1915 14886s
  2601     3     cutoff   10      6.0179e+08 5.7520e+08  4.42%  1917 14966s
  2603     2     cutoff    9      6.0179e+08 5.7551e+08  4.37%  1929 15147s
  2604     3 5.7624e+08   10   44 6.0179e+08 5.7624e+08  4.25%  1929 15206s
  2605     4 5.9521e+08   11   36 6.0179e+08 5.7624e+08  4.25%  1929 15310s
  2606     3     cutoff   11      6.0179e+08 5.7624e+08  4.25%  1929 15361s
  2607     6 5.7715e+08   11   49 6.0179e+08 5.7715e+08  4.09%  1930 15665s
  2610     7 5.9917e+08   13   42 6.0179e+08 5.7754e+08  4.03%  1934 15746s
  2611     4     cutoff   14      6.0179e+08 5.7754e+08  4.03%  1940 15832s
  2614     4 5.7779e+08   13   45 6.0179e+08 5.7757e+08  4.02%  1940 15900s
  2616     3     cutoff   13      6.0179e+08 5.7787e+08  3.98%  1943 15967s
  2617     4 5.8034e+08   14   46 6.0179e+08 5.7803e+08  3.95%  1943 16246s
  2618     5 5.9747e+08   12   25 6.0179e+08 5.7803e+08  3.95%  1943 16401s
  2619     5     cutoff   13      6.0179e+08 5.7803e+08  3.95%  1945 16488s
  2621     4     cutoff   15      6.0179e+08 5.8034e+08  3.56%  1950 16639s
  2622     3     cutoff   15      6.0179e+08 5.8035e+08  3.56%  1951 16750s
  2623     4 5.9769e+08   13   28 6.0179e+08 5.8035e+08  3.56%  1951 16892s
  2624     3     cutoff   14      6.0179e+08 5.8035e+08  3.56%  1957 16957s
  2625     4 5.9101e+08   15   48 6.0179e+08 5.8035e+08  3.56%  1957 17015s
  2626     5 5.9771e+08   16   29 6.0179e+08 5.8035e+08  3.56%  1961 17144s
  2627     6     cutoff   17      6.0179e+08 5.8035e+08  3.56%  1963 17253s
  2630     5     cutoff   17      6.0179e+08 5.8035e+08  3.56%  1971 17331s
  2633     6     cutoff   18      6.0179e+08 5.8035e+08  3.56%  1974 17422s
  2638     8     cutoff   20      6.0179e+08 5.8035e+08  3.56%  1976 17489s
  2646    28 5.9902e+08   18    7 6.0179e+08 5.8035e+08  3.56%  1980 17565s
H 2647    28                    6.005400e+08 5.8035e+08  3.36%  1979 17565s
  2667   136 5.9939e+08   20    6 6.0054e+08 5.8035e+08  3.36%  1968 17662s
* 2730   136              24    5.995966e+08 5.8035e+08  3.21%  1933 17662s
* 2745   136              24    5.995804e+08 5.8035e+08  3.21%  1931 17662s
  2789    59     cutoff   24      5.9958e+08 5.8035e+08  3.21%  1909 17753s
* 2849    59              24    5.994112e+08 5.8035e+08  3.18%  1878 17753s
  2930     4     cutoff   24      5.9941e+08 5.8035e+08  3.18%  1845 17829s
  2995     2     cutoff   21      5.9941e+08 5.8035e+08  3.18%  1811 17902s
  2997     2 5.9879e+08   18   43 5.9941e+08 5.8035e+08  3.18%  1811 19019s
  2998     1     cutoff   19      5.9941e+08 5.8035e+08  3.18%  1811 19055s
  2999     2 5.9113e+08   15   42 5.9941e+08 5.9113e+08  1.38%  1811 19591s
  3000     1     cutoff   16      5.9941e+08 5.9113e+08  1.38%  1813 19656s
  3001     1 5.9207e+08   16   50 5.9941e+08 5.9207e+08  1.22%  1812 19874s
  3003     2 5.9645e+08   17   30 5.9941e+08 5.9645e+08  0.49%  1820 20227s
  3004     1     cutoff   18      5.9941e+08 5.9733e+08  0.35%  1821 20350s
  3007     0 5.9790e+08   19   29 5.9941e+08 5.9790e+08  0.25%  1825 20507s

Cutting planes:
  Gomory: 17
  Cover: 1
  MIR: 13706
  Flow cover: 1467
  RLT: 1
  Relax-and-lift: 516

Explored 3009 nodes (6102847 simplex iterations) in 20508.33 seconds (31428.82 work units)
Thread count was 32 (of 192 available processors)

Solution count 10: 5.99411e+08 5.9958e+08 5.99597e+08 ... 6.02824e+08

Optimal solution found (tolerance 1.00e-05)
Best objective 5.994111916403e+08, best bound 5.994111916403e+08, gap 0.0000%

User-callback calls 9427950, time in user-callback 2.64 sec
 26.785346 seconds (283.72 M allocations: 19.205 GiB, 26.95% gc time, 16.62% compilation time)
20527.850271 seconds (84.15 M allocations: 5.247 GiB, 0.02% gc time, 0.00% compilation time)
