Set parameter WLSAccessID
Set parameter WLSSecret
Set parameter LicenseID to value 2677366
Academic license 2677366 - for non-commercial use only - registered to la___@mit.edu
Set parameter MIPGap to value 1e-05
Set parameter TimeLimit to value 14400
Set parameter MIPGap to value 1e-05
Set parameter TimeLimit to value 14400
Gurobi Optimizer version 12.0.2 build v12.0.2rc0 (linux64 - "Rocky Linux 8.10 (Green Obsidian)")

CPU model: AMD EPYC 9474F 48-Core Processor, instruction set [SSE2|AVX|AVX2|AVX512]
Thread count: 96 physical cores, 192 logical processors, using up to 32 threads

Non-default parameters:
TimeLimit  14400
MIPGap  1e-05

Academic license 2677366 - for non-commercial use only - registered to la___@mit.edu
Optimize a model with 5941481 rows, 3644524 columns and 17805850 nonzeros
Model fingerprint: 0x65c7f1ee
Variable types: 3188926 continuous, 455598 integer (455598 binary)
Coefficient statistics:
  Matrix range     [3e-03, 1e+03]
  Objective range  [2e-01, 4e+06]
  Bounds range     [9e+00, 1e+02]
  RHS range        [6e+00, 3e+02]
Presolve removed 1988957 rows and 1787730 columns (presolve time = 5s)...
Presolve removed 2582597 rows and 2381370 columns (presolve time = 10s)...
Presolve removed 3173502 rows and 2381372 columns (presolve time = 15s)...
Presolve removed 3196637 rows and 2381372 columns (presolve time = 20s)...
Presolve removed 3196637 rows and 2381372 columns (presolve time = 25s)...
Presolve removed 3196637 rows and 2381372 columns (presolve time = 30s)...
Presolve removed 3196637 rows and 2381372 columns (presolve time = 35s)...
Presolve removed 3196637 rows and 2381372 columns (presolve time = 260s)...
Presolve removed 4349849 rows and 2999735 columns
Presolve time: 264.23s
Presolved: 1591632 rows, 644789 columns, 4233698 nonzeros
Variable types: 620006 continuous, 24783 integer (24758 binary)
Performing another presolve...
Presolve removed 32 rows and 0 columns (presolve time = 5s)...
Presolve removed 32 rows and 0 columns (presolve time = 10s)...
Presolve removed 97623 rows and 3617 columns (presolve time = 15s)...
Presolve removed 99194 rows and 3625 columns (presolve time = 20s)...
Presolve removed 99199 rows and 3625 columns (presolve time = 25s)...
Presolve removed 100113 rows and 4869 columns (presolve time = 30s)...
Presolve removed 102455 rows and 5796 columns (presolve time = 35s)...
Presolve removed 102455 rows and 5796 columns (presolve time = 40s)...
Presolve removed 102455 rows and 5796 columns (presolve time = 45s)...
Presolve removed 102455 rows and 5796 columns (presolve time = 54s)...
Presolve removed 103280 rows and 6407 columns (presolve time = 55s)...
Presolve removed 103331 rows and 6407 columns
Presolve time: 56.72s

Deterministic concurrent LP optimizer: primal simplex, dual simplex, and barrier
Showing barrier log only...

Root barrier log...

Ordering time: 0.66s

Barrier statistics:
 Dense cols : 251
 AA' NZ     : 8.308e+06
 Factor NZ  : 2.917e+07 (roughly 1.0 GB of memory)
 Factor Ops : 4.610e+09 (less than 1 second per iteration)
 Threads    : 29

                  Objective                Residual
Iter       Primal          Dual         Primal    Dual     Compl     Time
   0   8.94892719e+11 -2.96972093e+13  1.69e+05 8.57e+03  1.98e+09   343s
   1   8.66431850e+11 -2.98489931e+13  1.59e+05 6.30e+05  1.91e+09   343s
   2   8.48802734e+11 -3.13036516e+13  1.52e+05 6.54e+05  1.86e+09   344s
   3   7.07537034e+11 -5.70391057e+13  1.07e+05 1.38e+05  1.31e+09   344s
   4   5.59097295e+11 -6.01309169e+13  7.92e+04 6.87e+04  1.02e+09   345s
   5   1.68641083e+11 -5.94511364e+13  2.21e+04 1.89e-03  3.40e+08   345s
   6   2.19928117e+10 -4.06911446e+13  1.57e+03 1.58e-04  5.22e+07   345s
   7   1.04637544e+10 -1.50757117e+13  5.43e+02 1.20e-04  1.87e+07   346s
   8   2.90410057e+09 -5.55685345e+12  1.20e+02 1.39e-02  4.32e+06   346s
   9   2.02525014e+09 -2.12939515e+12  7.16e+01 1.70e-03  1.79e+06   346s
  10   1.92834728e+09 -1.10485914e+12  6.62e+01 6.90e-05  1.21e+06   347s
  11   1.31181830e+09 -8.79405562e+11  3.19e+01 5.15e-05  6.95e+05   347s
  12   1.15156955e+09 -5.65214536e+11  2.29e+01 3.54e-05  4.54e+05   347s
  13   1.03472704e+09 -5.52689098e+11  1.67e+01 3.44e-05  3.83e+05   348s
  14   9.89248243e+08 -2.40103714e+11  1.42e+01 1.26e-05  2.22e+05   348s
  15   8.86624045e+08 -1.32502132e+11  8.40e+00 9.65e-06  1.23e+05   348s
  16   7.72752788e+08 -3.74892705e+10  2.20e+00 4.42e-06  3.18e+04   349s
  17   7.32484019e+08 -1.97837740e+10  6.14e-01 2.17e-06  1.24e+04   349s
  18   7.27662333e+08 -1.00435187e+10  5.52e-01 1.05e-06  8.23e+03   350s
  19   6.91826881e+08 -6.79050544e+09  3.67e-01 7.14e-07  5.58e+03   350s
  20   6.69548014e+08 -4.60132428e+09  3.10e-01 4.84e-07  4.31e+03   350s
  21   6.54481264e+08 -3.53617120e+09  2.89e-01 3.80e-07  3.74e+03   350s
  22   6.49635193e+08 -2.46972476e+09  2.74e-01 3.10e-07  3.15e+03   351s
  23   6.31081656e+08 -1.53352077e+09  2.09e-01 1.81e-07  2.18e+03   351s
  24   6.16061392e+08 -8.74392189e+08  1.57e-01 1.30e-07  1.50e+03   352s
  25   6.10316962e+08 -1.81865842e+08  1.27e-01 1.27e-07  9.52e+02   352s
  26   6.06202710e+08  2.27101555e+07  1.12e-01 8.15e-08  7.85e+02   353s
  27   6.03007443e+08  1.91227363e+08  1.03e-01 7.92e-08  6.35e+02   353s
  28   5.89948660e+08  3.81974535e+08  5.50e-02 6.40e-07  3.38e+02   354s
  29   5.89091175e+08  4.11259419e+08  5.10e-02 1.69e-07  3.03e+02   355s
  30   5.88567614e+08  4.21242731e+08  4.93e-02 5.68e-08  2.91e+02   355s
  31   5.81864202e+08  4.31078570e+08  3.11e-02 4.34e-07  2.01e+02   356s
  32   5.80134004e+08  4.66847657e+08  2.65e-02 2.06e-06  1.66e+02   356s
  33   5.78596806e+08  4.80458751e+08  2.18e-02 1.23e-06  1.38e+02   356s
  34   5.77864214e+08  5.04171071e+08  1.87e-02 5.00e-06  1.12e+02   357s
  35   5.77735352e+08  5.09762317e+08  1.80e-02 4.57e-06  1.06e+02   358s
  36   5.76405906e+08  5.25545199e+08  1.32e-02 1.06e-05  7.79e+01   358s
  37   5.74757177e+08  5.28848787e+08  6.94e-03 8.19e-06  4.60e+01   359s
  38   5.74114717e+08  5.45954282e+08  5.06e-03 1.74e-06  3.05e+01   360s
  39   5.73679958e+08  5.50634885e+08  3.89e-03 1.91e-06  2.37e+01   360s
  40   5.73703396e+08  5.52761537e+08  3.72e-03 2.26e-06  2.19e+01   362s
  41   5.73174187e+08  5.54191432e+08  3.15e-03 2.10e-06  1.87e+01   364s
  42   5.72923145e+08  5.58810593e+08  2.60e-03 1.31e-06  1.46e+01   365s
  43   5.73000934e+08  5.59708940e+08  2.57e-03 1.22e-06  1.41e+01   367s
  44   5.72719055e+08  5.62182270e+08  2.24e-03 8.69e-07  1.18e+01   368s
  45   5.72385534e+08  5.62674446e+08  1.72e-03 7.73e-07  9.47e+00   370s
  46   5.72245320e+08  5.64580003e+08  1.59e-03 1.19e-06  8.20e+00   371s
  47   5.71790037e+08  5.65398233e+08  1.30e-03 1.98e-06  6.73e+00   373s
  48   5.71835534e+08  5.65485327e+08  1.29e-03 2.01e-06  6.66e+00   374s
  49   5.71418844e+08  5.66268104e+08  1.00e-03 2.14e-06  5.22e+00   375s
  50   5.71084394e+08  5.66714676e+08  8.57e-04 1.20e-06  4.43e+00   376s
  51   5.71023230e+08  5.67300566e+08  8.41e-04 1.39e-06  4.07e+00   377s
  52   5.70794941e+08  5.67683690e+08  7.37e-04 1.47e-06  3.46e+00   379s
  53   5.70555959e+08  5.67911682e+08  6.34e-04 1.63e-06  2.89e+00   380s
  54   5.70379821e+08  5.67920957e+08  5.57e-04 1.63e-06  2.56e+00   381s
  55   5.70183047e+08  5.68096191e+08  4.81e-04 2.38e-06  2.15e+00   382s
  56   5.70017200e+08  5.68195470e+08  4.11e-04 1.51e-06  1.81e+00   383s
  57   5.70014769e+08  5.68222256e+08  4.09e-04 1.38e-06  1.79e+00   384s
  58   5.69882863e+08  5.68248168e+08  3.66e-04 1.22e-06  1.62e+00   385s
  59   5.69791450e+08  5.68466522e+08  3.29e-04 4.10e-07  1.38e+00   386s
  60   5.69748723e+08  5.68497938e+08  3.11e-04 4.56e-07  1.30e+00   387s
  61   5.69671131e+08  5.68534353e+08  2.79e-04 4.61e-07  1.16e+00   389s
  62   5.69601252e+08  5.68621345e+08  2.53e-04 3.49e-07  1.02e+00   390s
  63   5.69576619e+08  5.68636570e+08  2.42e-04 2.84e-07  9.74e-01   390s
  64   5.69533150e+08  5.68650344e+08  2.22e-04 3.77e-07  8.87e-01   392s
  65   5.69484434e+08  5.68695092e+08  1.99e-04 7.84e-07  7.90e-01   393s
  66   5.69441535e+08  5.68729284e+08  1.80e-04 7.02e-07  7.02e-01   394s
  67   5.69428842e+08  5.68753117e+08  1.69e-04 6.71e-07  6.54e-01   395s
  68   5.69398243e+08  5.68761776e+08  1.57e-04 5.90e-07  6.10e-01   396s
  69   5.69372236e+08  5.68772995e+08  1.45e-04 4.31e-07  5.67e-01   397s
  70   5.69360545e+08  5.68784406e+08  1.39e-04 4.39e-07  5.41e-01   398s
  71   5.69349306e+08  5.68796834e+08  1.33e-04 4.01e-07  5.16e-01   399s
  72   5.69342052e+08  5.68805653e+08  1.35e-04 4.54e-07  5.01e-01   401s
  73   5.69329999e+08  5.68812045e+08  1.42e-04 4.31e-07  4.78e-01   402s
  74   5.69322119e+08  5.68827364e+08  1.47e-04 1.95e-07  4.57e-01   403s
  75   5.69315719e+08  5.68837305e+08  1.51e-04 3.00e-07  4.40e-01   404s
  76   5.69311425e+08  5.68840834e+08  1.54e-04 3.00e-07  4.32e-01   405s
  77   5.69306717e+08  5.68842976e+08  1.57e-04 3.22e-07  4.23e-01   406s
  78   5.69302618e+08  5.68848349e+08  1.59e-04 3.22e-07  4.14e-01   407s
  79   5.69297909e+08  5.68850435e+08  1.61e-04 3.20e-07  4.06e-01   408s
  80   5.69291721e+08  5.68858654e+08  1.64e-04 2.92e-07  3.91e-01   409s
  81   5.69286394e+08  5.68862864e+08  1.68e-04 2.58e-07  3.81e-01   410s
  82   5.69283151e+08  5.68871693e+08  1.69e-04 1.54e-07  3.73e-01   411s
  83   5.69277820e+08  5.68882741e+08  1.73e-04 1.65e-07  3.59e-01   412s
  84   5.69271555e+08  5.68885851e+08  1.80e-04 1.61e-07  3.46e-01   413s
  85   5.69264572e+08  5.68889316e+08  1.91e-04 1.88e-07  3.26e-01   414s
  86   5.69260297e+08  5.68894137e+08  1.95e-04 1.72e-07  3.16e-01   415s
  87   5.69256499e+08  5.68895957e+08  2.03e-04 1.68e-07  3.06e-01   416s
  88   5.69252790e+08  5.68901871e+08  2.08e-04 1.50e-07  2.97e-01   417s
  89   5.69246377e+08  5.68909607e+08  2.21e-04 1.24e-07  2.78e-01   418s
  90   5.69246085e+08  5.68924829e+08  2.29e-04 7.01e-08  2.66e-01   420s
  91   5.69242059e+08  5.68955373e+08  2.54e-04 1.55e-07  2.35e-01   421s
  92   5.69235636e+08  5.68979996e+08  2.91e-04 1.37e-07  2.03e-01   422s
  93   5.69233922e+08  5.68981863e+08  3.04e-04 1.36e-07  1.96e-01   423s
  94   5.69223389e+08  5.69007059e+08  3.48e-04 1.32e-07  1.59e-01   424s
  95   5.69219645e+08  5.69062208e+08  2.90e-04 9.41e-08  1.23e-01   424s
  96   5.69217806e+08  5.69072657e+08  2.59e-04 8.68e-08  1.13e-01   425s
  97   5.69216548e+08  5.69074498e+08  2.39e-04 8.55e-08  1.06e-01   426s
  98   5.69215573e+08  5.69111870e+08  2.23e-04 6.03e-08  8.68e-02   427s
  99   5.69211308e+08  5.69117964e+08  1.69e-04 5.58e-08  6.65e-02   428s
 100   5.69209365e+08  5.69140316e+08  1.32e-04 4.09e-08  5.11e-02   428s
 101   5.69207290e+08  5.69153425e+08  9.59e-05 3.18e-08  3.70e-02   429s
 102   5.69205901e+08  5.69166069e+08  7.35e-05 2.58e-08  2.75e-02   429s
 103   5.69205266e+08  5.69170103e+08  6.34e-05 2.03e-08  2.39e-02   430s
 104   5.69204524e+08  5.69174205e+08  5.14e-05 3.69e-08  1.95e-02   431s
 105   5.69203947e+08  5.69181445e+08  4.20e-05 1.35e-08  1.47e-02   432s
 106   5.69203635e+08  5.69184657e+08  3.69e-05 1.55e-08  1.23e-02   433s
 107   5.69203404e+08  5.69185825e+08  3.29e-05 3.72e-08  1.12e-02   434s
 108   5.69202916e+08  5.69188858e+08  2.36e-05 1.47e-08  8.38e-03   435s
 109   5.69202425e+08  5.69190228e+08  1.54e-05 2.09e-08  6.43e-03   435s
 110   5.69202263e+08  5.69192040e+08  1.27e-05 1.80e-08  5.35e-03   436s
 111   5.69202175e+08  5.69192930e+08  1.14e-05 1.80e-08  4.83e-03   437s
 112   5.69202128e+08  5.69193972e+08  1.06e-05 1.91e-08  4.32e-03   438s
 113   5.69201984e+08  5.69194831e+08  1.16e-05 3.22e-08  3.65e-03   438s
 114   5.69201909e+08  5.69195326e+08  9.71e-06 1.77e-08  3.28e-03   439s
 115   5.69201771e+08  5.69196559e+08  6.83e-06 1.44e-08  2.49e-03   440s
 116   5.69201721e+08  5.69197112e+08  5.78e-06 1.59e-08  2.16e-03   441s
 117   5.69201698e+08  5.69197651e+08  5.44e-06 1.49e-08  1.91e-03   442s
 118   5.69201654e+08  5.69198108e+08  5.21e-06 9.75e-09  1.63e-03   442s
 119   5.69201644e+08  5.69198624e+08  4.93e-06 8.32e-09  1.41e-03   443s
 120   5.69201613e+08  5.69199612e+08  3.81e-06 2.96e-08  9.69e-04   444s

Barrier performed 120 iterations in 444.20 seconds (658.79 work units)
Barrier solve interrupted - model solved by another algorithm

Concurrent spin time: 39.32s (can be avoided by choosing Method=3)

Solved with dual simplex

Root relaxation: objective 5.692015e+08, 142360 iterations, 105.72 seconds (130.21 work units)
Total elapsed time = 444.49s (DegenMoves)
Total elapsed time = 447.28s (DegenMoves)

    Nodes    |    Current Node    |     Objective Bounds      |     Work
 Expl Unexpl |  Obj  Depth IntInf | Incumbent    BestBd   Gap | It/Node Time

     0     0 5.6920e+08    0 12570          - 5.6920e+08      -     -  561s
     0     0 5.6920e+08    0 12422          - 5.6920e+08      -     -  564s
H    0     0                    7.674063e+08 5.6920e+08  25.8%     -  625s
     0     0 6.0872e+08    0 12353 7.6741e+08 6.0872e+08  20.7%     -  906s
     0     0 6.0874e+08    0 11041 7.6741e+08 6.0874e+08  20.7%     - 1022s
     0     0 6.0875e+08    0 11092 7.6741e+08 6.0875e+08  20.7%     - 1090s
     0     0 6.0875e+08    0 11014 7.6741e+08 6.0875e+08  20.7%     - 1096s
     0     0 6.0875e+08    0 10964 7.6741e+08 6.0875e+08  20.7%     - 1098s
     0     0 6.0878e+08    0 11628 7.6741e+08 6.0878e+08  20.7%     - 1243s
     0     0 6.0878e+08    0 11572 7.6741e+08 6.0878e+08  20.7%     - 1244s
     0     0 6.0878e+08    0 11543 7.6741e+08 6.0878e+08  20.7%     - 1250s
     0     0 6.0881e+08    0 13261 7.6741e+08 6.0881e+08  20.7%     - 1356s
     0     0 6.0881e+08    0 13260 7.6741e+08 6.0881e+08  20.7%     - 1357s
     0     0 6.0886e+08    0 14799 7.6741e+08 6.0886e+08  20.7%     - 1472s
     0     0 6.0886e+08    0 14789 7.6741e+08 6.0886e+08  20.7%     - 1473s
     0     0 6.0887e+08    0 14643 7.6741e+08 6.0887e+08  20.7%     - 1482s
     0     0 6.0887e+08    0 14643 7.6741e+08 6.0887e+08  20.7%     - 1483s
     0     0 6.0887e+08    0 14642 7.6741e+08 6.0887e+08  20.7%     - 1484s
     0     0 6.0887e+08    0 14633 7.6741e+08 6.0887e+08  20.7%     - 1490s
     0     0 6.0890e+08    0 14445 7.6741e+08 6.0890e+08  20.7%     - 1549s
     0     0 6.0890e+08    0 14445 7.6741e+08 6.0890e+08  20.7%     - 1549s
     0     0 6.0891e+08    0 14207 7.6741e+08 6.0891e+08  20.7%     - 1647s
     0     0 6.0891e+08    0 14206 7.6741e+08 6.0891e+08  20.7%     - 1648s
     0     0 6.0891e+08    0 14205 7.6741e+08 6.0891e+08  20.7%     - 1649s
     0     0 6.0891e+08    0 14322 7.6741e+08 6.0891e+08  20.7%     - 1656s
     0     0 6.0892e+08    0 14302 7.6741e+08 6.0892e+08  20.7%     - 1698s
     0     0 6.0892e+08    0 14303 7.6741e+08 6.0892e+08  20.7%     - 1699s
     0     0 6.0893e+08    0 14484 7.6741e+08 6.0893e+08  20.7%     - 1790s
     0     0 6.0893e+08    0 14482 7.6741e+08 6.0893e+08  20.7%     - 1791s
     0     0 6.0893e+08    0 14481 7.6741e+08 6.0893e+08  20.7%     - 1792s
     0     0 6.0893e+08    0 14115 7.6741e+08 6.0893e+08  20.7%     - 1813s
     0     0 6.0893e+08    0 14114 7.6741e+08 6.0893e+08  20.7%     - 1814s
     0     0 6.0894e+08    0 14420 7.6741e+08 6.0894e+08  20.7%     - 1900s
     0     0 6.0894e+08    0 13701 7.6741e+08 6.0894e+08  20.6%     - 1913s
     0     0 6.0894e+08    0 13699 7.6741e+08 6.0894e+08  20.6%     - 1914s
H    0     0                    7.610883e+08 6.0894e+08  20.0%     - 1939s
     0     0 6.0894e+08    0 13708 7.6109e+08 6.0894e+08  20.0%     - 1944s
     0     0 6.0894e+08    0 13873 7.6109e+08 6.0894e+08  20.0%     - 1959s
     0     0 6.0894e+08    0 13802 7.6109e+08 6.0894e+08  20.0%     - 2130s
     0     2 6.0894e+08    0 13762 7.6109e+08 6.0894e+08  20.0%     - 2363s
     1     4 6.0894e+08    1 13509 7.6109e+08 6.0894e+08  20.0%  5171 2379s
     3     7 6.0897e+08    2 12932 7.6109e+08 6.0894e+08  20.0%  5710 2396s
     7    13 6.0898e+08    3 12274 7.6109e+08 6.0895e+08  20.0%  6538 2428s
    14    26 6.0901e+08    4 11707 7.6109e+08 6.0895e+08  20.0%  6406 2449s
    27    39 6.0898e+08    5 12511 7.6109e+08 6.0896e+08  20.0%  6066 2501s
    40    71 6.0899e+08    6 12290 7.6109e+08 6.0896e+08  20.0%  6089 2658s
H   49    71                    7.548439e+08 6.0896e+08  19.3%  5704 2658s
    71    71 6.0900e+08    5 11266 7.5484e+08 6.0897e+08  19.3%  6537 2660s
    72   218 6.0900e+08    7 11835 7.5484e+08 6.0897e+08  19.3%  6481 2715s
   219   250 6.0908e+08   12 8796 7.5484e+08 6.0897e+08  19.3%  3290 2872s
H  232   250                    7.548439e+08 6.0897e+08  19.3%  3158 2872s
H  235   250                    7.548439e+08 6.0897e+08  19.3%  3133 2872s
   251   336 6.0906e+08   12 10183 7.5484e+08 6.0897e+08  19.3%  2997 2904s
   337   434 6.0913e+08   14 9451 7.5484e+08 6.0897e+08  19.3%  2514 2955s
   435   479 6.0918e+08   22 7657 7.5484e+08 6.0897e+08  19.3%  2146 3115s
H  480   598                    7.548439e+08 6.0897e+08  19.3%  2023 3163s
H  487   598                    7.548431e+08 6.0897e+08  19.3%  2000 3163s
H  502   598                    7.548365e+08 6.0897e+08  19.3%  1966 3163s
H  506   598                    7.548364e+08 6.0897e+08  19.3%  1955 3163s
H  546   598                    7.548041e+08 6.0897e+08  19.3%  1856 3163s
H  561   598                    7.547829e+08 6.0897e+08  19.3%  1826 3164s
   599   729 6.0921e+08   25 4640 7.5478e+08 6.0897e+08  19.3%  1763 3196s
H  730   773                    7.106616e+08 6.0897e+08  14.3%  1571 3276s
H  754   773                    6.790586e+08 6.0897e+08  10.3%  1539 3276s
   776   816 6.0921e+08   25 7204 6.7906e+08 6.0897e+08  10.3%  1527 3374s
   821   931 6.0921e+08   26 7115 6.7906e+08 6.0897e+08  10.3%  1497 3406s
   942  1101 6.0922e+08   31 6062 6.7906e+08 6.0897e+08  10.3%  1392 3435s
  1116  1146 6.0924e+08   35 5244 6.7906e+08 6.0897e+08  10.3%  1263 3561s
  1161  1247 6.0924e+08   36 5162 6.7906e+08 6.0897e+08  10.3%  1232 3591s
H 1264  1372                    6.790585e+08 6.0897e+08  10.3%  1167 3628s
H 1266  1372                    6.789067e+08 6.0897e+08  10.3%  1166 3628s
H 1290  1372                    6.789056e+08 6.0897e+08  10.3%  1151 3629s
  1389  1579 6.0926e+08   39 4415 6.7891e+08 6.0897e+08  10.3%  1101 3654s
  1598  1782 6.0926e+08   44 3819 6.7891e+08 6.0897e+08  10.3%  1004 3679s
H 1803  1842                    6.788893e+08 6.0897e+08  10.3%   917 3767s
H 1811  1842                    6.788886e+08 6.0897e+08  10.3%   915 3767s
H 1814  1842                    6.788858e+08 6.0897e+08  10.3%   913 3767s
H 1826  1842                    6.788857e+08 6.0897e+08  10.3%   909 3768s
H 1849  1842                    6.788856e+08 6.0897e+08  10.3%   904 3768s
H 1854  1842                    6.788800e+08 6.0897e+08  10.3%   903 3768s
  1865  2087 6.0927e+08   49 3272 6.7888e+08 6.0897e+08  10.3%   901 3791s
  2116  2174 6.0928e+08   56 3042 6.7888e+08 6.0897e+08  10.3%   819 3865s
  2207  2439 6.0928e+08   57 2866 6.7888e+08 6.0897e+08  10.3%   792 3886s
  2484  2570 infeasible   58      6.7888e+08 6.0897e+08  10.3%   719 3948s
  2619  2857 6.0930e+08   64 2554 6.7888e+08 6.0897e+08  10.3%   689 3969s
  2920  3059 6.0935e+08   76 2055 6.7888e+08 6.0897e+08  10.3%   634 4016s
H 2935  3059                    6.788794e+08 6.0897e+08  10.3%   631 4016s
H 2943  3059                    6.662393e+08 6.0897e+08  8.60%   629 4017s
H 2998  2954                    6.598864e+08 6.0897e+08  7.72%   620 4017s
  3148  3342 6.0936e+08   91 1571 6.5989e+08 6.0897e+08  7.72%   598 4039s
  3561  3737 6.0936e+08  106 1430 6.5989e+08 6.0897e+08  7.72%   544 4060s
  3962  3903 6.0937e+08  121 1371 6.5989e+08 6.0897e+08  7.72%   500 4109s
H 3967  2392                    6.093797e+08 6.0897e+08  0.07%   500 4110s
  4132  2472 6.0937e+08  126 1229 6.0938e+08 6.0897e+08  0.07%   485 4140s
  4464  2771 6.0937e+08  141 1030 6.0938e+08 6.0897e+08  0.07%   473 4168s
H 4793  2754                    6.093782e+08 6.0897e+08  0.07%   462 4526s
H 4793  2153                    6.093246e+08 6.0897e+08  0.06%   462 4837s
H 4793  2142                    6.093241e+08 6.0897e+08  0.06%   462 5148s
  4794  2086 6.0928e+08  127 6291 6.0932e+08 6.0897e+08  0.06%   462 5644s
H 4795  1982                    6.092436e+08 6.0906e+08  0.03%   462 5856s
  4796  1982 6.0924e+08   46 8646 6.0924e+08 6.0906e+08  0.03%   461 6179s
  4797  1983 6.0910e+08   16 8917 6.0924e+08 6.0907e+08  0.03%   461 6185s
  4799  1987 6.0907e+08    7 6115 6.0924e+08 6.0907e+08  0.03%   472 6191s
  4801  1988 6.0924e+08  182 8488 6.0924e+08 6.0907e+08  0.03%   472 6305s
  4802  1989 6.0923e+08   85 8549 6.0924e+08 6.0908e+08  0.03%   472 6406s
  4803  1990 6.0914e+08   36 9089 6.0924e+08 6.0908e+08  0.03%   471 6418s
  4804  1990 6.0919e+08   45 9957 6.0924e+08 6.0908e+08  0.03%   471 6438s
  4805  1991 6.0910e+08   17 9715 6.0924e+08 6.0910e+08  0.02%   471 6489s
  4806  1992 6.0910e+08   12 9790 6.0924e+08 6.0910e+08  0.02%   471 6490s
  4808  1993 6.0912e+08   33 9779 6.0924e+08 6.0911e+08  0.02%   471 6525s
H 4808  1893                    6.092417e+08 6.0912e+08  0.02%   471 6546s
  4811  1895 6.0924e+08   27 9535 6.0924e+08 6.0913e+08  0.02%   471 6553s
  4812  1896 6.0924e+08   97 9577 6.0924e+08 6.0913e+08  0.02%   471 6557s
  4813  1896 6.0919e+08   17 9619 6.0924e+08 6.0913e+08  0.02%   470 6560s
  4817  1899 6.0916e+08   42 9579 6.0924e+08 6.0913e+08  0.02%   470 6565s
H 4822  1806                    6.092327e+08 6.0914e+08  0.02%   470 6603s
H 4822  1715                    6.092326e+08 6.0914e+08  0.02%   470 6603s
H 4822  1629                    6.092307e+08 6.0914e+08  0.02%   470 6603s
H 4822  1547                    6.092307e+08 6.0914e+08  0.02%   470 6603s
H 4822  1470                    6.092302e+08 6.0914e+08  0.01%   470 6603s
  4823  1471 6.0920e+08   38 9578 6.0923e+08 6.0914e+08  0.01%   469 6605s
  4824  1472 6.0923e+08  105 9528 6.0923e+08 6.0914e+08  0.01%   469 6614s
  4825  1472 6.0923e+08  109 9490 6.0923e+08 6.0914e+08  0.01%   469 6619s
  4826  1473 6.0914e+08   13 9336 6.0923e+08 6.0914e+08  0.01%   469 6623s
  4827  1474 6.0915e+08   28 9516 6.0923e+08 6.0915e+08  0.01%   469 6626s
  4829  1475 6.0915e+08   13 9564 6.0923e+08 6.0915e+08  0.01%   469 6632s
H 4832  1402                    6.092299e+08 6.0915e+08  0.01%   469 6677s
H 4832  1331                    6.092291e+08 6.0915e+08  0.01%   469 6677s
H 4832  1264                    6.092285e+08 6.0915e+08  0.01%   469 6677s
H 4832  1201                    6.092284e+08 6.0915e+08  0.01%   469 6677s
H 4832  1140                    6.092284e+08 6.0915e+08  0.01%   469 6677s
  4834  1141 6.0923e+08  141 9509 6.0923e+08 6.0915e+08  0.01%   468 6736s
  4835  1142 6.0917e+08   51 8919 6.0923e+08 6.0915e+08  0.01%   468 6740s
  4837  1143 6.0923e+08  100 8989 6.0923e+08 6.0915e+08  0.01%   468 6747s
  4839  1145 6.0923e+08   23 8985 6.0923e+08 6.0915e+08  0.01%   468 6814s
  4840  1145 6.0923e+08   73 8561 6.0923e+08 6.0915e+08  0.01%   468 6822s
  4841  1146 6.0915e+08   23 9056 6.0923e+08 6.0915e+08  0.01%   468 6828s
  4842  1147 6.0923e+08   34 8982 6.0923e+08 6.0915e+08  0.01%   468 6831s
  4844  1148 6.0923e+08  165 8862 6.0923e+08 6.0915e+08  0.01%   467 6909s
  4845  1149 6.0915e+08   26 8905 6.0923e+08 6.0915e+08  0.01%   467 6916s
  4847  1150 6.0923e+08  149 8838 6.0923e+08 6.0915e+08  0.01%   467 6921s
  4848  1151 6.0923e+08   82 8663 6.0923e+08 6.0915e+08  0.01%   467 6954s
  4849  1151 6.0923e+08   43 8654 6.0923e+08 6.0915e+08  0.01%   467 6964s
  4850  1152 6.0918e+08   61 8250 6.0923e+08 6.0916e+08  0.01%   467 6966s
  4852  1153 6.0923e+08  163 8483 6.0923e+08 6.0916e+08  0.01%   467 6970s
  4853  1154 6.0918e+08   51 8184 6.0923e+08 6.0916e+08  0.01%   467 7007s
  4854  1155 6.0923e+08  130 8582 6.0923e+08 6.0916e+08  0.01%   466 7057s
  4855  1155 6.0916e+08   53 8491 6.0923e+08 6.0916e+08  0.01%   466 7060s
  4858  1157 6.0923e+08  166 8783 6.0923e+08 6.0916e+08  0.01%   466 7102s
  4859  1158 6.0918e+08   51 8934 6.0923e+08 6.0916e+08  0.01%   466 7107s
  4860  1159 6.0916e+08   35 8894 6.0923e+08 6.0916e+08  0.01%   466 7110s
  4862  1160 6.0923e+08   34 8942 6.0923e+08 6.0916e+08  0.01%   466 7176s
  4863  1161 6.0923e+08  126 8800 6.0923e+08 6.0916e+08  0.01%   466 7185s
  4865  1162 6.0916e+08   23 8709 6.0923e+08 6.0916e+08  0.01%   465 7190s
  4867  1163 6.0923e+08   56 8744 6.0923e+08 6.0916e+08  0.01%   465 7254s
  4868  1164 6.0917e+08   15 8489 6.0923e+08 6.0916e+08  0.01%   465 7260s
  4870  1165 6.0923e+08   80 8418 6.0923e+08 6.0916e+08  0.01%   465 7266s
  4871  1166 6.0916e+08   15 8515 6.0923e+08 6.0916e+08  0.01%   465 7321s
  4872  1167 6.0923e+08  179 8717 6.0923e+08 6.0916e+08  0.01%   465 7376s
  4873  1167 6.0916e+08   20 8669 6.0923e+08 6.0916e+08  0.01%   465 7381s
  4875  1169 6.0923e+08  109 8778 6.0923e+08 6.0916e+08  0.01%   464 7441s
  4876  1169 6.0923e+08   90 9061 6.0923e+08 6.0916e+08  0.01%   464 7446s
  4878  1171 6.0923e+08   51 8915 6.0923e+08 6.0916e+08  0.01%   464 7452s
  4879  1171 6.0916e+08   24 8355 6.0923e+08 6.0916e+08  0.01%   464 7492s
  4880  1172 6.0923e+08  186 8923 6.0923e+08 6.0917e+08  0.01%   464 7496s
  4882  1173 6.0917e+08   17 8285 6.0923e+08 6.0917e+08  0.01%   464 7501s
  4883  1174 6.0919e+08   45 8424 6.0923e+08 6.0917e+08  0.01%   464 7560s
  4884  1175 6.0923e+08  101 8662 6.0923e+08 6.0917e+08  0.01%   464 7565s
  4886  1176 6.0923e+08  144 8599 6.0923e+08 6.0917e+08  0.01%   463 7632s
  4887  1177 6.0923e+08   48 8514 6.0923e+08 6.0917e+08  0.01%   463 7637s
  4888  1177 6.0920e+08   81 8505 6.0923e+08 6.0917e+08  0.01%   463 7715s
  4889  1178 6.0917e+08   53 8505 6.0923e+08 6.0917e+08  0.01%   463 7754s
  4890  1182 6.0918e+08   41 7874 6.0923e+08 6.0917e+08  0.01%   514 7811s
  4892  1185 6.0919e+08   42 7654 6.0923e+08 6.0917e+08  0.01%   516 7901s
  4896  1192 6.0920e+08   43 7494 6.0923e+08 6.0917e+08  0.01%   522 7982s
  4904  1205 6.0921e+08   44 6890 6.0923e+08 6.0918e+08  0.01%   534 8072s
  4920  1232 6.0922e+08   45 5974 6.0923e+08 6.0918e+08  0.01%   559 8151s
  4952  1253 6.0922e+08   46 5626 6.0923e+08 6.0918e+08  0.01%   593 8160s
  4984  1694 6.0922e+08   47 5599 6.0923e+08 6.0918e+08  0.01%   617 8186s
  5464  1831 6.0922e+08   55 5167 6.0923e+08 6.0918e+08  0.01%   627 8288s
  6067  1827 6.0919e+08   48 7129 6.0923e+08 6.0919e+08  0.01%   617 8403s
  6366  4561 6.0919e+08   49 7137 6.0923e+08 6.0919e+08  0.01%   626 8453s
  9484  5824 6.0922e+08  147 2137 6.0923e+08 6.0919e+08  0.01%   496 8553s
 11704  6783 6.0923e+08  245  767 6.0923e+08 6.0919e+08  0.01%   427 8646s
 13077  7784 6.0923e+08  343  465 6.0923e+08 6.0919e+08  0.01%   401 8730s
 14353  9082 6.0923e+08  441  206 6.0923e+08 6.0919e+08  0.01%   391 8773s
 16046  9601 6.0923e+08  539   87 6.0923e+08 6.0919e+08  0.01%   381 8873s
H16189  9278                    6.092280e+08 6.0919e+08  0.01%   378 8873s
 16859 11519 6.0922e+08   63 5171 6.0923e+08 6.0919e+08  0.01%   379 8908s
*18515 10009             634    6.092272e+08 6.0920e+08  0.01%   367 8908s
 19657 11232 6.0922e+08   76 3915 6.0923e+08 6.0920e+08  0.01%   359 9001s
 21180 11979 6.0922e+08   77 3641 6.0923e+08 6.0920e+08  0.01%   348 9100s
 22232 12111 6.0922e+08   78 3483 6.0923e+08 6.0920e+08  0.01%   340 9196s
 22511 13878 6.0922e+08   79 3424 6.0923e+08 6.0920e+08  0.00%   341 9241s
H24499 13690                    6.092271e+08 6.0920e+08  0.00%   331 9241s
 24579 14410 6.0922e+08   80 3292 6.0923e+08 6.0920e+08  0.00%   330 9342s
 25612 16647 6.0921e+08   69 4906 6.0923e+08 6.0920e+08  0.00%   330 9381s
 28455 17287 6.0922e+08  102 2049 6.0923e+08 6.0920e+08  0.00%   323 9475s
 29528 17780 6.0922e+08   53 5698 6.0923e+08 6.0920e+08  0.00%   322 9592s
 30282 20310     cutoff   56      6.0923e+08 6.0920e+08  0.00%   323 9644s
 33418 22318 6.0922e+08  105 1784 6.0923e+08 6.0920e+08  0.00%   316 9673s
 35917 24388 6.0923e+08  154 1334 6.0923e+08 6.0920e+08  0.00%   308 9693s
 38556 25187     cutoff  205      6.0923e+08 6.0920e+08  0.00%   298 9774s
 40047 25244 6.0922e+08   60 5166 6.0923e+08 6.0920e+08  0.00%   293 9846s
 40128 25575 6.0922e+08   62 4908 6.0923e+08 6.0920e+08  0.00%   293 9937s
 40699 27060 6.0921e+08   64 4634 6.0923e+08 6.0920e+08  0.00%   294 9959s
 42811 27840 6.0922e+08   76 3576 6.0923e+08 6.0920e+08  0.00%   292 10010s
 43927 28181 6.0922e+08   85 2887 6.0923e+08 6.0920e+08  0.00%   290 10095s
 44499 29790 6.0922e+08   55 5833 6.0923e+08 6.0920e+08  0.00%   291 10118s
 46515 31883 6.0922e+08   70 4338 6.0923e+08 6.0920e+08  0.00%   290 10138s
 49041 32709 6.0922e+08  109 1790 6.0923e+08 6.0920e+08  0.00%   285 10221s
 50303 33137     cutoff  158      6.0923e+08 6.0920e+08  0.00%   283 10297s
 50965 35029 6.0922e+08   62 5382 6.0923e+08 6.0921e+08  0.00%   282 10320s
 53369 37436 6.0922e+08   72 3841 6.0923e+08 6.0921e+08  0.00%   281 10344s
 56299 38347 6.0923e+08  121 1730 6.0923e+08 6.0921e+08  0.00%   276 10420s
 57686 40372 6.0923e+08   64 4611 6.0923e+08 6.0921e+08  0.00%   273 10446s
 60360 40373 6.0922e+08   65 5415 6.0923e+08 6.0921e+08  0.00%   270 12882s
 60362 40374 6.0922e+08   60 7307 6.0923e+08 6.0921e+08  0.00%   270 13054s
 60363 40375 6.0922e+08   82 6968 6.0923e+08 6.0921e+08  0.00%   270 13102s
 60364 40376 6.0922e+08   83 6887 6.0923e+08 6.0921e+08  0.00%   270 13108s
 60365 40376 6.0921e+08   64 7277 6.0923e+08 6.0921e+08  0.00%   270 13115s
 60366 40377 6.0923e+08  113 7671 6.0923e+08 6.0921e+08  0.00%   270 13123s
 60367 40378 6.0921e+08   62 7745 6.0923e+08 6.0921e+08  0.00%   270 13130s
 60368 40378 6.0922e+08  102 7829 6.0923e+08 6.0921e+08  0.00%   270 13135s
 60370 40380 6.0922e+08   89 7899 6.0923e+08 6.0921e+08  0.00%   270 13143s
 60371 40380 6.0923e+08  241 7924 6.0923e+08 6.0921e+08  0.00%   270 13147s
 60372 40381 6.0923e+08   80 7877 6.0923e+08 6.0921e+08  0.00%   270 13153s
 60373 40382 6.0923e+08  111 8209 6.0923e+08 6.0921e+08  0.00%   270 13157s
 60374 40382 6.0921e+08   62 8221 6.0923e+08 6.0921e+08  0.00%   270 13162s
 60375 40383 6.0921e+08   60 8153 6.0923e+08 6.0921e+08  0.00%   270 13167s
 60376 40384 6.0923e+08  212 8387 6.0923e+08 6.0921e+08  0.00%   270 13175s
 60377 40384 6.0922e+08   84 8289 6.0923e+08 6.0921e+08  0.00%   270 13181s
 60378 40385 6.0923e+08  318 8275 6.0923e+08 6.0921e+08  0.00%   270 13190s
 60379 40386 6.0922e+08  150 8461 6.0923e+08 6.0921e+08  0.00%   270 13200s
 60380 40386 6.0922e+08   75 8279 6.0923e+08 6.0921e+08  0.00%   270 13215s
 60381 40387 6.0922e+08   91 8493 6.0923e+08 6.0921e+08  0.00%   270 13227s
 60382 40388 6.0923e+08  236 8078 6.0923e+08 6.0921e+08  0.00%   270 13241s
 60383 40388 6.0923e+08  244 8181 6.0923e+08 6.0921e+08  0.00%   270 13255s
 60384 40389 6.0922e+08   87 7944 6.0923e+08 6.0921e+08  0.00%   270 13265s
 60385 40390 6.0922e+08   95 8114 6.0923e+08 6.0921e+08  0.00%   270 13274s
 60386 40390 6.0921e+08   63 8061 6.0923e+08 6.0921e+08  0.00%   270 13282s
 60387 40391 6.0922e+08   75 8117 6.0923e+08 6.0921e+08  0.00%   270 13293s
 60388 40392 6.0922e+08   94 8171 6.0923e+08 6.0921e+08  0.00%   270 13298s
 60389 40392 6.0922e+08   81 8152 6.0923e+08 6.0921e+08  0.00%   270 13562s
 60390 40393 6.0922e+08  170 7966 6.0923e+08 6.0921e+08  0.00%   270 13571s
 60391 40394 6.0923e+08  173 7867 6.0923e+08 6.0921e+08  0.00%   270 13585s
 60392 40394 6.0923e+08  122 7734 6.0923e+08 6.0921e+08  0.00%   270 13590s
 60393 40395 6.0922e+08  146 7501 6.0923e+08 6.0921e+08  0.00%   270 13602s
 60394 40396 6.0921e+08   66 7454 6.0923e+08 6.0921e+08  0.00%   269 13608s
 60395 40396 6.0922e+08   60 7757 6.0923e+08 6.0921e+08  0.00%   269 13616s
 60396 40397 6.0921e+08   52 7530 6.0923e+08 6.0921e+08  0.00%   269 13621s
 60397 40398 6.0922e+08   97 7526 6.0923e+08 6.0921e+08  0.00%   269 13629s
 60398 40398 6.0922e+08  104 7474 6.0923e+08 6.0921e+08  0.00%   269 13636s
H60398 38377                    6.092271e+08 6.0921e+08  0.00%   269 13961s
 60400 38379 6.0921e+08   61 7130 6.0923e+08 6.0921e+08  0.00%   269 13977s
 60401 38379 6.0923e+08  155 7886 6.0923e+08 6.0921e+08  0.00%   269 13987s
 60402 38380 6.0922e+08   75 7233 6.0923e+08 6.0921e+08  0.00%   269 13992s
 60403 38381 6.0923e+08   74 7773 6.0923e+08 6.0921e+08  0.00%   269 14003s
 60404 38381 6.0923e+08  372 7594 6.0923e+08 6.0921e+08  0.00%   269 14274s
 60405 38382 6.0922e+08   83 7909 6.0923e+08 6.0921e+08  0.00%   269 14284s
 60406 38383 6.0921e+08   62 7963 6.0923e+08 6.0921e+08  0.00%   269 14288s
 60407 38383 6.0922e+08   62 7737 6.0923e+08 6.0921e+08  0.00%   269 14297s
 60408 38384 6.0922e+08   79 7664 6.0923e+08 6.0921e+08  0.00%   269 14303s

Cutting planes:
  Gomory: 1030
  Cover: 7294
  Implied bound: 4941
  Projected implied bound: 404
  Clique: 8392
  MIR: 4480
  Mixing: 25
  Flow cover: 5784
  GUB cover: 1
  Zero half: 66
  Network: 1
  RLT: 1192
  Relax-and-lift: 2937
  BQP: 204
  PSD: 133

Explored 60408 nodes (16870430 simplex iterations) in 14401.87 seconds (19282.30 work units)
Thread count was 32 (of 192 available processors)

Solution count 10: 6.09227e+08 6.09227e+08 6.09227e+08 ... 6.0923e+08

Time limit reached
Best objective 6.092271119958e+08, best bound 6.092056929329e+08, gap 0.0035%

User-callback calls 4416422, time in user-callback 2.28 sec
 38.806456 seconds (411.38 M allocations: 27.546 GiB, 27.56% gc time, 14.46% compilation time)
14426.485549 seconds (105.56 M allocations: 6.604 GiB, 0.04% gc time, 0.01% compilation time)
